#
# There is insufficient memory for the Java Runtime Environment to continue.
# Native memory allocation (malloc) failed to allocate 949616 bytes for Chunk::new
# Possible reasons:
#   The system is out of physical RAM or swap space
#   In 32 bit mode, the process size limit was hit
# Possible solutions:
#   Reduce memory load on the system
#   Increase physical memory or swap space
#   Check if swap backing store is full
#   Use 64 bit Java on a 64 bit OS
#   Decrease Java heap size (-Xmx/-Xms)
#   Decrease number of Java threads
#   Decrease Java thread stack sizes (-Xss)
#   Set larger code cache with -XX:ReservedCodeCacheSize=
# This output file may be truncated or incomplete.
#
#  Out of Memory Error (allocation.cpp:390), pid=10304, tid=10392
#
# JRE version: Java(TM) SE Runtime Environment (8.0_60-b27) (build 1.8.0_60-b27)
# Java VM: Java HotSpot(TM) 64-Bit Server VM (25.60-b23 mixed mode windows-amd64 compressed oops)
# Failed to write core dump. Minidumps are not enabled by default on client versions of Windows
#

---------------  T H R E A D  ---------------

Current thread (0x0000000054ef1800):  JavaThread "C2 CompilerThread0" daemon [_thread_in_native, id=10392, stack(0x0000000056540000,0x0000000056640000)]

Stack: [0x0000000056540000,0x0000000056640000]
[error occurred during error reporting (printing stack bounds), id 0xc0000005]

Native frames: (J=compiled Java code, j=interpreted, Vv=VM code, C=native code)


Current CompileTask:
C2:  14156 2982       4       java.io.WinNTFileSystem::normalize (143 bytes)


---------------  P R O C E S S  ---------------

Java Threads: ( => current thread )
  0x000000005a720800 JavaThread "File lock request listener" [_thread_in_native, id=10724, stack(0x000000005ee10000,0x000000005ef10000)]
  0x0000000057a32800 JavaThread "Stdin handler" [_thread_blocked, id=1292, stack(0x00000000592d0000,0x00000000593d0000)]
  0x0000000057a37800 JavaThread "Daemon worker" [_thread_in_native, id=9160, stack(0x0000000059180000,0x0000000059280000)]
  0x0000000057a3e000 JavaThread "Cancel handler" [_thread_blocked, id=7412, stack(0x00000000588d0000,0x00000000589d0000)]
  0x0000000057a14800 JavaThread "Handler for socket connection from /127.0.0.1:50290 to /127.0.0.1:50292" [_thread_in_native, id=10696, stack(0x0000000059070000,0x0000000059170000)]
  0x0000000057a13800 JavaThread "Daemon" [_thread_blocked, id=4388, stack(0x0000000058f30000,0x0000000059030000)]
  0x0000000057bc8800 JavaThread "Incoming local TCP Connector on port 50290" [_thread_in_native, id=10484, stack(0x0000000058af0000,0x0000000058bf0000)]
  0x000000005689c000 JavaThread "Service Thread" daemon [_thread_blocked, id=840, stack(0x0000000056ee0000,0x0000000056fe0000)]
  0x0000000056830800 JavaThread "C1 CompilerThread2" daemon [_thread_blocked, id=7188, stack(0x0000000056c30000,0x0000000056d30000)]
  0x0000000054ef8800 JavaThread "C2 CompilerThread1" daemon [_thread_blocked, id=10784, stack(0x0000000056730000,0x0000000056830000)]
=>0x0000000054ef1800 JavaThread "C2 CompilerThread0" daemon [_thread_in_native, id=10392, stack(0x0000000056540000,0x0000000056640000)]
  0x0000000054efe800 JavaThread "Attach Listener" daemon [_thread_blocked, id=7452, stack(0x0000000056390000,0x0000000056490000)]
  0x0000000054efd000 JavaThread "Signal Dispatcher" daemon [_thread_blocked, id=3892, stack(0x0000000056180000,0x0000000056280000)]
  0x0000000054e98000 JavaThread "Finalizer" daemon [_thread_blocked, id=9440, stack(0x0000000055f00000,0x0000000056000000)]
  0x0000000054e91000 JavaThread "Reference Handler" daemon [_thread_blocked, id=10896, stack(0x0000000056030000,0x0000000056130000)]
  0x0000000001d7f000 JavaThread "main" [_thread_blocked, id=3476, stack(0x0000000002010000,0x0000000002110000)]

Other Threads:
  0x0000000054e8b800 VMThread [stack: 0x0000000055de0000,0x0000000055ee0000] [id=11112]
  0x00000000568c3000 WatcherThread [stack: 0x0000000056fe0000,0x00000000570e0000] [id=5096]

VM state:not at safepoint (normal execution)

VM Mutex/Monitor currently owned by a thread: None

Heap:
 PSYoungGen      total 69632K, used 19132K [0x00000000eab00000, 0x00000000f0f80000, 0x0000000100000000)
  eden space 61952K, 22% used [0x00000000eab00000,0x00000000eb89e590,0x00000000ee780000)
  from space 7680K, 67% used [0x00000000ee780000,0x00000000eec90ae0,0x00000000eef00000)
  to   space 7680K, 0% used [0x00000000f0800000,0x00000000f0800000,0x00000000f0f80000)
 ParOldGen       total 34816K, used 11112K [0x00000000c0000000, 0x00000000c2200000, 0x00000000eab00000)
  object space 34816K, 31% used [0x00000000c0000000,0x00000000c0ada2a8,0x00000000c2200000)
 Metaspace       used 27186K, capacity 27650K, committed 27904K, reserved 1073152K
  class space    used 3681K, capacity 3799K, committed 3840K, reserved 1048576K

Card table byte_map: [0x00000000117a0000,0x00000000119b0000] byte_map_base: 0x00000000111a0000

Marking Bits: (ParMarkBitMap*) 0x000000007085a5b0
 Begin Bits: [0x0000000012300000, 0x0000000013300000)
 End Bits:   [0x0000000013300000, 0x0000000014300000)

Polling page: 0x0000000000210000

CodeCache: size=245760Kb used=11015Kb max_used=11028Kb free=234744Kb
 bounds [0x00000000023e0000, 0x0000000002eb0000, 0x00000000113e0000]
 total_blobs=3464 nmethods=2832 adapters=544
 compilation: enabled

Compilation events (10 events):
Event: 14.097 Thread 0x0000000054ef8800 2984       4       java.util.ArrayList::iterator (10 bytes)
Event: 14.098 Thread 0x0000000054ef8800 nmethod 2984 0x0000000002eac110 code [0x0000000002eac260, 0x0000000002eac348]
Event: 14.112 Thread 0x0000000054ef8800 2990       4       sun.security.provider.MD5::implCompress (1508 bytes)
Event: 14.124 Thread 0x0000000056830800 2992       3       java.io.FileInputStream::read (9 bytes)
Event: 14.124 Thread 0x0000000056830800 nmethod 2992 0x0000000002ead550 code [0x0000000002ead6c0, 0x0000000002ead848]
Event: 14.126 Thread 0x0000000056830800 2993       3       java.security.MessageDigest::update (45 bytes)
Event: 14.126 Thread 0x0000000056830800 nmethod 2993 0x0000000002eace10 code [0x0000000002eacfa0, 0x0000000002ead3a8]
Event: 14.140 Thread 0x0000000054ef8800 nmethod 2990 0x0000000002e95390 code [0x0000000002e954e0, 0x0000000002e96128]
Event: 14.140 Thread 0x0000000054ef8800 2991       4       sun.security.provider.ByteArrayAccess::b2iLittle64 (614 bytes)
Event: 14.144 Thread 0x0000000054ef8800 nmethod 2991 0x0000000002eac950 code [0x0000000002eacaa0, 0x0000000002eaccd8]

GC Heap History (10 events):
Event: 9.135 GC heap before
{Heap before GC invocations=6 (full 0):
 PSYoungGen      total 18944K, used 18928K [0x00000000eab00000, 0x00000000ed800000, 0x0000000100000000)
  eden space 16384K, 100% used [0x00000000eab00000,0x00000000ebb00000,0x00000000ebb00000)
  from space 2560K, 99% used [0x00000000ebb00000,0x00000000ebd7c030,0x00000000ebd80000)
  to   space 6656K, 0% used [0x00000000ed180000,0x00000000ed180000,0x00000000ed800000)
 ParOldGen       total 44032K, used 8052K [0x00000000c0000000, 0x00000000c2b00000, 0x00000000eab00000)
  object space 44032K, 18% used [0x00000000c0000000,0x00000000c07dd280,0x00000000c2b00000)
 Metaspace       used 19018K, capacity 19332K, committed 19584K, reserved 1067008K
  class space    used 2503K, capacity 2617K, committed 2688K, reserved 1048576K
Event: 9.151 GC heap after
Heap after GC invocations=6 (full 0):
 PSYoungGen      total 39424K, used 4725K [0x00000000eab00000, 0x00000000ed800000, 0x0000000100000000)
  eden space 32768K, 0% used [0x00000000eab00000,0x00000000eab00000,0x00000000ecb00000)
  from space 6656K, 70% used [0x00000000ed180000,0x00000000ed61d600,0x00000000ed800000)
  to   space 6656K, 0% used [0x00000000ecb00000,0x00000000ecb00000,0x00000000ed180000)
 ParOldGen       total 44032K, used 8052K [0x00000000c0000000, 0x00000000c2b00000, 0x00000000eab00000)
  object space 44032K, 18% used [0x00000000c0000000,0x00000000c07dd280,0x00000000c2b00000)
 Metaspace       used 19018K, capacity 19332K, committed 19584K, reserved 1067008K
  class space    used 2503K, capacity 2617K, committed 2688K, reserved 1048576K
}
Event: 9.916 GC heap before
{Heap before GC invocations=7 (full 0):
 PSYoungGen      total 39424K, used 31582K [0x00000000eab00000, 0x00000000ed800000, 0x0000000100000000)
  eden space 32768K, 81% used [0x00000000eab00000,0x00000000ec53a278,0x00000000ecb00000)
  from space 6656K, 70% used [0x00000000ed180000,0x00000000ed61d600,0x00000000ed800000)
  to   space 6656K, 0% used [0x00000000ecb00000,0x00000000ecb00000,0x00000000ed180000)
 ParOldGen       total 44032K, used 8052K [0x00000000c0000000, 0x00000000c2b00000, 0x00000000eab00000)
  object space 44032K, 18% used [0x00000000c0000000,0x00000000c07dd280,0x00000000c2b00000)
 Metaspace       used 20883K, capacity 21194K, committed 21296K, reserved 1067008K
  class space    used 2804K, capacity 2914K, committed 2944K, reserved 1048576K
Event: 9.958 GC heap after
Heap after GC invocations=7 (full 0):
 PSYoungGen      total 39424K, used 6654K [0x00000000eab00000, 0x00000000efa00000, 0x0000000100000000)
  eden space 32768K, 0% used [0x00000000eab00000,0x00000000eab00000,0x00000000ecb00000)
  from space 6656K, 99% used [0x00000000ecb00000,0x00000000ed17fbe8,0x00000000ed180000)
  to   space 7680K, 0% used [0x00000000ef280000,0x00000000ef280000,0x00000000efa00000)
 ParOldGen       total 44032K, used 8592K [0x00000000c0000000, 0x00000000c2b00000, 0x00000000eab00000)
  object space 44032K, 19% used [0x00000000c0000000,0x00000000c0864218,0x00000000c2b00000)
 Metaspace       used 20883K, capacity 21194K, committed 21296K, reserved 1067008K
  class space    used 2804K, capacity 2914K, committed 2944K, reserved 1048576K
}
Event: 9.958 GC heap before
{Heap before GC invocations=8 (full 1):
 PSYoungGen      total 39424K, used 6654K [0x00000000eab00000, 0x00000000efa00000, 0x0000000100000000)
  eden space 32768K, 0% used [0x00000000eab00000,0x00000000eab00000,0x00000000ecb00000)
  from space 6656K, 99% used [0x00000000ecb00000,0x00000000ed17fbe8,0x00000000ed180000)
  to   space 7680K, 0% used [0x00000000ef280000,0x00000000ef280000,0x00000000efa00000)
 ParOldGen       total 44032K, used 8592K [0x00000000c0000000, 0x00000000c2b00000, 0x00000000eab00000)
  object space 44032K, 19% used [0x00000000c0000000,0x00000000c0864218,0x00000000c2b00000)
 Metaspace       used 20883K, capacity 21194K, committed 21296K, reserved 1067008K
  class space    used 2804K, capacity 2914K, committed 2944K, reserved 1048576K
Event: 10.034 GC heap after
Heap after GC invocations=8 (full 1):
 PSYoungGen      total 39424K, used 0K [0x00000000eab00000, 0x00000000efa00000, 0x0000000100000000)
  eden space 32768K, 0% used [0x00000000eab00000,0x00000000eab00000,0x00000000ecb00000)
  from space 6656K, 0% used [0x00000000ecb00000,0x00000000ecb00000,0x00000000ed180000)
  to   space 7680K, 0% used [0x00000000ef280000,0x00000000ef280000,0x00000000efa00000)
 ParOldGen       total 34816K, used 11104K [0x00000000c0000000, 0x00000000c2200000, 0x00000000eab00000)
  object space 34816K, 31% used [0x00000000c0000000,0x00000000c0ad82a8,0x00000000c2200000)
 Metaspace       used 20883K, capacity 21194K, committed 21296K, reserved 1067008K
  class space    used 2804K, capacity 2914K, committed 2944K, reserved 1048576K
}
Event: 10.918 GC heap before
{Heap before GC invocations=9 (full 1):
 PSYoungGen      total 39424K, used 32768K [0x00000000eab00000, 0x00000000efa00000, 0x0000000100000000)
  eden space 32768K, 100% used [0x00000000eab00000,0x00000000ecb00000,0x00000000ecb00000)
  from space 6656K, 0% used [0x00000000ecb00000,0x00000000ecb00000,0x00000000ed180000)
  to   space 7680K, 0% used [0x00000000ef280000,0x00000000ef280000,0x00000000efa00000)
 ParOldGen       total 34816K, used 11104K [0x00000000c0000000, 0x00000000c2200000, 0x00000000eab00000)
  object space 34816K, 31% used [0x00000000c0000000,0x00000000c0ad82a8,0x00000000c2200000)
 Metaspace       used 23280K, capacity 23786K, committed 23936K, reserved 1069056K
  class space    used 3209K, capacity 3347K, committed 3456K, reserved 1048576K
Event: 10.954 GC heap after
Heap after GC invocations=9 (full 1):
 PSYoungGen      total 63488K, used 3681K [0x00000000eab00000, 0x00000000ef680000, 0x0000000100000000)
  eden space 59392K, 0% used [0x00000000eab00000,0x00000000eab00000,0x00000000ee500000)
  from space 4096K, 89% used [0x00000000ef280000,0x00000000ef618780,0x00000000ef680000)
  to   space 7680K, 0% used [0x00000000ee780000,0x00000000ee780000,0x00000000eef00000)
 ParOldGen       total 34816K, used 11104K [0x00000000c0000000, 0x00000000c2200000, 0x00000000eab00000)
  object space 34816K, 31% used [0x00000000c0000000,0x00000000c0ad82a8,0x00000000c2200000)
 Metaspace       used 23280K, capacity 23786K, committed 23936K, reserved 1069056K
  class space    used 3209K, capacity 3347K, committed 3456K, reserved 1048576K
}
Event: 13.621 GC heap before
{Heap before GC invocations=10 (full 1):
 PSYoungGen      total 63488K, used 63073K [0x00000000eab00000, 0x00000000ef680000, 0x0000000100000000)
  eden space 59392K, 100% used [0x00000000eab00000,0x00000000ee500000,0x00000000ee500000)
  from space 4096K, 89% used [0x00000000ef280000,0x00000000ef618780,0x00000000ef680000)
  to   space 7680K, 0% used [0x00000000ee780000,0x00000000ee780000,0x00000000eef00000)
 ParOldGen       total 34816K, used 11104K [0x00000000c0000000, 0x00000000c2200000, 0x00000000eab00000)
  object space 34816K, 31% used [0x00000000c0000000,0x00000000c0ad82a8,0x00000000c2200000)
 Metaspace       used 26908K, capacity 27426K, committed 27648K, reserved 1073152K
  class space    used 3651K, capacity 3767K, committed 3840K, reserved 1048576K
Event: 13.665 GC heap after
Heap after GC invocations=10 (full 1):
 PSYoungGen      total 69632K, used 5186K [0x00000000eab00000, 0x00000000f0f80000, 0x0000000100000000)
  eden space 61952K, 0% used [0x00000000eab00000,0x00000000eab00000,0x00000000ee780000)
  from space 7680K, 67% used [0x00000000ee780000,0x00000000eec90ae0,0x00000000eef00000)
  to   space 7680K, 0% used [0x00000000f0800000,0x00000000f0800000,0x00000000f0f80000)
 ParOldGen       total 34816K, used 11112K [0x00000000c0000000, 0x00000000c2200000, 0x00000000eab00000)
  object space 34816K, 31% used [0x00000000c0000000,0x00000000c0ada2a8,0x00000000c2200000)
 Metaspace       used 26908K, capacity 27426K, committed 27648K, reserved 1073152K
  class space    used 3651K, capacity 3767K, committed 3840K, reserved 1048576K
}

Deoptimization events (10 events):
Event: 12.493 Thread 0x0000000057a37800 Uncommon trap: reason=unstable_if action=reinterpret pc=0x0000000002c9fddc method=com.sun.org.apache.xerces.internal.impl.XMLEntityScanner.peekChar()I @ 51
Event: 12.493 Thread 0x0000000057a37800 Uncommon trap: reason=unstable_if action=reinterpret pc=0x0000000002c13360 method=com.sun.org.apache.xerces.internal.impl.XMLEntityScanner.scanContent(Lcom/sun/org/apache/xerces/internal/xni/XMLString;)I @ 124
Event: 12.497 Thread 0x0000000057a37800 Uncommon trap: reason=unstable_if action=reinterpret pc=0x0000000002c122d0 method=com.sun.org.apache.xerces.internal.impl.XMLEntityScanner.skipSpaces()Z @ 75
Event: 12.557 Thread 0x0000000057a37800 Uncommon trap: reason=unstable_if action=reinterpret pc=0x0000000002d11f40 method=com.sun.org.apache.xerces.internal.impl.XMLEntityScanner.peekChar()I @ 51
Event: 12.654 Thread 0x0000000057a37800 Uncommon trap: reason=unstable_if action=reinterpret pc=0x0000000002d26400 method=com.sun.org.apache.xerces.internal.impl.XMLEntityScanner.scanData(Ljava/lang/String;Lcom/sun/org/apache/xerces/internal/util/XMLStringBuffer;)Z @ 326
Event: 12.657 Thread 0x0000000057a37800 Uncommon trap: reason=unstable_if action=reinterpret pc=0x0000000002d0b854 method=com.sun.org.apache.xerces.internal.impl.XMLEntityScanner.scanData(Ljava/lang/String;Lcom/sun/org/apache/xerces/internal/util/XMLStringBuffer;)Z @ 888
Event: 13.618 Thread 0x0000000057a37800 Uncommon trap: reason=unstable_if action=reinterpret pc=0x0000000002cddc8c method=com.sun.org.apache.xerces.internal.parsers.AbstractDOMParser.characters(Lcom/sun/org/apache/xerces/internal/xni/XMLString;Lcom/sun/org/apache/xerces/internal/xni/Augmentation
Event: 13.685 Thread 0x0000000057a37800 Uncommon trap: reason=unstable_if action=reinterpret pc=0x0000000002c7c520 method=com.sun.org.apache.xerces.internal.impl.io.UTF8Reader.read([CII)I @ 131
Event: 13.838 Thread 0x0000000057a37800 Uncommon trap: reason=unstable_if action=reinterpret pc=0x0000000002c60240 method=com.sun.org.apache.xerces.internal.impl.XMLEntityScanner.scanName()Ljava/lang/String; @ 69
Event: 13.938 Thread 0x0000000057a37800 Uncommon trap: reason=unstable_if action=reinterpret pc=0x0000000002d32ed4 method=com.sun.org.apache.xerces.internal.impl.XMLEntityScanner.scanContent(Lcom/sun/org/apache/xerces/internal/xni/XMLString;)I @ 44

Internal exceptions (10 events):
Event: 10.908 Thread 0x0000000057a37800 Exception <a 'java/lang/ClassNotFoundException': org/gradle/api/internal/artifacts/dsl/dependencies/DefaultDependencyHandler_DecoratedBeanInfo> (0x00000000eca37b40) thrown at [C:\re\workspace\8-2-build-windows-amd64-cygwin\jdk8u60\4407\hotspot\src\share\vmF†Ùµ}—%@
Event: 10.909 Thread 0x0000000057a37800 Exception <a 'java/lang/ClassNotFoundException': org/gradle/api/internal/artifacts/dsl/dependencies/DefaultDependencyHandlerBeanInfo> (0x00000000eca60b38) thrown at [C:\re\workspace\8-2-build-windows-amd64-cygwin\jdk8u60\4407\hotspot\src\share\vm\classfileß¶ê¥T“%@
Event: 10.911 Thread 0x0000000057a37800 Exception <a 'java/lang/ClassNotFoundException': org/gradle/api/internal/artifacts/dsl/dependencies/DefaultDependencyHandlerCustomizer> (0x00000000eca8a220) thrown at [C:\re\workspace\8-2-build-windows-amd64-cygwin\jdk8u60\4407\hotspot\src\share\vm\classfi©¡?ˇ)‘%@
Event: 10.914 Thread 0x0000000057a37800 Exception <a 'java/lang/ClassNotFoundException': org/gradle/api/internal/artifacts/dsl/dependencies/DefaultDependencyHandler_DecoratedCustomizer> (0x00000000ecac7658) thrown at [C:\re\workspace\8-2-build-windows-amd64-cygwin\jdk8u60\4407\hotspot\src\share\
Event: 10.955 Thread 0x0000000057a37800 Exception <a 'java/lang/ClassNotFoundException': org/gradle/api/artifacts/dsl/DependencyHandlerBeanInfo> (0x00000000eab23578) thrown at [C:\re\workspace\8-2-build-windows-amd64-cygwin\jdk8u60\4407\hotspot\src\share\vm\classfile\systemDictionary.cpp, line 2√~KnØÍ%@
Event: 10.958 Thread 0x0000000057a37800 Exception <a 'java/lang/ClassNotFoundException': org/gradle/api/artifacts/dsl/DependencyHandlerCustomizer> (0x00000000eab42c10) thrown at [C:\re\workspace\8-2-build-windows-amd64-cygwin\jdk8u60\4407\hotspot\src\share\vm\classfile\systemDictionary.cpp, lineaÆËÌ%@
Event: 10.963 Thread 0x0000000057a37800 Exception <a 'java/lang/ClassNotFoundException': org/gradle/api/internal/IConventionAwareBeanInfo> (0x00000000eab79a08) thrown at [C:\re\workspace\8-2-build-windows-amd64-cygwin\jdk8u60\4407\hotspot\src\share\vm\classfile\systemDictionary.cpp, line 210]
Event: 10.964 Thread 0x0000000057a37800 Exception <a 'java/lang/ClassNotFoundException': org/gradle/api/internal/IConventionAwareCustomizer> (0x00000000eab967c0) thrown at [C:\re\workspace\8-2-build-windows-amd64-cygwin\jdk8u60\4407\hotspot\src\share\vm\classfile\systemDictionary.cpp, line 210]
Event: 11.439 Thread 0x0000000057a37800 Implicit null exception at 0x000000000286340e to 0x00000000028638dd
Event: 12.303 Thread 0x0000000057a37800 Implicit null exception at 0x0000000002cca11a to 0x0000000002cc856d

Events (10 events):
Event: 14.073 loading class org/gradle/api/internal/file/collections/MinimalFileSet
Event: 14.073 loading class org/gradle/api/internal/file/collections/MinimalFileSet done
Event: 14.074 loading class org/gradle/api/internal/file/collections/DefaultFileCollectionResolveContext$FileTreeConverter
Event: 14.074 loading class org/gradle/api/internal/file/collections/DefaultFileCollectionResolveContext$FileTreeConverter done
Event: 14.074 loading class org/gradle/api/tasks/TaskOutputs
Event: 14.074 loading class org/gradle/api/tasks/TaskOutputs done
Event: 14.075 loading class org/gradle/api/internal/artifacts/ivyservice/DefaultLenientConfiguration$2
Event: 14.075 loading class org/gradle/api/internal/artifacts/ivyservice/DefaultLenientConfiguration$2 done
Event: 14.076 loading class org/gradle/api/internal/artifacts/ivyservice/ContextualArtifactResolver$3
Event: 14.076 loading class org/gradle/api/internal/artifacts/ivyservice/ContextualArtifactResolver$3 done


Dynamic libraries:
0x000000013f6b0000 - 0x000000013f6e7000 	C:\Program Files\Java\jdk1.8.0_60\bin\java.exe
0x0000000077770000 - 0x000000007791a000 	C:\Windows\SYSTEM32\ntdll.dll
0x0000000077650000 - 0x000000007776f000 	C:\Windows\system32\kernel32.dll
0x000007fefd680000 - 0x000007fefd6ea000 	C:\Windows\system32\KERNELBASE.dll
0x000007feff9a0000 - 0x000007feffa7b000 	C:\Windows\system32\ADVAPI32.dll
0x000007fefd950000 - 0x000007fefd9ef000 	C:\Windows\system32\msvcrt.dll
0x000007fefe140000 - 0x000007fefe15f000 	C:\Windows\SYSTEM32\sechost.dll
0x000007feff870000 - 0x000007feff99d000 	C:\Windows\system32\RPCRT4.dll
0x0000000077550000 - 0x000000007764a000 	C:\Windows\system32\USER32.dll
0x000007fefe0d0000 - 0x000007fefe137000 	C:\Windows\system32\GDI32.dll
0x000007fefe260000 - 0x000007fefe26e000 	C:\Windows\system32\LPK.dll
0x000007fefdd30000 - 0x000007fefddfa000 	C:\Windows\system32\USP10.dll
0x000007fefbde0000 - 0x000007fefbfd4000 	C:\Windows\WinSxS\amd64_microsoft.windows.common-controls_6595b64144ccf1df_6.0.7601.18837_none_fa3b1e3d17594757\COMCTL32.dll
0x000007feff590000 - 0x000007feff601000 	C:\Windows\system32\SHLWAPI.dll
0x000007feff6b0000 - 0x000007feff6de000 	C:\Windows\system32\IMM32.DLL
0x000007fefd9f0000 - 0x000007fefdaf9000 	C:\Windows\system32\MSCTF.dll
0x000000005bf00000 - 0x000000005bfd2000 	C:\Program Files\Java\jdk1.8.0_60\jre\bin\msvcr100.dll
0x0000000070050000 - 0x00000000708d9000 	C:\Program Files\Java\jdk1.8.0_60\jre\bin\server\jvm.dll
0x000007fef3ae0000 - 0x000007fef3ae9000 	C:\Windows\system32\WSOCK32.dll
0x000007fefdce0000 - 0x000007fefdd2d000 	C:\Windows\system32\WS2_32.dll
0x000007feff4a0000 - 0x000007feff4a8000 	C:\Windows\system32\NSI.dll
0x000007fefa060000 - 0x000007fefa09b000 	C:\Windows\system32\WINMM.dll
0x000007fefc3d0000 - 0x000007fefc3dc000 	C:\Windows\system32\VERSION.dll
0x0000000077940000 - 0x0000000077947000 	C:\Windows\system32\PSAPI.DLL
0x000000006a580000 - 0x000000006a58f000 	C:\Program Files\Java\jdk1.8.0_60\jre\bin\verify.dll
0x0000000068210000 - 0x0000000068239000 	C:\Program Files\Java\jdk1.8.0_60\jre\bin\java.dll
0x0000000060400000 - 0x0000000060416000 	C:\Program Files\Java\jdk1.8.0_60\jre\bin\zip.dll
0x000007fefe480000 - 0x000007feff20a000 	C:\Windows\system32\SHELL32.dll
0x000007fefe270000 - 0x000007fefe473000 	C:\Windows\system32\ole32.dll
0x000007fefd500000 - 0x000007fefd50f000 	C:\Windows\system32\profapi.dll
0x00000000603e0000 - 0x00000000603fa000 	C:\Program Files\Java\jdk1.8.0_60\jre\bin\net.dll
0x000007fefccd0000 - 0x000007fefcd25000 	C:\Windows\system32\mswsock.dll
0x000007fefccc0000 - 0x000007fefccc7000 	C:\Windows\System32\wship6.dll
0x00000000602b0000 - 0x00000000602c1000 	C:\Program Files\Java\jdk1.8.0_60\jre\bin\nio.dll
0x000007feef420000 - 0x000007feef432000 	C:\Users\Agustin\.gradle\native\19\windows-amd64\native-platform.dll
0x000007fef9700000 - 0x000007fef9727000 	C:\Windows\system32\IPHLPAPI.DLL
0x000007fef96e0000 - 0x000007fef96eb000 	C:\Windows\system32\WINNSI.DLL
0x000007fef92f0000 - 0x000007fef9301000 	C:\Windows\system32\dhcpcsvc6.DLL
0x000007fef91d0000 - 0x000007fef91e8000 	C:\Windows\system32\dhcpcsvc.DLL
0x000007fefcd30000 - 0x000007fefcd48000 	C:\Windows\system32\CRYPTSP.dll
0x000007fefca30000 - 0x000007fefca77000 	C:\Windows\system32\rsaenh.dll
0x000007fefd600000 - 0x000007fefd61e000 	C:\Windows\system32\USERENV.dll
0x000007fefd390000 - 0x000007fefd39f000 	C:\Windows\system32\CRYPTBASE.dll
0x000007fefd330000 - 0x000007fefd387000 	C:\Windows\system32\apphelp.dll

VM Arguments:
jvm_args: -XX:MaxPermSize=256m -XX:+HeapDumpOnOutOfMemoryError -Xmx1024m -Dfile.encoding=windows-1252 -Duser.country=ES -Duser.language=es -Duser.variant 
java_command: org.gradle.launcher.daemon.bootstrap.GradleDaemon 2.8
java_class_path (initial): C:\Program Files\Android\Android Studio\gradle\gradle-2.8\lib\gradle-launcher-2.8.jar
Launcher Type: SUN_STANDARD

Environment Variables:
JAVA_HOME=C:\Program Files\Java\jdk1.8.0_92
JRE_HOME=C:\Program Files\Java\jre1.8.0_92
PATH=C:\Program Files\Common Files\Microsoft Shared\Windows Live;C:\Program Files (x86)\Common Files\Microsoft Shared\Windows Live;C:\ProgramData\Oracle\Java\javapath;C:\Windows\system32;C:\Windows;C:\Windows\System32\Wbem;C:\Windows\System32\WindowsPowerShell\v1.0\;C:\Program Files (x86)\Windows Live\Shared;C:\Program Files (x86)\Skype\Phone\;C:\Program Files\Java\jdk1.8.0_60\bin;C:\Program Files\Mercurial; C:\Program Files\Java\jdk1.8.0_60\bin
USERNAME=Agustin
OS=Windows_NT
PROCESSOR_IDENTIFIER=Intel64 Family 6 Model 42 Stepping 7, GenuineIntel



---------------  S Y S T E M  ---------------

OS: Windows 7 , 64 bit Build 7601 (6.1.7601.23418)

CPU:total 4 (2 cores per cpu, 2 threads per core) family 6 model 42 stepping 7, cmov, cx8, fxsr, mmx, sse, sse2, sse3, ssse3, sse4.1, sse4.2, popcnt, avx, clmul, ht, tsc, tscinvbit

Memory: 4k page, physical 4127088k(427388k free), swap 7332036k(19048k free)

vm_info: Java HotSpot(TM) 64-Bit Server VM (25.60-b23) for windows-amd64 JRE (1.8.0_60-b27), built on Aug  4 2015 11:06:27 by "java_re" with MS VC++ 10.0 (VS2010)

time: Thu May 19 10:11:16 2016
elapsed time: 14 seconds (0d 0h 0m 14s)

