#
# There is insufficient memory for the Java Runtime Environment to continue.
# Native memory allocation (malloc) failed to allocate 1774976 bytes for Chunk::new
# Possible reasons:
#   The system is out of physical RAM or swap space
#   In 32 bit mode, the process size limit was hit
# Possible solutions:
#   Reduce memory load on the system
#   Increase physical memory or swap space
#   Check if swap backing store is full
#   Use 64 bit Java on a 64 bit OS
#   Decrease Java heap size (-Xmx/-Xms)
#   Decrease number of Java threads
#   Decrease Java thread stack sizes (-Xss)
#   Set larger code cache with -XX:ReservedCodeCacheSize=
# This output file may be truncated or incomplete.
#
#  Out of Memory Error (allocation.cpp:390), pid=6896, tid=6968
#
# JRE version: Java(TM) SE Runtime Environment (8.0_60-b27) (build 1.8.0_60-b27)
# Java VM: Java HotSpot(TM) 64-Bit Server VM (25.60-b23 mixed mode windows-amd64 compressed oops)
# Failed to write core dump. Minidumps are not enabled by default on client versions of Windows
#

---------------  T H R E A D  ---------------

Current thread (0x0000000014e00800):  JavaThread "C2 CompilerThread0" daemon [_thread_in_native, id=6968, stack(0x0000000016650000,0x0000000016750000)]

Stack: [0x0000000016650000,0x0000000016750000]
[error occurred during error reporting (printing stack bounds), id 0xc0000005]

Native frames: (J=compiled Java code, j=interpreted, Vv=VM code, C=native code)


Current CompileTask:
C2: 100614 9384       4       java.net.URLClassLoader$1::run (5 bytes)


---------------  P R O C E S S  ---------------

Java Threads: ( => current thread )
  0x000000001bf85800 JavaThread "Forward streams with process: command 'C:\Program Files\Java\jdk1.8.0_60\bin\java.exe' Thread 3" [_thread_blocked, id=3164, stack(0x0000000021340000,0x0000000021440000)]
  0x000000001bf84800 JavaThread "Forward streams with process: command 'C:\Program Files\Java\jdk1.8.0_60\bin\java.exe' Thread 2" [_thread_in_native, id=6180, stack(0x0000000019370000,0x0000000019470000)]
  0x000000001bf84000 JavaThread "Forward streams with process: command 'C:\Program Files\Java\jdk1.8.0_60\bin\java.exe'" [_thread_blocked, id=7164, stack(0x0000000021210000,0x0000000021310000)]
  0x000000001bf83000 JavaThread "Run command 'C:\Program Files\Java\jdk1.8.0_60\bin\java.exe'" [_thread_in_native, id=2328, stack(0x000000001f900000,0x000000001fa00000)]
  0x000000001bf82800 JavaThread "pool-1-thread-1" [_thread_blocked, id=5380, stack(0x000000001f590000,0x000000001f690000)]
  0x000000001bf7f800 JavaThread "Stdin handler" [_thread_blocked, id=6916, stack(0x0000000019010000,0x0000000019110000)]
  0x000000001bf7e800 JavaThread "Cancel handler" [_thread_blocked, id=5640, stack(0x0000000018d10000,0x0000000018e10000)]
  0x000000001bf7e000 JavaThread "Handler for socket connection from /127.0.0.1:51487 to /127.0.0.1:51589" [_thread_in_native, id=5432, stack(0x000000001ef00000,0x000000001f000000)]
  0x0000000019f58800 JavaThread "File lock request listener" [_thread_in_native, id=7100, stack(0x000000001ab50000,0x000000001ac50000)]
  0x0000000017d43800 JavaThread "Daemon worker" [_thread_blocked, id=7044, stack(0x0000000019270000,0x0000000019370000)]
  0x0000000017c35800 JavaThread "Daemon" [_thread_blocked, id=7028, stack(0x0000000018eb0000,0x0000000018fb0000)]
  0x0000000017e32000 JavaThread "Incoming local TCP Connector on port 51487" [_thread_in_native, id=7016, stack(0x00000000188c0000,0x00000000189c0000)]
  0x00000000167cc000 JavaThread "Service Thread" daemon [_thread_blocked, id=6980, stack(0x0000000016bb0000,0x0000000016cb0000)]
  0x0000000016750800 JavaThread "C1 CompilerThread2" daemon [_thread_blocked, id=6976, stack(0x0000000016cd0000,0x0000000016dd0000)]
  0x0000000014e08000 JavaThread "C2 CompilerThread1" daemon [_thread_in_native, id=6972, stack(0x0000000016530000,0x0000000016630000)]
=>0x0000000014e00800 JavaThread "C2 CompilerThread0" daemon [_thread_in_native, id=6968, stack(0x0000000016650000,0x0000000016750000)]
  0x0000000014e0f000 JavaThread "Attach Listener" daemon [_thread_blocked, id=6964, stack(0x0000000016420000,0x0000000016520000)]
  0x0000000014e0d800 JavaThread "Signal Dispatcher" daemon [_thread_blocked, id=6960, stack(0x0000000016240000,0x0000000016340000)]
  0x0000000014da2000 JavaThread "Finalizer" daemon [_thread_blocked, id=6952, stack(0x00000000160e0000,0x00000000161e0000)]
  0x0000000014da1000 JavaThread "Reference Handler" daemon [_thread_blocked, id=6948, stack(0x0000000015f40000,0x0000000016040000)]
  0x0000000001ddf000 JavaThread "main" [_thread_blocked, id=6924, stack(0x00000000021a0000,0x00000000022a0000)]

Other Threads:
  0x0000000014d9b800 VMThread [stack: 0x0000000015d00000,0x0000000015e00000] [id=6944]
  0x00000000167d3000 WatcherThread [stack: 0x0000000016e10000,0x0000000016f10000] [id=6984]

VM state:not at safepoint (normal execution)

VM Mutex/Monitor currently owned by a thread: None

Heap:
 PSYoungGen      total 232960K, used 211984K [0x00000000eab00000, 0x00000000fe400000, 0x0000000100000000)
  eden space 216064K, 95% used [0x00000000eab00000,0x00000000f7384198,0x00000000f7e00000)
  from space 16896K, 39% used [0x00000000f8d80000,0x00000000f9400000,0x00000000f9e00000)
  to   space 15872K, 0% used [0x00000000f7e00000,0x00000000f7e00000,0x00000000f8d80000)
 ParOldGen       total 54272K, used 39493K [0x00000000c0000000, 0x00000000c3500000, 0x00000000eab00000)
  object space 54272K, 72% used [0x00000000c0000000,0x00000000c2691408,0x00000000c3500000)
 Metaspace       used 51994K, capacity 54048K, committed 54144K, reserved 1095680K
  class space    used 6966K, capacity 7467K, committed 7552K, reserved 1048576K

Card table byte_map: [0x0000000011930000,0x0000000011b40000] byte_map_base: 0x0000000011330000

Marking Bits: (ParMarkBitMap*) 0x00000000517ca5b0
 Begin Bits: [0x0000000012210000, 0x0000000013210000)
 End Bits:   [0x0000000013210000, 0x0000000014210000)

Polling page: 0x00000000001a0000

CodeCache: size=245760Kb used=31790Kb max_used=31806Kb free=213969Kb
 bounds [0x0000000002570000, 0x00000000044b0000, 0x0000000011570000]
 total_blobs=8885 nmethods=8178 adapters=618
 compilation: enabled

Compilation events (10 events):
Event: 100.380 Thread 0x0000000016750800 9382   !   2       java.util.zip.ZipFile::getEntry (86 bytes)
Event: 100.381 Thread 0x0000000016750800 nmethod 9382 0x0000000004495e90 code [0x0000000004496040, 0x0000000004496518]
Event: 100.382 Thread 0x0000000016750800 9381       2       java.util.zip.ZipCoder::encoder (35 bytes)
Event: 100.382 Thread 0x0000000016750800 nmethod 9381 0x0000000004495a50 code [0x0000000004495bc0, 0x0000000004495dc8]
Event: 100.417 Thread 0x0000000016750800 9383       2       java.security.CodeSource::matchCerts (254 bytes)
Event: 100.419 Thread 0x0000000016750800 nmethod 9383 0x0000000004497b50 code [0x0000000004497d20, 0x00000000044982f8]
Event: 100.422 Thread 0x0000000016750800 9385   !   2       java.net.URLClassLoader$1::run (63 bytes)
Event: 100.422 Thread 0x0000000016750800 nmethod 9385 0x0000000004497410 code [0x00000000044975c0, 0x00000000044978c8]
Event: 100.430 Thread 0x0000000014e00800 nmethod 9376 0x000000000449e6d0 code [0x000000000449ea00, 0x00000000044a01d8]
Event: 100.431 Thread 0x0000000014e00800 9384       4       java.net.URLClassLoader$1::run (5 bytes)

GC Heap History (10 events):
Event: 28.074 GC heap before
{Heap before GC invocations=13 (full 2):
 PSYoungGen      total 167936K, used 3346K [0x00000000eab00000, 0x00000000f9980000, 0x0000000100000000)
  eden space 155136K, 0% used [0x00000000eab00000,0x00000000eab00000,0x00000000f4280000)
  from space 12800K, 26% used [0x00000000f4280000,0x00000000f45c4b08,0x00000000f4f00000)
  to   space 12800K, 0% used [0x00000000f8d00000,0x00000000f8d00000,0x00000000f9980000)
 ParOldGen       total 37888K, used 23249K [0x00000000c0000000, 0x00000000c2500000, 0x00000000eab00000)
  object space 37888K, 61% used [0x00000000c0000000,0x00000000c16b4500,0x00000000c2500000)
 Metaspace       used 34666K, capacity 35392K, committed 35496K, reserved 1079296K
  class space    used 4637K, capacity 4842K, committed 4864K, reserved 1048576K
Event: 28.943 GC heap after
Heap after GC invocations=13 (full 2):
 PSYoungGen      total 167936K, used 0K [0x00000000eab00000, 0x00000000f9980000, 0x0000000100000000)
  eden space 155136K, 0% used [0x00000000eab00000,0x00000000eab00000,0x00000000f4280000)
  from space 12800K, 0% used [0x00000000f4280000,0x00000000f4280000,0x00000000f4f00000)
  to   space 12800K, 0% used [0x00000000f8d00000,0x00000000f8d00000,0x00000000f9980000)
 ParOldGen       total 54272K, used 18302K [0x00000000c0000000, 0x00000000c3500000, 0x00000000eab00000)
  object space 54272K, 33% used [0x00000000c0000000,0x00000000c11df878,0x00000000c3500000)
 Metaspace       used 34646K, capacity 35370K, committed 35496K, reserved 1079296K
  class space    used 4631K, capacity 4836K, committed 4864K, reserved 1048576K
}
Event: 36.481 GC heap before
{Heap before GC invocations=14 (full 2):
 PSYoungGen      total 167936K, used 155136K [0x00000000eab00000, 0x00000000f9980000, 0x0000000100000000)
  eden space 155136K, 100% used [0x00000000eab00000,0x00000000f4280000,0x00000000f4280000)
  from space 12800K, 0% used [0x00000000f4280000,0x00000000f4280000,0x00000000f4f00000)
  to   space 12800K, 0% used [0x00000000f8d00000,0x00000000f8d00000,0x00000000f9980000)
 ParOldGen       total 54272K, used 18302K [0x00000000c0000000, 0x00000000c3500000, 0x00000000eab00000)
  object space 54272K, 33% used [0x00000000c0000000,0x00000000c11df878,0x00000000c3500000)
 Metaspace       used 40440K, capacity 41528K, committed 41728K, reserved 1085440K
  class space    used 5510K, capacity 5773K, committed 5888K, reserved 1048576K
Event: 36.556 GC heap after
Heap after GC invocations=14 (full 2):
 PSYoungGen      total 227328K, used 12768K [0x00000000eab00000, 0x00000000f9e00000, 0x0000000100000000)
  eden space 214528K, 0% used [0x00000000eab00000,0x00000000eab00000,0x00000000f7c80000)
  from space 12800K, 99% used [0x00000000f8d00000,0x00000000f9978310,0x00000000f9980000)
  to   space 16896K, 0% used [0x00000000f7c80000,0x00000000f7c80000,0x00000000f8d00000)
 ParOldGen       total 54272K, used 24610K [0x00000000c0000000, 0x00000000c3500000, 0x00000000eab00000)
  object space 54272K, 45% used [0x00000000c0000000,0x00000000c18088a0,0x00000000c3500000)
 Metaspace       used 40440K, capacity 41528K, committed 41728K, reserved 1085440K
  class space    used 5510K, capacity 5773K, committed 5888K, reserved 1048576K
}
Event: 38.553 GC heap before
{Heap before GC invocations=15 (full 2):
 PSYoungGen      total 227328K, used 101052K [0x00000000eab00000, 0x00000000f9e00000, 0x0000000100000000)
  eden space 214528K, 41% used [0x00000000eab00000,0x00000000f0136de0,0x00000000f7c80000)
  from space 12800K, 99% used [0x00000000f8d00000,0x00000000f9978310,0x00000000f9980000)
  to   space 16896K, 0% used [0x00000000f7c80000,0x00000000f7c80000,0x00000000f8d00000)
 ParOldGen       total 54272K, used 24610K [0x00000000c0000000, 0x00000000c3500000, 0x00000000eab00000)
  object space 54272K, 45% used [0x00000000c0000000,0x00000000c18088a0,0x00000000c3500000)
 Metaspace       used 43052K, capacity 44660K, committed 44800K, reserved 1087488K
  class space    used 5953K, capacity 6356K, committed 6400K, reserved 1048576K
Event: 38.684 GC heap after
Heap after GC invocations=15 (full 2):
 PSYoungGen      total 231424K, used 8376K [0x00000000eab00000, 0x00000000f9e00000, 0x0000000100000000)
  eden space 214528K, 0% used [0x00000000eab00000,0x00000000eab00000,0x00000000f7c80000)
  from space 16896K, 49% used [0x00000000f7c80000,0x00000000f84ae110,0x00000000f8d00000)
  to   space 16896K, 0% used [0x00000000f8d80000,0x00000000f8d80000,0x00000000f9e00000)
 ParOldGen       total 54272K, used 37375K [0x00000000c0000000, 0x00000000c3500000, 0x00000000eab00000)
  object space 54272K, 68% used [0x00000000c0000000,0x00000000c247fc30,0x00000000c3500000)
 Metaspace       used 43052K, capacity 44660K, committed 44800K, reserved 1087488K
  class space    used 5953K, capacity 6356K, committed 6400K, reserved 1048576K
}
Event: 38.684 GC heap before
{Heap before GC invocations=16 (full 3):
 PSYoungGen      total 231424K, used 8376K [0x00000000eab00000, 0x00000000f9e00000, 0x0000000100000000)
  eden space 214528K, 0% used [0x00000000eab00000,0x00000000eab00000,0x00000000f7c80000)
  from space 16896K, 49% used [0x00000000f7c80000,0x00000000f84ae110,0x00000000f8d00000)
  to   space 16896K, 0% used [0x00000000f8d80000,0x00000000f8d80000,0x00000000f9e00000)
 ParOldGen       total 54272K, used 37375K [0x00000000c0000000, 0x00000000c3500000, 0x00000000eab00000)
  object space 54272K, 68% used [0x00000000c0000000,0x00000000c247fc30,0x00000000c3500000)
 Metaspace       used 43052K, capacity 44660K, committed 44800K, reserved 1087488K
  class space    used 5953K, capacity 6356K, committed 6400K, reserved 1048576K
Event: 39.261 GC heap after
Heap after GC invocations=16 (full 3):
 PSYoungGen      total 231424K, used 0K [0x00000000eab00000, 0x00000000f9e00000, 0x0000000100000000)
  eden space 214528K, 0% used [0x00000000eab00000,0x00000000eab00000,0x00000000f7c80000)
  from space 16896K, 0% used [0x00000000f7c80000,0x00000000f7c80000,0x00000000f8d00000)
  to   space 16896K, 0% used [0x00000000f8d80000,0x00000000f8d80000,0x00000000f9e00000)
 ParOldGen       total 54272K, used 39485K [0x00000000c0000000, 0x00000000c3500000, 0x00000000eab00000)
  object space 54272K, 72% used [0x00000000c0000000,0x00000000c268f408,0x00000000c3500000)
 Metaspace       used 43052K, capacity 44660K, committed 44800K, reserved 1087488K
  class space    used 5953K, capacity 6356K, committed 6400K, reserved 1048576K
}
Event: 89.467 GC heap before
{Heap before GC invocations=17 (full 3):
 PSYoungGen      total 231424K, used 214528K [0x00000000eab00000, 0x00000000f9e00000, 0x0000000100000000)
  eden space 214528K, 100% used [0x00000000eab00000,0x00000000f7c80000,0x00000000f7c80000)
  from space 16896K, 0% used [0x00000000f7c80000,0x00000000f7c80000,0x00000000f8d00000)
  to   space 16896K, 0% used [0x00000000f8d80000,0x00000000f8d80000,0x00000000f9e00000)
 ParOldGen       total 54272K, used 39485K [0x00000000c0000000, 0x00000000c3500000, 0x00000000eab00000)
  object space 54272K, 72% used [0x00000000c0000000,0x00000000c268f408,0x00000000c3500000)
 Metaspace       used 45634K, capacity 47666K, committed 47744K, reserved 1089536K
  class space    used 6258K, capacity 6740K, committed 6784K, reserved 1048576K
Event: 89.481 GC heap after
Heap after GC invocations=17 (full 3):
 PSYoungGen      total 232960K, used 6656K [0x00000000eab00000, 0x00000000fe400000, 0x0000000100000000)
  eden space 216064K, 0% used [0x00000000eab00000,0x00000000eab00000,0x00000000f7e00000)
  from space 16896K, 39% used [0x00000000f8d80000,0x00000000f9400000,0x00000000f9e00000)
  to   space 15872K, 0% used [0x00000000f7e00000,0x00000000f7e00000,0x00000000f8d80000)
 ParOldGen       total 54272K, used 39493K [0x00000000c0000000, 0x00000000c3500000, 0x00000000eab00000)
  object space 54272K, 72% used [0x00000000c0000000,0x00000000c2691408,0x00000000c3500000)
 Metaspace       used 45634K, capacity 47666K, committed 47744K, reserved 1089536K
  class space    used 6258K, capacity 6740K, committed 6784K, reserved 1048576K
}

Deoptimization events (10 events):
Event: 100.043 Thread 0x0000000017d43800 Uncommon trap: reason=class_check action=maybe_recompile pc=0x0000000004248c94 method=com.sun.tools.javac.comp.Attr.attribLazyConstantValue(Lcom/sun/tools/javac/comp/Env;Lcom/sun/tools/javac/tree/JCTree$JCVariableDecl;Lcom/sun/tools/javac/code/Type;)Ljava/ì¾¦¾Y@
Event: 100.043 Thread 0x0000000017d43800 Uncommon trap: reason=class_check action=maybe_recompile pc=0x0000000004248c94 method=com.sun.tools.javac.comp.Attr.attribLazyConstantValue(Lcom/sun/tools/javac/comp/Env;Lcom/sun/tools/javac/tree/JCTree$JCVariableDecl;Lcom/sun/tools/javac/code/Type;)Ljava/·ïûþVY@
Event: 100.052 Thread 0x0000000017d43800 Uncommon trap: reason=unstable_if action=reinterpret pc=0x0000000003b79710 method=com.sun.tools.javac.util.BaseFileManager.getKind(Ljava/lang/String;)Ljavax/tools/JavaFileObject$Kind; @ 10
Event: 100.058 Thread 0x0000000017d43800 Uncommon trap: reason=class_check action=maybe_recompile pc=0x0000000003f572c0 method=java.lang.StringCoding$StringDecoder.decode([BII)[C @ 30
Event: 100.059 Thread 0x0000000017d43800 Uncommon trap: reason=class_check action=maybe_recompile pc=0x0000000003f572c0 method=java.lang.StringCoding$StringDecoder.decode([BII)[C @ 30
Event: 100.220 Thread 0x0000000017d43800 Uncommon trap: reason=bimorphic action=maybe_recompile pc=0x0000000003fa4448 method=java.util.Collections.indexedBinarySearch(Ljava/util/List;Ljava/lang/Object;)I @ 39
Event: 100.224 Thread 0x0000000017d43800 Uncommon trap: reason=bimorphic action=maybe_recompile pc=0x0000000003fa4448 method=java.util.Collections.indexedBinarySearch(Ljava/util/List;Ljava/lang/Object;)I @ 39
Event: 100.226 Thread 0x0000000017d43800 Uncommon trap: reason=bimorphic action=maybe_recompile pc=0x0000000003fa4448 method=java.util.Collections.indexedBinarySearch(Ljava/util/List;Ljava/lang/Object;)I @ 39
Event: 100.228 Thread 0x0000000017d43800 Uncommon trap: reason=bimorphic action=maybe_recompile pc=0x0000000003fa4448 method=java.util.Collections.indexedBinarySearch(Ljava/util/List;Ljava/lang/Object;)I @ 39
Event: 100.398 Thread 0x000000001bf82800 Uncommon trap: reason=unstable_if action=reinterpret pc=0x00000000032b40fc method=java.lang.ThreadLocal.get()Ljava/lang/Object; @ 11

Internal exceptions (10 events):
Event: 88.114 Thread 0x0000000017d43800 Exception <a 'java/lang/ClassNotFoundException': asLocalRepo80_cl32c58lmti973swt9reglbddBeanInfo> (0x00000000f5bdeea8) thrown at [C:\re\workspace\8-2-build-windows-amd64-cygwin\jdk8u60\4407\hotspot\src\share\vm\classfile\systemDictionary.cpp, line 210]
Event: 88.115 Thread 0x0000000017d43800 Exception <a 'java/lang/ClassNotFoundException': asLocalRepo80_cl32c58lmti973swt9reglbddCustomizer> (0x00000000f5be8398) thrown at [C:\re\workspace\8-2-build-windows-amd64-cygwin\jdk8u60\4407\hotspot\src\share\vm\classfile\systemDictionary.cpp, line 210]
Event: 90.786 Thread 0x0000000017d43800 Exception <a 'java/lang/ClassNotFoundException': org/gradle/api/internal/file/collections/DefaultConfigurableFileCollectionBeanInfo> (0x00000000eddb3088) thrown at [C:\re\workspace\8-2-build-windows-amd64-cygwin\jdk8u60\4407\hotspot\src\share\vm\classfile\?³ßÅT²V@
Event: 90.786 Thread 0x0000000017d43800 Exception <a 'java/lang/ClassNotFoundException': org/gradle/api/internal/file/collections/DefaultConfigurableFileCollectionCustomizer> (0x00000000eddc6b10) thrown at [C:\re\workspace\8-2-build-windows-amd64-cygwin\jdk8u60\4407\hotspot\src\share\vm\classfil3v¶H·V@
Event: 90.864 Thread 0x0000000017d43800 Implicit null exception at 0x00000000030b7cca to 0x00000000030b7ee1
Event: 95.427 Thread 0x0000000017d43800 Exception <a 'java/security/PrivilegedActionException'> (0x00000000f0d70548) thrown at [C:\re\workspace\8-2-build-windows-amd64-cygwin\jdk8u60\4407\hotspot\src\share\vm\prims\jvm.cpp, line 1386]
Event: 95.427 Thread 0x0000000017d43800 Exception <a 'java/security/PrivilegedActionException'> (0x00000000f0d70d10) thrown at [C:\re\workspace\8-2-build-windows-amd64-cygwin\jdk8u60\4407\hotspot\src\share\vm\prims\jvm.cpp, line 1386]
Event: 96.246 Thread 0x0000000017d43800 Exception <a 'java/io/FileNotFoundException'> (0x00000000f2c132d8) thrown at [C:\re\workspace\8-2-build-windows-amd64-cygwin\jdk8u60\4407\hotspot\src\share\vm\prims\jni.cpp, line 709]
Event: 96.518 Thread 0x0000000017d43800 Implicit null exception at 0x0000000004015088 to 0x00000000040150be
Event: 100.398 Thread 0x000000001bf82800 Implicit null exception at 0x00000000032b4058 to 0x00000000032b40e9

Events (10 events):
Event: 100.431 Thread 0x000000001bf84000 Thread exited: 0x000000001bf84000
Event: 100.432 loading class org/gradle/process/internal/shutdown/ShutdownHookActionRegister
Event: 100.432 loading class org/gradle/process/internal/shutdown/ShutdownHookActionRegister done
Event: 100.433 loading class org/gradle/process/internal/shutdown/ShutdownHookActionRegister$GradleShutdownHook
Event: 100.433 loading class org/gradle/process/internal/shutdown/ShutdownHookActionRegister$GradleShutdownHook done
Event: 100.434 Thread 0x000000001bf84000 Thread added: 0x000000001bf84000
Event: 100.434 Thread 0x000000001bf84800 Thread added: 0x000000001bf84800
Event: 100.434 Thread 0x000000001bf85800 Thread added: 0x000000001bf85800
Event: 100.434 Executing VM operation: RevokeBias
Event: 100.435 Executing VM operation: RevokeBias done


Dynamic libraries:
0x000000013f800000 - 0x000000013f837000 	C:\Program Files\Java\jdk1.8.0_60\bin\java.exe
0x0000000077410000 - 0x00000000775ba000 	C:\Windows\SYSTEM32\ntdll.dll
0x00000000772f0000 - 0x000000007740f000 	C:\Windows\system32\kernel32.dll
0x000007fefd300000 - 0x000007fefd36a000 	C:\Windows\system32\KERNELBASE.dll
0x000007fefe040000 - 0x000007fefe11b000 	C:\Windows\system32\ADVAPI32.dll
0x000007fefdbc0000 - 0x000007fefdc5f000 	C:\Windows\system32\msvcrt.dll
0x000007fefd9f0000 - 0x000007fefda0f000 	C:\Windows\SYSTEM32\sechost.dll
0x000007fefd720000 - 0x000007fefd84d000 	C:\Windows\system32\RPCRT4.dll
0x00000000771f0000 - 0x00000000772ea000 	C:\Windows\system32\USER32.dll
0x000007fefd850000 - 0x000007fefd8b7000 	C:\Windows\system32\GDI32.dll
0x000007feff710000 - 0x000007feff71e000 	C:\Windows\system32\LPK.dll
0x000007fefd8c0000 - 0x000007fefd98a000 	C:\Windows\system32\USP10.dll
0x000007fefba80000 - 0x000007fefbc74000 	C:\Windows\WinSxS\amd64_microsoft.windows.common-controls_6595b64144ccf1df_6.0.7601.18837_none_fa3b1e3d17594757\COMCTL32.dll
0x000007fefd5f0000 - 0x000007fefd661000 	C:\Windows\system32\SHLWAPI.dll
0x000007fefd6f0000 - 0x000007fefd71e000 	C:\Windows\system32\IMM32.DLL
0x000007fefdf20000 - 0x000007fefe029000 	C:\Windows\system32\MSCTF.dll
0x0000000051850000 - 0x0000000051922000 	C:\Program Files\Java\jdk1.8.0_60\jre\bin\msvcr100.dll
0x0000000050fc0000 - 0x0000000051849000 	C:\Program Files\Java\jdk1.8.0_60\jre\bin\server\jvm.dll
0x000007fefac50000 - 0x000007fefac59000 	C:\Windows\system32\WSOCK32.dll
0x000007fefe1c0000 - 0x000007fefe20d000 	C:\Windows\system32\WS2_32.dll
0x000007fefe030000 - 0x000007fefe038000 	C:\Windows\system32\NSI.dll
0x000007fef9b60000 - 0x000007fef9b9b000 	C:\Windows\system32\WINMM.dll
0x000007fefc230000 - 0x000007fefc23c000 	C:\Windows\system32\VERSION.dll
0x00000000775d0000 - 0x00000000775d7000 	C:\Windows\system32\PSAPI.DLL
0x000000005aab0000 - 0x000000005aabf000 	C:\Program Files\Java\jdk1.8.0_60\jre\bin\verify.dll
0x000000005aa80000 - 0x000000005aaa9000 	C:\Program Files\Java\jdk1.8.0_60\jre\bin\java.dll
0x000000005aa60000 - 0x000000005aa76000 	C:\Program Files\Java\jdk1.8.0_60\jre\bin\zip.dll
0x000007fefe980000 - 0x000007feff70a000 	C:\Windows\system32\SHELL32.dll
0x000007fefe4e0000 - 0x000007fefe6e3000 	C:\Windows\system32\ole32.dll
0x000007fefd1a0000 - 0x000007fefd1af000 	C:\Windows\system32\profapi.dll
0x0000000058e80000 - 0x0000000058e9a000 	C:\Program Files\Java\jdk1.8.0_60\jre\bin\net.dll
0x000007fefc890000 - 0x000007fefc8e5000 	C:\Windows\system32\mswsock.dll
0x000007fefca40000 - 0x000007fefca47000 	C:\Windows\System32\wship6.dll
0x0000000058e60000 - 0x0000000058e71000 	C:\Program Files\Java\jdk1.8.0_60\jre\bin\nio.dll
0x000007fef3030000 - 0x000007fef3042000 	C:\Users\Agustin\.gradle\native\19\windows-amd64\native-platform.dll
0x000007fef9190000 - 0x000007fef91b7000 	C:\Windows\system32\IPHLPAPI.DLL
0x000007fef9180000 - 0x000007fef918b000 	C:\Windows\system32\WINNSI.DLL
0x000007fef8f30000 - 0x000007fef8f41000 	C:\Windows\system32\dhcpcsvc6.DLL
0x000007fef8f90000 - 0x000007fef8fa8000 	C:\Windows\system32\dhcpcsvc.DLL
0x000007fefcb80000 - 0x000007fefcb98000 	C:\Windows\system32\CRYPTSP.dll
0x000007fefc690000 - 0x000007fefc6d7000 	C:\Windows\system32\rsaenh.dll
0x000007fefd370000 - 0x000007fefd38e000 	C:\Windows\system32\USERENV.dll
0x000007fefd030000 - 0x000007fefd03f000 	C:\Windows\system32\CRYPTBASE.dll
0x000007fefcfd0000 - 0x000007fefd027000 	C:\Windows\system32\apphelp.dll
0x000000005aad0000 - 0x000000005aadd000 	C:\Program Files\Java\jdk1.8.0_60\jre\bin\management.dll

VM Arguments:
jvm_args: -XX:MaxPermSize=256m -XX:+HeapDumpOnOutOfMemoryError -Xmx1024m -Dfile.encoding=windows-1252 -Duser.country=ES -Duser.language=es -Duser.variant 
java_command: org.gradle.launcher.daemon.bootstrap.GradleDaemon 2.8
java_class_path (initial): C:\Program Files\Android\Android Studio\gradle\gradle-2.8\lib\gradle-launcher-2.8.jar
Launcher Type: SUN_STANDARD

Environment Variables:
JAVA_HOME=C:\Program Files\Java\jdk1.8.0_92
JRE_HOME=C:\Program Files\Java\jre1.8.0_92
PATH=C:\Program Files\Common Files\Microsoft Shared\Windows Live;C:\Program Files (x86)\Common Files\Microsoft Shared\Windows Live;C:\ProgramData\Oracle\Java\javapath;C:\Windows\system32;C:\Windows;C:\Windows\System32\Wbem;C:\Windows\System32\WindowsPowerShell\v1.0\;C:\Program Files (x86)\Windows Live\Shared;C:\Program Files (x86)\Skype\Phone\;C:\Program Files\Java\jdk1.8.0_60\bin;C:\Program Files\Mercurial; C:\Program Files\Java\jdk1.8.0_60\bin
USERNAME=Agustin
OS=Windows_NT
PROCESSOR_IDENTIFIER=Intel64 Family 6 Model 42 Stepping 7, GenuineIntel



---------------  S Y S T E M  ---------------

OS: Windows 7 , 64 bit Build 7601 (6.1.7601.23418)

CPU:total 4 (2 cores per cpu, 2 threads per core) family 6 model 42 stepping 7, cmov, cx8, fxsr, mmx, sse, sse2, sse3, ssse3, sse4.1, sse4.2, popcnt, avx, clmul, ht, tsc, tscinvbit

Memory: 4k page, physical 4127088k(56232k free), swap 4189440k(138960k free)

vm_info: Java HotSpot(TM) 64-Bit Server VM (25.60-b23) for windows-amd64 JRE (1.8.0_60-b27), built on Aug  4 2015 11:06:27 by "java_re" with MS VC++ 10.0 (VS2010)

time: Mon Jun 06 08:21:32 2016
elapsed time: 100 seconds (0d 0h 1m 40s)

