#
# There is insufficient memory for the Java Runtime Environment to continue.
# Native memory allocation (malloc) failed to allocate 1692256 bytes for Chunk::new
# Possible reasons:
#   The system is out of physical RAM or swap space
#   In 32 bit mode, the process size limit was hit
# Possible solutions:
#   Reduce memory load on the system
#   Increase physical memory or swap space
#   Check if swap backing store is full
#   Use 64 bit Java on a 64 bit OS
#   Decrease Java heap size (-Xmx/-Xms)
#   Decrease number of Java threads
#   Decrease Java thread stack sizes (-Xss)
#   Set larger code cache with -XX:ReservedCodeCacheSize=
# This output file may be truncated or incomplete.
#
#  Out of Memory Error (allocation.cpp:390), pid=5832, tid=5344
#
# JRE version: Java(TM) SE Runtime Environment (8.0_60-b27) (build 1.8.0_60-b27)
# Java VM: Java HotSpot(TM) 64-Bit Server VM (25.60-b23 mixed mode windows-amd64 compressed oops)
# Failed to write core dump. Minidumps are not enabled by default on client versions of Windows
#

---------------  T H R E A D  ---------------

Current thread (0x0000000054c15000):  JavaThread "C2 CompilerThread0" daemon [_thread_in_native, id=5344, stack(0x0000000056520000,0x0000000056620000)]

Stack: [0x0000000056520000,0x0000000056620000]
[error occurred during error reporting (printing stack bounds), id 0xc0000005]

Native frames: (J=compiled Java code, j=interpreted, Vv=VM code, C=native code)


Current CompileTask:
C2:   3342 1481   !   4       java.net.URLClassLoader$1::run (63 bytes)


---------------  P R O C E S S  ---------------

Java Threads: ( => current thread )
  0x0000000058054000 JavaThread "Stdin handler" [_thread_blocked, id=3756, stack(0x0000000059180000,0x0000000059280000)]
  0x0000000058043800 JavaThread "Daemon worker" [_thread_in_native, id=3124, stack(0x00000000592c0000,0x00000000593c0000)]
  0x000000005805b800 JavaThread "Cancel handler" [_thread_blocked, id=1668, stack(0x0000000059050000,0x0000000059150000)]
  0x0000000057ff7800 JavaThread "Handler for socket connection from /127.0.0.1:63008 to /127.0.0.1:63010" [_thread_in_native, id=6604, stack(0x0000000058ec0000,0x0000000058fc0000)]
  0x0000000057ff1000 JavaThread "Daemon" [_thread_blocked, id=6256, stack(0x00000000578f0000,0x00000000579f0000)]
  0x0000000057ebb000 JavaThread "Incoming local TCP Connector on port 63008" [_thread_in_native, id=2796, stack(0x0000000056c50000,0x0000000056d50000)]
  0x000000005664a000 JavaThread "Service Thread" daemon [_thread_blocked, id=6172, stack(0x0000000056d50000,0x0000000056e50000)]
  0x0000000056624800 JavaThread "C1 CompilerThread2" daemon [_thread_blocked, id=3936, stack(0x0000000056420000,0x0000000056520000)]
  0x0000000054c18800 JavaThread "C2 CompilerThread1" daemon [_thread_in_native, id=6932, stack(0x0000000056a90000,0x0000000056b90000)]
=>0x0000000054c15000 JavaThread "C2 CompilerThread0" daemon [_thread_in_native, id=5344, stack(0x0000000056520000,0x0000000056620000)]
  0x0000000054c1e800 JavaThread "Attach Listener" daemon [_thread_blocked, id=3112, stack(0x00000000562d0000,0x00000000563d0000)]
  0x0000000054c1d000 JavaThread "Signal Dispatcher" daemon [_thread_blocked, id=3116, stack(0x0000000056110000,0x0000000056210000)]
  0x0000000054bb8000 JavaThread "Finalizer" daemon [_thread_blocked, id=3120, stack(0x0000000055f50000,0x0000000056050000)]
  0x0000000054bb1000 JavaThread "Reference Handler" daemon [_thread_blocked, id=3352, stack(0x0000000055d60000,0x0000000055e60000)]
  0x0000000001d1f000 JavaThread "main" [_thread_blocked, id=5292, stack(0x0000000001f50000,0x0000000002050000)]

Other Threads:
  0x0000000054bab800 VMThread [stack: 0x0000000055bd0000,0x0000000055cd0000] [id=6252]
  0x00000000566bb800 WatcherThread [stack: 0x0000000056f40000,0x0000000057040000] [id=3096]

VM state:not at safepoint (normal execution)

VM Mutex/Monitor currently owned by a thread: None

Heap:
 PSYoungGen      total 18944K, used 15906K [0x00000000eab00000, 0x00000000ed000000, 0x0000000100000000)
  eden space 16384K, 81% used [0x00000000eab00000,0x00000000eb810a48,0x00000000ebb00000)
  from space 2560K, 98% used [0x00000000ebd80000,0x00000000ebff8020,0x00000000ec000000)
  to   space 2560K, 0% used [0x00000000ebb00000,0x00000000ebb00000,0x00000000ebd80000)
 ParOldGen       total 44032K, used 5137K [0x00000000c0000000, 0x00000000c2b00000, 0x00000000eab00000)
  object space 44032K, 11% used [0x00000000c0000000,0x00000000c0504630,0x00000000c2b00000)
 Metaspace       used 16550K, capacity 16876K, committed 16896K, reserved 1064960K
  class space    used 2205K, capacity 2299K, committed 2304K, reserved 1048576K

Card table byte_map: [0x00000000116e0000,0x00000000118f0000] byte_map_base: 0x00000000110e0000

Marking Bits: (ParMarkBitMap*) 0x000000007182a5b0
 Begin Bits: [0x0000000012020000, 0x0000000013020000)
 End Bits:   [0x0000000013020000, 0x0000000014020000)

Polling page: 0x0000000000210000

CodeCache: size=245760Kb used=4857Kb max_used=4857Kb free=240902Kb
 bounds [0x0000000002320000, 0x00000000027f0000, 0x0000000011320000]
 total_blobs=1851 nmethods=1479 adapters=284
 compilation: enabled

Compilation events (10 events):
Event: 3.214 Thread 0x0000000054c18800 1477       4       java.lang.String::endsWith (17 bytes)
Event: 3.216 Thread 0x0000000054c18800 nmethod 1477 0x00000000027db090 code [0x00000000027db1e0, 0x00000000027db2f8]
Event: 3.217 Thread 0x0000000056624800 1478       3       java.io.ExpiringCache::entryFor (57 bytes)
Event: 3.217 Thread 0x0000000056624800 nmethod 1478 0x00000000027da7d0 code [0x00000000027da960, 0x00000000027dae98]
Event: 3.220 Thread 0x0000000054c18800 1479   !   4       java.net.URLClassLoader::findClass (47 bytes)
Event: 3.223 Thread 0x0000000054c18800 nmethod 1479 0x00000000027df010 code [0x00000000027df1a0, 0x00000000027df378]
Event: 3.224 Thread 0x0000000054c18800 1480       4       java.net.URLClassLoader$1::run (5 bytes)
Event: 3.232 Thread 0x0000000054c15000 1481   !   4       java.net.URLClassLoader$1::run (63 bytes)
Event: 3.332 Thread 0x0000000056624800 1483   !   3       sun.misc.URLClassPath$JarLoader::getResource (349 bytes)
Event: 3.336 Thread 0x0000000056624800 nmethod 1483 0x00000000027df550 code [0x00000000027df9a0, 0x00000000027e1a48]

GC Heap History (8 events):
Event: 0.867 GC heap before
{Heap before GC invocations=1 (full 0):
 PSYoungGen      total 18944K, used 16384K [0x00000000eab00000, 0x00000000ec000000, 0x0000000100000000)
  eden space 16384K, 100% used [0x00000000eab00000,0x00000000ebb00000,0x00000000ebb00000)
  from space 2560K, 0% used [0x00000000ebd80000,0x00000000ebd80000,0x00000000ec000000)
  to   space 2560K, 0% used [0x00000000ebb00000,0x00000000ebb00000,0x00000000ebd80000)
 ParOldGen       total 44032K, used 0K [0x00000000c0000000, 0x00000000c2b00000, 0x00000000eab00000)
  object space 44032K, 0% used [0x00000000c0000000,0x00000000c0000000,0x00000000c2b00000)
 Metaspace       used 5772K, capacity 6084K, committed 6272K, reserved 1056768K
  class space    used 735K, capacity 796K, committed 896K, reserved 1048576K
Event: 0.872 GC heap after
Heap after GC invocations=1 (full 0):
 PSYoungGen      total 18944K, used 2546K [0x00000000eab00000, 0x00000000ec000000, 0x0000000100000000)
  eden space 16384K, 0% used [0x00000000eab00000,0x00000000eab00000,0x00000000ebb00000)
  from space 2560K, 99% used [0x00000000ebb00000,0x00000000ebd7cae8,0x00000000ebd80000)
  to   space 2560K, 0% used [0x00000000ebd80000,0x00000000ebd80000,0x00000000ec000000)
 ParOldGen       total 44032K, used 349K [0x00000000c0000000, 0x00000000c2b00000, 0x00000000eab00000)
  object space 44032K, 0% used [0x00000000c0000000,0x00000000c0057778,0x00000000c2b00000)
 Metaspace       used 5772K, capacity 6084K, committed 6272K, reserved 1056768K
  class space    used 735K, capacity 796K, committed 896K, reserved 1048576K
}
Event: 1.221 GC heap before
{Heap before GC invocations=2 (full 0):
 PSYoungGen      total 18944K, used 18930K [0x00000000eab00000, 0x00000000ec000000, 0x0000000100000000)
  eden space 16384K, 100% used [0x00000000eab00000,0x00000000ebb00000,0x00000000ebb00000)
  from space 2560K, 99% used [0x00000000ebb00000,0x00000000ebd7cae8,0x00000000ebd80000)
  to   space 2560K, 0% used [0x00000000ebd80000,0x00000000ebd80000,0x00000000ec000000)
 ParOldGen       total 44032K, used 349K [0x00000000c0000000, 0x00000000c2b00000, 0x00000000eab00000)
  object space 44032K, 0% used [0x00000000c0000000,0x00000000c0057778,0x00000000c2b00000)
 Metaspace       used 6862K, capacity 7022K, committed 7168K, reserved 1056768K
  class space    used 878K, capacity 934K, committed 1024K, reserved 1048576K
Event: 1.226 GC heap after
Heap after GC invocations=2 (full 0):
 PSYoungGen      total 18944K, used 2532K [0x00000000eab00000, 0x00000000ec000000, 0x0000000100000000)
  eden space 16384K, 0% used [0x00000000eab00000,0x00000000eab00000,0x00000000ebb00000)
  from space 2560K, 98% used [0x00000000ebd80000,0x00000000ebff9310,0x00000000ec000000)
  to   space 2560K, 0% used [0x00000000ebb00000,0x00000000ebb00000,0x00000000ebd80000)
 ParOldGen       total 44032K, used 614K [0x00000000c0000000, 0x00000000c2b00000, 0x00000000eab00000)
  object space 44032K, 1% used [0x00000000c0000000,0x00000000c0099ba0,0x00000000c2b00000)
 Metaspace       used 6862K, capacity 7022K, committed 7168K, reserved 1056768K
  class space    used 878K, capacity 934K, committed 1024K, reserved 1048576K
}
Event: 2.455 GC heap before
{Heap before GC invocations=3 (full 0):
 PSYoungGen      total 18944K, used 18916K [0x00000000eab00000, 0x00000000ec000000, 0x0000000100000000)
  eden space 16384K, 100% used [0x00000000eab00000,0x00000000ebb00000,0x00000000ebb00000)
  from space 2560K, 98% used [0x00000000ebd80000,0x00000000ebff9310,0x00000000ec000000)
  to   space 2560K, 0% used [0x00000000ebb00000,0x00000000ebb00000,0x00000000ebd80000)
 ParOldGen       total 44032K, used 614K [0x00000000c0000000, 0x00000000c2b00000, 0x00000000eab00000)
  object space 44032K, 1% used [0x00000000c0000000,0x00000000c0099ba0,0x00000000c2b00000)
 Metaspace       used 11106K, capacity 11500K, committed 11648K, reserved 1058816K
  class space    used 1471K, capacity 1595K, committed 1664K, reserved 1048576K
Event: 2.461 GC heap after
Heap after GC invocations=3 (full 0):
 PSYoungGen      total 18944K, used 2544K [0x00000000eab00000, 0x00000000ec000000, 0x0000000100000000)
  eden space 16384K, 0% used [0x00000000eab00000,0x00000000eab00000,0x00000000ebb00000)
  from space 2560K, 99% used [0x00000000ebb00000,0x00000000ebd7c010,0x00000000ebd80000)
  to   space 2560K, 0% used [0x00000000ebd80000,0x00000000ebd80000,0x00000000ec000000)
 ParOldGen       total 44032K, used 2448K [0x00000000c0000000, 0x00000000c2b00000, 0x00000000eab00000)
  object space 44032K, 5% used [0x00000000c0000000,0x00000000c0264340,0x00000000c2b00000)
 Metaspace       used 11106K, capacity 11500K, committed 11648K, reserved 1058816K
  class space    used 1471K, capacity 1595K, committed 1664K, reserved 1048576K
}
Event: 2.824 GC heap before
{Heap before GC invocations=4 (full 0):
 PSYoungGen      total 18944K, used 18928K [0x00000000eab00000, 0x00000000ec000000, 0x0000000100000000)
  eden space 16384K, 100% used [0x00000000eab00000,0x00000000ebb00000,0x00000000ebb00000)
  from space 2560K, 99% used [0x00000000ebb00000,0x00000000ebd7c010,0x00000000ebd80000)
  to   space 2560K, 0% used [0x00000000ebd80000,0x00000000ebd80000,0x00000000ec000000)
 ParOldGen       total 44032K, used 2448K [0x00000000c0000000, 0x00000000c2b00000, 0x00000000eab00000)
  object space 44032K, 5% used [0x00000000c0000000,0x00000000c0264340,0x00000000c2b00000)
 Metaspace       used 13439K, capacity 13804K, committed 13952K, reserved 1060864K
  class space    used 1775K, capacity 1915K, committed 1920K, reserved 1048576K
Event: 2.831 GC heap after
Heap after GC invocations=4 (full 0):
 PSYoungGen      total 18944K, used 2528K [0x00000000eab00000, 0x00000000ed000000, 0x0000000100000000)
  eden space 16384K, 0% used [0x00000000eab00000,0x00000000eab00000,0x00000000ebb00000)
  from space 2560K, 98% used [0x00000000ebd80000,0x00000000ebff8020,0x00000000ec000000)
  to   space 2560K, 0% used [0x00000000ebb00000,0x00000000ebb00000,0x00000000ebd80000)
 ParOldGen       total 44032K, used 5137K [0x00000000c0000000, 0x00000000c2b00000, 0x00000000eab00000)
  object space 44032K, 11% used [0x00000000c0000000,0x00000000c0504630,0x00000000c2b00000)
 Metaspace       used 13439K, capacity 13804K, committed 13952K, reserved 1060864K
  class space    used 1775K, capacity 1915K, committed 1920K, reserved 1048576K
}

Deoptimization events (10 events):
Event: 2.382 Thread 0x0000000058043800 Uncommon trap: reason=bimorphic action=maybe_recompile pc=0x000000000257b894 method=java.util.HashMap.putVal(ILjava/lang/Object;Ljava/lang/Object;ZZ)Ljava/lang/Object; @ 253
Event: 2.382 Thread 0x0000000058043800 Uncommon trap: reason=bimorphic action=maybe_recompile pc=0x000000000257dd64 method=java.util.HashMap.putVal(ILjava/lang/Object;Ljava/lang/Object;ZZ)Ljava/lang/Object; @ 253
Event: 2.560 Thread 0x0000000058043800 Uncommon trap: reason=class_check action=maybe_recompile pc=0x00000000025abeb0 method=java.util.HashMap.putVal(ILjava/lang/Object;Ljava/lang/Object;ZZ)Ljava/lang/Object; @ 203
Event: 2.560 Thread 0x0000000058043800 Uncommon trap: reason=class_check action=maybe_recompile pc=0x00000000025abeb0 method=java.util.HashMap.putVal(ILjava/lang/Object;Ljava/lang/Object;ZZ)Ljava/lang/Object; @ 203
Event: 2.560 Thread 0x0000000058043800 Uncommon trap: reason=class_check action=maybe_recompile pc=0x00000000025abeb0 method=java.util.HashMap.putVal(ILjava/lang/Object;Ljava/lang/Object;ZZ)Ljava/lang/Object; @ 203
Event: 2.560 Thread 0x0000000058043800 Uncommon trap: reason=bimorphic action=maybe_recompile pc=0x0000000002730184 method=java.util.HashMap.putVal(ILjava/lang/Object;Ljava/lang/Object;ZZ)Ljava/lang/Object; @ 203
Event: 3.027 Thread 0x0000000058043800 Uncommon trap: reason=unstable_if action=reinterpret pc=0x00000000025b9c00 method=java.util.HashMap.getNode(ILjava/lang/Object;)Ljava/util/HashMap$Node; @ 129
Event: 3.027 Thread 0x0000000058043800 Uncommon trap: reason=bimorphic action=maybe_recompile pc=0x0000000002730184 method=java.util.HashMap.putVal(ILjava/lang/Object;Ljava/lang/Object;ZZ)Ljava/lang/Object; @ 203
Event: 3.027 Thread 0x0000000058043800 Uncommon trap: reason=unstable_if action=reinterpret pc=0x00000000025a7f68 method=java.util.HashMap.getNode(ILjava/lang/Object;)Ljava/util/HashMap$Node; @ 129
Event: 3.028 Thread 0x0000000058043800 Uncommon trap: reason=bimorphic action=maybe_recompile pc=0x0000000002734a04 method=java.util.HashMap.putVal(ILjava/lang/Object;Ljava/lang/Object;ZZ)Ljava/lang/Object; @ 203

Internal exceptions (10 events):
Event: 2.999 Thread 0x0000000058043800 Exception <a 'java/lang/ClassNotFoundException': groovy/lang/ExpandoMetaClassBeanInfo> (0x00000000eaf51b98) thrown at [C:\re\workspace\8-2-build-windows-amd64-cygwin\jdk8u60\4407\hotspot\src\share\vm\classfile\systemDictionary.cpp, line 210]
Event: 2.999 Thread 0x0000000058043800 Exception <a 'java/lang/ClassNotFoundException': groovy/lang/MetaClassImplBeanInfo> (0x00000000eaf5c3f0) thrown at [C:\re\workspace\8-2-build-windows-amd64-cygwin\jdk8u60\4407\hotspot\src\share\vm\classfile\systemDictionary.cpp, line 210]
Event: 3.000 Thread 0x0000000058043800 Exception <a 'java/lang/ClassNotFoundException': java/lang/ObjectBeanInfo> (0x00000000eaf61200) thrown at [C:\re\workspace\8-2-build-windows-amd64-cygwin\jdk8u60\4407\hotspot\src\share\vm\classfile\systemDictionary.cpp, line 210]
Event: 3.000 Thread 0x0000000058043800 Exception <a 'java/lang/ClassNotFoundException': java/lang/ObjectCustomizer> (0x00000000eaf66120) thrown at [C:\re\workspace\8-2-build-windows-amd64-cygwin\jdk8u60\4407\hotspot\src\share\vm\classfile\systemDictionary.cpp, line 210]
Event: 3.006 Thread 0x0000000058043800 Exception <a 'java/lang/ClassNotFoundException': groovy/lang/MetaClassImplCustomizer> (0x00000000eaf786d8) thrown at [C:\re\workspace\8-2-build-windows-amd64-cygwin\jdk8u60\4407\hotspot\src\share\vm\classfile\systemDictionary.cpp, line 210]
Event: 3.009 Thread 0x0000000058043800 Exception <a 'java/lang/ClassNotFoundException': groovy/lang/ExpandoMetaClassCustomizer> (0x00000000eafabff0) thrown at [C:\re\workspace\8-2-build-windows-amd64-cygwin\jdk8u60\4407\hotspot\src\share\vm\classfile\systemDictionary.cpp, line 210]
Event: 3.021 Thread 0x0000000058043800 Exception <a 'java/lang/ClassNotFoundException': org/gradle/api/internal/plugins/DefaultExtraPropertiesExtensionBeanInfo> (0x00000000eb02bf10) thrown at [C:\re\workspace\8-2-build-windows-amd64-cygwin\jdk8u60\4407\hotspot\src\share\vm\classfile\systemDictiaçº9,@
Event: 3.022 Thread 0x0000000058043800 Exception <a 'java/lang/ClassNotFoundException': groovy/lang/GroovyObjectSupportBeanInfo> (0x00000000eb037868) thrown at [C:\re\workspace\8-2-build-windows-amd64-cygwin\jdk8u60\4407\hotspot\src\share\vm\classfile\systemDictionary.cpp, line 210]
Event: 3.022 Thread 0x0000000058043800 Exception <a 'java/lang/ClassNotFoundException': groovy/lang/GroovyObjectSupportCustomizer> (0x00000000eb043528) thrown at [C:\re\workspace\8-2-build-windows-amd64-cygwin\jdk8u60\4407\hotspot\src\share\vm\classfile\systemDictionary.cpp, line 210]
Event: 3.022 Thread 0x0000000058043800 Exception <a 'java/lang/ClassNotFoundException': org/gradle/api/internal/plugins/DefaultExtraPropertiesExtensionCustomizer> (0x00000000eb0591d0) thrown at [C:\re\workspace\8-2-build-windows-amd64-cygwin\jdk8u60\4407\hotspot\src\share\vm\classfile\systemDic­9Ê Ûý@

Events (10 events):
Event: 3.338 loading class org/apache/http/auth/Credentials
Event: 3.338 loading class org/apache/http/auth/Credentials done
Event: 3.339 loading class org/gradle/api/credentials/Credentials
Event: 3.339 loading class org/gradle/api/credentials/Credentials done
Event: 3.339 loading class org/apache/http/auth/AuthScheme
Event: 3.339 loading class org/apache/http/auth/AuthScheme done
Event: 3.340 loading class org/gradle/internal/resource/transport/http/ntlm/NTLMSchemeFactory
Event: 3.340 loading class org/gradle/internal/resource/transport/http/ntlm/NTLMSchemeFactory done
Event: 3.340 loading class org/apache/http/impl/auth/NTLMEngine
Event: 3.340 loading class org/apache/http/impl/auth/NTLMEngine done


Dynamic libraries:
0x000000013f630000 - 0x000000013f667000 	C:\Program Files\Java\jdk1.8.0_60\bin\java.exe
0x0000000077520000 - 0x00000000776ca000 	C:\Windows\SYSTEM32\ntdll.dll
0x0000000077400000 - 0x000000007751f000 	C:\Windows\system32\kernel32.dll
0x000007fefd450000 - 0x000007fefd4ba000 	C:\Windows\system32\KERNELBASE.dll
0x000007feff3f0000 - 0x000007feff4cb000 	C:\Windows\system32\ADVAPI32.dll
0x000007feff350000 - 0x000007feff3ef000 	C:\Windows\system32\msvcrt.dll
0x000007fefe3b0000 - 0x000007fefe3cf000 	C:\Windows\SYSTEM32\sechost.dll
0x000007feff5e0000 - 0x000007feff70d000 	C:\Windows\system32\RPCRT4.dll
0x0000000077300000 - 0x00000000773fa000 	C:\Windows\system32\USER32.dll
0x000007feff550000 - 0x000007feff5b7000 	C:\Windows\system32\GDI32.dll
0x000007fefd6b0000 - 0x000007fefd6be000 	C:\Windows\system32\LPK.dll
0x000007fefdf40000 - 0x000007fefe00a000 	C:\Windows\system32\USP10.dll
0x000007fefb9c0000 - 0x000007fefbbb4000 	C:\Windows\WinSxS\amd64_microsoft.windows.common-controls_6595b64144ccf1df_6.0.7601.18837_none_fa3b1e3d17594757\COMCTL32.dll
0x000007feff4d0000 - 0x000007feff541000 	C:\Windows\system32\SHLWAPI.dll
0x000007fefd6c0000 - 0x000007fefd6ee000 	C:\Windows\system32\IMM32.DLL
0x000007fefd6f0000 - 0x000007fefd7f9000 	C:\Windows\system32\MSCTF.dll
0x0000000074ea0000 - 0x0000000074f72000 	C:\Program Files\Java\jdk1.8.0_60\jre\bin\msvcr100.dll
0x0000000071020000 - 0x00000000718a9000 	C:\Program Files\Java\jdk1.8.0_60\jre\bin\server\jvm.dll
0x000007fef6ff0000 - 0x000007fef6ff9000 	C:\Windows\system32\WSOCK32.dll
0x000007fefd660000 - 0x000007fefd6ad000 	C:\Windows\system32\WS2_32.dll
0x000007feff340000 - 0x000007feff348000 	C:\Windows\system32\NSI.dll
0x000007fefa040000 - 0x000007fefa07b000 	C:\Windows\system32\WINMM.dll
0x000007fefc340000 - 0x000007fefc34c000 	C:\Windows\system32\VERSION.dll
0x00000000776f0000 - 0x00000000776f7000 	C:\Windows\system32\PSAPI.DLL
0x0000000074e90000 - 0x0000000074e9f000 	C:\Program Files\Java\jdk1.8.0_60\jre\bin\verify.dll
0x0000000074e60000 - 0x0000000074e89000 	C:\Program Files\Java\jdk1.8.0_60\jre\bin\java.dll
0x0000000074e40000 - 0x0000000074e56000 	C:\Program Files\Java\jdk1.8.0_60\jre\bin\zip.dll
0x000007fefe470000 - 0x000007feff1fa000 	C:\Windows\system32\SHELL32.dll
0x000007fefe010000 - 0x000007fefe213000 	C:\Windows\system32\ole32.dll
0x000007fefd2a0000 - 0x000007fefd2af000 	C:\Windows\system32\profapi.dll
0x0000000074e20000 - 0x0000000074e3a000 	C:\Program Files\Java\jdk1.8.0_60\jre\bin\net.dll
0x000007fefca80000 - 0x000007fefcad5000 	C:\Windows\system32\mswsock.dll
0x000007fefca70000 - 0x000007fefca77000 	C:\Windows\System32\wship6.dll
0x0000000074e00000 - 0x0000000074e11000 	C:\Program Files\Java\jdk1.8.0_60\jre\bin\nio.dll
0x000007fef9c90000 - 0x000007fef9ca2000 	C:\Users\Agustin\.gradle\native\19\windows-amd64\native-platform.dll
0x000007fef95f0000 - 0x000007fef9617000 	C:\Windows\system32\IPHLPAPI.DLL
0x000007fef95b0000 - 0x000007fef95bb000 	C:\Windows\system32\WINNSI.DLL
0x000007fef91e0000 - 0x000007fef91f1000 	C:\Windows\system32\dhcpcsvc6.DLL
0x000007fef91c0000 - 0x000007fef91d8000 	C:\Windows\system32\dhcpcsvc.DLL
0x000007fefcae0000 - 0x000007fefcaf8000 	C:\Windows\system32\CRYPTSP.dll
0x000007fefc7e0000 - 0x000007fefc827000 	C:\Windows\system32\rsaenh.dll
0x000007fefd370000 - 0x000007fefd38e000 	C:\Windows\system32\USERENV.dll
0x000007fefd140000 - 0x000007fefd14f000 	C:\Windows\system32\CRYPTBASE.dll

VM Arguments:
jvm_args: -XX:MaxPermSize=256m -XX:+HeapDumpOnOutOfMemoryError -Xmx1024m -Dfile.encoding=windows-1252 -Duser.country=ES -Duser.language=es -Duser.variant 
java_command: org.gradle.launcher.daemon.bootstrap.GradleDaemon 2.8
java_class_path (initial): C:\Program Files\Android\Android Studio\gradle\gradle-2.8\lib\gradle-launcher-2.8.jar
Launcher Type: SUN_STANDARD

Environment Variables:
JAVA_HOME=C:\Program Files\Java\jdk1.8.0_92
JRE_HOME=C:\Program Files\Java\jre1.8.0_92
PATH=C:\Program Files\Common Files\Microsoft Shared\Windows Live;C:\Program Files (x86)\Common Files\Microsoft Shared\Windows Live;C:\ProgramData\Oracle\Java\javapath;C:\Windows\system32;C:\Windows;C:\Windows\System32\Wbem;C:\Windows\System32\WindowsPowerShell\v1.0\;C:\Program Files (x86)\Windows Live\Shared;C:\Program Files (x86)\Skype\Phone\;C:\Program Files\Java\jdk1.8.0_60\bin;C:\Program Files\Mercurial; C:\Program Files\Java\jdk1.8.0_60\bin
USERNAME=Agustin
OS=Windows_NT
PROCESSOR_IDENTIFIER=Intel64 Family 6 Model 42 Stepping 7, GenuineIntel



---------------  S Y S T E M  ---------------

OS: Windows 7 , 64 bit Build 7601 (6.1.7601.23418)

CPU:total 4 (2 cores per cpu, 2 threads per core) family 6 model 42 stepping 7, cmov, cx8, fxsr, mmx, sse, sse2, sse3, ssse3, sse4.1, sse4.2, popcnt, avx, clmul, ht, tsc, tscinvbit

Memory: 4k page, physical 4127088k(525460k free), swap 4202208k(5312k free)

vm_info: Java HotSpot(TM) 64-Bit Server VM (25.60-b23) for windows-amd64 JRE (1.8.0_60-b27), built on Aug  4 2015 11:06:27 by "java_re" with MS VC++ 10.0 (VS2010)

time: Sat Jun 04 17:32:34 2016
elapsed time: 3 seconds (0d 0h 0m 3s)

