#
# There is insufficient memory for the Java Runtime Environment to continue.
# Native memory allocation (malloc) failed to allocate 1909856 bytes for Chunk::new
# Possible reasons:
#   The system is out of physical RAM or swap space
#   In 32 bit mode, the process size limit was hit
# Possible solutions:
#   Reduce memory load on the system
#   Increase physical memory or swap space
#   Check if swap backing store is full
#   Use 64 bit Java on a 64 bit OS
#   Decrease Java heap size (-Xmx/-Xms)
#   Decrease number of Java threads
#   Decrease Java thread stack sizes (-Xss)
#   Set larger code cache with -XX:ReservedCodeCacheSize=
# This output file may be truncated or incomplete.
#
#  Out of Memory Error (allocation.cpp:390), pid=2364, tid=9492
#
# JRE version: Java(TM) SE Runtime Environment (8.0_60-b27) (build 1.8.0_60-b27)
# Java VM: Java HotSpot(TM) 64-Bit Server VM (25.60-b23 mixed mode windows-amd64 compressed oops)
# Failed to write core dump. Minidumps are not enabled by default on client versions of Windows
#

---------------  T H R E A D  ---------------

Current thread (0x0000000054bf2800):  JavaThread "C2 CompilerThread0" daemon [_thread_in_native, id=9492, stack(0x00000000563b0000,0x00000000564b0000)]

Stack: [0x00000000563b0000,0x00000000564b0000]
[error occurred during error reporting (printing stack bounds), id 0xc0000005]

Native frames: (J=compiled Java code, j=interpreted, Vv=VM code, C=native code)


Current CompileTask:
C2:   3808 1491   !   4       java.net.URLClassLoader$1::run (63 bytes)


---------------  P R O C E S S  ---------------

Java Threads: ( => current thread )
  0x0000000057c20000 JavaThread "Stdin handler" [_thread_blocked, id=5644, stack(0x0000000059410000,0x0000000059510000)]
  0x0000000057ce9800 JavaThread "Daemon worker" [_thread_in_vm, id=5080, stack(0x00000000591c0000,0x00000000592c0000)]
  0x0000000057ce2800 JavaThread "Cancel handler" [_thread_blocked, id=5068, stack(0x0000000057760000,0x0000000057860000)]
  0x0000000057bcd000 JavaThread "Handler for socket connection from /127.0.0.1:54701 to /127.0.0.1:54702" [_thread_in_native, id=8308, stack(0x0000000058fd0000,0x00000000590d0000)]
  0x0000000057bbd800 JavaThread "Daemon" [_thread_blocked, id=4668, stack(0x0000000058e10000,0x0000000058f10000)]
  0x0000000057eb8000 JavaThread "Incoming local TCP Connector on port 54701" [_thread_in_native, id=10412, stack(0x0000000058a50000,0x0000000058b50000)]
  0x0000000056734000 JavaThread "Service Thread" daemon [_thread_blocked, id=10704, stack(0x0000000056d00000,0x0000000056e00000)]
  0x00000000566b0800 JavaThread "C1 CompilerThread2" daemon [_thread_blocked, id=5488, stack(0x0000000056ae0000,0x0000000056be0000)]
  0x0000000054bfa000 JavaThread "C2 CompilerThread1" daemon [_thread_in_native, id=10960, stack(0x00000000565b0000,0x00000000566b0000)]
=>0x0000000054bf2800 JavaThread "C2 CompilerThread0" daemon [_thread_in_native, id=9492, stack(0x00000000563b0000,0x00000000564b0000)]
  0x0000000054bfe800 JavaThread "Attach Listener" daemon [_thread_blocked, id=9632, stack(0x0000000056280000,0x0000000056380000)]
  0x0000000054bfd800 JavaThread "Signal Dispatcher" daemon [_thread_blocked, id=5172, stack(0x00000000560d0000,0x00000000561d0000)]
  0x0000000054b98000 JavaThread "Finalizer" daemon [_thread_blocked, id=6372, stack(0x0000000055f60000,0x0000000056060000)]
  0x0000000054b91000 JavaThread "Reference Handler" daemon [_thread_blocked, id=7660, stack(0x0000000055c00000,0x0000000055d00000)]
  0x0000000001e6f000 JavaThread "main" [_thread_blocked, id=11240, stack(0x0000000001ee0000,0x0000000001fe0000)]

Other Threads:
  0x0000000054b8b800 VMThread [stack: 0x0000000055d40000,0x0000000055e40000] [id=7736]
  0x000000005673b000 WatcherThread [stack: 0x0000000056be0000,0x0000000056ce0000] [id=9876]

VM state:not at safepoint (normal execution)

VM Mutex/Monitor currently owned by a thread: None

Heap:
 PSYoungGen      total 35328K, used 25834K [0x00000000eab00000, 0x00000000ed000000, 0x0000000100000000)
  eden space 32768K, 71% used [0x00000000eab00000,0x00000000ec1bea38,0x00000000ecb00000)
  from space 2560K, 99% used [0x00000000ecd80000,0x00000000ecffc010,0x00000000ed000000)
  to   space 2560K, 0% used [0x00000000ecb00000,0x00000000ecb00000,0x00000000ecd80000)
 ParOldGen       total 44032K, used 5212K [0x00000000c0000000, 0x00000000c2b00000, 0x00000000eab00000)
  object space 44032K, 11% used [0x00000000c0000000,0x00000000c05173a0,0x00000000c2b00000)
 Metaspace       used 17995K, capacity 18312K, committed 18432K, reserved 1064960K
  class space    used 2446K, capacity 2549K, committed 2560K, reserved 1048576K

Card table byte_map: [0x0000000011720000,0x0000000011930000] byte_map_base: 0x0000000011120000

Marking Bits: (ParMarkBitMap*) 0x000000007085a5b0
 Begin Bits: [0x0000000012000000, 0x0000000013000000)
 End Bits:   [0x0000000013000000, 0x0000000014000000)

Polling page: 0x0000000000110000

CodeCache: size=245760Kb used=4966Kb max_used=4966Kb free=240793Kb
 bounds [0x0000000002360000, 0x0000000002840000, 0x0000000011360000]
 total_blobs=1879 nmethods=1501 adapters=290
 compilation: enabled

Compilation events (10 events):
Event: 3.691 Thread 0x00000000566b0800 1501       3       java.io.WinNTFileSystem::parentOrNull (171 bytes)
Event: 3.692 Thread 0x00000000566b0800 nmethod 1501 0x0000000002839e10 code [0x000000000283a040, 0x000000000283ad78]
Event: 3.716 Thread 0x00000000566b0800 1502       3       sun.security.provider.MD5::FF (33 bytes)
Event: 3.716 Thread 0x00000000566b0800 nmethod 1502 0x000000000282f8d0 code [0x000000000282fa20, 0x000000000282fb90]
Event: 3.716 Thread 0x00000000566b0800 1503       3       sun.security.provider.MD5::GG (33 bytes)
Event: 3.716 Thread 0x00000000566b0800 nmethod 1503 0x000000000283b290 code [0x000000000283b3e0, 0x000000000283b550]
Event: 3.716 Thread 0x00000000566b0800 1504       3       sun.security.provider.MD5::HH (29 bytes)
Event: 3.717 Thread 0x00000000566b0800 nmethod 1504 0x000000000283b5d0 code [0x000000000283b720, 0x000000000283b890]
Event: 3.717 Thread 0x00000000566b0800 1505       3       sun.security.provider.MD5::II (31 bytes)
Event: 3.717 Thread 0x00000000566b0800 nmethod 1505 0x000000000283b910 code [0x000000000283ba60, 0x000000000283bbd0]

GC Heap History (8 events):
Event: 0.871 GC heap before
{Heap before GC invocations=1 (full 0):
 PSYoungGen      total 18944K, used 16384K [0x00000000eab00000, 0x00000000ec000000, 0x0000000100000000)
  eden space 16384K, 100% used [0x00000000eab00000,0x00000000ebb00000,0x00000000ebb00000)
  from space 2560K, 0% used [0x00000000ebd80000,0x00000000ebd80000,0x00000000ec000000)
  to   space 2560K, 0% used [0x00000000ebb00000,0x00000000ebb00000,0x00000000ebd80000)
 ParOldGen       total 44032K, used 0K [0x00000000c0000000, 0x00000000c2b00000, 0x00000000eab00000)
  object space 44032K, 0% used [0x00000000c0000000,0x00000000c0000000,0x00000000c2b00000)
 Metaspace       used 5767K, capacity 6084K, committed 6272K, reserved 1056768K
  class space    used 735K, capacity 796K, committed 896K, reserved 1048576K
Event: 0.878 GC heap after
Heap after GC invocations=1 (full 0):
 PSYoungGen      total 18944K, used 2530K [0x00000000eab00000, 0x00000000ec000000, 0x0000000100000000)
  eden space 16384K, 0% used [0x00000000eab00000,0x00000000eab00000,0x00000000ebb00000)
  from space 2560K, 98% used [0x00000000ebb00000,0x00000000ebd78af8,0x00000000ebd80000)
  to   space 2560K, 0% used [0x00000000ebd80000,0x00000000ebd80000,0x00000000ec000000)
 ParOldGen       total 44032K, used 382K [0x00000000c0000000, 0x00000000c2b00000, 0x00000000eab00000)
  object space 44032K, 0% used [0x00000000c0000000,0x00000000c005f8d0,0x00000000c2b00000)
 Metaspace       used 5767K, capacity 6084K, committed 6272K, reserved 1056768K
  class space    used 735K, capacity 796K, committed 896K, reserved 1048576K
}
Event: 1.222 GC heap before
{Heap before GC invocations=2 (full 0):
 PSYoungGen      total 18944K, used 18914K [0x00000000eab00000, 0x00000000ec000000, 0x0000000100000000)
  eden space 16384K, 100% used [0x00000000eab00000,0x00000000ebb00000,0x00000000ebb00000)
  from space 2560K, 98% used [0x00000000ebb00000,0x00000000ebd78af8,0x00000000ebd80000)
  to   space 2560K, 0% used [0x00000000ebd80000,0x00000000ebd80000,0x00000000ec000000)
 ParOldGen       total 44032K, used 382K [0x00000000c0000000, 0x00000000c2b00000, 0x00000000eab00000)
  object space 44032K, 0% used [0x00000000c0000000,0x00000000c005f8d0,0x00000000c2b00000)
 Metaspace       used 6860K, capacity 7022K, committed 7168K, reserved 1056768K
  class space    used 878K, capacity 934K, committed 1024K, reserved 1048576K
Event: 1.230 GC heap after
Heap after GC invocations=2 (full 0):
 PSYoungGen      total 18944K, used 2545K [0x00000000eab00000, 0x00000000ed000000, 0x0000000100000000)
  eden space 16384K, 0% used [0x00000000eab00000,0x00000000eab00000,0x00000000ebb00000)
  from space 2560K, 99% used [0x00000000ebd80000,0x00000000ebffc5a8,0x00000000ec000000)
  to   space 2560K, 0% used [0x00000000ebb00000,0x00000000ebb00000,0x00000000ebd80000)
 ParOldGen       total 44032K, used 569K [0x00000000c0000000, 0x00000000c2b00000, 0x00000000eab00000)
  object space 44032K, 1% used [0x00000000c0000000,0x00000000c008e698,0x00000000c2b00000)
 Metaspace       used 6860K, capacity 7022K, committed 7168K, reserved 1056768K
  class space    used 878K, capacity 934K, committed 1024K, reserved 1048576K
}
Event: 2.315 GC heap before
{Heap before GC invocations=3 (full 0):
 PSYoungGen      total 18944K, used 18929K [0x00000000eab00000, 0x00000000ed000000, 0x0000000100000000)
  eden space 16384K, 100% used [0x00000000eab00000,0x00000000ebb00000,0x00000000ebb00000)
  from space 2560K, 99% used [0x00000000ebd80000,0x00000000ebffc5a8,0x00000000ec000000)
  to   space 2560K, 0% used [0x00000000ebb00000,0x00000000ebb00000,0x00000000ebd80000)
 ParOldGen       total 44032K, used 569K [0x00000000c0000000, 0x00000000c2b00000, 0x00000000eab00000)
  object space 44032K, 1% used [0x00000000c0000000,0x00000000c008e698,0x00000000c2b00000)
 Metaspace       used 11082K, capacity 11464K, committed 11648K, reserved 1058816K
  class space    used 1473K, capacity 1589K, committed 1664K, reserved 1048576K
Event: 2.334 GC heap after
Heap after GC invocations=3 (full 0):
 PSYoungGen      total 18944K, used 2544K [0x00000000eab00000, 0x00000000ed000000, 0x0000000100000000)
  eden space 16384K, 0% used [0x00000000eab00000,0x00000000eab00000,0x00000000ebb00000)
  from space 2560K, 99% used [0x00000000ebb00000,0x00000000ebd7c010,0x00000000ebd80000)
  to   space 2560K, 0% used [0x00000000ecd80000,0x00000000ecd80000,0x00000000ed000000)
 ParOldGen       total 44032K, used 2448K [0x00000000c0000000, 0x00000000c2b00000, 0x00000000eab00000)
  object space 44032K, 5% used [0x00000000c0000000,0x00000000c0264210,0x00000000c2b00000)
 Metaspace       used 11082K, capacity 11464K, committed 11648K, reserved 1058816K
  class space    used 1473K, capacity 1589K, committed 1664K, reserved 1048576K
}
Event: 2.762 GC heap before
{Heap before GC invocations=4 (full 0):
 PSYoungGen      total 18944K, used 18928K [0x00000000eab00000, 0x00000000ed000000, 0x0000000100000000)
  eden space 16384K, 100% used [0x00000000eab00000,0x00000000ebb00000,0x00000000ebb00000)
  from space 2560K, 99% used [0x00000000ebb00000,0x00000000ebd7c010,0x00000000ebd80000)
  to   space 2560K, 0% used [0x00000000ecd80000,0x00000000ecd80000,0x00000000ed000000)
 ParOldGen       total 44032K, used 2448K [0x00000000c0000000, 0x00000000c2b00000, 0x00000000eab00000)
  object space 44032K, 5% used [0x00000000c0000000,0x00000000c0264210,0x00000000c2b00000)
 Metaspace       used 13596K, capacity 13960K, committed 14208K, reserved 1060864K
  class space    used 1786K, capacity 1909K, committed 1920K, reserved 1048576K
Event: 2.790 GC heap after
Heap after GC invocations=4 (full 0):
 PSYoungGen      total 35328K, used 2544K [0x00000000eab00000, 0x00000000ed000000, 0x0000000100000000)
  eden space 32768K, 0% used [0x00000000eab00000,0x00000000eab00000,0x00000000ecb00000)
  from space 2560K, 99% used [0x00000000ecd80000,0x00000000ecffc010,0x00000000ed000000)
  to   space 2560K, 0% used [0x00000000ecb00000,0x00000000ecb00000,0x00000000ecd80000)
 ParOldGen       total 44032K, used 5212K [0x00000000c0000000, 0x00000000c2b00000, 0x00000000eab00000)
  object space 44032K, 11% used [0x00000000c0000000,0x00000000c05173a0,0x00000000c2b00000)
 Metaspace       used 13596K, capacity 13960K, committed 14208K, reserved 1060864K
  class space    used 1786K, capacity 1909K, committed 1920K, reserved 1048576K
}

Deoptimization events (10 events):
Event: 2.443 Thread 0x0000000057ce9800 Uncommon trap: reason=bimorphic action=maybe_recompile pc=0x0000000002763404 method=java.util.HashMap.putVal(ILjava/lang/Object;Ljava/lang/Object;ZZ)Ljava/lang/Object; @ 203
Event: 2.889 Thread 0x0000000057ce9800 Uncommon trap: reason=unstable_if action=reinterpret pc=0x00000000026175c0 method=java.util.HashMap.getNode(ILjava/lang/Object;)Ljava/util/HashMap$Node; @ 129
Event: 2.889 Thread 0x0000000057ce9800 Uncommon trap: reason=bimorphic action=maybe_recompile pc=0x000000000275d34c method=java.util.HashMap.putVal(ILjava/lang/Object;Ljava/lang/Object;ZZ)Ljava/lang/Object; @ 203
Event: 2.889 Thread 0x0000000057ce9800 Uncommon trap: reason=unstable_if action=reinterpret pc=0x00000000025edaa8 method=java.util.HashMap.getNode(ILjava/lang/Object;)Ljava/util/HashMap$Node; @ 129
Event: 3.418 Thread 0x0000000057ce9800 Uncommon trap: reason=class_check action=maybe_recompile pc=0x00000000028040e4 method=org.gradle.internal.service.DefaultServiceRegistry$SingletonService.getService(Lorg/gradle/internal/service/DefaultServiceRegistry$LookupContext;Lorg/gradle/internal/serv.∏ö{X@
Event: 3.418 Thread 0x0000000057ce9800 Uncommon trap: reason=class_check action=maybe_recompile pc=0x00000000028040e4 method=org.gradle.internal.service.DefaultServiceRegistry$SingletonService.getService(Lorg/gradle/internal/service/DefaultServiceRegistry$LookupContext;Lorg/gradle/internal/serv®µ~ŸçX@
Event: 3.418 Thread 0x0000000057ce9800 Uncommon trap: reason=class_check action=maybe_recompile pc=0x00000000028040e4 method=org.gradle.internal.service.DefaultServiceRegistry$SingletonService.getService(Lorg/gradle/internal/service/DefaultServiceRegistry$LookupContext;Lorg/gradle/internal/serv#˛¡ùX@
Event: 3.418 Thread 0x0000000057ce9800 Uncommon trap: reason=class_check action=maybe_recompile pc=0x00000000028040e4 method=org.gradle.internal.service.DefaultServiceRegistry$SingletonService.getService(Lorg/gradle/internal/service/DefaultServiceRegistry$LookupContext;Lorg/gradle/internal/servT˙tóMk@
Event: 3.552 Thread 0x0000000057ce9800 Uncommon trap: reason=unstable_if action=reinterpret pc=0x00000000025fcd90 method=java.lang.AbstractStringBuilder.append(Ljava/lang/String;)Ljava/lang/AbstractStringBuilder; @ 1
Event: 3.553 Thread 0x0000000057ce9800 Uncommon trap: reason=unstable_if action=reinterpret pc=0x00000000025d9568 method=java.lang.AbstractStringBuilder.append(Ljava/lang/String;)Ljava/lang/AbstractStringBuilder; @ 1

Internal exceptions (10 events):
Event: 2.986 Thread 0x0000000057ce9800 Exception <a 'java/lang/ClassNotFoundException': java/lang/ObjectBeanInfo> (0x00000000eaec8130) thrown at [C:\re\workspace\8-2-build-windows-amd64-cygwin\jdk8u60\4407\hotspot\src\share\vm\classfile\systemDictionary.cpp, line 210]
Event: 2.987 Thread 0x0000000057ce9800 Exception <a 'java/lang/ClassNotFoundException': java/lang/ObjectCustomizer> (0x00000000eaecd050) thrown at [C:\re\workspace\8-2-build-windows-amd64-cygwin\jdk8u60\4407\hotspot\src\share\vm\classfile\systemDictionary.cpp, line 210]
Event: 2.996 Thread 0x0000000057ce9800 Exception <a 'java/lang/ClassNotFoundException': groovy/lang/MetaClassImplCustomizer> (0x00000000eaedf608) thrown at [C:\re\workspace\8-2-build-windows-amd64-cygwin\jdk8u60\4407\hotspot\src\share\vm\classfile\systemDictionary.cpp, line 210]
Event: 3.000 Thread 0x0000000057ce9800 Exception <a 'java/lang/ClassNotFoundException': groovy/lang/ExpandoMetaClassCustomizer> (0x00000000eaf130c0) thrown at [C:\re\workspace\8-2-build-windows-amd64-cygwin\jdk8u60\4407\hotspot\src\share\vm\classfile\systemDictionary.cpp, line 210]
Event: 3.015 Thread 0x0000000057ce9800 Exception <a 'java/lang/ClassNotFoundException': org/gradle/api/internal/plugins/DefaultExtraPropertiesExtensionBeanInfo> (0x00000000eaf92da0) thrown at [C:\re\workspace\8-2-build-windows-amd64-cygwin\jdk8u60\4407\hotspot\src\share\vm\classfile\systemDicti≥™À:û@
Event: 3.015 Thread 0x0000000057ce9800 Exception <a 'java/lang/ClassNotFoundException': groovy/lang/GroovyObjectSupportBeanInfo> (0x00000000eaf9e6f8) thrown at [C:\re\workspace\8-2-build-windows-amd64-cygwin\jdk8u60\4407\hotspot\src\share\vm\classfile\systemDictionary.cpp, line 210]
Event: 3.016 Thread 0x0000000057ce9800 Exception <a 'java/lang/ClassNotFoundException': groovy/lang/GroovyObjectSupportCustomizer> (0x00000000eafaa3b8) thrown at [C:\re\workspace\8-2-build-windows-amd64-cygwin\jdk8u60\4407\hotspot\src\share\vm\classfile\systemDictionary.cpp, line 210]
Event: 3.016 Thread 0x0000000057ce9800 Exception <a 'java/lang/ClassNotFoundException': org/gradle/api/internal/plugins/DefaultExtraPropertiesExtensionCustomizer> (0x00000000eafbfff8) thrown at [C:\re\workspace\8-2-build-windows-amd64-cygwin\jdk8u60\4407\hotspot\src\share\vm\classfile\systemDic≠¶1mAk@
Event: 3.552 Thread 0x0000000057ce9800 Implicit null exception at 0x00000000025fca46 to 0x00000000025fcd79
Event: 3.553 Thread 0x0000000057ce9800 Implicit null exception at 0x00000000025d9209 to 0x00000000025d9551

Events (10 events):
Event: 3.799 loading class com/google/common/collect/SortedMultisetBridge
Event: 3.799 loading class com/google/common/collect/SortedMultisetBridge done
Event: 3.800 loading class com/google/common/collect/SortedIterable
Event: 3.800 loading class com/google/common/collect/SortedIterable done
Event: 3.801 loading class com/google/common/collect/Multiset$Entry
Event: 3.801 loading class com/google/common/collect/Multiset$Entry done
Event: 3.801 loading class com/google/common/collect/Ordering
Event: 3.801 loading class com/google/common/collect/Ordering done
Event: 3.802 loading class com/google/common/collect/Multisets$5
Event: 3.802 loading class com/google/common/collect/Multisets$5 done


Dynamic libraries:
0x000000013f210000 - 0x000000013f247000 	C:\Program Files\Java\jdk1.8.0_60\bin\java.exe
0x0000000077770000 - 0x000000007791a000 	C:\Windows\SYSTEM32\ntdll.dll
0x0000000077650000 - 0x000000007776f000 	C:\Windows\system32\kernel32.dll
0x000007fefd680000 - 0x000007fefd6ea000 	C:\Windows\system32\KERNELBASE.dll
0x000007feff9a0000 - 0x000007feffa7b000 	C:\Windows\system32\ADVAPI32.dll
0x000007fefd950000 - 0x000007fefd9ef000 	C:\Windows\system32\msvcrt.dll
0x000007fefe140000 - 0x000007fefe15f000 	C:\Windows\SYSTEM32\sechost.dll
0x000007feff870000 - 0x000007feff99d000 	C:\Windows\system32\RPCRT4.dll
0x0000000077550000 - 0x000000007764a000 	C:\Windows\system32\USER32.dll
0x000007fefe0d0000 - 0x000007fefe137000 	C:\Windows\system32\GDI32.dll
0x000007fefe260000 - 0x000007fefe26e000 	C:\Windows\system32\LPK.dll
0x000007fefdd30000 - 0x000007fefddfa000 	C:\Windows\system32\USP10.dll
0x000007fefbde0000 - 0x000007fefbfd4000 	C:\Windows\WinSxS\amd64_microsoft.windows.common-controls_6595b64144ccf1df_6.0.7601.18837_none_fa3b1e3d17594757\COMCTL32.dll
0x000007feff590000 - 0x000007feff601000 	C:\Windows\system32\SHLWAPI.dll
0x000007feff6b0000 - 0x000007feff6de000 	C:\Windows\system32\IMM32.DLL
0x000007fefd9f0000 - 0x000007fefdaf9000 	C:\Windows\system32\MSCTF.dll
0x000000005bf00000 - 0x000000005bfd2000 	C:\Program Files\Java\jdk1.8.0_60\jre\bin\msvcr100.dll
0x0000000070050000 - 0x00000000708d9000 	C:\Program Files\Java\jdk1.8.0_60\jre\bin\server\jvm.dll
0x000007fef3ae0000 - 0x000007fef3ae9000 	C:\Windows\system32\WSOCK32.dll
0x000007fefdce0000 - 0x000007fefdd2d000 	C:\Windows\system32\WS2_32.dll
0x000007feff4a0000 - 0x000007feff4a8000 	C:\Windows\system32\NSI.dll
0x000007fefa060000 - 0x000007fefa09b000 	C:\Windows\system32\WINMM.dll
0x000007fefc3d0000 - 0x000007fefc3dc000 	C:\Windows\system32\VERSION.dll
0x0000000077940000 - 0x0000000077947000 	C:\Windows\system32\PSAPI.DLL
0x000000006a580000 - 0x000000006a58f000 	C:\Program Files\Java\jdk1.8.0_60\jre\bin\verify.dll
0x0000000068210000 - 0x0000000068239000 	C:\Program Files\Java\jdk1.8.0_60\jre\bin\java.dll
0x0000000060400000 - 0x0000000060416000 	C:\Program Files\Java\jdk1.8.0_60\jre\bin\zip.dll
0x000007fefe480000 - 0x000007feff20a000 	C:\Windows\system32\SHELL32.dll
0x000007fefe270000 - 0x000007fefe473000 	C:\Windows\system32\ole32.dll
0x000007fefd500000 - 0x000007fefd50f000 	C:\Windows\system32\profapi.dll
0x00000000603e0000 - 0x00000000603fa000 	C:\Program Files\Java\jdk1.8.0_60\jre\bin\net.dll
0x000007fefccd0000 - 0x000007fefcd25000 	C:\Windows\system32\mswsock.dll
0x000007fefccc0000 - 0x000007fefccc7000 	C:\Windows\System32\wship6.dll
0x00000000602b0000 - 0x00000000602c1000 	C:\Program Files\Java\jdk1.8.0_60\jre\bin\nio.dll
0x000007feef420000 - 0x000007feef432000 	C:\Users\Agustin\.gradle\native\19\windows-amd64\native-platform.dll
0x000007fef9700000 - 0x000007fef9727000 	C:\Windows\system32\IPHLPAPI.DLL
0x000007fef96e0000 - 0x000007fef96eb000 	C:\Windows\system32\WINNSI.DLL
0x000007fef92f0000 - 0x000007fef9301000 	C:\Windows\system32\dhcpcsvc6.DLL
0x000007fef91d0000 - 0x000007fef91e8000 	C:\Windows\system32\dhcpcsvc.DLL
0x000007fefcd30000 - 0x000007fefcd48000 	C:\Windows\system32\CRYPTSP.dll
0x000007fefca30000 - 0x000007fefca77000 	C:\Windows\system32\rsaenh.dll
0x000007fefd600000 - 0x000007fefd61e000 	C:\Windows\system32\USERENV.dll
0x000007fefd390000 - 0x000007fefd39f000 	C:\Windows\system32\CRYPTBASE.dll

VM Arguments:
jvm_args: -XX:MaxPermSize=256m -XX:+HeapDumpOnOutOfMemoryError -Xmx1024m -Dfile.encoding=windows-1252 -Duser.country=ES -Duser.language=es -Duser.variant 
java_command: org.gradle.launcher.daemon.bootstrap.GradleDaemon 2.8
java_class_path (initial): C:\Program Files\Android\Android Studio\gradle\gradle-2.8\lib\gradle-launcher-2.8.jar
Launcher Type: SUN_STANDARD

Environment Variables:
JAVA_HOME=C:\Program Files\Java\jdk1.8.0_92
JRE_HOME=C:\Program Files\Java\jre1.8.0_92
PATH=C:\Program Files\Common Files\Microsoft Shared\Windows Live;C:\Program Files (x86)\Common Files\Microsoft Shared\Windows Live;C:\ProgramData\Oracle\Java\javapath;C:\Windows\system32;C:\Windows;C:\Windows\System32\Wbem;C:\Windows\System32\WindowsPowerShell\v1.0\;C:\Program Files (x86)\Windows Live\Shared;C:\Program Files (x86)\Skype\Phone\;C:\Program Files\Java\jdk1.8.0_60\bin;C:\Program Files\Mercurial; C:\Program Files\Java\jdk1.8.0_60\bin
USERNAME=Agustin
OS=Windows_NT
PROCESSOR_IDENTIFIER=Intel64 Family 6 Model 42 Stepping 7, GenuineIntel



---------------  S Y S T E M  ---------------

OS: Windows 7 , 64 bit Build 7601 (6.1.7601.23418)

CPU:total 4 (2 cores per cpu, 2 threads per core) family 6 model 42 stepping 7, cmov, cx8, fxsr, mmx, sse, sse2, sse3, ssse3, sse4.1, sse4.2, popcnt, avx, clmul, ht, tsc, tscinvbit

Memory: 4k page, physical 4127088k(24008k free), swap 7332036k(6492k free)

vm_info: Java HotSpot(TM) 64-Bit Server VM (25.60-b23) for windows-amd64 JRE (1.8.0_60-b27), built on Aug  4 2015 11:06:27 by "java_re" with MS VC++ 10.0 (VS2010)

time: Thu May 19 13:45:29 2016
elapsed time: 3 seconds (0d 0h 0m 3s)

