#
# There is insufficient memory for the Java Runtime Environment to continue.
# Native memory allocation (malloc) failed to allocate 1063216 bytes for Chunk::new
# Possible reasons:
#   The system is out of physical RAM or swap space
#   In 32 bit mode, the process size limit was hit
# Possible solutions:
#   Reduce memory load on the system
#   Increase physical memory or swap space
#   Check if swap backing store is full
#   Use 64 bit Java on a 64 bit OS
#   Decrease Java heap size (-Xmx/-Xms)
#   Decrease number of Java threads
#   Decrease Java thread stack sizes (-Xss)
#   Set larger code cache with -XX:ReservedCodeCacheSize=
# This output file may be truncated or incomplete.
#
#  Out of Memory Error (allocation.cpp:390), pid=9376, tid=10248
#
# JRE version: Java(TM) SE Runtime Environment (8.0_60-b27) (build 1.8.0_60-b27)
# Java VM: Java HotSpot(TM) 64-Bit Server VM (25.60-b23 mixed mode windows-amd64 compressed oops)
# Failed to write core dump. Minidumps are not enabled by default on client versions of Windows
#

---------------  T H R E A D  ---------------

Current thread (0x0000000054dd2800):  JavaThread "C2 CompilerThread0" daemon [_thread_in_native, id=10248, stack(0x0000000056210000,0x0000000056310000)]

Stack: [0x0000000056210000,0x0000000056310000]
[error occurred during error reporting (printing stack bounds), id 0xc0000005]

Native frames: (J=compiled Java code, j=interpreted, Vv=VM code, C=native code)


Current CompileTask:
C2:  14040 3885   !   4       java.lang.reflect.Executable::sharedToGenericString (329 bytes)


---------------  P R O C E S S  ---------------

Java Threads: ( => current thread )
  0x000000005c982000 JavaThread "File lock request listener" [_thread_in_native, id=10660, stack(0x000000005c5d0000,0x000000005c6d0000)]
  0x0000000057fa1000 JavaThread "Stdin handler" [_thread_blocked, id=4244, stack(0x0000000059650000,0x0000000059750000)]
  0x0000000057f86000 JavaThread "Daemon worker" [_thread_in_vm, id=3356, stack(0x00000000593b0000,0x00000000594b0000)]
  0x0000000057f8f000 JavaThread "Cancel handler" [_thread_blocked, id=4952, stack(0x0000000059240000,0x0000000059340000)]
  0x0000000057e6e000 JavaThread "Handler for socket connection from /127.0.0.1:55608 to /127.0.0.1:55610" [_thread_in_native, id=3924, stack(0x0000000057950000,0x0000000057a50000)]
  0x0000000057e6b800 JavaThread "Daemon" [_thread_blocked, id=7032, stack(0x0000000058fc0000,0x00000000590c0000)]
  0x00000000581b5000 JavaThread "Incoming local TCP Connector on port 55608" [_thread_in_native, id=10904, stack(0x0000000058bd0000,0x0000000058cd0000)]
  0x0000000056934000 JavaThread "Service Thread" daemon [_thread_blocked, id=10468, stack(0x0000000056680000,0x0000000056780000)]
  0x00000000568c0800 JavaThread "C1 CompilerThread2" daemon [_thread_blocked, id=1372, stack(0x0000000056d70000,0x0000000056e70000)]
  0x0000000054dda000 JavaThread "C2 CompilerThread1" daemon [_thread_in_native, id=7432, stack(0x00000000567c0000,0x00000000568c0000)]
=>0x0000000054dd2800 JavaThread "C2 CompilerThread0" daemon [_thread_in_native, id=10248, stack(0x0000000056210000,0x0000000056310000)]
  0x0000000054dde800 JavaThread "Attach Listener" daemon [_thread_blocked, id=3532, stack(0x0000000056520000,0x0000000056620000)]
  0x0000000054ddd800 JavaThread "Signal Dispatcher" daemon [_thread_blocked, id=9032, stack(0x0000000056330000,0x0000000056430000)]
  0x0000000054d78000 JavaThread "Finalizer" daemon [_thread_blocked, id=7728, stack(0x0000000056090000,0x0000000056190000)]
  0x0000000054d71000 JavaThread "Reference Handler" daemon [_thread_blocked, id=9824, stack(0x0000000055e90000,0x0000000055f90000)]
  0x000000000042f000 JavaThread "main" [_thread_blocked, id=5440, stack(0x00000000020e0000,0x00000000021e0000)]

Other Threads:
  0x0000000054d6b800 VMThread [stack: 0x0000000055d60000,0x0000000055e60000] [id=8912]
  0x000000005694b000 WatcherThread [stack: 0x0000000057020000,0x0000000057120000] [id=11216]

VM state:not at safepoint (normal execution)

VM Mutex/Monitor currently owned by a thread: None

Heap:
 PSYoungGen      total 98304K, used 36291K [0x00000000eab00000, 0x00000000f1800000, 0x0000000100000000)
  eden space 91136K, 39% used [0x00000000eab00000,0x00000000ece70cd8,0x00000000f0400000)
  from space 7168K, 0% used [0x00000000f1100000,0x00000000f1100000,0x00000000f1800000)
  to   space 9216K, 0% used [0x00000000f0600000,0x00000000f0600000,0x00000000f0f00000)
 ParOldGen       total 61952K, used 21564K [0x00000000c0000000, 0x00000000c3c80000, 0x00000000eab00000)
  object space 61952K, 34% used [0x00000000c0000000,0x00000000c150f330,0x00000000c3c80000)
 Metaspace       used 35715K, capacity 36494K, committed 36608K, reserved 1081344K
  class space    used 4933K, capacity 5118K, committed 5120K, reserved 1048576K

Card table byte_map: [0x0000000011870000,0x0000000011a80000] byte_map_base: 0x0000000011270000

Marking Bits: (ParMarkBitMap*) 0x000000007085a5b0
 Begin Bits: [0x00000000121e0000, 0x00000000131e0000)
 End Bits:   [0x00000000131e0000, 0x00000000141e0000)

Polling page: 0x00000000000a0000

CodeCache: size=245760Kb used=14858Kb max_used=14858Kb free=230901Kb
 bounds [0x00000000024b0000, 0x0000000003340000, 0x00000000114b0000]
 total_blobs=4516 nmethods=3846 adapters=582
 compilation: enabled

Compilation events (10 events):
Event: 14.008 Thread 0x00000000568c0800 nmethod 3942 0x000000000332dfd0 code [0x000000000332e120, 0x000000000332e210]
Event: 14.008 Thread 0x00000000568c0800 3943       3       com.google.common.collect.ImmutableList::copyOf (44 bytes)
Event: 14.009 Thread 0x00000000568c0800 nmethod 3943 0x0000000003337590 code [0x00000000033377e0, 0x00000000033384c8]
Event: 14.010 Thread 0x00000000568c0800 3944       3       java.io.WinNTFileSystem::listRoots (163 bytes)
Event: 14.013 Thread 0x00000000568c0800 nmethod 3944 0x0000000003338990 code [0x0000000003338cc0, 0x000000000333aa68]
Event: 14.013 Thread 0x00000000568c0800 3945       3       java.util.LinkedList::get (14 bytes)
Event: 14.013 Thread 0x00000000568c0800 nmethod 3945 0x000000000333bd90 code [0x000000000333bf40, 0x000000000333c368]
Event: 14.023 Thread 0x00000000568c0800 3947       3       org.gradle.model.internal.registry.NodeAtState::<init> (15 bytes)
Event: 14.023 Thread 0x00000000568c0800 nmethod 3947 0x000000000333c550 code [0x000000000333c6a0, 0x000000000333c870]
Event: 14.037 Thread 0x00000000568c0800 3949       3       org.codehaus.groovy.runtime.MetaClassHelper::convertToTypeArray (42 bytes)

GC Heap History (10 events):
Event: 7.190 GC heap before
{Heap before GC invocations=8 (full 1):
 PSYoungGen      total 73216K, used 65024K [0x00000000eab00000, 0x00000000efc00000, 0x0000000100000000)
  eden space 65024K, 100% used [0x00000000eab00000,0x00000000eea80000,0x00000000eea80000)
  from space 8192K, 0% used [0x00000000ef300000,0x00000000ef300000,0x00000000efb00000)
  to   space 8704K, 0% used [0x00000000eea80000,0x00000000eea80000,0x00000000ef300000)
 ParOldGen       total 42496K, used 12296K [0x00000000c0000000, 0x00000000c2980000, 0x00000000eab00000)
  object space 42496K, 28% used [0x00000000c0000000,0x00000000c0c02368,0x00000000c2980000)
 Metaspace       used 26775K, capacity 27216K, committed 27392K, reserved 1073152K
  class space    used 3652K, capacity 3772K, committed 3840K, reserved 1048576K
Event: 7.233 GC heap after
Heap after GC invocations=8 (full 1):
 PSYoungGen      total 73728K, used 6696K [0x00000000eab00000, 0x00000000f1a00000, 0x0000000100000000)
  eden space 65024K, 0% used [0x00000000eab00000,0x00000000eab00000,0x00000000eea80000)
  from space 8704K, 76% used [0x00000000eea80000,0x00000000ef10a158,0x00000000ef300000)
  to   space 9216K, 0% used [0x00000000f1100000,0x00000000f1100000,0x00000000f1a00000)
 ParOldGen       total 42496K, used 12304K [0x00000000c0000000, 0x00000000c2980000, 0x00000000eab00000)
  object space 42496K, 28% used [0x00000000c0000000,0x00000000c0c04368,0x00000000c2980000)
 Metaspace       used 26775K, capacity 27216K, committed 27392K, reserved 1073152K
  class space    used 3652K, capacity 3772K, committed 3840K, reserved 1048576K
}
Event: 11.122 GC heap before
{Heap before GC invocations=9 (full 1):
 PSYoungGen      total 73728K, used 71720K [0x00000000eab00000, 0x00000000f1a00000, 0x0000000100000000)
  eden space 65024K, 100% used [0x00000000eab00000,0x00000000eea80000,0x00000000eea80000)
  from space 8704K, 76% used [0x00000000eea80000,0x00000000ef10a158,0x00000000ef300000)
  to   space 9216K, 0% used [0x00000000f1100000,0x00000000f1100000,0x00000000f1a00000)
 ParOldGen       total 42496K, used 12304K [0x00000000c0000000, 0x00000000c2980000, 0x00000000eab00000)
  object space 42496K, 28% used [0x00000000c0000000,0x00000000c0c04368,0x00000000c2980000)
 Metaspace       used 29523K, capacity 30098K, committed 30336K, reserved 1075200K
  class space    used 3981K, capacity 4181K, committed 4224K, reserved 1048576K
Event: 11.140 GC heap after
Heap after GC invocations=9 (full 1):
 PSYoungGen      total 98304K, used 7084K [0x00000000eab00000, 0x00000000f1800000, 0x0000000100000000)
  eden space 91136K, 0% used [0x00000000eab00000,0x00000000eab00000,0x00000000f0400000)
  from space 7168K, 98% used [0x00000000f1100000,0x00000000f17eb050,0x00000000f1800000)
  to   space 9216K, 0% used [0x00000000f0600000,0x00000000f0600000,0x00000000f0f00000)
 ParOldGen       total 42496K, used 12376K [0x00000000c0000000, 0x00000000c2980000, 0x00000000eab00000)
  object space 42496K, 29% used [0x00000000c0000000,0x00000000c0c16378,0x00000000c2980000)
 Metaspace       used 29523K, capacity 30098K, committed 30336K, reserved 1075200K
  class space    used 3981K, capacity 4181K, committed 4224K, reserved 1048576K
}
Event: 13.258 GC heap before
{Heap before GC invocations=10 (full 1):
 PSYoungGen      total 98304K, used 98220K [0x00000000eab00000, 0x00000000f1800000, 0x0000000100000000)
  eden space 91136K, 100% used [0x00000000eab00000,0x00000000f0400000,0x00000000f0400000)
  from space 7168K, 98% used [0x00000000f1100000,0x00000000f17eb050,0x00000000f1800000)
  to   space 9216K, 0% used [0x00000000f0600000,0x00000000f0600000,0x00000000f0f00000)
 ParOldGen       total 42496K, used 12376K [0x00000000c0000000, 0x00000000c2980000, 0x00000000eab00000)
  object space 42496K, 29% used [0x00000000c0000000,0x00000000c0c16378,0x00000000c2980000)
 Metaspace       used 34590K, capacity 35284K, committed 35456K, reserved 1079296K
  class space    used 4733K, capacity 4895K, committed 4992K, reserved 1048576K
Event: 13.301 GC heap after
Heap after GC invocations=10 (full 1):
 PSYoungGen      total 100352K, used 9209K [0x00000000eab00000, 0x00000000f1800000, 0x0000000100000000)
  eden space 91136K, 0% used [0x00000000eab00000,0x00000000eab00000,0x00000000f0400000)
  from space 9216K, 99% used [0x00000000f0600000,0x00000000f0efe5c0,0x00000000f0f00000)
  to   space 7168K, 0% used [0x00000000f1100000,0x00000000f1100000,0x00000000f1800000)
 ParOldGen       total 42496K, used 19597K [0x00000000c0000000, 0x00000000c2980000, 0x00000000eab00000)
  object space 42496K, 46% used [0x00000000c0000000,0x00000000c1323538,0x00000000c2980000)
 Metaspace       used 34590K, capacity 35284K, committed 35456K, reserved 1079296K
  class space    used 4733K, capacity 4895K, committed 4992K, reserved 1048576K
}
Event: 13.382 GC heap before
{Heap before GC invocations=11 (full 1):
 PSYoungGen      total 100352K, used 17027K [0x00000000eab00000, 0x00000000f1800000, 0x0000000100000000)
  eden space 91136K, 8% used [0x00000000eab00000,0x00000000eb2a2650,0x00000000f0400000)
  from space 9216K, 99% used [0x00000000f0600000,0x00000000f0efe5c0,0x00000000f0f00000)
  to   space 7168K, 0% used [0x00000000f1100000,0x00000000f1100000,0x00000000f1800000)
 ParOldGen       total 42496K, used 19597K [0x00000000c0000000, 0x00000000c2980000, 0x00000000eab00000)
  object space 42496K, 46% used [0x00000000c0000000,0x00000000c1323538,0x00000000c2980000)
 Metaspace       used 34706K, capacity 35340K, committed 35456K, reserved 1079296K
  class space    used 4767K, capacity 4935K, committed 4992K, reserved 1048576K
Event: 13.397 GC heap after
Heap after GC invocations=11 (full 1):
 PSYoungGen      total 98304K, used 7161K [0x00000000eab00000, 0x00000000f1800000, 0x0000000100000000)
  eden space 91136K, 0% used [0x00000000eab00000,0x00000000eab00000,0x00000000f0400000)
  from space 7168K, 99% used [0x00000000f1100000,0x00000000f17fe5c0,0x00000000f1800000)
  to   space 9216K, 0% used [0x00000000f0600000,0x00000000f0600000,0x00000000f0f00000)
 ParOldGen       total 42496K, used 22736K [0x00000000c0000000, 0x00000000c2980000, 0x00000000eab00000)
  object space 42496K, 53% used [0x00000000c0000000,0x00000000c1634190,0x00000000c2980000)
 Metaspace       used 34706K, capacity 35340K, committed 35456K, reserved 1079296K
  class space    used 4767K, capacity 4935K, committed 4992K, reserved 1048576K
}
Event: 13.398 GC heap before
{Heap before GC invocations=12 (full 2):
 PSYoungGen      total 98304K, used 7161K [0x00000000eab00000, 0x00000000f1800000, 0x0000000100000000)
  eden space 91136K, 0% used [0x00000000eab00000,0x00000000eab00000,0x00000000f0400000)
  from space 7168K, 99% used [0x00000000f1100000,0x00000000f17fe5c0,0x00000000f1800000)
  to   space 9216K, 0% used [0x00000000f0600000,0x00000000f0600000,0x00000000f0f00000)
 ParOldGen       total 42496K, used 22736K [0x00000000c0000000, 0x00000000c2980000, 0x00000000eab00000)
  object space 42496K, 53% used [0x00000000c0000000,0x00000000c1634190,0x00000000c2980000)
 Metaspace       used 34706K, capacity 35340K, committed 35456K, reserved 1079296K
  class space    used 4767K, capacity 4935K, committed 4992K, reserved 1048576K
Event: 13.575 GC heap after
Heap after GC invocations=12 (full 2):
 PSYoungGen      total 98304K, used 0K [0x00000000eab00000, 0x00000000f1800000, 0x0000000100000000)
  eden space 91136K, 0% used [0x00000000eab00000,0x00000000eab00000,0x00000000f0400000)
  from space 7168K, 0% used [0x00000000f1100000,0x00000000f1100000,0x00000000f1800000)
  to   space 9216K, 0% used [0x00000000f0600000,0x00000000f0600000,0x00000000f0f00000)
 ParOldGen       total 61952K, used 21564K [0x00000000c0000000, 0x00000000c3c80000, 0x00000000eab00000)
  object space 61952K, 34% used [0x00000000c0000000,0x00000000c150f330,0x00000000c3c80000)
 Metaspace       used 34706K, capacity 35340K, committed 35456K, reserved 1079296K
  class space    used 4767K, capacity 4935K, committed 4992K, reserved 1048576K
}

Deoptimization events (10 events):
Event: 12.427 Thread 0x0000000057f86000 Uncommon trap: reason=class_check action=maybe_recompile pc=0x0000000002c5bb54 method=java.util.regex.Matcher.search(I)Z @ 86
Event: 12.427 Thread 0x0000000057f86000 Uncommon trap: reason=class_check action=maybe_recompile pc=0x0000000002c5bb54 method=java.util.regex.Matcher.search(I)Z @ 86
Event: 12.427 Thread 0x0000000057f86000 Uncommon trap: reason=class_check action=maybe_recompile pc=0x0000000002c5bb54 method=java.util.regex.Matcher.search(I)Z @ 86
Event: 12.427 Thread 0x0000000057f86000 Uncommon trap: reason=class_check action=maybe_recompile pc=0x0000000002c5bb54 method=java.util.regex.Matcher.search(I)Z @ 86
Event: 12.735 Thread 0x0000000057f86000 Uncommon trap: reason=class_check action=maybe_recompile pc=0x00000000031cd344 method=groovy.lang.MetaMethod.isStatic()Z @ 1
Event: 12.735 Thread 0x0000000057f86000 Uncommon trap: reason=class_check action=maybe_recompile pc=0x00000000031cd344 method=groovy.lang.MetaMethod.isStatic()Z @ 1
Event: 12.737 Thread 0x0000000057f86000 Uncommon trap: reason=unstable_if action=reinterpret pc=0x00000000030e11a0 method=groovy.lang.MetaClassImpl.checkIfStdMethod(Lgroovy/lang/MetaMethod;)V @ 168
Event: 12.745 Thread 0x0000000057f86000 Uncommon trap: reason=unstable_if action=reinterpret pc=0x00000000031f20ec method=groovy.lang.MetaClassImpl.checkIfStdMethod(Lgroovy/lang/MetaMethod;)V @ 168
Event: 12.745 Thread 0x0000000057f86000 Uncommon trap: reason=class_check action=maybe_recompile pc=0x00000000031cd344 method=groovy.lang.MetaMethod.isStatic()Z @ 1
Event: 12.745 Thread 0x0000000057f86000 Uncommon trap: reason=class_check action=maybe_recompile pc=0x00000000031cd344 method=groovy.lang.MetaMethod.isStatic()Z @ 1

Internal exceptions (10 events):
Event: 13.986 Thread 0x0000000057f86000 Exception <a 'java/lang/ClassNotFoundException': com/android/build/gradle/tasks/NdkCompile_DecoratedBeanInfo> (0x00000000ec93b8e8) thrown at [C:\re\workspace\8-2-build-windows-amd64-cygwin\jdk8u60\4407\hotspot\src\share\vm\classfile\systemDictionary.cpp, lþ8F…2ù+@
Event: 13.987 Thread 0x0000000057f86000 Exception <a 'java/lang/ClassNotFoundException': com/android/build/gradle/tasks/NdkCompileBeanInfo> (0x00000000ec94b498) thrown at [C:\re\workspace\8-2-build-windows-amd64-cygwin\jdk8u60\4407\hotspot\src\share\vm\classfile\systemDictionary.cpp, line 210]
Event: 13.987 Thread 0x0000000057f86000 Exception <a 'java/lang/ClassNotFoundException': com/android/build/gradle/tasks/NdkCompileCustomizer> (0x00000000ec95b9f8) thrown at [C:\re\workspace\8-2-build-windows-amd64-cygwin\jdk8u60\4407\hotspot\src\share\vm\classfile\systemDictionary.cpp, line 210]Vâ®àû+@
Event: 13.990 Thread 0x0000000057f86000 Exception <a 'java/lang/ClassNotFoundException': com/android/build/gradle/tasks/NdkCompile_DecoratedCustomizer> (0x00000000ec9ce010) thrown at [C:\re\workspace\8-2-build-windows-amd64-cygwin\jdk8u60\4407\hotspot\src\share\vm\classfile\systemDictionary.cpp,mŠÅáõÿ+@
Event: 14.000 Thread 0x0000000057f86000 Exception <a 'java/lang/ClassNotFoundException': com/android/build/gradle/tasks/MergeSourceSetFolders$MergeJniLibFoldersConfigActionBeanInfo> (0x00000000ecac9480) thrown at [C:\re\workspace\8-2-build-windows-amd64-cygwin\jdk8u60\4407\hotspot\src\share\vm\cÐU&
Event: 14.000 Thread 0x0000000057f86000 Exception <a 'java/lang/ClassNotFoundException': com/android/build/gradle/tasks/MergeSourceSetFolders$MergeJniLibFoldersConfigActionCustomizer> (0x00000000ecadf858) thrown at [C:\re\workspace\8-2-build-windows-amd64-cygwin\jdk8u60\4407\hotspot\src\share\vmÿ)º_š,@
Event: 14.027 Thread 0x0000000057f86000 Exception <a 'java/lang/ClassNotFoundException': com/android/build/gradle/tasks/PackageApplication_DecoratedBeanInfo> (0x00000000ecc7ea18) thrown at [C:\re\workspace\8-2-build-windows-amd64-cygwin\jdk8u60\4407\hotspot\src\share\vm\classfile\systemDictionar
Event: 14.027 Thread 0x0000000057f86000 Exception <a 'java/lang/ClassNotFoundException': com/android/build/gradle/tasks/PackageApplicationBeanInfo> (0x00000000ecc8faf8) thrown at [C:\re\workspace\8-2-build-windows-amd64-cygwin\jdk8u60\4407\hotspot\src\share\vm\classfile\systemDictionary.cpp, lin½œO°/,@
Event: 14.028 Thread 0x0000000057f86000 Exception <a 'java/lang/ClassNotFoundException': com/android/build/gradle/tasks/PackageApplicationCustomizer> (0x00000000ecca1588) thrown at [C:\re\workspace\8-2-build-windows-amd64-cygwin\jdk8u60\4407\hotspot\src\share\vm\classfile\systemDictionary.cpp, lQ‰¼ÿØ,@
Event: 14.031 Thread 0x0000000057f86000 Exception <a 'java/lang/ClassNotFoundException': com/android/build/gradle/tasks/PackageApplication_DecoratedCustomizer> (0x00000000ecce6570) thrown at [C:\re\workspace\8-2-build-windows-amd64-cygwin\jdk8u60\4407\hotspot\src\share\vm\classfile\systemDictionŒó°Ý

Events (10 events):
Event: 14.031 loading class com/android/build/gradle/tasks/PackageApplication_DecoratedCustomizer
Event: 14.031 loading class com/android/build/gradle/tasks/PackageApplication_DecoratedCustomizer done
Event: 14.034 loading class com/android/build/gradle/tasks/PackageApplication$ConfigAction$3
Event: 14.034 loading class com/android/build/gradle/tasks/PackageApplication$ConfigAction$3 done
Event: 14.035 loading class com/android/build/gradle/tasks/PackageApplication$ConfigAction$4
Event: 14.035 loading class com/android/build/gradle/tasks/PackageApplication$ConfigAction$4 done
Event: 14.035 loading class com/android/build/gradle/tasks/PackageApplication$ConfigAction$5
Event: 14.035 loading class com/android/build/gradle/tasks/PackageApplication$ConfigAction$5 done
Event: 14.036 loading class com/android/build/gradle/tasks/PackageApplication$ConfigAction$6
Event: 14.036 loading class com/android/build/gradle/tasks/PackageApplication$ConfigAction$6 done


Dynamic libraries:
0x000000013ff70000 - 0x000000013ffa7000 	C:\Program Files\Java\jdk1.8.0_60\bin\java.exe
0x0000000077770000 - 0x000000007791a000 	C:\Windows\SYSTEM32\ntdll.dll
0x0000000077650000 - 0x000000007776f000 	C:\Windows\system32\kernel32.dll
0x000007fefd680000 - 0x000007fefd6ea000 	C:\Windows\system32\KERNELBASE.dll
0x000007feff9a0000 - 0x000007feffa7b000 	C:\Windows\system32\ADVAPI32.dll
0x000007fefd950000 - 0x000007fefd9ef000 	C:\Windows\system32\msvcrt.dll
0x000007fefe140000 - 0x000007fefe15f000 	C:\Windows\SYSTEM32\sechost.dll
0x000007feff870000 - 0x000007feff99d000 	C:\Windows\system32\RPCRT4.dll
0x0000000077550000 - 0x000000007764a000 	C:\Windows\system32\USER32.dll
0x000007fefe0d0000 - 0x000007fefe137000 	C:\Windows\system32\GDI32.dll
0x000007fefe260000 - 0x000007fefe26e000 	C:\Windows\system32\LPK.dll
0x000007fefdd30000 - 0x000007fefddfa000 	C:\Windows\system32\USP10.dll
0x000007fefbde0000 - 0x000007fefbfd4000 	C:\Windows\WinSxS\amd64_microsoft.windows.common-controls_6595b64144ccf1df_6.0.7601.18837_none_fa3b1e3d17594757\COMCTL32.dll
0x000007feff590000 - 0x000007feff601000 	C:\Windows\system32\SHLWAPI.dll
0x000007feff6b0000 - 0x000007feff6de000 	C:\Windows\system32\IMM32.DLL
0x000007fefd9f0000 - 0x000007fefdaf9000 	C:\Windows\system32\MSCTF.dll
0x000000005bf00000 - 0x000000005bfd2000 	C:\Program Files\Java\jdk1.8.0_60\jre\bin\msvcr100.dll
0x0000000070050000 - 0x00000000708d9000 	C:\Program Files\Java\jdk1.8.0_60\jre\bin\server\jvm.dll
0x000007fef3ae0000 - 0x000007fef3ae9000 	C:\Windows\system32\WSOCK32.dll
0x000007fefdce0000 - 0x000007fefdd2d000 	C:\Windows\system32\WS2_32.dll
0x000007feff4a0000 - 0x000007feff4a8000 	C:\Windows\system32\NSI.dll
0x000007fefa060000 - 0x000007fefa09b000 	C:\Windows\system32\WINMM.dll
0x000007fefc3d0000 - 0x000007fefc3dc000 	C:\Windows\system32\VERSION.dll
0x0000000077940000 - 0x0000000077947000 	C:\Windows\system32\PSAPI.DLL
0x000000006a580000 - 0x000000006a58f000 	C:\Program Files\Java\jdk1.8.0_60\jre\bin\verify.dll
0x0000000068210000 - 0x0000000068239000 	C:\Program Files\Java\jdk1.8.0_60\jre\bin\java.dll
0x0000000060400000 - 0x0000000060416000 	C:\Program Files\Java\jdk1.8.0_60\jre\bin\zip.dll
0x000007fefe480000 - 0x000007feff20a000 	C:\Windows\system32\SHELL32.dll
0x000007fefe270000 - 0x000007fefe473000 	C:\Windows\system32\ole32.dll
0x000007fefd500000 - 0x000007fefd50f000 	C:\Windows\system32\profapi.dll
0x00000000603e0000 - 0x00000000603fa000 	C:\Program Files\Java\jdk1.8.0_60\jre\bin\net.dll
0x000007fefccd0000 - 0x000007fefcd25000 	C:\Windows\system32\mswsock.dll
0x000007fefccc0000 - 0x000007fefccc7000 	C:\Windows\System32\wship6.dll
0x00000000602b0000 - 0x00000000602c1000 	C:\Program Files\Java\jdk1.8.0_60\jre\bin\nio.dll
0x000007feef420000 - 0x000007feef432000 	C:\Users\Agustin\.gradle\native\19\windows-amd64\native-platform.dll
0x000007fef9700000 - 0x000007fef9727000 	C:\Windows\system32\IPHLPAPI.DLL
0x000007fef96e0000 - 0x000007fef96eb000 	C:\Windows\system32\WINNSI.DLL
0x000007fef92f0000 - 0x000007fef9301000 	C:\Windows\system32\dhcpcsvc6.DLL
0x000007fef91d0000 - 0x000007fef91e8000 	C:\Windows\system32\dhcpcsvc.DLL
0x000007fefcd30000 - 0x000007fefcd48000 	C:\Windows\system32\CRYPTSP.dll
0x000007fefca30000 - 0x000007fefca77000 	C:\Windows\system32\rsaenh.dll
0x000007fefd600000 - 0x000007fefd61e000 	C:\Windows\system32\USERENV.dll
0x000007fefd390000 - 0x000007fefd39f000 	C:\Windows\system32\CRYPTBASE.dll
0x000007fefd330000 - 0x000007fefd387000 	C:\Windows\system32\apphelp.dll
0x00000000639b0000 - 0x00000000639bd000 	C:\Program Files\Java\jdk1.8.0_60\jre\bin\management.dll

VM Arguments:
jvm_args: -XX:MaxPermSize=256m -XX:+HeapDumpOnOutOfMemoryError -Xmx1024m -Dfile.encoding=windows-1252 -Duser.country=ES -Duser.language=es -Duser.variant 
java_command: org.gradle.launcher.daemon.bootstrap.GradleDaemon 2.8
java_class_path (initial): C:\Program Files\Android\Android Studio\gradle\gradle-2.8\lib\gradle-launcher-2.8.jar
Launcher Type: SUN_STANDARD

Environment Variables:
JAVA_HOME=C:\Program Files\Java\jdk1.8.0_92
JRE_HOME=C:\Program Files\Java\jre1.8.0_92
PATH=C:\Program Files\Common Files\Microsoft Shared\Windows Live;C:\Program Files (x86)\Common Files\Microsoft Shared\Windows Live;C:\ProgramData\Oracle\Java\javapath;C:\Windows\system32;C:\Windows;C:\Windows\System32\Wbem;C:\Windows\System32\WindowsPowerShell\v1.0\;C:\Program Files (x86)\Windows Live\Shared;C:\Program Files (x86)\Skype\Phone\;C:\Program Files\Java\jdk1.8.0_60\bin;C:\Program Files\Mercurial; C:\Program Files\Java\jdk1.8.0_60\bin
USERNAME=Agustin
OS=Windows_NT
PROCESSOR_IDENTIFIER=Intel64 Family 6 Model 42 Stepping 7, GenuineIntel



---------------  S Y S T E M  ---------------

OS: Windows 7 , 64 bit Build 7601 (6.1.7601.23418)

CPU:total 4 (2 cores per cpu, 2 threads per core) family 6 model 42 stepping 7, cmov, cx8, fxsr, mmx, sse, sse2, sse3, ssse3, sse4.1, sse4.2, popcnt, avx, clmul, ht, tsc, tscinvbit

Memory: 4k page, physical 4127088k(147724k free), swap 7332036k(5584k free)

vm_info: Java HotSpot(TM) 64-Bit Server VM (25.60-b23) for windows-amd64 JRE (1.8.0_60-b27), built on Aug  4 2015 11:06:27 by "java_re" with MS VC++ 10.0 (VS2010)

time: Thu May 19 13:51:31 2016
elapsed time: 14 seconds (0d 0h 0m 14s)

