#
# There is insufficient memory for the Java Runtime Environment to continue.
# Native memory allocation (malloc) failed to allocate 2374176 bytes for Chunk::new
# Possible reasons:
#   The system is out of physical RAM or swap space
#   In 32 bit mode, the process size limit was hit
# Possible solutions:
#   Reduce memory load on the system
#   Increase physical memory or swap space
#   Check if swap backing store is full
#   Use 64 bit Java on a 64 bit OS
#   Decrease Java heap size (-Xmx/-Xms)
#   Decrease number of Java threads
#   Decrease Java thread stack sizes (-Xss)
#   Set larger code cache with -XX:ReservedCodeCacheSize=
# This output file may be truncated or incomplete.
#
#  Out of Memory Error (allocation.cpp:390), pid=2404, tid=8096
#
# JRE version: Java(TM) SE Runtime Environment (8.0_60-b27) (build 1.8.0_60-b27)
# Java VM: Java HotSpot(TM) 64-Bit Server VM (25.60-b23 mixed mode windows-amd64 compressed oops)
# Failed to write core dump. Minidumps are not enabled by default on client versions of Windows
#

---------------  T H R E A D  ---------------

Current thread (0x0000000054e85000):  JavaThread "C2 CompilerThread0" daemon [_thread_in_native, id=8096, stack(0x00000000568b0000,0x00000000569b0000)]

Stack: [0x00000000568b0000,0x00000000569b0000]
[error occurred during error reporting (printing stack bounds), id 0xc0000005]

Native frames: (J=compiled Java code, j=interpreted, Vv=VM code, C=native code)


Current CompileTask:
C2:  16558 1456       4       java.net.URLClassLoader$1::run (5 bytes)


---------------  P R O C E S S  ---------------

Java Threads: ( => current thread )
  0x0000000058a47800 JavaThread "File lock request listener" [_thread_in_native, id=4624, stack(0x000000005b080000,0x000000005b180000)]
  0x0000000056d39000 JavaThread "Stdin handler" [_thread_blocked, id=4216, stack(0x0000000059720000,0x0000000059820000)]
  0x00000000577b1800 JavaThread "Daemon worker" [_thread_in_native, id=5660, stack(0x00000000594e0000,0x00000000595e0000)]
  0x000000005756c800 JavaThread "Cancel handler" [_thread_blocked, id=1076, stack(0x0000000057080000,0x0000000057180000)]
  0x00000000575e4000 JavaThread "Handler for socket connection from /127.0.0.1:56512 to /127.0.0.1:56517" [_thread_in_native, id=1788, stack(0x00000000592e0000,0x00000000593e0000)]
  0x00000000575e3000 JavaThread "Daemon" [_thread_blocked, id=8420, stack(0x00000000591d0000,0x00000000592d0000)]
  0x0000000057eba800 JavaThread "Incoming local TCP Connector on port 56512" [_thread_in_native, id=2764, stack(0x0000000058da0000,0x0000000058ea0000)]
  0x0000000056b61800 JavaThread "Service Thread" daemon [_thread_blocked, id=2928, stack(0x0000000056f60000,0x0000000057060000)]
  0x0000000054e89800 JavaThread "C1 CompilerThread2" daemon [_thread_blocked, id=7580, stack(0x0000000056580000,0x0000000056680000)]
  0x0000000054e88800 JavaThread "C2 CompilerThread1" daemon [_thread_blocked, id=3900, stack(0x0000000056a00000,0x0000000056b00000)]
=>0x0000000054e85000 JavaThread "C2 CompilerThread0" daemon [_thread_in_native, id=8096, stack(0x00000000568b0000,0x00000000569b0000)]
  0x0000000054e8e800 JavaThread "Attach Listener" daemon [_thread_blocked, id=4548, stack(0x00000000566a0000,0x00000000567a0000)]
  0x0000000054e8d000 JavaThread "Signal Dispatcher" daemon [_thread_blocked, id=8652, stack(0x0000000056440000,0x0000000056540000)]
  0x0000000054e28000 JavaThread "Finalizer" daemon [_thread_blocked, id=8932, stack(0x0000000056230000,0x0000000056330000)]
  0x0000000054e21000 JavaThread "Reference Handler" daemon [_thread_blocked, id=5476, stack(0x0000000056010000,0x0000000056110000)]
  0x0000000001f0f000 JavaThread "main" [_thread_blocked, id=8768, stack(0x00000000020e0000,0x00000000021e0000)]

Other Threads:
  0x0000000054e1b800 VMThread [stack: 0x0000000055f10000,0x0000000056010000] [id=3040]
  0x0000000056b93000 WatcherThread [stack: 0x0000000057180000,0x0000000057280000] [id=8564]

VM state:not at safepoint (normal execution)

VM Mutex/Monitor currently owned by a thread: None

Heap:
 PSYoungGen      total 35328K, used 24728K [0x00000000eab00000, 0x00000000ef000000, 0x0000000100000000)
  eden space 32768K, 67% used [0x00000000eab00000,0x00000000ec0aa478,0x00000000ecb00000)
  from space 2560K, 99% used [0x00000000ecb00000,0x00000000ecd7bc20,0x00000000ecd80000)
  to   space 2560K, 0% used [0x00000000eed80000,0x00000000eed80000,0x00000000ef000000)
 ParOldGen       total 44032K, used 5023K [0x00000000c0000000, 0x00000000c2b00000, 0x00000000eab00000)
  object space 44032K, 11% used [0x00000000c0000000,0x00000000c04e7fe8,0x00000000c2b00000)
 Metaspace       used 17389K, capacity 17796K, committed 17920K, reserved 1064960K
  class space    used 2356K, capacity 2459K, committed 2560K, reserved 1048576K

Card table byte_map: [0x0000000011870000,0x0000000011a80000] byte_map_base: 0x0000000011270000

Marking Bits: (ParMarkBitMap*) 0x000000006deaa5b0
 Begin Bits: [0x0000000012290000, 0x0000000013290000)
 End Bits:   [0x0000000013290000, 0x0000000014290000)

Polling page: 0x0000000000110000

CodeCache: size=245760Kb used=4870Kb max_used=4879Kb free=240889Kb
 bounds [0x00000000024b0000, 0x0000000002980000, 0x00000000114b0000]
 total_blobs=1856 nmethods=1479 adapters=289
 compilation: enabled

Compilation events (10 events):
Event: 16.368 Thread 0x0000000054e89800 1480       3       java.lang.String::valueOf (14 bytes)
Event: 16.368 Thread 0x0000000054e89800 nmethod 1480 0x000000000296bb50 code [0x000000000296bcc0, 0x000000000296bf08]
Event: 16.409 Thread 0x0000000054e88800 1481       4       sun.security.provider.SHA::implCompress (491 bytes)
Event: 16.438 Thread 0x0000000054e88800 nmethod 1481 0x000000000296cc90 code [0x000000000296cde0, 0x000000000296d728]
Event: 16.438 Thread 0x0000000054e88800 1482       4       sun.security.provider.ByteArrayAccess::b2iBig64 (614 bytes)
Event: 16.464 Thread 0x0000000054e88800 nmethod 1482 0x00000000029755d0 code [0x0000000002975720, 0x0000000002975978]
Event: 16.512 Thread 0x0000000054e89800 1484       3       java.io.FileInputStream::read (9 bytes)
Event: 16.512 Thread 0x0000000054e89800 nmethod 1484 0x0000000002974e50 code [0x0000000002974fc0, 0x0000000002975148]
Event: 16.512 Thread 0x0000000054e89800 1485       3       java.security.MessageDigest::update (45 bytes)
Event: 16.513 Thread 0x0000000054e89800 nmethod 1485 0x0000000002974710 code [0x00000000029748a0, 0x0000000002974ca8]

GC Heap History (6 events):
Event: 2.698 GC heap before
{Heap before GC invocations=1 (full 0):
 PSYoungGen      total 18944K, used 16384K [0x00000000eab00000, 0x00000000ec000000, 0x0000000100000000)
  eden space 16384K, 100% used [0x00000000eab00000,0x00000000ebb00000,0x00000000ebb00000)
  from space 2560K, 0% used [0x00000000ebd80000,0x00000000ebd80000,0x00000000ec000000)
  to   space 2560K, 0% used [0x00000000ebb00000,0x00000000ebb00000,0x00000000ebd80000)
 ParOldGen       total 44032K, used 0K [0x00000000c0000000, 0x00000000c2b00000, 0x00000000eab00000)
  object space 44032K, 0% used [0x00000000c0000000,0x00000000c0000000,0x00000000c2b00000)
 Metaspace       used 5771K, capacity 6084K, committed 6272K, reserved 1056768K
  class space    used 735K, capacity 796K, committed 896K, reserved 1048576K
Event: 2.908 GC heap after
Heap after GC invocations=1 (full 0):
 PSYoungGen      total 18944K, used 2528K [0x00000000eab00000, 0x00000000ed000000, 0x0000000100000000)
  eden space 16384K, 0% used [0x00000000eab00000,0x00000000eab00000,0x00000000ebb00000)
  from space 2560K, 98% used [0x00000000ebb00000,0x00000000ebd78268,0x00000000ebd80000)
  to   space 2560K, 0% used [0x00000000ecd80000,0x00000000ecd80000,0x00000000ed000000)
 ParOldGen       total 44032K, used 297K [0x00000000c0000000, 0x00000000c2b00000, 0x00000000eab00000)
  object space 44032K, 0% used [0x00000000c0000000,0x00000000c004a688,0x00000000c2b00000)
 Metaspace       used 5771K, capacity 6084K, committed 6272K, reserved 1056768K
  class space    used 735K, capacity 796K, committed 896K, reserved 1048576K
}
Event: 3.597 GC heap before
{Heap before GC invocations=2 (full 0):
 PSYoungGen      total 18944K, used 18912K [0x00000000eab00000, 0x00000000ed000000, 0x0000000100000000)
  eden space 16384K, 100% used [0x00000000eab00000,0x00000000ebb00000,0x00000000ebb00000)
  from space 2560K, 98% used [0x00000000ebb00000,0x00000000ebd78268,0x00000000ebd80000)
  to   space 2560K, 0% used [0x00000000ecd80000,0x00000000ecd80000,0x00000000ed000000)
 ParOldGen       total 44032K, used 297K [0x00000000c0000000, 0x00000000c2b00000, 0x00000000eab00000)
  object space 44032K, 0% used [0x00000000c0000000,0x00000000c004a688,0x00000000c2b00000)
 Metaspace       used 6873K, capacity 7078K, committed 7168K, reserved 1056768K
  class space    used 878K, capacity 934K, committed 1024K, reserved 1048576K
Event: 3.673 GC heap after
Heap after GC invocations=2 (full 0):
 PSYoungGen      total 35328K, used 2543K [0x00000000eab00000, 0x00000000ed000000, 0x0000000100000000)
  eden space 32768K, 0% used [0x00000000eab00000,0x00000000eab00000,0x00000000ecb00000)
  from space 2560K, 99% used [0x00000000ecd80000,0x00000000ecffbe20,0x00000000ed000000)
  to   space 2560K, 0% used [0x00000000ecb00000,0x00000000ecb00000,0x00000000ecd80000)
 ParOldGen       total 44032K, used 505K [0x00000000c0000000, 0x00000000c2b00000, 0x00000000eab00000)
  object space 44032K, 1% used [0x00000000c0000000,0x00000000c007e580,0x00000000c2b00000)
 Metaspace       used 6873K, capacity 7078K, committed 7168K, reserved 1056768K
  class space    used 878K, capacity 934K, committed 1024K, reserved 1048576K
}
Event: 14.356 GC heap before
{Heap before GC invocations=3 (full 0):
 PSYoungGen      total 35328K, used 35273K [0x00000000eab00000, 0x00000000ed000000, 0x0000000100000000)
  eden space 32768K, 99% used [0x00000000eab00000,0x00000000ecaf6868,0x00000000ecb00000)
  from space 2560K, 99% used [0x00000000ecd80000,0x00000000ecffbe20,0x00000000ed000000)
  to   space 2560K, 0% used [0x00000000ecb00000,0x00000000ecb00000,0x00000000ecd80000)
 ParOldGen       total 44032K, used 505K [0x00000000c0000000, 0x00000000c2b00000, 0x00000000eab00000)
  object space 44032K, 1% used [0x00000000c0000000,0x00000000c007e580,0x00000000c2b00000)
 Metaspace       used 12881K, capacity 13252K, committed 13440K, reserved 1060864K
  class space    used 1749K, capacity 1883K, committed 1920K, reserved 1048576K
Event: 14.679 GC heap after
Heap after GC invocations=3 (full 0):
 PSYoungGen      total 35328K, used 2543K [0x00000000eab00000, 0x00000000ef000000, 0x0000000100000000)
  eden space 32768K, 0% used [0x00000000eab00000,0x00000000eab00000,0x00000000ecb00000)
  from space 2560K, 99% used [0x00000000ecb00000,0x00000000ecd7bc20,0x00000000ecd80000)
  to   space 2560K, 0% used [0x00000000eed80000,0x00000000eed80000,0x00000000ef000000)
 ParOldGen       total 44032K, used 5023K [0x00000000c0000000, 0x00000000c2b00000, 0x00000000eab00000)
  object space 44032K, 11% used [0x00000000c0000000,0x00000000c04e7fe8,0x00000000c2b00000)
 Metaspace       used 12881K, capacity 13252K, committed 13440K, reserved 1060864K
  class space    used 1749K, capacity 1883K, committed 1920K, reserved 1048576K
}

Deoptimization events (10 events):
Event: 13.075 Thread 0x00000000577b1800 Uncommon trap: reason=class_check action=maybe_recompile pc=0x000000000272a638 method=java.util.HashMap.putVal(ILjava/lang/Object;Ljava/lang/Object;ZZ)Ljava/lang/Object; @ 203
Event: 13.076 Thread 0x00000000577b1800 Uncommon trap: reason=bimorphic action=maybe_recompile pc=0x00000000028b9644 method=java.util.HashMap.putVal(ILjava/lang/Object;Ljava/lang/Object;ZZ)Ljava/lang/Object; @ 203
Event: 13.076 Thread 0x00000000577b1800 Uncommon trap: reason=bimorphic action=maybe_recompile pc=0x00000000028b9644 method=java.util.HashMap.putVal(ILjava/lang/Object;Ljava/lang/Object;ZZ)Ljava/lang/Object; @ 203
Event: 13.077 Thread 0x00000000577b1800 Uncommon trap: reason=bimorphic action=maybe_recompile pc=0x00000000028b358c method=java.util.HashMap.putVal(ILjava/lang/Object;Ljava/lang/Object;ZZ)Ljava/lang/Object; @ 203
Event: 15.837 Thread 0x00000000577b1800 Uncommon trap: reason=unstable_if action=reinterpret pc=0x000000000275cb80 method=java.util.HashMap.getNode(ILjava/lang/Object;)Ljava/util/HashMap$Node; @ 129
Event: 15.837 Thread 0x00000000577b1800 Uncommon trap: reason=unstable_if action=reinterpret pc=0x0000000002759028 method=java.util.HashMap.getNode(ILjava/lang/Object;)Ljava/util/HashMap$Node; @ 129
Event: 16.287 Thread 0x00000000577b1800 Uncommon trap: reason=class_check action=maybe_recompile pc=0x00000000029525e4 method=org.gradle.internal.service.DefaultServiceRegistry$SingletonService.getService(Lorg/gradle/internal/service/DefaultServiceRegistry$LookupContext;Lorg/gradle/internal/serv´GêƒI0@
Event: 16.287 Thread 0x00000000577b1800 Uncommon trap: reason=class_check action=maybe_recompile pc=0x00000000029525e4 method=org.gradle.internal.service.DefaultServiceRegistry$SingletonService.getService(Lorg/gradle/internal/service/DefaultServiceRegistry$LookupContext;Lorg/gradle/internal/serv_Ú«|ÇI0@
Event: 16.287 Thread 0x00000000577b1800 Uncommon trap: reason=class_check action=maybe_recompile pc=0x00000000029525e4 method=org.gradle.internal.service.DefaultServiceRegistry$SingletonService.getService(Lorg/gradle/internal/service/DefaultServiceRegistry$LookupContext;Lorg/gradle/internal/servv€˘ÑI0@
Event: 16.287 Thread 0x00000000577b1800 Uncommon trap: reason=class_check action=maybe_recompile pc=0x00000000029525e4 method=org.gradle.internal.service.DefaultServiceRegistry$SingletonService.getService(Lorg/gradle/internal/service/DefaultServiceRegistry$LookupContext;Lorg/gradle/internal/servõ!c‚û&*@

Internal exceptions (10 events):
Event: 15.773 Thread 0x00000000577b1800 Exception <a 'java/lang/ClassNotFoundException': groovy/lang/ExpandoMetaClassBeanInfo> (0x00000000eb0aa7e0) thrown at [C:\re\workspace\8-2-build-windows-amd64-cygwin\jdk8u60\4407\hotspot\src\share\vm\classfile\systemDictionary.cpp, line 210]
Event: 15.774 Thread 0x00000000577b1800 Exception <a 'java/lang/ClassNotFoundException': groovy/lang/MetaClassImplBeanInfo> (0x00000000eb0b5038) thrown at [C:\re\workspace\8-2-build-windows-amd64-cygwin\jdk8u60\4407\hotspot\src\share\vm\classfile\systemDictionary.cpp, line 210]
Event: 15.774 Thread 0x00000000577b1800 Exception <a 'java/lang/ClassNotFoundException': java/lang/ObjectBeanInfo> (0x00000000eb0b9e30) thrown at [C:\re\workspace\8-2-build-windows-amd64-cygwin\jdk8u60\4407\hotspot\src\share\vm\classfile\systemDictionary.cpp, line 210]
Event: 15.776 Thread 0x00000000577b1800 Exception <a 'java/lang/ClassNotFoundException': java/lang/ObjectCustomizer> (0x00000000eb0bed50) thrown at [C:\re\workspace\8-2-build-windows-amd64-cygwin\jdk8u60\4407\hotspot\src\share\vm\classfile\systemDictionary.cpp, line 210]
Event: 15.793 Thread 0x00000000577b1800 Exception <a 'java/lang/ClassNotFoundException': groovy/lang/MetaClassImplCustomizer> (0x00000000eb0d1308) thrown at [C:\re\workspace\8-2-build-windows-amd64-cygwin\jdk8u60\4407\hotspot\src\share\vm\classfile\systemDictionary.cpp, line 210]
Event: 15.798 Thread 0x00000000577b1800 Exception <a 'java/lang/ClassNotFoundException': groovy/lang/ExpandoMetaClassCustomizer> (0x00000000eb104ba0) thrown at [C:\re\workspace\8-2-build-windows-amd64-cygwin\jdk8u60\4407\hotspot\src\share\vm\classfile\systemDictionary.cpp, line 210]
Event: 15.828 Thread 0x00000000577b1800 Exception <a 'java/lang/ClassNotFoundException': org/gradle/api/internal/plugins/DefaultExtraPropertiesExtensionBeanInfo> (0x00000000eb1844f8) thrown at [C:\re\workspace\8-2-build-windows-amd64-cygwin\jdk8u60\4407\hotspot\src\share\vm\classfile\systemDicti)DÙø_®/@
Event: 15.829 Thread 0x00000000577b1800 Exception <a 'java/lang/ClassNotFoundException': groovy/lang/GroovyObjectSupportBeanInfo> (0x00000000eb18fe50) thrown at [C:\re\workspace\8-2-build-windows-amd64-cygwin\jdk8u60\4407\hotspot\src\share\vm\classfile\systemDictionary.cpp, line 210]
Event: 15.829 Thread 0x00000000577b1800 Exception <a 'java/lang/ClassNotFoundException': groovy/lang/GroovyObjectSupportCustomizer> (0x00000000eb19bb10) thrown at [C:\re\workspace\8-2-build-windows-amd64-cygwin\jdk8u60\4407\hotspot\src\share\vm\classfile\systemDictionary.cpp, line 210]
Event: 15.831 Thread 0x00000000577b1800 Exception <a 'java/lang/ClassNotFoundException': org/gradle/api/internal/plugins/DefaultExtraPropertiesExtensionCustomizer> (0x00000000eb1b1750) thrown at [C:\re\workspace\8-2-build-windows-amd64-cygwin\jdk8u60\4407\hotspot\src\share\vm\classfile\systemDic

Events (10 events):
Event: 16.437 Thread 0x00000000577b1800 DEOPT PACKING pc=0x000000000281793e sp=0x00000000595dd5d0
Event: 16.437 Thread 0x00000000577b1800 DEOPT UNPACKING pc=0x00000000024f787f sp=0x00000000595dd2d0 mode 0
Event: 16.437 Thread 0x00000000577b1800 DEOPT PACKING pc=0x000000000281793e sp=0x00000000595dd5d0
Event: 16.437 Thread 0x00000000577b1800 DEOPT UNPACKING pc=0x00000000024f787f sp=0x00000000595dd2d0 mode 0
Event: 16.470 loading class java/net/DatagramPacket$1
Event: 16.470 loading class java/net/DatagramPacket$1 done
Event: 16.478 Executing VM operation: RevokeBias
Event: 16.479 Executing VM operation: RevokeBias done
Event: 16.496 Executing VM operation: RevokeBias
Event: 16.496 Executing VM operation: RevokeBias done


Dynamic libraries:
0x000000013fcf0000 - 0x000000013fd27000 	C:\Program Files\Java\jdk1.8.0_60\bin\java.exe
0x0000000077b50000 - 0x0000000077cfa000 	C:\Windows\SYSTEM32\ntdll.dll
0x0000000077930000 - 0x0000000077a4f000 	C:\Windows\system32\kernel32.dll
0x000007fefd8f0000 - 0x000007fefd95a000 	C:\Windows\system32\KERNELBASE.dll
0x000007feff030000 - 0x000007feff10b000 	C:\Windows\system32\ADVAPI32.dll
0x000007feff770000 - 0x000007feff80f000 	C:\Windows\system32\msvcrt.dll
0x000007feff510000 - 0x000007feff52f000 	C:\Windows\SYSTEM32\sechost.dll
0x000007fefecf0000 - 0x000007fefee1d000 	C:\Windows\system32\RPCRT4.dll
0x0000000077a50000 - 0x0000000077b4a000 	C:\Windows\system32\USER32.dll
0x000007fefefb0000 - 0x000007feff017000 	C:\Windows\system32\GDI32.dll
0x000007feff760000 - 0x000007feff76e000 	C:\Windows\system32\LPK.dll
0x000007feffcf0000 - 0x000007feffdba000 	C:\Windows\system32\USP10.dll
0x000007fefc1c0000 - 0x000007fefc3b4000 	C:\Windows\WinSxS\amd64_microsoft.windows.common-controls_6595b64144ccf1df_6.0.7601.18837_none_fa3b1e3d17594757\COMCTL32.dll
0x000007feffaa0000 - 0x000007feffb11000 	C:\Windows\system32\SHLWAPI.dll
0x000007feff4e0000 - 0x000007feff50e000 	C:\Windows\system32\IMM32.DLL
0x000007feff3d0000 - 0x000007feff4d9000 	C:\Windows\system32\MSCTF.dll
0x00000000742d0000 - 0x00000000743a2000 	C:\Program Files\Java\jdk1.8.0_60\jre\bin\msvcr100.dll
0x000000006d6a0000 - 0x000000006df29000 	C:\Program Files\Java\jdk1.8.0_60\jre\bin\server\jvm.dll
0x000007fefb320000 - 0x000007fefb329000 	C:\Windows\system32\WSOCK32.dll
0x000007feffba0000 - 0x000007feffbed000 	C:\Windows\system32\WS2_32.dll
0x000007feff020000 - 0x000007feff028000 	C:\Windows\system32\NSI.dll
0x000007fefa2f0000 - 0x000007fefa32b000 	C:\Windows\system32\WINMM.dll
0x000007fefc7b0000 - 0x000007fefc7bc000 	C:\Windows\system32\VERSION.dll
0x0000000077d20000 - 0x0000000077d27000 	C:\Windows\system32\PSAPI.DLL
0x00000000747b0000 - 0x00000000747bf000 	C:\Program Files\Java\jdk1.8.0_60\jre\bin\verify.dll
0x00000000746e0000 - 0x0000000074709000 	C:\Program Files\Java\jdk1.8.0_60\jre\bin\java.dll
0x0000000074790000 - 0x00000000747a6000 	C:\Program Files\Java\jdk1.8.0_60\jre\bin\zip.dll
0x000007fefdf60000 - 0x000007fefecea000 	C:\Windows\system32\SHELL32.dll
0x000007feff530000 - 0x000007feff733000 	C:\Windows\system32\ole32.dll
0x000007fefd8d0000 - 0x000007fefd8df000 	C:\Windows\system32\profapi.dll
0x0000000074430000 - 0x000000007444a000 	C:\Program Files\Java\jdk1.8.0_60\jre\bin\net.dll
0x000007fefd0b0000 - 0x000007fefd105000 	C:\Windows\system32\mswsock.dll
0x000007fefd0a0000 - 0x000007fefd0a7000 	C:\Windows\System32\wship6.dll
0x0000000074410000 - 0x0000000074421000 	C:\Program Files\Java\jdk1.8.0_60\jre\bin\nio.dll
0x000007fefaec0000 - 0x000007fefaed2000 	C:\Users\Agustin\.gradle\native\19\windows-amd64\native-platform.dll
0x000007fef9ad0000 - 0x000007fef9af7000 	C:\Windows\system32\IPHLPAPI.DLL
0x000007fef9ac0000 - 0x000007fef9acb000 	C:\Windows\system32\WINNSI.DLL
0x000007fef96d0000 - 0x000007fef96e1000 	C:\Windows\system32\dhcpcsvc6.DLL
0x000007fef96b0000 - 0x000007fef96c8000 	C:\Windows\system32\dhcpcsvc.DLL
0x000007fefd110000 - 0x000007fefd128000 	C:\Windows\system32\CRYPTSP.dll
0x000007fefce10000 - 0x000007fefce57000 	C:\Windows\system32\rsaenh.dll
0x000007fefdbb0000 - 0x000007fefdbce000 	C:\Windows\system32\USERENV.dll
0x000007fefd770000 - 0x000007fefd77f000 	C:\Windows\system32\CRYPTBASE.dll

VM Arguments:
jvm_args: -XX:MaxPermSize=256m -XX:+HeapDumpOnOutOfMemoryError -Xmx1024m -Dfile.encoding=windows-1252 -Duser.country=ES -Duser.language=es -Duser.variant 
java_command: org.gradle.launcher.daemon.bootstrap.GradleDaemon 2.8
java_class_path (initial): C:\Program Files\Android\Android Studio\gradle\gradle-2.8\lib\gradle-launcher-2.8.jar
Launcher Type: SUN_STANDARD

Environment Variables:
JAVA_HOME=C:\Program Files\Java\jdk1.8.0_92
JRE_HOME=C:\Program Files\Java\jre1.8.0_92
PATH=C:\Program Files\Common Files\Microsoft Shared\Windows Live;C:\Program Files (x86)\Common Files\Microsoft Shared\Windows Live;C:\ProgramData\Oracle\Java\javapath;C:\Windows\system32;C:\Windows;C:\Windows\System32\Wbem;C:\Windows\System32\WindowsPowerShell\v1.0\;C:\Program Files (x86)\Windows Live\Shared;C:\Program Files (x86)\Skype\Phone\;C:\Program Files\Java\jdk1.8.0_60\bin;C:\Program Files\Mercurial; C:\Program Files\Java\jdk1.8.0_60\bin
USERNAME=Agustin
OS=Windows_NT
PROCESSOR_IDENTIFIER=Intel64 Family 6 Model 42 Stepping 7, GenuineIntel



---------------  S Y S T E M  ---------------

OS: Windows 7 , 64 bit Build 7601 (6.1.7601.23418)

CPU:total 4 (2 cores per cpu, 2 threads per core) family 6 model 42 stepping 7, cmov, cx8, fxsr, mmx, sse, sse2, sse3, ssse3, sse4.1, sse4.2, popcnt, avx, clmul, ht, tsc, tscinvbit

Memory: 4k page, physical 4127088k(192220k free), swap 4640584k(5996k free)

vm_info: Java HotSpot(TM) 64-Bit Server VM (25.60-b23) for windows-amd64 JRE (1.8.0_60-b27), built on Aug  4 2015 11:06:27 by "java_re" with MS VC++ 10.0 (VS2010)

time: Thu May 26 19:09:39 2016
elapsed time: 16 seconds (0d 0h 0m 16s)

