#
# There is insufficient memory for the Java Runtime Environment to continue.
# Native memory allocation (malloc) failed to allocate 1149856 bytes for Chunk::new
# Possible reasons:
#   The system is out of physical RAM or swap space
#   In 32 bit mode, the process size limit was hit
# Possible solutions:
#   Reduce memory load on the system
#   Increase physical memory or swap space
#   Check if swap backing store is full
#   Use 64 bit Java on a 64 bit OS
#   Decrease Java heap size (-Xmx/-Xms)
#   Decrease number of Java threads
#   Decrease Java thread stack sizes (-Xss)
#   Set larger code cache with -XX:ReservedCodeCacheSize=
# This output file may be truncated or incomplete.
#
#  Out of Memory Error (allocation.cpp:390), pid=6104, tid=8748
#
# JRE version: Java(TM) SE Runtime Environment (8.0_60-b27) (build 1.8.0_60-b27)
# Java VM: Java HotSpot(TM) 64-Bit Server VM (25.60-b23 mixed mode windows-amd64 compressed oops)
# Failed to write core dump. Minidumps are not enabled by default on client versions of Windows
#

---------------  T H R E A D  ---------------

Current thread (0x0000000054d7a000):  JavaThread "C2 CompilerThread0" daemon [_thread_in_native, id=8748, stack(0x00000000564d0000,0x00000000565d0000)]

Stack: [0x00000000564d0000,0x00000000565d0000]
[error occurred during error reporting (printing stack bounds), id 0xc0000005]

Native frames: (J=compiled Java code, j=interpreted, Vv=VM code, C=native code)


Current CompileTask:
C2:  12626 5044 %     4       java.io.WinNTFileSystem::normalize @ 22 (143 bytes)


---------------  P R O C E S S  ---------------

Java Threads: ( => current thread )
  0x000000005ab0a000 JavaThread "pool-1-thread-1" [_thread_blocked, id=4976, stack(0x000000005f3d0000,0x000000005f4d0000)]
  0x000000005ab07800 JavaThread "File lock request listener" [_thread_in_native, id=1212, stack(0x000000005c070000,0x000000005c170000)]
  0x00000000580e4000 JavaThread "Stdin handler" [_thread_blocked, id=2864, stack(0x00000000597d0000,0x00000000598d0000)]
  0x00000000580e2800 JavaThread "Daemon worker" [_thread_in_native, id=3496, stack(0x00000000595e0000,0x00000000596e0000)]
  0x000000005813f800 JavaThread "Cancel handler" [_thread_blocked, id=3836, stack(0x00000000593c0000,0x00000000594c0000)]
  0x0000000057e22800 JavaThread "Handler for socket connection from /127.0.0.1:57176 to /127.0.0.1:57177" [_thread_in_native, id=8784, stack(0x00000000592a0000,0x00000000593a0000)]
  0x0000000057e35800 JavaThread "Daemon" [_thread_blocked, id=9188, stack(0x0000000058ca0000,0x0000000058da0000)]
  0x0000000057baa800 JavaThread "Incoming local TCP Connector on port 57176" [_thread_in_native, id=9004, stack(0x0000000058e00000,0x0000000058f00000)]
  0x0000000056627000 JavaThread "Service Thread" daemon [_thread_blocked, id=8264, stack(0x0000000056f00000,0x0000000057000000)]
  0x00000000565d4000 JavaThread "C1 CompilerThread2" daemon [_thread_blocked, id=5656, stack(0x0000000056c70000,0x0000000056d70000)]
  0x00000000565d3000 JavaThread "C2 CompilerThread1" daemon [_thread_in_native, id=6364, stack(0x0000000056a80000,0x0000000056b80000)]
=>0x0000000054d7a000 JavaThread "C2 CompilerThread0" daemon [_thread_in_native, id=8748, stack(0x00000000564d0000,0x00000000565d0000)]
  0x0000000054d7e800 JavaThread "Attach Listener" daemon [_thread_blocked, id=8312, stack(0x0000000056360000,0x0000000056460000)]
  0x0000000054d7d800 JavaThread "Signal Dispatcher" daemon [_thread_blocked, id=5396, stack(0x0000000055fd0000,0x00000000560d0000)]
  0x0000000054d18000 JavaThread "Finalizer" daemon [_thread_blocked, id=7040, stack(0x0000000056210000,0x0000000056310000)]
  0x0000000054d11000 JavaThread "Reference Handler" daemon [_thread_blocked, id=3788, stack(0x00000000560f0000,0x00000000561f0000)]
  0x0000000001e2f000 JavaThread "main" [_thread_blocked, id=4808, stack(0x00000000020f0000,0x00000000021f0000)]

Other Threads:
  0x0000000054d0b800 VMThread [stack: 0x0000000055e70000,0x0000000055f70000] [id=6084]
  0x0000000056668000 WatcherThread [stack: 0x00000000570b0000,0x00000000571b0000] [id=8536]

VM state:not at safepoint (normal execution)

VM Mutex/Monitor currently owned by a thread: None

Heap:
 PSYoungGen      total 109056K, used 31132K [0x00000000eab00000, 0x00000000f4c80000, 0x0000000100000000)
  eden space 97280K, 21% used [0x00000000eab00000,0x00000000ebf325f0,0x00000000f0a00000)
  from space 11776K, 88% used [0x00000000f0a00000,0x00000000f1434c50,0x00000000f1580000)
  to   space 13312K, 0% used [0x00000000f3f80000,0x00000000f3f80000,0x00000000f4c80000)
 ParOldGen       total 56320K, used 21708K [0x00000000c0000000, 0x00000000c3700000, 0x00000000eab00000)
  object space 56320K, 38% used [0x00000000c0000000,0x00000000c1533050,0x00000000c3700000)
 Metaspace       used 39659K, capacity 40602K, committed 40832K, reserved 1085440K
  class space    used 5508K, capacity 5758K, committed 5760K, reserved 1048576K

Card table byte_map: [0x0000000011880000,0x0000000011a90000] byte_map_base: 0x0000000011280000

Marking Bits: (ParMarkBitMap*) 0x000000006cd5a5b0
 Begin Bits: [0x0000000012180000, 0x0000000013180000)
 End Bits:   [0x0000000013180000, 0x0000000014180000)

Polling page: 0x0000000000210000

CodeCache: size=245760Kb used=15864Kb max_used=16516Kb free=229895Kb
 bounds [0x00000000024c0000, 0x00000000034f0000, 0x00000000114c0000]
 total_blobs=5331 nmethods=4650 adapters=592
 compilation: enabled

Compilation events (10 events):
Event: 12.591 Thread 0x00000000565d4000 nmethod 5054 0x0000000002c9cb50 code [0x0000000002c9cd40, 0x0000000002c9d168]
Event: 12.592 Thread 0x0000000054d7a000 5044 %     4       java.io.WinNTFileSystem::normalize @ 22 (143 bytes)
Event: 12.595 Thread 0x00000000565d4000 5056       2       java.io.BufferedReader::read1 (171 bytes)
Event: 12.596 Thread 0x00000000565d4000 nmethod 5056 0x0000000002c85e90 code [0x0000000002c86020, 0x0000000002c863d8]
Event: 12.604 Thread 0x00000000565d4000 5057 %     3       com.google.gson.stream.JsonReader::peekNumber @ 30 (468 bytes)
Event: 12.606 Thread 0x00000000565d4000 nmethod 5057% 0x00000000027cfd50 code [0x00000000027cff40, 0x00000000027d0dd8]
Event: 12.610 Thread 0x00000000565d4000 5058       3       com.google.gson.stream.JsonReader::peekNumber (468 bytes)
Event: 12.611 Thread 0x00000000565d4000 nmethod 5058 0x00000000025f5b90 code [0x00000000025f5d80, 0x00000000025f6a98]
Event: 12.619 Thread 0x00000000565d4000 5059 %     3       sun.nio.cs.UTF_8$Encoder::encodeArrayLoop @ 73 (489 bytes)
Event: 12.624 Thread 0x00000000565d4000 nmethod 5059% 0x0000000002cdb610 code [0x0000000002cdbba0, 0x0000000002cdf428]

GC Heap History (10 events):
Event: 8.294 GC heap before
{Heap before GC invocations=11 (full 1):
 PSYoungGen      total 69632K, used 67595K [0x00000000eab00000, 0x00000000f0280000, 0x0000000100000000)
  eden space 62464K, 100% used [0x00000000eab00000,0x00000000ee800000,0x00000000ee800000)
  from space 7168K, 71% used [0x00000000ee800000,0x00000000eed02c18,0x00000000eef00000)
  to   space 7168K, 0% used [0x00000000efb80000,0x00000000efb80000,0x00000000f0280000)
 ParOldGen       total 35328K, used 9680K [0x00000000c0000000, 0x00000000c2280000, 0x00000000eab00000)
  object space 35328K, 27% used [0x00000000c0000000,0x00000000c0974130,0x00000000c2280000)
 Metaspace       used 30911K, capacity 31534K, committed 31872K, reserved 1077248K
  class space    used 4224K, capacity 4408K, committed 4480K, reserved 1048576K
Event: 8.310 GC heap after
Heap after GC invocations=11 (full 1):
 PSYoungGen      total 80896K, used 7139K [0x00000000eab00000, 0x00000000f0e00000, 0x0000000100000000)
  eden space 73728K, 0% used [0x00000000eab00000,0x00000000eab00000,0x00000000ef300000)
  from space 7168K, 99% used [0x00000000efb80000,0x00000000f0278f90,0x00000000f0280000)
  to   space 8704K, 0% used [0x00000000ef300000,0x00000000ef300000,0x00000000efb80000)
 ParOldGen       total 35328K, used 11467K [0x00000000c0000000, 0x00000000c2280000, 0x00000000eab00000)
  object space 35328K, 32% used [0x00000000c0000000,0x00000000c0b32d38,0x00000000c2280000)
 Metaspace       used 30911K, capacity 31534K, committed 31872K, reserved 1077248K
  class space    used 4224K, capacity 4408K, committed 4480K, reserved 1048576K
}
Event: 9.711 GC heap before
{Heap before GC invocations=12 (full 1):
 PSYoungGen      total 80896K, used 80867K [0x00000000eab00000, 0x00000000f0e00000, 0x0000000100000000)
  eden space 73728K, 100% used [0x00000000eab00000,0x00000000ef300000,0x00000000ef300000)
  from space 7168K, 99% used [0x00000000efb80000,0x00000000f0278f90,0x00000000f0280000)
  to   space 8704K, 0% used [0x00000000ef300000,0x00000000ef300000,0x00000000efb80000)
 ParOldGen       total 35328K, used 11467K [0x00000000c0000000, 0x00000000c2280000, 0x00000000eab00000)
  object space 35328K, 32% used [0x00000000c0000000,0x00000000c0b32d38,0x00000000c2280000)
 Metaspace       used 34610K, capacity 35306K, committed 35456K, reserved 1079296K
  class space    used 4745K, capacity 4929K, committed 4992K, reserved 1048576K
Event: 9.729 GC heap after
Heap after GC invocations=12 (full 1):
 PSYoungGen      total 82432K, used 8689K [0x00000000eab00000, 0x00000000f2100000, 0x0000000100000000)
  eden space 73728K, 0% used [0x00000000eab00000,0x00000000eab00000,0x00000000ef300000)
  from space 8704K, 99% used [0x00000000ef300000,0x00000000efb7c688,0x00000000efb80000)
  to   space 11776K, 0% used [0x00000000f1580000,0x00000000f1580000,0x00000000f2100000)
 ParOldGen       total 35328K, used 16818K [0x00000000c0000000, 0x00000000c2280000, 0x00000000eab00000)
  object space 35328K, 47% used [0x00000000c0000000,0x00000000c106c9a8,0x00000000c2280000)
 Metaspace       used 34610K, capacity 35306K, committed 35456K, reserved 1079296K
  class space    used 4745K, capacity 4929K, committed 4992K, reserved 1048576K
}
Event: 9.788 GC heap before
{Heap before GC invocations=13 (full 1):
 PSYoungGen      total 82432K, used 15175K [0x00000000eab00000, 0x00000000f2100000, 0x0000000100000000)
  eden space 73728K, 8% used [0x00000000eab00000,0x00000000eb155578,0x00000000ef300000)
  from space 8704K, 99% used [0x00000000ef300000,0x00000000efb7c688,0x00000000efb80000)
  to   space 11776K, 0% used [0x00000000f1580000,0x00000000f1580000,0x00000000f2100000)
 ParOldGen       total 35328K, used 16818K [0x00000000c0000000, 0x00000000c2280000, 0x00000000eab00000)
  object space 35328K, 47% used [0x00000000c0000000,0x00000000c106c9a8,0x00000000c2280000)
 Metaspace       used 34691K, capacity 35324K, committed 35456K, reserved 1079296K
  class space    used 4765K, capacity 4935K, committed 4992K, reserved 1048576K
Event: 9.802 GC heap after
Heap after GC invocations=13 (full 1):
 PSYoungGen      total 109056K, used 928K [0x00000000eab00000, 0x00000000f2c00000, 0x0000000100000000)
  eden space 97280K, 0% used [0x00000000eab00000,0x00000000eab00000,0x00000000f0a00000)
  from space 11776K, 7% used [0x00000000f1580000,0x00000000f1668000,0x00000000f2100000)
  to   space 11776K, 0% used [0x00000000f0a00000,0x00000000f0a00000,0x00000000f1580000)
 ParOldGen       total 35328K, used 24240K [0x00000000c0000000, 0x00000000c2280000, 0x00000000eab00000)
  object space 35328K, 68% used [0x00000000c0000000,0x00000000c17ac388,0x00000000c2280000)
 Metaspace       used 34691K, capacity 35324K, committed 35456K, reserved 1079296K
  class space    used 4765K, capacity 4935K, committed 4992K, reserved 1048576K
}
Event: 9.802 GC heap before
{Heap before GC invocations=14 (full 2):
 PSYoungGen      total 109056K, used 928K [0x00000000eab00000, 0x00000000f2c00000, 0x0000000100000000)
  eden space 97280K, 0% used [0x00000000eab00000,0x00000000eab00000,0x00000000f0a00000)
  from space 11776K, 7% used [0x00000000f1580000,0x00000000f1668000,0x00000000f2100000)
  to   space 11776K, 0% used [0x00000000f0a00000,0x00000000f0a00000,0x00000000f1580000)
 ParOldGen       total 35328K, used 24240K [0x00000000c0000000, 0x00000000c2280000, 0x00000000eab00000)
  object space 35328K, 68% used [0x00000000c0000000,0x00000000c17ac388,0x00000000c2280000)
 Metaspace       used 34691K, capacity 35324K, committed 35456K, reserved 1079296K
  class space    used 4765K, capacity 4935K, committed 4992K, reserved 1048576K
Event: 9.933 GC heap after
Heap after GC invocations=14 (full 2):
 PSYoungGen      total 109056K, used 0K [0x00000000eab00000, 0x00000000f2c00000, 0x0000000100000000)
  eden space 97280K, 0% used [0x00000000eab00000,0x00000000eab00000,0x00000000f0a00000)
  from space 11776K, 0% used [0x00000000f1580000,0x00000000f1580000,0x00000000f2100000)
  to   space 11776K, 0% used [0x00000000f0a00000,0x00000000f0a00000,0x00000000f1580000)
 ParOldGen       total 56320K, used 21700K [0x00000000c0000000, 0x00000000c3700000, 0x00000000eab00000)
  object space 56320K, 38% used [0x00000000c0000000,0x00000000c1531050,0x00000000c3700000)
 Metaspace       used 34691K, capacity 35324K, committed 35456K, reserved 1079296K
  class space    used 4765K, capacity 4935K, committed 4992K, reserved 1048576K
}
Event: 12.021 GC heap before
{Heap before GC invocations=15 (full 2):
 PSYoungGen      total 109056K, used 97280K [0x00000000eab00000, 0x00000000f2c00000, 0x0000000100000000)
  eden space 97280K, 100% used [0x00000000eab00000,0x00000000f0a00000,0x00000000f0a00000)
  from space 11776K, 0% used [0x00000000f1580000,0x00000000f1580000,0x00000000f2100000)
  to   space 11776K, 0% used [0x00000000f0a00000,0x00000000f0a00000,0x00000000f1580000)
 ParOldGen       total 56320K, used 21700K [0x00000000c0000000, 0x00000000c3700000, 0x00000000eab00000)
  object space 56320K, 38% used [0x00000000c0000000,0x00000000c1531050,0x00000000c3700000)
 Metaspace       used 38681K, capacity 39674K, committed 39808K, reserved 1083392K
  class space    used 5390K, capacity 5662K, committed 5760K, reserved 1048576K
Event: 12.041 GC heap after
Heap after GC invocations=15 (full 2):
 PSYoungGen      total 109056K, used 10451K [0x00000000eab00000, 0x00000000f4c80000, 0x0000000100000000)
  eden space 97280K, 0% used [0x00000000eab00000,0x00000000eab00000,0x00000000f0a00000)
  from space 11776K, 88% used [0x00000000f0a00000,0x00000000f1434c50,0x00000000f1580000)
  to   space 13312K, 0% used [0x00000000f3f80000,0x00000000f3f80000,0x00000000f4c80000)
 ParOldGen       total 56320K, used 21708K [0x00000000c0000000, 0x00000000c3700000, 0x00000000eab00000)
  object space 56320K, 38% used [0x00000000c0000000,0x00000000c1533050,0x00000000c3700000)
 Metaspace       used 38681K, capacity 39674K, committed 39808K, reserved 1083392K
  class space    used 5390K, capacity 5662K, committed 5760K, reserved 1048576K
}

Deoptimization events (10 events):
Event: 12.399 Thread 0x00000000580e2800 Uncommon trap: reason=bimorphic action=maybe_recompile pc=0x0000000002693240 method=java.util.Hashtable.put(Ljava/lang/Object;Ljava/lang/Object;)Ljava/lang/Object; @ 18
Event: 12.399 Thread 0x00000000580e2800 Uncommon trap: reason=bimorphic action=maybe_recompile pc=0x000000000302718c method=java.util.Hashtable.get(Ljava/lang/Object;)Ljava/lang/Object; @ 45
Event: 12.399 Thread 0x00000000580e2800 Uncommon trap: reason=bimorphic action=maybe_recompile pc=0x000000000302718c method=java.util.Hashtable.get(Ljava/lang/Object;)Ljava/lang/Object; @ 45
Event: 12.399 Thread 0x00000000580e2800 Uncommon trap: reason=bimorphic action=maybe_recompile pc=0x000000000302718c method=java.util.Hashtable.get(Ljava/lang/Object;)Ljava/lang/Object; @ 45
Event: 12.488 Thread 0x00000000580e2800 Uncommon trap: reason=class_check action=maybe_recompile pc=0x0000000002691e60 method=java.util.Hashtable.addEntry(ILjava/lang/Object;Ljava/lang/Object;I)V @ 38
Event: 12.489 Thread 0x00000000580e2800 Uncommon trap: reason=class_check action=maybe_recompile pc=0x0000000002691e60 method=java.util.Hashtable.addEntry(ILjava/lang/Object;Ljava/lang/Object;I)V @ 38
Event: 12.491 Thread 0x00000000580e2800 Uncommon trap: reason=class_check action=maybe_recompile pc=0x0000000002691e60 method=java.util.Hashtable.addEntry(ILjava/lang/Object;Ljava/lang/Object;I)V @ 38
Event: 12.494 Thread 0x00000000580e2800 Uncommon trap: reason=class_check action=maybe_recompile pc=0x0000000002691e60 method=java.util.Hashtable.addEntry(ILjava/lang/Object;Ljava/lang/Object;I)V @ 38
Event: 12.533 Thread 0x000000005ab0a000 Uncommon trap: reason=class_check action=maybe_recompile pc=0x0000000002993758 method=java.util.concurrent.ConcurrentHashMap.putVal(Ljava/lang/Object;Ljava/lang/Object;Z)Ljava/lang/Object; @ 192
Event: 12.614 Thread 0x00000000580e2800 Uncommon trap: reason=class_check action=maybe_recompile pc=0x0000000002993758 method=java.util.concurrent.ConcurrentHashMap.putVal(Ljava/lang/Object;Ljava/lang/Object;Z)Ljava/lang/Object; @ 192

Internal exceptions (10 events):
Event: 11.453 Thread 0x00000000580e2800 Exception <a 'java/lang/ClassNotFoundException': com/android/build/gradle/internal/core/MergedNdkConfigBeanInfo> (0x00000000efa0adf0) thrown at [C:\re\workspace\8-2-build-windows-amd64-cygwin\jdk8u60\4407\hotspot\src\share\vm\classfile\systemDictionary.cppm€$ØZè&@
Event: 11.454 Thread 0x00000000580e2800 Exception <a 'java/lang/ClassNotFoundException': com/android/build/gradle/internal/core/MergedNdkConfigCustomizer> (0x00000000efa1c3b0) thrown at [C:\re\workspace\8-2-build-windows-amd64-cygwin\jdk8u60\4407\hotspot\src\share\vm\classfile\systemDictionary.c.ÏŒáqé&@
Event: 11.456 Thread 0x00000000580e2800 Exception <a 'java/lang/ClassNotFoundException': com/android/sdklib/BuildToolInfoBeanInfo> (0x00000000efa48ff0) thrown at [C:\re\workspace\8-2-build-windows-amd64-cygwin\jdk8u60\4407\hotspot\src\share\vm\classfile\systemDictionary.cpp, line 210]
Event: 11.456 Thread 0x00000000580e2800 Exception <a 'java/lang/ClassNotFoundException': com/android/sdklib/BuildToolInfoCustomizer> (0x00000000efa566e0) thrown at [C:\re\workspace\8-2-build-windows-amd64-cygwin\jdk8u60\4407\hotspot\src\share\vm\classfile\systemDictionary.cpp, line 210]
Event: 11.459 Thread 0x00000000580e2800 Exception <a 'java/lang/ClassNotFoundException': com/android/builder/model/AndroidProjectBeanInfo> (0x00000000efa83900) thrown at [C:\re\workspace\8-2-build-windows-amd64-cygwin\jdk8u60\4407\hotspot\src\share\vm\classfile\systemDictionary.cpp, line 210]
Event: 11.459 Thread 0x00000000580e2800 Exception <a 'java/lang/ClassNotFoundException': com/android/builder/model/AndroidProjectCustomizer> (0x00000000efa924d0) thrown at [C:\re\workspace\8-2-build-windows-amd64-cygwin\jdk8u60\4407\hotspot\src\share\vm\classfile\systemDictionary.cpp, line 210]
Event: 11.467 Thread 0x00000000580e2800 Exception <a 'java/lang/ClassNotFoundException': com/android/builder/core/DefaultApiVersionBeanInfo> (0x00000000efb08900) thrown at [C:\re\workspace\8-2-build-windows-amd64-cygwin\jdk8u60\4407\hotspot\src\share\vm\classfile\systemDictionary.cpp, line 210]
Event: 11.468 Thread 0x00000000580e2800 Exception <a 'java/lang/ClassNotFoundException': com/android/builder/core/DefaultApiVersionCustomizer> (0x00000000efb17ef8) thrown at [C:\re\workspace\8-2-build-windows-amd64-cygwin\jdk8u60\4407\hotspot\src\share\vm\classfile\systemDictionary.cpp, line 210#¶Ó—$'@
Event: 11.571 Thread 0x00000000580e2800 Exception <a 'java/lang/ClassNotFoundException': com/google/common/collect/ListsBeanInfo> (0x00000000efc5e638) thrown at [C:\re\workspace\8-2-build-windows-amd64-cygwin\jdk8u60\4407\hotspot\src\share\vm\classfile\systemDictionary.cpp, line 210]
Event: 11.572 Thread 0x00000000580e2800 Exception <a 'java/lang/ClassNotFoundException': com/google/common/collect/ListsCustomizer> (0x00000000efc6bd18) thrown at [C:\re\workspace\8-2-build-windows-amd64-cygwin\jdk8u60\4407\hotspot\src\share\vm\classfile\systemDictionary.cpp, line 210]

Events (10 events):
Event: 12.611 Thread 0x00000000580e2800 DEOPT UNPACKING pc=0x000000000250787f sp=0x00000000596db690 mode 0
Event: 12.612 Thread 0x00000000580e2800 DEOPT PACKING pc=0x000000000347af9b sp=0x00000000596db720
Event: 12.612 Thread 0x00000000580e2800 DEOPT UNPACKING pc=0x000000000250787f sp=0x00000000596db520 mode 0
Event: 12.613 Thread 0x00000000580e2800 DEOPT PACKING pc=0x000000000347af9b sp=0x00000000596db720
Event: 12.613 Thread 0x00000000580e2800 DEOPT UNPACKING pc=0x000000000250787f sp=0x00000000596db520 mode 0
Event: 12.613 Thread 0x00000000580e2800 Uncommon trap: trap_request=0xffffffde fr.pc=0x0000000002993758
Event: 12.613 Executing VM operation: RevokeBias
Event: 12.614 Executing VM operation: RevokeBias done
Event: 12.614 Thread 0x00000000580e2800 DEOPT PACKING pc=0x0000000002993758 sp=0x00000000596dc530
Event: 12.614 Thread 0x00000000580e2800 DEOPT UNPACKING pc=0x000000000250582a sp=0x00000000596dc4b8 mode 2


Dynamic libraries:
0x000000013f070000 - 0x000000013f0a7000 	C:\Program Files\Java\jdk1.8.0_60\bin\java.exe
0x0000000077b50000 - 0x0000000077cfa000 	C:\Windows\SYSTEM32\ntdll.dll
0x0000000077930000 - 0x0000000077a4f000 	C:\Windows\system32\kernel32.dll
0x000007fefd8f0000 - 0x000007fefd95a000 	C:\Windows\system32\KERNELBASE.dll
0x000007feff030000 - 0x000007feff10b000 	C:\Windows\system32\ADVAPI32.dll
0x000007feff770000 - 0x000007feff80f000 	C:\Windows\system32\msvcrt.dll
0x000007feff510000 - 0x000007feff52f000 	C:\Windows\SYSTEM32\sechost.dll
0x000007fefecf0000 - 0x000007fefee1d000 	C:\Windows\system32\RPCRT4.dll
0x0000000077a50000 - 0x0000000077b4a000 	C:\Windows\system32\USER32.dll
0x000007fefefb0000 - 0x000007feff017000 	C:\Windows\system32\GDI32.dll
0x000007feff760000 - 0x000007feff76e000 	C:\Windows\system32\LPK.dll
0x000007feffcf0000 - 0x000007feffdba000 	C:\Windows\system32\USP10.dll
0x000007fefc1c0000 - 0x000007fefc3b4000 	C:\Windows\WinSxS\amd64_microsoft.windows.common-controls_6595b64144ccf1df_6.0.7601.18837_none_fa3b1e3d17594757\COMCTL32.dll
0x000007feffaa0000 - 0x000007feffb11000 	C:\Windows\system32\SHLWAPI.dll
0x000007feff4e0000 - 0x000007feff50e000 	C:\Windows\system32\IMM32.DLL
0x000007feff3d0000 - 0x000007feff4d9000 	C:\Windows\system32\MSCTF.dll
0x0000000073dc0000 - 0x0000000073e92000 	C:\Program Files\Java\jdk1.8.0_60\jre\bin\msvcr100.dll
0x000000006c550000 - 0x000000006cdd9000 	C:\Program Files\Java\jdk1.8.0_60\jre\bin\server\jvm.dll
0x000007fefb320000 - 0x000007fefb329000 	C:\Windows\system32\WSOCK32.dll
0x000007feffba0000 - 0x000007feffbed000 	C:\Windows\system32\WS2_32.dll
0x000007feff020000 - 0x000007feff028000 	C:\Windows\system32\NSI.dll
0x000007fefa2f0000 - 0x000007fefa32b000 	C:\Windows\system32\WINMM.dll
0x000007fefc7b0000 - 0x000007fefc7bc000 	C:\Windows\system32\VERSION.dll
0x0000000077d20000 - 0x0000000077d27000 	C:\Windows\system32\PSAPI.DLL
0x0000000075350000 - 0x000000007535f000 	C:\Program Files\Java\jdk1.8.0_60\jre\bin\verify.dll
0x00000000752c0000 - 0x00000000752e9000 	C:\Program Files\Java\jdk1.8.0_60\jre\bin\java.dll
0x0000000075330000 - 0x0000000075346000 	C:\Program Files\Java\jdk1.8.0_60\jre\bin\zip.dll
0x000007fefdf60000 - 0x000007fefecea000 	C:\Windows\system32\SHELL32.dll
0x000007feff530000 - 0x000007feff733000 	C:\Windows\system32\ole32.dll
0x000007fefd8d0000 - 0x000007fefd8df000 	C:\Windows\system32\profapi.dll
0x00000000752a0000 - 0x00000000752ba000 	C:\Program Files\Java\jdk1.8.0_60\jre\bin\net.dll
0x000007fefd0b0000 - 0x000007fefd105000 	C:\Windows\system32\mswsock.dll
0x000007fefd0a0000 - 0x000007fefd0a7000 	C:\Windows\System32\wship6.dll
0x00000000751f0000 - 0x0000000075201000 	C:\Program Files\Java\jdk1.8.0_60\jre\bin\nio.dll
0x000007fefac80000 - 0x000007fefac92000 	C:\Users\Agustin\.gradle\native\19\windows-amd64\native-platform.dll
0x000007fef9ad0000 - 0x000007fef9af7000 	C:\Windows\system32\IPHLPAPI.DLL
0x000007fef9ac0000 - 0x000007fef9acb000 	C:\Windows\system32\WINNSI.DLL
0x000007fef96d0000 - 0x000007fef96e1000 	C:\Windows\system32\dhcpcsvc6.DLL
0x000007fef96b0000 - 0x000007fef96c8000 	C:\Windows\system32\dhcpcsvc.DLL
0x000007fefd110000 - 0x000007fefd128000 	C:\Windows\system32\CRYPTSP.dll
0x000007fefce10000 - 0x000007fefce57000 	C:\Windows\system32\rsaenh.dll
0x000007fefdbb0000 - 0x000007fefdbce000 	C:\Windows\system32\USERENV.dll
0x000007fefd770000 - 0x000007fefd77f000 	C:\Windows\system32\CRYPTBASE.dll
0x000007fefd710000 - 0x000007fefd767000 	C:\Windows\system32\apphelp.dll
0x0000000075290000 - 0x000000007529d000 	C:\Program Files\Java\jdk1.8.0_60\jre\bin\management.dll

VM Arguments:
jvm_args: -XX:MaxPermSize=256m -XX:+HeapDumpOnOutOfMemoryError -Xmx1024m -Dfile.encoding=windows-1252 -Duser.country=ES -Duser.language=es -Duser.variant 
java_command: org.gradle.launcher.daemon.bootstrap.GradleDaemon 2.8
java_class_path (initial): C:\Program Files\Android\Android Studio\gradle\gradle-2.8\lib\gradle-launcher-2.8.jar
Launcher Type: SUN_STANDARD

Environment Variables:
JAVA_HOME=C:\Program Files\Java\jdk1.8.0_92
JRE_HOME=C:\Program Files\Java\jre1.8.0_92
PATH=C:\Program Files\Common Files\Microsoft Shared\Windows Live;C:\Program Files (x86)\Common Files\Microsoft Shared\Windows Live;C:\ProgramData\Oracle\Java\javapath;C:\Windows\system32;C:\Windows;C:\Windows\System32\Wbem;C:\Windows\System32\WindowsPowerShell\v1.0\;C:\Program Files (x86)\Windows Live\Shared;C:\Program Files (x86)\Skype\Phone\;C:\Program Files\Java\jdk1.8.0_60\bin;C:\Program Files\Mercurial; C:\Program Files\Java\jdk1.8.0_60\bin
USERNAME=Agustin
OS=Windows_NT
PROCESSOR_IDENTIFIER=Intel64 Family 6 Model 42 Stepping 7, GenuineIntel



---------------  S Y S T E M  ---------------

OS: Windows 7 , 64 bit Build 7601 (6.1.7601.23418)

CPU:total 4 (2 cores per cpu, 2 threads per core) family 6 model 42 stepping 7, cmov, cx8, fxsr, mmx, sse, sse2, sse3, ssse3, sse4.1, sse4.2, popcnt, avx, clmul, ht, tsc, tscinvbit

Memory: 4k page, physical 4127088k(510336k free), swap 4640584k(6092k free)

vm_info: Java HotSpot(TM) 64-Bit Server VM (25.60-b23) for windows-amd64 JRE (1.8.0_60-b27), built on Aug  4 2015 11:06:27 by "java_re" with MS VC++ 10.0 (VS2010)

time: Sun May 29 11:05:52 2016
elapsed time: 12 seconds (0d 0h 0m 12s)

