#
# There is insufficient memory for the Java Runtime Environment to continue.
# Native memory allocation (malloc) failed to allocate 1525008 bytes for Chunk::new
# Possible reasons:
#   The system is out of physical RAM or swap space
#   In 32 bit mode, the process size limit was hit
# Possible solutions:
#   Reduce memory load on the system
#   Increase physical memory or swap space
#   Check if swap backing store is full
#   Use 64 bit Java on a 64 bit OS
#   Decrease Java heap size (-Xmx/-Xms)
#   Decrease number of Java threads
#   Decrease Java thread stack sizes (-Xss)
#   Set larger code cache with -XX:ReservedCodeCacheSize=
# This output file may be truncated or incomplete.
#
#  Out of Memory Error (allocation.cpp:390), pid=1444, tid=6288
#
# JRE version: Java(TM) SE Runtime Environment (8.0_60-b27) (build 1.8.0_60-b27)
# Java VM: Java HotSpot(TM) 64-Bit Server VM (25.60-b23 mixed mode windows-amd64 compressed oops)
# Failed to write core dump. Minidumps are not enabled by default on client versions of Windows
#

---------------  T H R E A D  ---------------

Current thread (0x0000000054c85000):  JavaThread "C2 CompilerThread1" daemon [_thread_in_native, id=6288, stack(0x00000000565e0000,0x00000000566e0000)]

Stack: [0x00000000565e0000,0x00000000566e0000]
[error occurred during error reporting (printing stack bounds), id 0xc0000005]

Native frames: (J=compiled Java code, j=interpreted, Vv=VM code, C=native code)


Current CompileTask:
C2:  33706 3705       4       java.net.URLClassLoader$1::run (5 bytes)


---------------  P R O C E S S  ---------------

Java Threads: ( => current thread )
  0x0000000057cd8000 JavaThread "File lock request listener" [_thread_in_native, id=2128, stack(0x000000005b870000,0x000000005b970000)]
  0x0000000057ad3800 JavaThread "Stdin handler" [_thread_blocked, id=5752, stack(0x0000000059c50000,0x0000000059d50000)]
  0x0000000057957800 JavaThread "Daemon worker" [_thread_in_vm, id=5044, stack(0x0000000059a50000,0x0000000059b50000)]
  0x0000000057ad4800 JavaThread "Cancel handler" [_thread_blocked, id=6388, stack(0x0000000059860000,0x0000000059960000)]
  0x00000000579f1000 JavaThread "Handler for socket connection from /127.0.0.1:58680 to /127.0.0.1:58681" [_thread_in_native, id=6636, stack(0x0000000059580000,0x0000000059680000)]
  0x00000000579ee800 JavaThread "Daemon" [_thread_blocked, id=3076, stack(0x0000000058890000,0x0000000058990000)]
  0x00000000577cb800 JavaThread "Incoming local TCP Connector on port 58680" [_thread_in_native, id=1408, stack(0x0000000059250000,0x0000000059350000)]
  0x0000000056748000 JavaThread "Service Thread" daemon [_thread_blocked, id=3172, stack(0x0000000056b80000,0x0000000056c80000)]
  0x0000000054c86800 JavaThread "C1 CompilerThread2" daemon [_thread_blocked, id=6160, stack(0x0000000056490000,0x0000000056590000)]
=>0x0000000054c85000 JavaThread "C2 CompilerThread1" daemon [_thread_in_native, id=6288, stack(0x00000000565e0000,0x00000000566e0000)]
  0x0000000054c81800 JavaThread "C2 CompilerThread0" daemon [_thread_in_native, id=5748, stack(0x0000000056370000,0x0000000056470000)]
  0x0000000054c8e800 JavaThread "Attach Listener" daemon [_thread_blocked, id=2064, stack(0x0000000056150000,0x0000000056250000)]
  0x0000000054c8d000 JavaThread "Signal Dispatcher" daemon [_thread_blocked, id=6856, stack(0x0000000055fd0000,0x00000000560d0000)]
  0x0000000054c22800 JavaThread "Finalizer" daemon [_thread_blocked, id=6836, stack(0x0000000055c00000,0x0000000055d00000)]
  0x0000000054c21000 JavaThread "Reference Handler" daemon [_thread_blocked, id=6376, stack(0x0000000055d80000,0x0000000055e80000)]
  0x0000000001ccf000 JavaThread "main" [_thread_blocked, id=5620, stack(0x00000000020e0000,0x00000000021e0000)]

Other Threads:
  0x0000000054c1b800 VMThread [stack: 0x0000000055ab0000,0x0000000055bb0000] [id=6204]
  0x000000005677e800 WatcherThread [stack: 0x0000000056cc0000,0x0000000056dc0000] [id=7072]

VM state:not at safepoint (normal execution)

VM Mutex/Monitor currently owned by a thread: None

Heap:
 PSYoungGen      total 232448K, used 47873K [0x00000000eab00000, 0x00000000fa000000, 0x0000000100000000)
  eden space 223744K, 17% used [0x00000000eab00000,0x00000000ed140860,0x00000000f8580000)
  from space 8704K, 99% used [0x00000000f9180000,0x00000000f99ffda8,0x00000000f9a00000)
  to   space 12288K, 0% used [0x00000000f8580000,0x00000000f8580000,0x00000000f9180000)
 ParOldGen       total 32768K, used 12191K [0x00000000c0000000, 0x00000000c2000000, 0x00000000eab00000)
  object space 32768K, 37% used [0x00000000c0000000,0x00000000c0be7d48,0x00000000c2000000)
 Metaspace       used 32895K, capacity 33682K, committed 33792K, reserved 1079296K
  class space    used 4366K, capacity 4603K, committed 4608K, reserved 1048576K

Card table byte_map: [0x0000000011870000,0x0000000011a80000] byte_map_base: 0x0000000011270000

Marking Bits: (ParMarkBitMap*) 0x000000005919a5b0
 Begin Bits: [0x0000000012090000, 0x0000000013090000)
 End Bits:   [0x0000000013090000, 0x0000000014090000)

Polling page: 0x0000000000320000

CodeCache: size=245760Kb used=13643Kb max_used=13891Kb free=232116Kb
 bounds [0x00000000024b0000, 0x0000000003260000, 0x00000000114b0000]
 total_blobs=4048 nmethods=3392 adapters=567
 compilation: enabled

Compilation events (10 events):
Event: 33.152 Thread 0x0000000054c86800 3714       3       java.lang.ClassLoader::addClass (9 bytes)
Event: 33.152 Thread 0x0000000054c86800 nmethod 3714 0x000000000265b210 code [0x000000000265b380, 0x000000000265b5a8]
Event: 33.157 Thread 0x0000000054c86800 3715       3       org.codehaus.groovy.util.SingleKeyHashMap::containsKey (14 bytes)
Event: 33.157 Thread 0x0000000054c86800 nmethod 3715 0x00000000026f2d50 code [0x00000000026f2ec0, 0x00000000026f3128]
Event: 33.157 Thread 0x0000000054c86800 3716       1       groovy.lang.GroovySystem::getMetaClassRegistry (4 bytes)
Event: 33.158 Thread 0x0000000054c86800 nmethod 3716 0x0000000002788450 code [0x00000000027885a0, 0x0000000002788690]
Event: 33.158 Thread 0x0000000054c86800 3717       3       groovy.lang.MetaBeanProperty::getProperty (64 bytes)
Event: 33.160 Thread 0x0000000054c86800 nmethod 3717 0x0000000002c65550 code [0x0000000002c65760, 0x0000000002c660f8]
Event: 33.162 Thread 0x0000000054c86800 3718       3       java.security.Permission::<init> (10 bytes)
Event: 33.162 Thread 0x0000000054c86800 nmethod 3718 0x0000000002c23f10 code [0x0000000002c24060, 0x0000000002c24230]

GC Heap History (10 events):
Event: 9.412 GC heap before
{Heap before GC invocations=5 (full 0):
 PSYoungGen      total 68096K, used 15333K [0x00000000eab00000, 0x00000000ef000000, 0x0000000100000000)
  eden space 65536K, 19% used [0x00000000eab00000,0x00000000eb77d788,0x00000000eeb00000)
  from space 2560K, 99% used [0x00000000eed80000,0x00000000eeffc010,0x00000000ef000000)
  to   space 2560K, 0% used [0x00000000eeb00000,0x00000000eeb00000,0x00000000eed80000)
 ParOldGen       total 44032K, used 10605K [0x00000000c0000000, 0x00000000c2b00000, 0x00000000eab00000)
  object space 44032K, 24% used [0x00000000c0000000,0x00000000c0a5b4c0,0x00000000c2b00000)
 Metaspace       used 20728K, capacity 21118K, committed 21296K, reserved 1067008K
  class space    used 2721K, capacity 2860K, committed 2944K, reserved 1048576K
Event: 9.835 GC heap after
Heap after GC invocations=5 (full 0):
 PSYoungGen      total 68096K, used 2536K [0x00000000eab00000, 0x00000000f3d00000, 0x0000000100000000)
  eden space 65536K, 0% used [0x00000000eab00000,0x00000000eab00000,0x00000000eeb00000)
  from space 2560K, 99% used [0x00000000eeb00000,0x00000000eed7a0e0,0x00000000eed80000)
  to   space 9216K, 0% used [0x00000000f3400000,0x00000000f3400000,0x00000000f3d00000)
 ParOldGen       total 44032K, used 12401K [0x00000000c0000000, 0x00000000c2b00000, 0x00000000eab00000)
  object space 44032K, 28% used [0x00000000c0000000,0x00000000c0c1c6e8,0x00000000c2b00000)
 Metaspace       used 20728K, capacity 21118K, committed 21296K, reserved 1067008K
  class space    used 2721K, capacity 2860K, committed 2944K, reserved 1048576K
}
Event: 9.835 GC heap before
{Heap before GC invocations=6 (full 1):
 PSYoungGen      total 68096K, used 2536K [0x00000000eab00000, 0x00000000f3d00000, 0x0000000100000000)
  eden space 65536K, 0% used [0x00000000eab00000,0x00000000eab00000,0x00000000eeb00000)
  from space 2560K, 99% used [0x00000000eeb00000,0x00000000eed7a0e0,0x00000000eed80000)
  to   space 9216K, 0% used [0x00000000f3400000,0x00000000f3400000,0x00000000f3d00000)
 ParOldGen       total 44032K, used 12401K [0x00000000c0000000, 0x00000000c2b00000, 0x00000000eab00000)
  object space 44032K, 28% used [0x00000000c0000000,0x00000000c0c1c6e8,0x00000000c2b00000)
 Metaspace       used 20728K, capacity 21118K, committed 21296K, reserved 1067008K
  class space    used 2721K, capacity 2860K, committed 2944K, reserved 1048576K
Event: 9.979 GC heap after
Heap after GC invocations=6 (full 1):
 PSYoungGen      total 68096K, used 0K [0x00000000eab00000, 0x00000000f3d00000, 0x0000000100000000)
  eden space 65536K, 0% used [0x00000000eab00000,0x00000000eab00000,0x00000000eeb00000)
  from space 2560K, 0% used [0x00000000eeb00000,0x00000000eeb00000,0x00000000eed80000)
  to   space 9216K, 0% used [0x00000000f3400000,0x00000000f3400000,0x00000000f3d00000)
 ParOldGen       total 32768K, used 7754K [0x00000000c0000000, 0x00000000c2000000, 0x00000000eab00000)
  object space 32768K, 23% used [0x00000000c0000000,0x00000000c0792980,0x00000000c2000000)
 Metaspace       used 20728K, capacity 21118K, committed 21296K, reserved 1067008K
  class space    used 2721K, capacity 2860K, committed 2944K, reserved 1048576K
}
Event: 11.062 GC heap before
{Heap before GC invocations=7 (full 1):
 PSYoungGen      total 68096K, used 65536K [0x00000000eab00000, 0x00000000f3d00000, 0x0000000100000000)
  eden space 65536K, 100% used [0x00000000eab00000,0x00000000eeb00000,0x00000000eeb00000)
  from space 2560K, 0% used [0x00000000eeb00000,0x00000000eeb00000,0x00000000eed80000)
  to   space 9216K, 0% used [0x00000000f3400000,0x00000000f3400000,0x00000000f3d00000)
 ParOldGen       total 32768K, used 7754K [0x00000000c0000000, 0x00000000c2000000, 0x00000000eab00000)
  object space 32768K, 23% used [0x00000000c0000000,0x00000000c0792980,0x00000000c2000000)
 Metaspace       used 21204K, capacity 21598K, committed 21888K, reserved 1069056K
  class space    used 2755K, capacity 2892K, committed 2944K, reserved 1048576K
Event: 11.142 GC heap after
Heap after GC invocations=7 (full 1):
 PSYoungGen      total 124416K, used 1568K [0x00000000eab00000, 0x00000000f3600000, 0x0000000100000000)
  eden space 122368K, 0% used [0x00000000eab00000,0x00000000eab00000,0x00000000f2280000)
  from space 2048K, 76% used [0x00000000f3400000,0x00000000f3588030,0x00000000f3600000)
  to   space 9216K, 0% used [0x00000000f2400000,0x00000000f2400000,0x00000000f2d00000)
 ParOldGen       total 32768K, used 7762K [0x00000000c0000000, 0x00000000c2000000, 0x00000000eab00000)
  object space 32768K, 23% used [0x00000000c0000000,0x00000000c0794980,0x00000000c2000000)
 Metaspace       used 21204K, capacity 21598K, committed 21888K, reserved 1069056K
  class space    used 2755K, capacity 2892K, committed 2944K, reserved 1048576K
}
Event: 13.385 GC heap before
{Heap before GC invocations=8 (full 1):
 PSYoungGen      total 124416K, used 123936K [0x00000000eab00000, 0x00000000f3600000, 0x0000000100000000)
  eden space 122368K, 100% used [0x00000000eab00000,0x00000000f2280000,0x00000000f2280000)
  from space 2048K, 76% used [0x00000000f3400000,0x00000000f3588030,0x00000000f3600000)
  to   space 9216K, 0% used [0x00000000f2400000,0x00000000f2400000,0x00000000f2d00000)
 ParOldGen       total 32768K, used 7762K [0x00000000c0000000, 0x00000000c2000000, 0x00000000eab00000)
  object space 32768K, 23% used [0x00000000c0000000,0x00000000c0794980,0x00000000c2000000)
 Metaspace       used 22265K, capacity 22666K, committed 22784K, reserved 1069056K
  class space    used 2850K, capacity 2990K, committed 3072K, reserved 1048576K
Event: 13.531 GC heap after
Heap after GC invocations=8 (full 1):
 PSYoungGen      total 133120K, used 4027K [0x00000000eab00000, 0x00000000f9a00000, 0x0000000100000000)
  eden space 123904K, 0% used [0x00000000eab00000,0x00000000eab00000,0x00000000f2400000)
  from space 9216K, 43% used [0x00000000f2400000,0x00000000f27eeed0,0x00000000f2d00000)
  to   space 8704K, 0% used [0x00000000f9180000,0x00000000f9180000,0x00000000f9a00000)
 ParOldGen       total 32768K, used 7770K [0x00000000c0000000, 0x00000000c2000000, 0x00000000eab00000)
  object space 32768K, 23% used [0x00000000c0000000,0x00000000c0796980,0x00000000c2000000)
 Metaspace       used 22265K, capacity 22666K, committed 22784K, reserved 1069056K
  class space    used 2850K, capacity 2990K, committed 3072K, reserved 1048576K
}
Event: 28.992 GC heap before
{Heap before GC invocations=9 (full 1):
 PSYoungGen      total 133120K, used 127931K [0x00000000eab00000, 0x00000000f9a00000, 0x0000000100000000)
  eden space 123904K, 100% used [0x00000000eab00000,0x00000000f2400000,0x00000000f2400000)
  from space 9216K, 43% used [0x00000000f2400000,0x00000000f27eeed0,0x00000000f2d00000)
  to   space 8704K, 0% used [0x00000000f9180000,0x00000000f9180000,0x00000000f9a00000)
 ParOldGen       total 32768K, used 7770K [0x00000000c0000000, 0x00000000c2000000, 0x00000000eab00000)
  object space 32768K, 23% used [0x00000000c0000000,0x00000000c0796980,0x00000000c2000000)
 Metaspace       used 30255K, capacity 30838K, committed 31104K, reserved 1077248K
  class space    used 4006K, capacity 4163K, committed 4224K, reserved 1048576K
Event: 29.180 GC heap after
Heap after GC invocations=9 (full 1):
 PSYoungGen      total 232448K, used 8703K [0x00000000eab00000, 0x00000000fa000000, 0x0000000100000000)
  eden space 223744K, 0% used [0x00000000eab00000,0x00000000eab00000,0x00000000f8580000)
  from space 8704K, 99% used [0x00000000f9180000,0x00000000f99ffda8,0x00000000f9a00000)
  to   space 12288K, 0% used [0x00000000f8580000,0x00000000f8580000,0x00000000f9180000)
 ParOldGen       total 32768K, used 12191K [0x00000000c0000000, 0x00000000c2000000, 0x00000000eab00000)
  object space 32768K, 37% used [0x00000000c0000000,0x00000000c0be7d48,0x00000000c2000000)
 Metaspace       used 30255K, capacity 30838K, committed 31104K, reserved 1077248K
  class space    used 4006K, capacity 4163K, committed 4224K, reserved 1048576K
}

Deoptimization events (10 events):
Event: 32.978 Thread 0x0000000057957800 Uncommon trap: reason=bimorphic action=maybe_recompile pc=0x0000000003027b18 method=java.util.Hashtable.put(Ljava/lang/Object;Ljava/lang/Object;)Ljava/lang/Object; @ 18
Event: 32.978 Thread 0x0000000057957800 Uncommon trap: reason=bimorphic action=maybe_recompile pc=0x0000000003027b18 method=java.util.Hashtable.put(Ljava/lang/Object;Ljava/lang/Object;)Ljava/lang/Object; @ 18
Event: 32.978 Thread 0x0000000057957800 Uncommon trap: reason=bimorphic action=maybe_recompile pc=0x0000000003027b18 method=java.util.Hashtable.put(Ljava/lang/Object;Ljava/lang/Object;)Ljava/lang/Object; @ 18
Event: 33.014 Thread 0x0000000057957800 Uncommon trap: reason=unstable_if action=reinterpret pc=0x000000000264c0d4 method=java.lang.String.replace(CC)Ljava/lang/String; @ 2
Event: 33.023 Thread 0x0000000057957800 Uncommon trap: reason=unstable_if action=reinterpret pc=0x0000000002ea9674 method=groovy.lang.MetaClassImpl.checkIfStdMethod(Lgroovy/lang/MetaMethod;)V @ 79
Event: 33.023 Thread 0x0000000057957800 Uncommon trap: reason=unstable_if action=reinterpret pc=0x0000000003229e60 method=org.codehaus.groovy.runtime.metaclass.MetaMethodIndex.copyNonPrivateNonNewMetaMethods(Lorg/codehaus/groovy/runtime/metaclass/MetaMethodIndex$Entry;Lorg/codehaus/groovy/runtim˜¤dTƒ@@
Event: 33.026 Thread 0x0000000057957800 Uncommon trap: reason=unstable_if action=reinterpret pc=0x000000000324b688 method=groovy.lang.MetaClassImpl$1MOPIter.methodNameAction(Ljava/lang/Class;Lorg/codehaus/groovy/runtime/metaclass/MetaMethodIndex$Entry;)V @ 259
Event: 33.047 Thread 0x0000000057957800 Uncommon trap: reason=unstable_if action=reinterpret pc=0x000000000308de38 method=java.util.Hashtable.containsKey(Ljava/lang/Object;)Z @ 36
Event: 33.063 Thread 0x0000000057957800 Uncommon trap: reason=unstable_if action=reinterpret pc=0x0000000002f284f8 method=org.objectweb.asm.ByteVector.putShort(I)Lorg/objectweb/asm/ByteVector; @ 13
Event: 33.398 Thread 0x0000000057957800 Uncommon trap: reason=unstable_if action=reinterpret pc=0x0000000002f32450 method=java.util.Properties$LineReader.readLine()I @ 37

Internal exceptions (10 events):
Event: 33.033 Thread 0x0000000057957800 Exception <a 'java/lang/ClassNotFoundException': org/gradle/api/internal/project/DefaultAntBuilderBeanInfo> (0x00000000ec9630d0) thrown at [C:\re\workspace\8-2-build-windows-amd64-cygwin\jdk8u60\4407\hotspot\src\share\vm\classfile\systemDictionary.cpp, lin
Event: 33.034 Thread 0x0000000057957800 Exception <a 'java/lang/ClassNotFoundException': org/gradle/api/internal/project/ant/BasicAntBuilderBeanInfo> (0x00000000ec98a668) thrown at [C:\re\workspace\8-2-build-windows-amd64-cygwin\jdk8u60\4407\hotspot\src\share\vm\classfile\systemDictionary.cpp, lEãrm„@@
Event: 33.035 Thread 0x0000000057957800 Exception <a 'java/lang/ClassNotFoundException': org/gradle/api/AntBuilderBeanInfo> (0x00000000ec9a6128) thrown at [C:\re\workspace\8-2-build-windows-amd64-cygwin\jdk8u60\4407\hotspot\src\share\vm\classfile\systemDictionary.cpp, line 210]
Event: 33.036 Thread 0x0000000057957800 Exception <a 'java/lang/ClassNotFoundException': groovy/util/AntBuilderBeanInfo> (0x00000000ec9c09b0) thrown at [C:\re\workspace\8-2-build-windows-amd64-cygwin\jdk8u60\4407\hotspot\src\share\vm\classfile\systemDictionary.cpp, line 210]
Event: 33.037 Thread 0x0000000057957800 Exception <a 'java/lang/ClassNotFoundException': groovy/util/BuilderSupportBeanInfo> (0x00000000ec9dc820) thrown at [C:\re\workspace\8-2-build-windows-amd64-cygwin\jdk8u60\4407\hotspot\src\share\vm\classfile\systemDictionary.cpp, line 210]
Event: 33.038 Thread 0x0000000057957800 Exception <a 'java/lang/ClassNotFoundException': groovy/util/BuilderSupportCustomizer> (0x00000000ec9f9ee8) thrown at [C:\re\workspace\8-2-build-windows-amd64-cygwin\jdk8u60\4407\hotspot\src\share\vm\classfile\systemDictionary.cpp, line 210]
Event: 33.040 Thread 0x0000000057957800 Exception <a 'java/lang/ClassNotFoundException': groovy/util/AntBuilderCustomizer> (0x00000000eca18620) thrown at [C:\re\workspace\8-2-build-windows-amd64-cygwin\jdk8u60\4407\hotspot\src\share\vm\classfile\systemDictionary.cpp, line 210]
Event: 33.041 Thread 0x0000000057957800 Exception <a 'java/lang/ClassNotFoundException': org/gradle/api/AntBuilderCustomizer> (0x00000000eca3bb08) thrown at [C:\re\workspace\8-2-build-windows-amd64-cygwin\jdk8u60\4407\hotspot\src\share\vm\classfile\systemDictionary.cpp, line 210]
Event: 33.043 Thread 0x0000000057957800 Exception <a 'java/lang/ClassNotFoundException': org/gradle/api/internal/project/ant/BasicAntBuilderCustomizer> (0x00000000eca6df18) thrown at [C:\re\workspace\8-2-build-windows-amd64-cygwin\jdk8u60\4407\hotspot\src\share\vm\classfile\systemDictionary.cpp,Ä1¯MÀ…@@
Event: 33.045 Thread 0x0000000057957800 Exception <a 'java/lang/ClassNotFoundException': org/gradle/api/internal/project/DefaultAntBuilderCustomizer> (0x00000000ecaa4bf0) thrown at [C:\re\workspace\8-2-build-windows-amd64-cygwin\jdk8u60\4407\hotspot\src\share\vm\classfile\systemDictionary.cpp, l_s7ÿ,„@@

Events (10 events):
Event: 33.414 loading class com/android/sdklib/repository/PreciseRevision
Event: 33.414 loading class com/android/sdklib/repository/PreciseRevision done
Event: 33.416 loading class com/android/builder/core/AndroidBuilder$1
Event: 33.416 loading class com/android/builder/core/AndroidBuilder$1 done
Event: 33.416 loading class com/android/build/gradle/internal/process/GradleProcessExecutor
Event: 33.416 loading class com/android/build/gradle/internal/process/GradleProcessExecutor done
Event: 33.417 loading class com/android/ide/common/process/ProcessResult
Event: 33.417 loading class com/android/ide/common/process/ProcessResult done
Event: 33.418 loading class com/android/build/gradle/internal/process/GradleJavaProcessExecutor
Event: 33.418 loading class com/android/build/gradle/internal/process/GradleJavaProcessExecutor done


Dynamic libraries:
0x000000013ff70000 - 0x000000013ffa7000 	C:\Program Files\Java\jdk1.8.0_60\bin\java.exe
0x00000000777c0000 - 0x000000007796a000 	C:\Windows\SYSTEM32\ntdll.dll
0x00000000776a0000 - 0x00000000777bf000 	C:\Windows\system32\kernel32.dll
0x000007fefd7d0000 - 0x000007fefd83a000 	C:\Windows\system32\KERNELBASE.dll
0x000007fefdc80000 - 0x000007fefdd5b000 	C:\Windows\system32\ADVAPI32.dll
0x000007feff380000 - 0x000007feff41f000 	C:\Windows\system32\msvcrt.dll
0x000007fefdc60000 - 0x000007fefdc7f000 	C:\Windows\SYSTEM32\sechost.dll
0x000007feff250000 - 0x000007feff37d000 	C:\Windows\system32\RPCRT4.dll
0x00000000775a0000 - 0x000000007769a000 	C:\Windows\system32\USER32.dll
0x000007feffa60000 - 0x000007feffac7000 	C:\Windows\system32\GDI32.dll
0x000007fefdf90000 - 0x000007fefdf9e000 	C:\Windows\system32\LPK.dll
0x000007feff500000 - 0x000007feff5ca000 	C:\Windows\system32\USP10.dll
0x000007fefbe30000 - 0x000007fefc024000 	C:\Windows\WinSxS\amd64_microsoft.windows.common-controls_6595b64144ccf1df_6.0.7601.18837_none_fa3b1e3d17594757\COMCTL32.dll
0x000007fefdfa0000 - 0x000007fefe011000 	C:\Windows\system32\SHLWAPI.dll
0x000007feff660000 - 0x000007feff68e000 	C:\Windows\system32\IMM32.DLL
0x000007fefdb50000 - 0x000007fefdc59000 	C:\Windows\system32\MSCTF.dll
0x000000006ece0000 - 0x000000006edb2000 	C:\Program Files\Java\jdk1.8.0_60\jre\bin\msvcr100.dll
0x0000000058990000 - 0x0000000059219000 	C:\Program Files\Java\jdk1.8.0_60\jre\bin\server\jvm.dll
0x000007fef3af0000 - 0x000007fef3af9000 	C:\Windows\system32\WSOCK32.dll
0x000007fefdf40000 - 0x000007fefdf8d000 	C:\Windows\system32\WS2_32.dll
0x000007feff650000 - 0x000007feff658000 	C:\Windows\system32\NSI.dll
0x000007fef9de0000 - 0x000007fef9e1b000 	C:\Windows\system32\WINMM.dll
0x000007fefc420000 - 0x000007fefc42c000 	C:\Windows\system32\VERSION.dll
0x0000000077980000 - 0x0000000077987000 	C:\Windows\system32\PSAPI.DLL
0x00000000718f0000 - 0x00000000718ff000 	C:\Program Files\Java\jdk1.8.0_60\jre\bin\verify.dll
0x00000000717e0000 - 0x0000000071809000 	C:\Program Files\Java\jdk1.8.0_60\jre\bin\java.dll
0x00000000717c0000 - 0x00000000717d6000 	C:\Program Files\Java\jdk1.8.0_60\jre\bin\zip.dll
0x000007fefe020000 - 0x000007fefedaa000 	C:\Windows\system32\SHELL32.dll
0x000007fefedb0000 - 0x000007fefefb3000 	C:\Windows\system32\ole32.dll
0x000007fefd550000 - 0x000007fefd55f000 	C:\Windows\system32\profapi.dll
0x00000000717a0000 - 0x00000000717ba000 	C:\Program Files\Java\jdk1.8.0_60\jre\bin\net.dll
0x000007fefcd20000 - 0x000007fefcd75000 	C:\Windows\system32\mswsock.dll
0x000007fefcd10000 - 0x000007fefcd17000 	C:\Windows\System32\wship6.dll
0x0000000071780000 - 0x0000000071791000 	C:\Program Files\Java\jdk1.8.0_60\jre\bin\nio.dll
0x000007fef7220000 - 0x000007fef7232000 	C:\Users\Agustin\.gradle\native\19\windows-amd64\native-platform.dll
0x000007fef9540000 - 0x000007fef9567000 	C:\Windows\system32\IPHLPAPI.DLL
0x000007fef9530000 - 0x000007fef953b000 	C:\Windows\system32\WINNSI.DLL
0x000007fef9340000 - 0x000007fef9351000 	C:\Windows\system32\dhcpcsvc6.DLL
0x000007fef9320000 - 0x000007fef9338000 	C:\Windows\system32\dhcpcsvc.DLL
0x000007fefcd80000 - 0x000007fefcd98000 	C:\Windows\system32\CRYPTSP.dll
0x000007fefca80000 - 0x000007fefcac7000 	C:\Windows\system32\rsaenh.dll
0x000007fefd570000 - 0x000007fefd58e000 	C:\Windows\system32\USERENV.dll
0x000007fefd3e0000 - 0x000007fefd3ef000 	C:\Windows\system32\CRYPTBASE.dll
0x000007fefd380000 - 0x000007fefd3d7000 	C:\Windows\system32\apphelp.dll
0x00000000718e0000 - 0x00000000718ed000 	C:\Program Files\Java\jdk1.8.0_60\jre\bin\management.dll

VM Arguments:
jvm_args: -XX:MaxPermSize=256m -XX:+HeapDumpOnOutOfMemoryError -Xmx1024m -Dfile.encoding=windows-1252 -Duser.country=ES -Duser.language=es -Duser.variant 
java_command: org.gradle.launcher.daemon.bootstrap.GradleDaemon 2.8
java_class_path (initial): C:\Program Files\Android\Android Studio\gradle\gradle-2.8\lib\gradle-launcher-2.8.jar
Launcher Type: SUN_STANDARD

Environment Variables:
JAVA_HOME=C:\Program Files\Java\jdk1.8.0_92
JRE_HOME=C:\Program Files\Java\jre1.8.0_92
PATH=C:\Program Files\Common Files\Microsoft Shared\Windows Live;C:\Program Files (x86)\Common Files\Microsoft Shared\Windows Live;C:\ProgramData\Oracle\Java\javapath;C:\Windows\system32;C:\Windows;C:\Windows\System32\Wbem;C:\Windows\System32\WindowsPowerShell\v1.0\;C:\Program Files (x86)\Windows Live\Shared;C:\Program Files (x86)\Skype\Phone\;C:\Program Files\Java\jdk1.8.0_60\bin;C:\Program Files\Mercurial; C:\Program Files\Java\jdk1.8.0_60\bin
USERNAME=Agustin
OS=Windows_NT
PROCESSOR_IDENTIFIER=Intel64 Family 6 Model 42 Stepping 7, GenuineIntel



---------------  S Y S T E M  ---------------

OS: Windows 7 , 64 bit Build 7601 (6.1.7601.23418)

CPU:total 4 (2 cores per cpu, 2 threads per core) family 6 model 42 stepping 7, cmov, cx8, fxsr, mmx, sse, sse2, sse3, ssse3, sse4.1, sse4.2, popcnt, avx, clmul, ht, tsc, tscinvbit

Memory: 4k page, physical 4127088k(130452k free), swap 5288572k(5792k free)

vm_info: Java HotSpot(TM) 64-Bit Server VM (25.60-b23) for windows-amd64 JRE (1.8.0_60-b27), built on Aug  4 2015 11:06:27 by "java_re" with MS VC++ 10.0 (VS2010)

time: Mon May 16 13:10:10 2016
elapsed time: 33 seconds (0d 0h 0m 33s)

