#
# There is insufficient memory for the Java Runtime Environment to continue.
# Native memory allocation (malloc) failed to allocate 32744 bytes for ChunkPool::allocate
# Possible reasons:
#   The system is out of physical RAM or swap space
#   In 32 bit mode, the process size limit was hit
# Possible solutions:
#   Reduce memory load on the system
#   Increase physical memory or swap space
#   Check if swap backing store is full
#   Use 64 bit Java on a 64 bit OS
#   Decrease Java heap size (-Xmx/-Xms)
#   Decrease number of Java threads
#   Decrease Java thread stack sizes (-Xss)
#   Set larger code cache with -XX:ReservedCodeCacheSize=
# This output file may be truncated or incomplete.
#
#  Out of Memory Error (allocation.cpp:273), pid=2836, tid=3344
#
# JRE version: Java(TM) SE Runtime Environment (8.0_60-b27) (build 1.8.0_60-b27)
# Java VM: Java HotSpot(TM) 64-Bit Server VM (25.60-b23 mixed mode windows-amd64 compressed oops)
# Failed to write core dump. Minidumps are not enabled by default on client versions of Windows
#

---------------  T H R E A D  ---------------

Current thread (0x00000000565c4800):  JavaThread "C1 CompilerThread2" daemon [_thread_in_native, id=3344, stack(0x0000000056b70000,0x0000000056c70000)]

Stack: [0x0000000056b70000,0x0000000056c70000]
[error occurred during error reporting (printing stack bounds), id 0xc0000005]

Native frames: (J=compiled Java code, j=interpreted, Vv=VM code, C=native code)


Current CompileTask:
C1:  27068 6817   !   3      
[error occurred during error reporting (printing current compile task), id 0xe0000001]


---------------  P R O C E S S  ---------------

Java Threads: ( => current thread )
  0x00000000568ce800 JavaThread "stdout" daemon [_thread_in_native, id=4248, stack(0x0000000063c00000,0x0000000063d00000)]
  0x00000000568cd800 JavaThread "stderr" daemon [_thread_in_native, id=6540, stack(0x0000000063d00000,0x0000000063e00000)]
  0x000000005d3ca000 JavaThread "stdout" daemon [_thread_in_native, id=3084, stack(0x0000000063940000,0x0000000063a40000)]
  0x000000005d3c9800 JavaThread "stderr" daemon [_thread_in_native, id=1528, stack(0x00000000636d0000,0x00000000637d0000)]
  0x000000005d3c8800 JavaThread "stdout" daemon [_thread_blocked, id=6672, stack(0x0000000063a40000,0x0000000063b40000)]
  0x000000005d3c5800 JavaThread "stdout" daemon [_thread_in_native, id=7076, stack(0x00000000633d0000,0x00000000634d0000)]
  0x000000005d3c5000 JavaThread "stderr" daemon [_thread_in_native, id=5408, stack(0x00000000631e0000,0x00000000632e0000)]
  0x000000005d3c4000 JavaThread "stdout" daemon [_thread_in_native, id=3268, stack(0x0000000062f50000,0x0000000063050000)]
  0x000000005d3c3800 JavaThread "stderr" daemon [_thread_in_native, id=7044, stack(0x0000000062a30000,0x0000000062b30000)]
  0x000000005a0bf000 JavaThread "stdout" daemon [_thread_in_native, id=6880, stack(0x0000000062dd0000,0x0000000062ed0000)]
  0x000000005a0be000 JavaThread "stderr" daemon [_thread_in_native, id=1276, stack(0x0000000062c20000,0x0000000062d20000)]
  0x000000005a0bc800 JavaThread "stderr" daemon [_thread_blocked, id=3448, stack(0x0000000062930000,0x0000000062a30000)]
  0x000000005a0bb000 JavaThread "stderr" daemon [_thread_blocked, id=1256, stack(0x0000000062670000,0x0000000062770000)]
  0x000000005a0ba800 JavaThread "stdout" daemon [_thread_in_native, id=5452, stack(0x0000000062460000,0x0000000062560000)]
  0x000000005a0b9800 JavaThread "stderr" daemon [_thread_in_native, id=5376, stack(0x0000000062560000,0x0000000062660000)]
  0x000000005a0b9000 JavaThread "stdout" daemon [_thread_in_Java, id=6884, stack(0x0000000062300000,0x0000000062400000)]
  0x000000005a0b8000 JavaThread "stderr" daemon [_thread_in_native, id=6620, stack(0x00000000621d0000,0x00000000622d0000)]
  0x00000000586de000 JavaThread "stderr" daemon [_thread_blocked, id=6744, stack(0x00000000616a0000,0x00000000617a0000)]
  0x00000000586dc800 JavaThread "stderr" daemon [_thread_blocked, id=1192, stack(0x0000000061c90000,0x0000000061d90000)]
  0x00000000586d9800 JavaThread "stderr" daemon [_thread_blocked, id=6256, stack(0x0000000061590000,0x0000000061690000)]
  0x00000000586d8800 JavaThread "stdout" daemon [_thread_blocked, id=4388, stack(0x0000000061480000,0x0000000061580000)]
  0x000000005a81a800 JavaThread "png-cruncher_20" daemon [_thread_blocked, id=6280, stack(0x0000000060f60000,0x0000000061060000)]
  0x000000005a819800 JavaThread "png-cruncher_19" daemon [_thread_blocked, id=3940, stack(0x00000000611d0000,0x00000000612d0000)]
  0x000000005a819000 JavaThread "png-cruncher_18" daemon [_thread_blocked, id=6224, stack(0x00000000610d0000,0x00000000611d0000)]
  0x000000005a818000 JavaThread "png-cruncher_17" daemon [_thread_blocked, id=752, stack(0x000000005ff90000,0x0000000060090000)]
  0x000000005a817800 JavaThread "png-cruncher_16" daemon [_thread_blocked, id=3956, stack(0x0000000060090000,0x0000000060190000)]
  0x000000005a816800 JavaThread "png-cruncher_15" daemon [_thread_blocked, id=7092, stack(0x0000000060cd0000,0x0000000060dd0000)]
  0x000000005a816000 JavaThread "png-cruncher_14" daemon [_thread_blocked, id=2524, stack(0x0000000060e10000,0x0000000060f10000)]
  0x000000005a815000 JavaThread "png-cruncher_13" daemon [_thread_blocked, id=3340, stack(0x0000000060bc0000,0x0000000060cc0000)]
  0x000000005a537000 JavaThread "png-cruncher_12" daemon [_thread_blocked, id=7104, stack(0x000000005fd40000,0x000000005fe40000)]
  0x000000005a536000 JavaThread "png-cruncher_11" daemon [_thread_blocked, id=5488, stack(0x00000000609f0000,0x0000000060af0000)]
  0x000000005a535800 JavaThread "png-cruncher_10" daemon [_thread_blocked, id=5324, stack(0x00000000608d0000,0x00000000609d0000)]
  0x000000005a534800 JavaThread "png-cruncher_9" daemon [_thread_blocked, id=2944, stack(0x0000000060720000,0x0000000060820000)]
  0x000000005a534000 JavaThread "png-cruncher_8" daemon [_thread_blocked, id=6200, stack(0x0000000060570000,0x0000000060670000)]
  0x000000005a533000 JavaThread "png-cruncher_7" daemon [_thread_blocked, id=3036, stack(0x0000000060380000,0x0000000060480000)]
  0x000000005a532800 JavaThread "png-cruncher_6" daemon [_thread_blocked, id=3844, stack(0x0000000060190000,0x0000000060290000)]
  0x000000005a531800 JavaThread "png-cruncher_5" daemon [_thread_blocked, id=1616, stack(0x000000005fe50000,0x000000005ff50000)]
  0x000000005a531000 JavaThread "png-cruncher_4" daemon [_thread_blocked, id=6080, stack(0x000000005fc30000,0x000000005fd30000)]
  0x000000005a530000 JavaThread "png-cruncher_3" daemon [_thread_blocked, id=3284, stack(0x000000005fb10000,0x000000005fc10000)]
  0x000000005722a000 JavaThread "png-cruncher_2" daemon [_thread_blocked, id=1040, stack(0x000000005f880000,0x000000005f980000)]
  0x0000000057229000 JavaThread "png-cruncher_1" daemon [_thread_blocked, id=3116, stack(0x000000005fa00000,0x000000005fb00000)]
  0x0000000057228800 JavaThread "pool-1-thread-4" [_thread_in_native, id=6392, stack(0x000000005f760000,0x000000005f860000)]
  0x0000000057227800 JavaThread "pool-1-thread-3" [_thread_in_native, id=6088, stack(0x000000005f570000,0x000000005f670000)]
  0x0000000057227000 JavaThread "pool-1-thread-2" [_thread_in_native, id=5296, stack(0x000000005f420000,0x000000005f520000)]
  0x0000000057226000 JavaThread "pool-1-thread-1" [_thread_blocked, id=6168, stack(0x000000005c260000,0x000000005c360000)]
  0x000000005721f800 JavaThread "File lock request listener" [_thread_in_native, id=6576, stack(0x000000005c120000,0x000000005c220000)]
  0x0000000057fe9000 JavaThread "Stdin handler" [_thread_blocked, id=6684, stack(0x00000000589e0000,0x0000000058ae0000)]
  0x0000000057fb5800 JavaThread "Daemon worker" [_thread_in_native, id=6460, stack(0x0000000059490000,0x0000000059590000)]
  0x0000000057d4e000 JavaThread "Cancel handler" [_thread_blocked, id=6356, stack(0x0000000059280000,0x0000000059380000)]
  0x0000000057d68000 JavaThread "Handler for socket connection from /127.0.0.1:63310 to /127.0.0.1:63312" [_thread_in_native, id=476, stack(0x0000000059170000,0x0000000059270000)]
  0x0000000057d58800 JavaThread "Daemon" [_thread_blocked, id=2636, stack(0x0000000058fd0000,0x00000000590d0000)]
  0x0000000057d6b800 JavaThread "Incoming local TCP Connector on port 63310" [_thread_in_native, id=6320, stack(0x0000000058c50000,0x0000000058d50000)]
  0x0000000056619000 JavaThread "Service Thread" daemon [_thread_blocked, id=6624, stack(0x0000000056d20000,0x0000000056e20000)]
=>0x00000000565c4800 JavaThread "C1 CompilerThread2" daemon [_thread_in_native, id=3344, stack(0x0000000056b70000,0x0000000056c70000)]
  0x0000000054f4a000 JavaThread "C2 CompilerThread1" daemon [_thread_in_native, id=5672, stack(0x0000000056a70000,0x0000000056b70000)]
  0x0000000054f46000 JavaThread "C2 CompilerThread0" daemon [_thread_in_native, id=1880, stack(0x0000000055e30000,0x0000000055f30000)]
  0x0000000054f4e800 JavaThread "Attach Listener" daemon [_thread_blocked, id=6688, stack(0x0000000001f10000,0x0000000002010000)]
  0x0000000054f4d800 JavaThread "Signal Dispatcher" daemon [_thread_blocked, id=6152, stack(0x00000000564c0000,0x00000000565c0000)]
  0x0000000054ee8000 JavaThread "Finalizer" daemon [_thread_blocked, id=5316, stack(0x0000000056370000,0x0000000056470000)]
  0x0000000054ee1000 JavaThread "Reference Handler" daemon [_thread_blocked, id=6708, stack(0x0000000056170000,0x0000000056270000)]
  0x0000000001e0f000 JavaThread "main" [_thread_blocked, id=3436, stack(0x0000000002270000,0x0000000002370000)]

Other Threads:
  0x0000000054edb800 VMThread [stack: 0x0000000055fb0000,0x00000000560b0000] [id=6380]
  0x000000005664a000 WatcherThread [stack: 0x0000000056f90000,0x0000000057090000] [id=5504]

VM state:not at safepoint (normal execution)

VM Mutex/Monitor currently owned by a thread: None

Heap:
 PSYoungGen      total 121856K, used 25785K [0x00000000eab00000, 0x00000000f3680000, 0x0000000100000000)
  eden space 110080K, 23% used [0x00000000eab00000,0x00000000ec42e400,0x00000000f1680000)
  from space 11776K, 0% used [0x00000000f2280000,0x00000000f2280000,0x00000000f2e00000)
  to   space 12288K, 0% used [0x00000000f1680000,0x00000000f1680000,0x00000000f2280000)
 ParOldGen       total 52736K, used 49155K [0x00000000c0000000, 0x00000000c3380000, 0x00000000eab00000)
  object space 52736K, 93% used [0x00000000c0000000,0x00000000c3000c70,0x00000000c3380000)
 Metaspace       used 41485K, capacity 42444K, committed 42624K, reserved 1085440K
  class space    used 5667K, capacity 5962K, committed 6016K, reserved 1048576K

Card table byte_map: [0x0000000011a00000,0x0000000011c10000] byte_map_base: 0x0000000011400000

Marking Bits: (ParMarkBitMap*) 0x0000000065c6a5b0
 Begin Bits: [0x0000000012350000, 0x0000000013350000)
 End Bits:   [0x0000000013350000, 0x0000000014350000)

Polling page: 0x00000000000a0000

CodeCache: size=245760Kb used=19593Kb max_used=20098Kb free=226166Kb
 bounds [0x0000000002640000, 0x0000000003a10000, 0x0000000011640000]
 total_blobs=6305 nmethods=5624 adapters=592
 compilation: enabled

Compilation events (10 events):
Event: 27.001 Thread 0x00000000565c4800 nmethod 6810 0x0000000002fa1bd0 code [0x0000000002fa1d20, 0x0000000002fa1e30]
Event: 27.027 Thread 0x00000000565c4800 6811  s    1       com.android.builder.png.AaptProcess$ProcessOutputFacade::getNotifier (5 bytes)
Event: 27.027 Thread 0x00000000565c4800 nmethod 6811 0x0000000002f03210 code [0x0000000002f03360, 0x0000000002f035d0]
Event: 27.028 Thread 0x00000000565c4800 6812       3       com.android.builder.png.AaptProcess$ProcessOutputFacade::toString (29 bytes)
Event: 27.028 Thread 0x00000000565c4800 nmethod 6812 0x0000000002f33050 code [0x0000000002f33240, 0x0000000002f33a88]
Event: 27.028 Thread 0x00000000565c4800 6813       1       com.android.builder.png.AaptProcess$NotifierProcessOutput::access$500 (5 bytes)
Event: 27.028 Thread 0x00000000565c4800 nmethod 6813 0x00000000031b5d10 code [0x00000000031b5e60, 0x00000000031b5f50]
Event: 27.060 Thread 0x00000000565c4800 6816       1       com.google.common.collect.EmptyImmutableSet::contains (2 bytes)
Event: 27.060 Thread 0x00000000565c4800 nmethod 6816 0x0000000003000150 code [0x00000000030002a0, 0x00000000030003b0]
Event: 27.061 Thread 0x00000000565c4800 6817   !   3       java.util.concurrent.ConcurrentHashMap::transfer (832 bytes)

GC Heap History (10 events):
Event: 17.922 GC heap before
{Heap before GC invocations=15 (full 2):
 PSYoungGen      total 121856K, used 110080K [0x00000000eab00000, 0x00000000f3680000, 0x0000000100000000)
  eden space 110080K, 100% used [0x00000000eab00000,0x00000000f1680000,0x00000000f1680000)
  from space 11776K, 0% used [0x00000000f2280000,0x00000000f2280000,0x00000000f2e00000)
  to   space 12288K, 0% used [0x00000000f1680000,0x00000000f1680000,0x00000000f2280000)
 ParOldGen       total 52736K, used 20934K [0x00000000c0000000, 0x00000000c3380000, 0x00000000eab00000)
  object space 52736K, 39% used [0x00000000c0000000,0x00000000c14718d8,0x00000000c3380000)
 Metaspace       used 38285K, capacity 39146K, committed 39424K, reserved 1083392K
  class space    used 5288K, capacity 5517K, committed 5632K, reserved 1048576K
Event: 17.943 GC heap after
Heap after GC invocations=15 (full 2):
 PSYoungGen      total 122368K, used 12262K [0x00000000eab00000, 0x00000000f3680000, 0x0000000100000000)
  eden space 110080K, 0% used [0x00000000eab00000,0x00000000eab00000,0x00000000f1680000)
  from space 12288K, 99% used [0x00000000f1680000,0x00000000f2279870,0x00000000f2280000)
  to   space 11776K, 0% used [0x00000000f2280000,0x00000000f2280000,0x00000000f2e00000)
 ParOldGen       total 52736K, used 21824K [0x00000000c0000000, 0x00000000c3380000, 0x00000000eab00000)
  object space 52736K, 41% used [0x00000000c0000000,0x00000000c15503a0,0x00000000c3380000)
 Metaspace       used 38285K, capacity 39146K, committed 39424K, reserved 1083392K
  class space    used 5288K, capacity 5517K, committed 5632K, reserved 1048576K
}
Event: 23.058 GC heap before
{Heap before GC invocations=16 (full 2):
 PSYoungGen      total 122368K, used 122342K [0x00000000eab00000, 0x00000000f3680000, 0x0000000100000000)
  eden space 110080K, 100% used [0x00000000eab00000,0x00000000f1680000,0x00000000f1680000)
  from space 12288K, 99% used [0x00000000f1680000,0x00000000f2279870,0x00000000f2280000)
  to   space 11776K, 0% used [0x00000000f2280000,0x00000000f2280000,0x00000000f2e00000)
 ParOldGen       total 52736K, used 21824K [0x00000000c0000000, 0x00000000c3380000, 0x00000000eab00000)
  object space 52736K, 41% used [0x00000000c0000000,0x00000000c15503a0,0x00000000c3380000)
 Metaspace       used 39768K, capacity 40722K, committed 40960K, reserved 1085440K
  class space    used 5497K, capacity 5794K, committed 5888K, reserved 1048576K
Event: 23.103 GC heap after
Heap after GC invocations=16 (full 2):
 PSYoungGen      total 121856K, used 3637K [0x00000000eab00000, 0x00000000f3680000, 0x0000000100000000)
  eden space 110080K, 0% used [0x00000000eab00000,0x00000000eab00000,0x00000000f1680000)
  from space 11776K, 30% used [0x00000000f2280000,0x00000000f260d7b0,0x00000000f2e00000)
  to   space 12288K, 0% used [0x00000000f1680000,0x00000000f1680000,0x00000000f2280000)
 ParOldGen       total 52736K, used 32181K [0x00000000c0000000, 0x00000000c3380000, 0x00000000eab00000)
  object space 52736K, 61% used [0x00000000c0000000,0x00000000c1f6d490,0x00000000c3380000)
 Metaspace       used 39768K, capacity 40722K, committed 40960K, reserved 1085440K
  class space    used 5497K, capacity 5794K, committed 5888K, reserved 1048576K
}
Event: 25.082 GC heap before
{Heap before GC invocations=17 (full 2):
 PSYoungGen      total 121856K, used 113717K [0x00000000eab00000, 0x00000000f3680000, 0x0000000100000000)
  eden space 110080K, 100% used [0x00000000eab00000,0x00000000f1680000,0x00000000f1680000)
  from space 11776K, 30% used [0x00000000f2280000,0x00000000f260d7b0,0x00000000f2e00000)
  to   space 12288K, 0% used [0x00000000f1680000,0x00000000f1680000,0x00000000f2280000)
 ParOldGen       total 52736K, used 32181K [0x00000000c0000000, 0x00000000c3380000, 0x00000000eab00000)
  object space 52736K, 61% used [0x00000000c0000000,0x00000000c1f6d490,0x00000000c3380000)
 Metaspace       used 40820K, capacity 41868K, committed 42112K, reserved 1085440K
  class space    used 5589K, capacity 5898K, committed 6016K, reserved 1048576K
Event: 25.104 GC heap after
Heap after GC invocations=17 (full 2):
 PSYoungGen      total 122368K, used 12268K [0x00000000eab00000, 0x00000000f3680000, 0x0000000100000000)
  eden space 110080K, 0% used [0x00000000eab00000,0x00000000eab00000,0x00000000f1680000)
  from space 12288K, 99% used [0x00000000f1680000,0x00000000f227b060,0x00000000f2280000)
  to   space 11776K, 0% used [0x00000000f2280000,0x00000000f2280000,0x00000000f2e00000)
 ParOldGen       total 52736K, used 35154K [0x00000000c0000000, 0x00000000c3380000, 0x00000000eab00000)
  object space 52736K, 66% used [0x00000000c0000000,0x00000000c22548d8,0x00000000c3380000)
 Metaspace       used 40820K, capacity 41868K, committed 42112K, reserved 1085440K
  class space    used 5589K, capacity 5898K, committed 6016K, reserved 1048576K
}
Event: 26.147 GC heap before
{Heap before GC invocations=18 (full 2):
 PSYoungGen      total 122368K, used 122348K [0x00000000eab00000, 0x00000000f3680000, 0x0000000100000000)
  eden space 110080K, 100% used [0x00000000eab00000,0x00000000f1680000,0x00000000f1680000)
  from space 12288K, 99% used [0x00000000f1680000,0x00000000f227b060,0x00000000f2280000)
  to   space 11776K, 0% used [0x00000000f2280000,0x00000000f2280000,0x00000000f2e00000)
 ParOldGen       total 52736K, used 35154K [0x00000000c0000000, 0x00000000c3380000, 0x00000000eab00000)
  object space 52736K, 66% used [0x00000000c0000000,0x00000000c22548d8,0x00000000c3380000)
 Metaspace       used 41450K, capacity 42444K, committed 42624K, reserved 1085440K
  class space    used 5667K, capacity 5962K, committed 6016K, reserved 1048576K
Event: 26.178 GC heap after
Heap after GC invocations=18 (full 2):
 PSYoungGen      total 121856K, used 4126K [0x00000000eab00000, 0x00000000f3680000, 0x0000000100000000)
  eden space 110080K, 0% used [0x00000000eab00000,0x00000000eab00000,0x00000000f1680000)
  from space 11776K, 35% used [0x00000000f2280000,0x00000000f2687b48,0x00000000f2e00000)
  to   space 12288K, 0% used [0x00000000f1680000,0x00000000f1680000,0x00000000f2280000)
 ParOldGen       total 52736K, used 47331K [0x00000000c0000000, 0x00000000c3380000, 0x00000000eab00000)
  object space 52736K, 89% used [0x00000000c0000000,0x00000000c2e38fb0,0x00000000c3380000)
 Metaspace       used 41450K, capacity 42444K, committed 42624K, reserved 1085440K
  class space    used 5667K, capacity 5962K, committed 6016K, reserved 1048576K
}
Event: 26.178 GC heap before
{Heap before GC invocations=19 (full 3):
 PSYoungGen      total 121856K, used 4126K [0x00000000eab00000, 0x00000000f3680000, 0x0000000100000000)
  eden space 110080K, 0% used [0x00000000eab00000,0x00000000eab00000,0x00000000f1680000)
  from space 11776K, 35% used [0x00000000f2280000,0x00000000f2687b48,0x00000000f2e00000)
  to   space 12288K, 0% used [0x00000000f1680000,0x00000000f1680000,0x00000000f2280000)
 ParOldGen       total 52736K, used 47331K [0x00000000c0000000, 0x00000000c3380000, 0x00000000eab00000)
  object space 52736K, 89% used [0x00000000c0000000,0x00000000c2e38fb0,0x00000000c3380000)
 Metaspace       used 41450K, capacity 42444K, committed 42624K, reserved 1085440K
  class space    used 5667K, capacity 5962K, committed 6016K, reserved 1048576K
Event: 26.753 GC heap after
Heap after GC invocations=19 (full 3):
 PSYoungGen      total 121856K, used 0K [0x00000000eab00000, 0x00000000f3680000, 0x0000000100000000)
  eden space 110080K, 0% used [0x00000000eab00000,0x00000000eab00000,0x00000000f1680000)
  from space 11776K, 0% used [0x00000000f2280000,0x00000000f2280000,0x00000000f2e00000)
  to   space 12288K, 0% used [0x00000000f1680000,0x00000000f1680000,0x00000000f2280000)
 ParOldGen       total 52736K, used 49155K [0x00000000c0000000, 0x00000000c3380000, 0x00000000eab00000)
  object space 52736K, 93% used [0x00000000c0000000,0x00000000c3000c70,0x00000000c3380000)
 Metaspace       used 41450K, capacity 42444K, committed 42624K, reserved 1085440K
  class space    used 5667K, capacity 5962K, committed 6016K, reserved 1048576K
}

Deoptimization events (10 events):
Event: 25.933 Thread 0x0000000057226000 Uncommon trap: reason=unstable_if action=reinterpret pc=0x0000000002d97a8c method=java.util.concurrent.ConcurrentHashMap.putVal(Ljava/lang/Object;Ljava/lang/Object;Z)Ljava/lang/Object; @ 113
Event: 25.955 Thread 0x000000005a81a800 Uncommon trap: reason=class_check action=maybe_recompile pc=0x0000000003205aac method=java.lang.Throwable.<init>(Ljava/lang/String;Ljava/lang/Throwable;)V @ 24
Event: 25.956 Thread 0x0000000057227800 Uncommon trap: reason=unstable_if action=reinterpret pc=0x0000000003516948 method=java.util.concurrent.ConcurrentHashMap.transfer([Ljava/util/concurrent/ConcurrentHashMap$Node;[Ljava/util/concurrent/ConcurrentHashMap$Node;)V @ 34
Event: 25.998 Thread 0x000000005a536000 Uncommon trap: reason=class_check action=maybe_recompile pc=0x0000000003205aac method=java.lang.Throwable.<init>(Ljava/lang/String;Ljava/lang/Throwable;)V @ 24
Event: 26.000 Thread 0x000000005a533000 Uncommon trap: reason=class_check action=maybe_recompile pc=0x0000000003205aac method=java.lang.Throwable.<init>(Ljava/lang/String;Ljava/lang/Throwable;)V @ 24
Event: 26.047 Thread 0x000000005a81a800 Uncommon trap: reason=unstable_if action=reinterpret pc=0x00000000030f20fc method=java.lang.ThreadLocal.get()Ljava/lang/Object; @ 11
Event: 26.048 Thread 0x000000005a81a800 Uncommon trap: reason=unstable_if action=reinterpret pc=0x00000000033b44b8 method=com.esotericsoftware.kryo.io.Output.writeString(Ljava/lang/CharSequence;)V @ 83
Event: 26.050 Thread 0x000000005a81a800 Uncommon trap: reason=unstable_if action=reinterpret pc=0x000000000339896c method=com.esotericsoftware.kryo.io.Output.writeString(Ljava/lang/CharSequence;)V @ 83
Event: 26.060 Thread 0x0000000057226000 Uncommon trap: reason=unstable_if action=reinterpret pc=0x000000000340ee84 method=java.util.concurrent.locks.AbstractQueuedSynchronizer.release(I)Z @ 14
Event: 26.810 Thread 0x0000000057fb5800 Uncommon trap: reason=null_check action=make_not_entrant pc=0x00000000027d4de8 method=com.android.ide.common.res2.NodeUtils.processSingleNodeNamespace(Lorg/w3c/dom/Node;Lorg/w3c/dom/Document;)Z @ 8

Internal exceptions (10 events):
Event: 23.160 Thread 0x0000000057fb5800 Exception <a 'java/lang/ClassNotFoundException': com/android/ide/common/res2/MergeWriterBeanInfo> (0x00000000ead74560) thrown at [C:\re\workspace\8-2-build-windows-amd64-cygwin\jdk8u60\4407\hotspot\src\share\vm\classfile\systemDictionary.cpp, line 210]
Event: 23.161 Thread 0x0000000057fb5800 Exception <a 'java/lang/ClassNotFoundException': com/android/ide/common/res2/MergeWriterCustomizer> (0x00000000ead82818) thrown at [C:\re\workspace\8-2-build-windows-amd64-cygwin\jdk8u60\4407\hotspot\src\share\vm\classfile\systemDictionary.cpp, line 210]
Event: 23.161 Thread 0x0000000057fb5800 Exception <a 'java/lang/ClassNotFoundException': com/android/ide/common/res2/MergedAssetWriterCustomizer> (0x00000000ead955b8) thrown at [C:\re\workspace\8-2-build-windows-amd64-cygwin\jdk8u60\4407\hotspot\src\share\vm\classfile\systemDictionary.cpp, line KçøBQì8@
Event: 24.575 Thread 0x0000000057fb5800 Implicit null exception at 0x0000000002af413b to 0x0000000002af56c9
Event: 24.832 Thread 0x0000000057fb5800 Implicit null exception at 0x0000000002dee379 to 0x0000000002deee7a
Event: 25.955 Thread 0x000000005a81a800 Exception <a 'java/io/IOException': CreateProcess error=308, El subsistema necesario para admitir el tipo de imagen no est√° presente> (0x00000000ef4bd5b0) thrown at [C:\re\workspace\8-2-build-windows-amd64-cygwin\jdk8u60\4407\hotspot\src\share\vm\prims\jn	ìº…ïˇ9@
Event: 25.998 Thread 0x000000005a536000 Exception <a 'java/io/IOException': CreateProcess error=1455, El archivo de paginaci√≥n es demasiado peque√±o para completar la operaci√≥n> (0x00000000ef183b98) thrown at [C:\re\workspace\8-2-build-windows-amd64-cygwin\jdk8u60\4407\hotspot\src\share\vm\pride)Y
Event: 26.000 Thread 0x000000005a533000 Exception <a 'java/io/IOException': CreateProcess error=1455, El archivo de paginaci√≥n es demasiado peque√±o para completar la operaci√≥n> (0x00000000ef070838) thrown at [C:\re\workspace\8-2-build-windows-amd64-cygwin\jdk8u60\4407\hotspot\src\share\vm\priX≠{~:@
Event: 26.047 Thread 0x000000005a81a800 Implicit null exception at 0x00000000030f2058 to 0x00000000030f20e9
Event: 26.809 Thread 0x0000000057fb5800 Implicit null exception at 0x00000000027d4af7 to 0x00000000027d4dd9

Events (10 events):
Event: 26.983 Executing VM operation: RevokeBias done
Event: 27.008 Thread 0x000000005d3c6800 Thread exited: 0x000000005d3c6800
Event: 27.008 Thread 0x00000000586db000 Thread exited: 0x00000000586db000
Event: 27.008 Thread 0x000000005d3c4000 DEOPT PACKING pc=0x0000000002f0fc28 sp=0x000000006304f190
Event: 27.008 Thread 0x000000005d3c4000 DEOPT UNPACKING pc=0x000000000268787f sp=0x000000006304ef08 mode 0
Event: 27.031 Thread 0x00000000586dd000 Thread exited: 0x00000000586dd000
Event: 27.038 Executing VM operation: RevokeBias
Event: 27.038 Executing VM operation: RevokeBias done
Event: 27.039 Executing VM operation: RevokeBias
Event: 27.039 Executing VM operation: RevokeBias done


Dynamic libraries:
0x000000013fde0000 - 0x000000013fe17000 	C:\Program Files\Java\jdk1.8.0_60\bin\java.exe
0x0000000077520000 - 0x00000000776ca000 	C:\Windows\SYSTEM32\ntdll.dll
0x0000000077400000 - 0x000000007751f000 	C:\Windows\system32\kernel32.dll
0x000007fefd450000 - 0x000007fefd4ba000 	C:\Windows\system32\KERNELBASE.dll
0x000007feff3f0000 - 0x000007feff4cb000 	C:\Windows\system32\ADVAPI32.dll
0x000007feff350000 - 0x000007feff3ef000 	C:\Windows\system32\msvcrt.dll
0x000007fefe3b0000 - 0x000007fefe3cf000 	C:\Windows\SYSTEM32\sechost.dll
0x000007feff5e0000 - 0x000007feff70d000 	C:\Windows\system32\RPCRT4.dll
0x0000000077300000 - 0x00000000773fa000 	C:\Windows\system32\USER32.dll
0x000007feff550000 - 0x000007feff5b7000 	C:\Windows\system32\GDI32.dll
0x000007fefd6b0000 - 0x000007fefd6be000 	C:\Windows\system32\LPK.dll
0x000007fefdf40000 - 0x000007fefe00a000 	C:\Windows\system32\USP10.dll
0x000007fefb9c0000 - 0x000007fefbbb4000 	C:\Windows\WinSxS\amd64_microsoft.windows.common-controls_6595b64144ccf1df_6.0.7601.18837_none_fa3b1e3d17594757\COMCTL32.dll
0x000007feff4d0000 - 0x000007feff541000 	C:\Windows\system32\SHLWAPI.dll
0x000007fefd6c0000 - 0x000007fefd6ee000 	C:\Windows\system32\IMM32.DLL
0x000007fefd6f0000 - 0x000007fefd7f9000 	C:\Windows\system32\MSCTF.dll
0x0000000072d10000 - 0x0000000072de2000 	C:\Program Files\Java\jdk1.8.0_60\jre\bin\msvcr100.dll
0x0000000065460000 - 0x0000000065ce9000 	C:\Program Files\Java\jdk1.8.0_60\jre\bin\server\jvm.dll
0x000007fef6ff0000 - 0x000007fef6ff9000 	C:\Windows\system32\WSOCK32.dll
0x000007fefd660000 - 0x000007fefd6ad000 	C:\Windows\system32\WS2_32.dll
0x000007feff340000 - 0x000007feff348000 	C:\Windows\system32\NSI.dll
0x000007fefa040000 - 0x000007fefa07b000 	C:\Windows\system32\WINMM.dll
0x000007fefc340000 - 0x000007fefc34c000 	C:\Windows\system32\VERSION.dll
0x00000000776f0000 - 0x00000000776f7000 	C:\Windows\system32\PSAPI.DLL
0x0000000074e90000 - 0x0000000074e9f000 	C:\Program Files\Java\jdk1.8.0_60\jre\bin\verify.dll
0x0000000074e60000 - 0x0000000074e89000 	C:\Program Files\Java\jdk1.8.0_60\jre\bin\java.dll
0x0000000074e40000 - 0x0000000074e56000 	C:\Program Files\Java\jdk1.8.0_60\jre\bin\zip.dll
0x000007fefe470000 - 0x000007feff1fa000 	C:\Windows\system32\SHELL32.dll
0x000007fefe010000 - 0x000007fefe213000 	C:\Windows\system32\ole32.dll
0x000007fefd2a0000 - 0x000007fefd2af000 	C:\Windows\system32\profapi.dll
0x0000000074e20000 - 0x0000000074e3a000 	C:\Program Files\Java\jdk1.8.0_60\jre\bin\net.dll
0x000007fefca80000 - 0x000007fefcad5000 	C:\Windows\system32\mswsock.dll
0x000007fefca70000 - 0x000007fefca77000 	C:\Windows\System32\wship6.dll
0x0000000074e00000 - 0x0000000074e11000 	C:\Program Files\Java\jdk1.8.0_60\jre\bin\nio.dll
0x000007fef2cb0000 - 0x000007fef2cc2000 	C:\Users\Agustin\.gradle\native\19\windows-amd64\native-platform.dll
0x000007fef95f0000 - 0x000007fef9617000 	C:\Windows\system32\IPHLPAPI.DLL
0x000007fef95b0000 - 0x000007fef95bb000 	C:\Windows\system32\WINNSI.DLL
0x000007fef91e0000 - 0x000007fef91f1000 	C:\Windows\system32\dhcpcsvc6.DLL
0x000007fef91c0000 - 0x000007fef91d8000 	C:\Windows\system32\dhcpcsvc.DLL
0x000007fefcae0000 - 0x000007fefcaf8000 	C:\Windows\system32\CRYPTSP.dll
0x000007fefc7e0000 - 0x000007fefc827000 	C:\Windows\system32\rsaenh.dll
0x000007fefd370000 - 0x000007fefd38e000 	C:\Windows\system32\USERENV.dll
0x000007fefd140000 - 0x000007fefd14f000 	C:\Windows\system32\CRYPTBASE.dll
0x000007fefd0e0000 - 0x000007fefd137000 	C:\Windows\system32\apphelp.dll
0x0000000074df0000 - 0x0000000074dfd000 	C:\Program Files\Java\jdk1.8.0_60\jre\bin\management.dll

VM Arguments:
jvm_args: -XX:MaxPermSize=256m -XX:+HeapDumpOnOutOfMemoryError -Xmx1024m -Dfile.encoding=windows-1252 -Duser.country=ES -Duser.language=es -Duser.variant 
java_command: org.gradle.launcher.daemon.bootstrap.GradleDaemon 2.8
java_class_path (initial): C:\Program Files\Android\Android Studio\gradle\gradle-2.8\lib\gradle-launcher-2.8.jar
Launcher Type: SUN_STANDARD

Environment Variables:
JAVA_HOME=C:\Program Files\Java\jdk1.8.0_92
JRE_HOME=C:\Program Files\Java\jre1.8.0_92
PATH=C:\Program Files\Common Files\Microsoft Shared\Windows Live;C:\Program Files (x86)\Common Files\Microsoft Shared\Windows Live;C:\ProgramData\Oracle\Java\javapath;C:\Windows\system32;C:\Windows;C:\Windows\System32\Wbem;C:\Windows\System32\WindowsPowerShell\v1.0\;C:\Program Files (x86)\Windows Live\Shared;C:\Program Files (x86)\Skype\Phone\;C:\Program Files\Java\jdk1.8.0_60\bin;C:\Program Files\Mercurial; C:\Program Files\Java\jdk1.8.0_60\bin
USERNAME=Agustin
OS=Windows_NT
PROCESSOR_IDENTIFIER=Intel64 Family 6 Model 42 Stepping 7, GenuineIntel



---------------  S Y S T E M  ---------------

OS: Windows 7 , 64 bit Build 7601 (6.1.7601.23418)

CPU:total 4 (2 cores per cpu, 2 threads per core) family 6 model 42 stepping 7, cmov, cx8, fxsr, mmx, sse, sse2, sse3, ssse3, sse4.1, sse4.2, popcnt, avx, clmul, ht, tsc, tscinvbit

Memory: 4k page, physical 4127088k(379152k free), swap 4202208k(5064k free)

vm_info: Java HotSpot(TM) 64-Bit Server VM (25.60-b23) for windows-amd64 JRE (1.8.0_60-b27), built on Aug  4 2015 11:06:27 by "java_re" with MS VC++ 10.0 (VS2010)

time: Sat Jun 04 17:36:29 2016
elapsed time: 27 seconds (0d 0h 0m 27s)

