#
# There is insufficient memory for the Java Runtime Environment to continue.
# Native memory allocation (malloc) failed to allocate 783056 bytes for Chunk::new
# Possible reasons:
#   The system is out of physical RAM or swap space
#   In 32 bit mode, the process size limit was hit
# Possible solutions:
#   Reduce memory load on the system
#   Increase physical memory or swap space
#   Check if swap backing store is full
#   Use 64 bit Java on a 64 bit OS
#   Decrease Java heap size (-Xmx/-Xms)
#   Decrease number of Java threads
#   Decrease Java thread stack sizes (-Xss)
#   Set larger code cache with -XX:ReservedCodeCacheSize=
# This output file may be truncated or incomplete.
#
#  Out of Memory Error (allocation.cpp:390), pid=6244, tid=6176
#
# JRE version: Java(TM) SE Runtime Environment (8.0_60-b27) (build 1.8.0_60-b27)
# Java VM: Java HotSpot(TM) 64-Bit Server VM (25.60-b23 mixed mode windows-amd64 compressed oops)
# Failed to write core dump. Minidumps are not enabled by default on client versions of Windows
#

---------------  T H R E A D  ---------------

Current thread (0x0000000054c84000):  JavaThread "C2 CompilerThread0" daemon [_thread_in_native, id=6176, stack(0x00000000565d0000,0x00000000566d0000)]

Stack: [0x00000000565d0000,0x00000000566d0000]
[error occurred during error reporting (printing stack bounds), id 0xc0000005]

Native frames: (J=compiled Java code, j=interpreted, Vv=VM code, C=native code)


Current CompileTask:
C2:  12995 1845       4       com.android.dx.ssa.SCCP::simulateBranch (666 bytes)


---------------  P R O C E S S  ---------------

Java Threads: ( => current thread )
  0x0000000056931800 JavaThread "pool-1-thread-4" [_thread_blocked, id=6268, stack(0x0000000057b70000,0x0000000057c70000)]
  0x000000005694a000 JavaThread "pool-1-thread-3" [_thread_blocked, id=4624, stack(0x0000000057810000,0x0000000057910000)]
  0x0000000056949000 JavaThread "pool-1-thread-2" [_thread_blocked, id=3048, stack(0x0000000057920000,0x0000000057a20000)]
  0x0000000056948800 JavaThread "pool-2-thread-1" [_thread_blocked, id=5260, stack(0x0000000057530000,0x0000000057630000)]
  0x000000005694e800 JavaThread "pool-1-thread-1" [_thread_blocked, id=7028, stack(0x00000000576f0000,0x00000000577f0000)]
  0x000000005675b800 JavaThread "Service Thread" daemon [_thread_blocked, id=2664, stack(0x0000000056440000,0x0000000056540000)]
  0x000000005670f000 JavaThread "C1 CompilerThread2" daemon [_thread_blocked, id=6060, stack(0x0000000056b20000,0x0000000056c20000)]
  0x0000000056704000 JavaThread "C2 CompilerThread1" daemon [_thread_in_native, id=2788, stack(0x0000000056090000,0x0000000056190000)]
=>0x0000000054c84000 JavaThread "C2 CompilerThread0" daemon [_thread_in_native, id=6176, stack(0x00000000565d0000,0x00000000566d0000)]
  0x0000000054c7f800 JavaThread "Attach Listener" daemon [_thread_blocked, id=5216, stack(0x0000000056330000,0x0000000056430000)]
  0x0000000054c7e000 JavaThread "Signal Dispatcher" daemon [_thread_blocked, id=6940, stack(0x0000000056190000,0x0000000056290000)]
  0x0000000054c27000 JavaThread "Finalizer" daemon [_thread_blocked, id=4828, stack(0x0000000055e20000,0x0000000055f20000)]
  0x0000000054c20000 JavaThread "Reference Handler" daemon [_thread_blocked, id=5320, stack(0x0000000055f90000,0x0000000056090000)]
  0x0000000001ebf000 JavaThread "main" [_thread_blocked, id=3816, stack(0x00000000020f0000,0x00000000021f0000)]

Other Threads:
  0x0000000054c1a800 VMThread [stack: 0x0000000055cd0000,0x0000000055dd0000] [id=3744]
  0x0000000056767000 WatcherThread [stack: 0x0000000056c20000,0x0000000056d20000] [id=1480]

VM state:not at safepoint (normal execution)

VM Mutex/Monitor currently owned by a thread: None

Heap:
 PSYoungGen      total 35328K, used 32645K [0x00000000eab00000, 0x00000000ed000000, 0x0000000100000000)
  eden space 32768K, 91% used [0x00000000eab00000,0x00000000ec8617b8,0x00000000ecb00000)
  from space 2560K, 100% used [0x00000000ecd80000,0x00000000ed000000,0x00000000ed000000)
  to   space 2560K, 0% used [0x00000000ecb00000,0x00000000ecb00000,0x00000000ecd80000)
 ParOldGen       total 44032K, used 7789K [0x00000000c0000000, 0x00000000c2b00000, 0x00000000eab00000)
  object space 44032K, 17% used [0x00000000c0000000,0x00000000c079b458,0x00000000c2b00000)
 Metaspace       used 6306K, capacity 7152K, committed 7296K, reserved 1056768K
  class space    used 602K, capacity 616K, committed 640K, reserved 1048576K

Card table byte_map: [0x0000000011880000,0x0000000011a90000] byte_map_base: 0x0000000011280000

Marking Bits: (ParMarkBitMap*) 0x000000006cd6a5b0
 Begin Bits: [0x0000000012090000, 0x0000000013090000)
 End Bits:   [0x0000000013090000, 0x0000000014090000)

Polling page: 0x0000000000220000

CodeCache: size=245760Kb used=7762Kb max_used=7768Kb free=237997Kb
 bounds [0x00000000024c0000, 0x0000000002c60000, 0x00000000114c0000]
 total_blobs=2102 nmethods=1832 adapters=182
 compilation: enabled

Compilation events (10 events):
Event: 12.802 Thread 0x0000000056704000 1844 %     4       sun.nio.cs.UTF_8$Encoder::encode @ 20 (359 bytes)
Event: 12.811 Thread 0x0000000056704000 nmethod 1844% 0x0000000002c482d0 code [0x0000000002c48420, 0x0000000002c48838]
Event: 12.837 Thread 0x0000000054c84000 1845       4       com.android.dx.ssa.SCCP::simulateBranch (666 bytes)
Event: 12.837 Thread 0x0000000056704000 1846       4       com.android.dx.ssa.DeadCodeRemover::run (194 bytes)
Event: 12.896 Thread 0x000000005670f000 1848  s    3       java.io.ByteArrayOutputStream::reset (6 bytes)
Event: 12.896 Thread 0x000000005670f000 nmethod 1848 0x0000000002c47e10 code [0x0000000002c47f60, 0x0000000002c48210]
Event: 12.896 Thread 0x000000005670f000 1849  s    3       java.io.ByteArrayOutputStream::write (66 bytes)
Event: 12.897 Thread 0x000000005670f000 nmethod 1849 0x0000000002c0b310 code [0x0000000002c0b4c0, 0x0000000002c0bb08]
Event: 12.897 Thread 0x000000005670f000 1850  s    3       java.io.ByteArrayOutputStream::toByteArray (12 bytes)
Event: 12.898 Thread 0x000000005670f000 nmethod 1850 0x0000000002c475d0 code [0x0000000002c47760, 0x0000000002c47c68]

GC Heap History (8 events):
Event: 3.840 GC heap before
{Heap before GC invocations=1 (full 0):
 PSYoungGen      total 18944K, used 16384K [0x00000000eab00000, 0x00000000ec000000, 0x0000000100000000)
  eden space 16384K, 100% used [0x00000000eab00000,0x00000000ebb00000,0x00000000ebb00000)
  from space 2560K, 0% used [0x00000000ebd80000,0x00000000ebd80000,0x00000000ec000000)
  to   space 2560K, 0% used [0x00000000ebb00000,0x00000000ebb00000,0x00000000ebd80000)
 ParOldGen       total 44032K, used 0K [0x00000000c0000000, 0x00000000c2b00000, 0x00000000eab00000)
  object space 44032K, 0% used [0x00000000c0000000,0x00000000c0000000,0x00000000c2b00000)
 Metaspace       used 5521K, capacity 6512K, committed 6784K, reserved 1056768K
  class space    used 591K, capacity 616K, committed 640K, reserved 1048576K
Event: 3.846 GC heap after
Heap after GC invocations=1 (full 0):
 PSYoungGen      total 18944K, used 2555K [0x00000000eab00000, 0x00000000ec000000, 0x0000000100000000)
  eden space 16384K, 0% used [0x00000000eab00000,0x00000000eab00000,0x00000000ebb00000)
  from space 2560K, 99% used [0x00000000ebb00000,0x00000000ebd7ede0,0x00000000ebd80000)
  to   space 2560K, 0% used [0x00000000ebd80000,0x00000000ebd80000,0x00000000ec000000)
 ParOldGen       total 44032K, used 867K [0x00000000c0000000, 0x00000000c2b00000, 0x00000000eab00000)
  object space 44032K, 1% used [0x00000000c0000000,0x00000000c00d8c10,0x00000000c2b00000)
 Metaspace       used 5521K, capacity 6512K, committed 6784K, reserved 1056768K
  class space    used 591K, capacity 616K, committed 640K, reserved 1048576K
}
Event: 5.392 GC heap before
{Heap before GC invocations=2 (full 0):
 PSYoungGen      total 18944K, used 18939K [0x00000000eab00000, 0x00000000ec000000, 0x0000000100000000)
  eden space 16384K, 100% used [0x00000000eab00000,0x00000000ebb00000,0x00000000ebb00000)
  from space 2560K, 99% used [0x00000000ebb00000,0x00000000ebd7ede0,0x00000000ebd80000)
  to   space 2560K, 0% used [0x00000000ebd80000,0x00000000ebd80000,0x00000000ec000000)
 ParOldGen       total 44032K, used 867K [0x00000000c0000000, 0x00000000c2b00000, 0x00000000eab00000)
  object space 44032K, 1% used [0x00000000c0000000,0x00000000c00d8c10,0x00000000c2b00000)
 Metaspace       used 5944K, capacity 6832K, committed 7040K, reserved 1056768K
  class space    used 596K, capacity 616K, committed 640K, reserved 1048576K
Event: 5.464 GC heap after
Heap after GC invocations=2 (full 0):
 PSYoungGen      total 18944K, used 2538K [0x00000000eab00000, 0x00000000ed000000, 0x0000000100000000)
  eden space 16384K, 0% used [0x00000000eab00000,0x00000000eab00000,0x00000000ebb00000)
  from space 2560K, 99% used [0x00000000ebd80000,0x00000000ebffaaa0,0x00000000ec000000)
  to   space 2560K, 0% used [0x00000000ebb00000,0x00000000ebb00000,0x00000000ebd80000)
 ParOldGen       total 44032K, used 2560K [0x00000000c0000000, 0x00000000c2b00000, 0x00000000eab00000)
  object space 44032K, 5% used [0x00000000c0000000,0x00000000c0280338,0x00000000c2b00000)
 Metaspace       used 5944K, capacity 6832K, committed 7040K, reserved 1056768K
  class space    used 596K, capacity 616K, committed 640K, reserved 1048576K
}
Event: 6.380 GC heap before
{Heap before GC invocations=3 (full 0):
 PSYoungGen      total 18944K, used 18922K [0x00000000eab00000, 0x00000000ed000000, 0x0000000100000000)
  eden space 16384K, 100% used [0x00000000eab00000,0x00000000ebb00000,0x00000000ebb00000)
  from space 2560K, 99% used [0x00000000ebd80000,0x00000000ebffaaa0,0x00000000ec000000)
  to   space 2560K, 0% used [0x00000000ebb00000,0x00000000ebb00000,0x00000000ebd80000)
 ParOldGen       total 44032K, used 2560K [0x00000000c0000000, 0x00000000c2b00000, 0x00000000eab00000)
  object space 44032K, 5% used [0x00000000c0000000,0x00000000c0280338,0x00000000c2b00000)
 Metaspace       used 6096K, capacity 7024K, committed 7296K, reserved 1056768K
  class space    used 600K, capacity 616K, committed 640K, reserved 1048576K
Event: 6.535 GC heap after
Heap after GC invocations=3 (full 0):
 PSYoungGen      total 18944K, used 2544K [0x00000000eab00000, 0x00000000ed000000, 0x0000000100000000)
  eden space 16384K, 0% used [0x00000000eab00000,0x00000000eab00000,0x00000000ebb00000)
  from space 2560K, 99% used [0x00000000ebb00000,0x00000000ebd7c010,0x00000000ebd80000)
  to   space 2560K, 0% used [0x00000000ecd80000,0x00000000ecd80000,0x00000000ed000000)
 ParOldGen       total 44032K, used 4941K [0x00000000c0000000, 0x00000000c2b00000, 0x00000000eab00000)
  object space 44032K, 11% used [0x00000000c0000000,0x00000000c04d3720,0x00000000c2b00000)
 Metaspace       used 6096K, capacity 7024K, committed 7296K, reserved 1056768K
  class space    used 600K, capacity 616K, committed 640K, reserved 1048576K
}
Event: 6.908 GC heap before
{Heap before GC invocations=4 (full 0):
 PSYoungGen      total 18944K, used 18928K [0x00000000eab00000, 0x00000000ed000000, 0x0000000100000000)
  eden space 16384K, 100% used [0x00000000eab00000,0x00000000ebb00000,0x00000000ebb00000)
  from space 2560K, 99% used [0x00000000ebb00000,0x00000000ebd7c010,0x00000000ebd80000)
  to   space 2560K, 0% used [0x00000000ecd80000,0x00000000ecd80000,0x00000000ed000000)
 ParOldGen       total 44032K, used 4941K [0x00000000c0000000, 0x00000000c2b00000, 0x00000000eab00000)
  object space 44032K, 11% used [0x00000000c0000000,0x00000000c04d3720,0x00000000c2b00000)
 Metaspace       used 6248K, capacity 7088K, committed 7296K, reserved 1056768K
  class space    used 601K, capacity 616K, committed 640K, reserved 1048576K
Event: 6.920 GC heap after
Heap after GC invocations=4 (full 0):
 PSYoungGen      total 35328K, used 2560K [0x00000000eab00000, 0x00000000ed000000, 0x0000000100000000)
  eden space 32768K, 0% used [0x00000000eab00000,0x00000000eab00000,0x00000000ecb00000)
  from space 2560K, 100% used [0x00000000ecd80000,0x00000000ed000000,0x00000000ed000000)
  to   space 2560K, 0% used [0x00000000ecb00000,0x00000000ecb00000,0x00000000ecd80000)
 ParOldGen       total 44032K, used 7789K [0x00000000c0000000, 0x00000000c2b00000, 0x00000000eab00000)
  object space 44032K, 17% used [0x00000000c0000000,0x00000000c079b458,0x00000000c2b00000)
 Metaspace       used 6248K, capacity 7088K, committed 7296K, reserved 1056768K
  class space    used 601K, capacity 616K, committed 640K, reserved 1048576K
}

Deoptimization events (10 events):
Event: 4.834 Thread 0x0000000056949000 Uncommon trap: reason=unstable_if action=reinterpret pc=0x00000000027cb6c4 method=com.android.dx.rop.cst.Constant.compareTo(Lcom/android/dx/rop/cst/Constant;)I @ 12
Event: 4.872 Thread 0x0000000056931800 Uncommon trap: reason=unstable_if action=reinterpret pc=0x000000000285a4ac method=com.android.dx.rop.code.LocalItem.hashCode()I @ 25
Event: 6.269 Thread 0x0000000056949000 Uncommon trap: reason=unstable_if action=reinterpret pc=0x00000000029f4b38 method=com.android.dx.ssa.SCCP.simulateStmt(Lcom/android/dx/ssa/SsaInsn;)V @ 53
Event: 6.637 Thread 0x0000000001ebf000 Uncommon trap: reason=bimorphic action=maybe_recompile pc=0x0000000002a32d9c method=com.android.dx.ssa.SCCP.simulatePhi(Lcom/android/dx/ssa/PhiInsn;)V @ 124
Event: 7.023 Thread 0x000000005694e800 Uncommon trap: reason=bimorphic action=maybe_recompile pc=0x0000000002a8b2f4 method=com.android.dx.rop.code.RegisterSpec.withSimpleType()Lcom/android/dx/rop/code/RegisterSpec; @ 21
Event: 8.404 Thread 0x0000000056949000 Uncommon trap: reason=unstable_if action=reinterpret pc=0x000000000288d324 method=com.android.dx.rop.code.RegisterSpecSet.<init>(I)V @ 2
Event: 9.021 Thread 0x000000005694e800 Uncommon trap: reason=bimorphic action=maybe_recompile pc=0x0000000002ba44d4 method=com.android.dx.cf.code.RopperMachine.run(Lcom/android/dx/cf/code/Frame;II)V @ 988
Event: 9.022 Thread 0x000000005694e800 Uncommon trap: reason=unstable_if action=reinterpret pc=0x0000000002adb0dc method=com.android.dx.ssa.SCCP.simulateBranch(Lcom/android/dx/ssa/SsaInsn;)V @ 64
Event: 9.023 Thread 0x000000005694e800 Uncommon trap: reason=unloaded action=reinterpret pc=0x0000000002a103ec method=com.android.dx.ssa.LiteralOpUpgrader$1.visitNonMoveInsn(Lcom/android/dx/ssa/NormalSsaInsn;)V @ 72
Event: 9.024 Thread 0x000000005694e800 Uncommon trap: reason=unstable_if action=reinterpret pc=0x000000000287e84c method=com.android.dx.ssa.SsaMethod.updateOneDefinition(Lcom/android/dx/ssa/SsaInsn;Lcom/android/dx/rop/code/RegisterSpec;)V @ 4

Internal exceptions (2 events):
Event: 0.107 Thread 0x0000000001ebf000 Exception <a 'java/lang/NoSuchMethodError': Method sun.misc.Unsafe.defineClass(Ljava/lang/String;[BII)Ljava/lang/Class; name or signature does not match> (0x00000000eab0d610) thrown at [C:\re\workspace\8-2-build-windows-amd64-cygwin\jdk8u60\4407\hotspot\sr
Event: 0.107 Thread 0x0000000001ebf000 Exception <a 'java/lang/NoSuchMethodError': Method sun.misc.Unsafe.prefetchRead(Ljava/lang/Object;J)V name or signature does not match> (0x00000000eab0d8f8) thrown at [C:\re\workspace\8-2-build-windows-amd64-cygwin\jdk8u60\4407\hotspot\src\share\vm\prims\j

Events (10 events):
Event: 9.024 Thread 0x000000005694e800 DEOPT UNPACKING pc=0x000000000250582a sp=0x00000000577ee638 mode 2
Event: 9.024 Thread 0x000000005694e800 Uncommon trap: trap_request=0xffffff65 fr.pc=0x000000000287e84c
Event: 9.024 Thread 0x000000005694e800 DEOPT PACKING pc=0x000000000287e84c sp=0x00000000577ee4b0
Event: 9.024 Thread 0x000000005694e800 DEOPT UNPACKING pc=0x000000000250582a sp=0x00000000577ee458 mode 2
Event: 9.942 loading class com/android/dx/cf/attrib/AttRuntimeInvisibleAnnotations
Event: 9.942 loading class com/android/dx/cf/attrib/AttRuntimeInvisibleAnnotations done
Event: 9.942 loading class com/android/dx/cf/attrib/BaseAnnotations
Event: 9.942 loading class com/android/dx/cf/attrib/BaseAnnotations done
Event: 12.064 Thread 0x000000005694e800 DEOPT PACKING pc=0x0000000002837b53 sp=0x00000000577ee1c0
Event: 12.064 Thread 0x000000005694e800 DEOPT UNPACKING pc=0x000000000250787f sp=0x00000000577edfd0 mode 0


Dynamic libraries:
0x000000013f590000 - 0x000000013f5c7000 	C:\Program Files\Java\jdk1.8.0_60\bin\java.exe
0x0000000077410000 - 0x00000000775ba000 	C:\Windows\SYSTEM32\ntdll.dll
0x00000000772f0000 - 0x000000007740f000 	C:\Windows\system32\kernel32.dll
0x000007fefd300000 - 0x000007fefd36a000 	C:\Windows\system32\KERNELBASE.dll
0x000007fefe040000 - 0x000007fefe11b000 	C:\Windows\system32\ADVAPI32.dll
0x000007fefdbc0000 - 0x000007fefdc5f000 	C:\Windows\system32\msvcrt.dll
0x000007fefd9f0000 - 0x000007fefda0f000 	C:\Windows\SYSTEM32\sechost.dll
0x000007fefd720000 - 0x000007fefd84d000 	C:\Windows\system32\RPCRT4.dll
0x00000000771f0000 - 0x00000000772ea000 	C:\Windows\system32\USER32.dll
0x000007fefd850000 - 0x000007fefd8b7000 	C:\Windows\system32\GDI32.dll
0x000007feff710000 - 0x000007feff71e000 	C:\Windows\system32\LPK.dll
0x000007fefd8c0000 - 0x000007fefd98a000 	C:\Windows\system32\USP10.dll
0x000007fefba80000 - 0x000007fefbc74000 	C:\Windows\WinSxS\amd64_microsoft.windows.common-controls_6595b64144ccf1df_6.0.7601.18837_none_fa3b1e3d17594757\COMCTL32.dll
0x000007fefd5f0000 - 0x000007fefd661000 	C:\Windows\system32\SHLWAPI.dll
0x000007fefd6f0000 - 0x000007fefd71e000 	C:\Windows\system32\IMM32.DLL
0x000007fefdf20000 - 0x000007fefe029000 	C:\Windows\system32\MSCTF.dll
0x0000000074d70000 - 0x0000000074e42000 	C:\Program Files\Java\jdk1.8.0_60\jre\bin\msvcr100.dll
0x000000006c560000 - 0x000000006cde9000 	C:\Program Files\Java\jdk1.8.0_60\jre\bin\server\jvm.dll
0x000007fefac50000 - 0x000007fefac59000 	C:\Windows\system32\WSOCK32.dll
0x000007fefe1c0000 - 0x000007fefe20d000 	C:\Windows\system32\WS2_32.dll
0x000007fefe030000 - 0x000007fefe038000 	C:\Windows\system32\NSI.dll
0x000007fef9b60000 - 0x000007fef9b9b000 	C:\Windows\system32\WINMM.dll
0x000007fefc230000 - 0x000007fefc23c000 	C:\Windows\system32\VERSION.dll
0x00000000775d0000 - 0x00000000775d7000 	C:\Windows\system32\PSAPI.DLL
0x0000000074d60000 - 0x0000000074d6f000 	C:\Program Files\Java\jdk1.8.0_60\jre\bin\verify.dll
0x0000000074d30000 - 0x0000000074d59000 	C:\Program Files\Java\jdk1.8.0_60\jre\bin\java.dll
0x0000000074d10000 - 0x0000000074d26000 	C:\Program Files\Java\jdk1.8.0_60\jre\bin\zip.dll
0x000007fefe980000 - 0x000007feff70a000 	C:\Windows\system32\SHELL32.dll
0x000007fefe4e0000 - 0x000007fefe6e3000 	C:\Windows\system32\ole32.dll
0x000007fefd1a0000 - 0x000007fefd1af000 	C:\Windows\system32\profapi.dll

VM Arguments:
jvm_args: -Djava.awt.headless=true -Xmx1024M -Dfile.encoding=windows-1252 -Duser.country=ES -Duser.language=es -Duser.variant 
java_command: com.android.dx.command.Main --dex --num-threads=4 --output C:\Users\Agustin\Desktop\Android\turnos\app\build\intermediates\pre-dexed\debug\internal_impl-23.1.1_d08c6217ea51adffa166429212e48e1da2a3d3db.jar C:\Users\Agustin\Desktop\Android\turnos\app\build\intermediates\exploded-aar\com.android.support\support-v4\23.1.1\jars\libs\internal_impl-23.1.1.jar
java_class_path (initial): C:\Users\Agustin\AppData\Local\Android\sdk\build-tools\23.0.2\lib\dx.jar
Launcher Type: SUN_STANDARD

Environment Variables:
JAVA_HOME=C:\Program Files\Java\jdk1.8.0_92
JRE_HOME=C:\Program Files\Java\jre1.8.0_92
PATH=C:\Program Files\Common Files\Microsoft Shared\Windows Live;C:\Program Files (x86)\Common Files\Microsoft Shared\Windows Live;C:\ProgramData\Oracle\Java\javapath;C:\Windows\system32;C:\Windows;C:\Windows\System32\Wbem;C:\Windows\System32\WindowsPowerShell\v1.0\;C:\Program Files (x86)\Windows Live\Shared;C:\Program Files (x86)\Skype\Phone\;C:\Program Files\Java\jdk1.8.0_60\bin;C:\Program Files\Mercurial; C:\Program Files\Java\jdk1.8.0_60\bin
USERNAME=Agustin
OS=Windows_NT
PROCESSOR_IDENTIFIER=Intel64 Family 6 Model 42 Stepping 7, GenuineIntel



---------------  S Y S T E M  ---------------

OS: Windows 7 , 64 bit Build 7601 (6.1.7601.23418)

CPU:total 4 (2 cores per cpu, 2 threads per core) family 6 model 42 stepping 7, cmov, cx8, fxsr, mmx, sse, sse2, sse3, ssse3, sse4.1, sse4.2, popcnt, avx, clmul, ht, tsc, tscinvbit

Memory: 4k page, physical 4127088k(1338536k free), swap 4189440k(775356k free)

vm_info: Java HotSpot(TM) 64-Bit Server VM (25.60-b23) for windows-amd64 JRE (1.8.0_60-b27), built on Aug  4 2015 11:06:27 by "java_re" with MS VC++ 10.0 (VS2010)

time: Mon Jun 06 08:25:12 2016
elapsed time: 12 seconds (0d 0h 0m 12s)

