#
# There is insufficient memory for the Java Runtime Environment to continue.
# Native memory allocation (malloc) failed to allocate 304096 bytes for Chunk::new
# Possible reasons:
#   The system is out of physical RAM or swap space
#   In 32 bit mode, the process size limit was hit
# Possible solutions:
#   Reduce memory load on the system
#   Increase physical memory or swap space
#   Check if swap backing store is full
#   Use 64 bit Java on a 64 bit OS
#   Decrease Java heap size (-Xmx/-Xms)
#   Decrease number of Java threads
#   Decrease Java thread stack sizes (-Xss)
#   Set larger code cache with -XX:ReservedCodeCacheSize=
# This output file may be truncated or incomplete.
#
#  Out of Memory Error (allocation.cpp:390), pid=6432, tid=5280
#
# JRE version: Java(TM) SE Runtime Environment (8.0_60-b27) (build 1.8.0_60-b27)
# Java VM: Java HotSpot(TM) 64-Bit Server VM (25.60-b23 mixed mode windows-amd64 compressed oops)
# Failed to write core dump. Minidumps are not enabled by default on client versions of Windows
#

---------------  T H R E A D  ---------------

Current thread (0x0000000054bc5000):  JavaThread "C2 CompilerThread1" daemon [_thread_in_native, id=5280, stack(0x0000000056af0000,0x0000000056bf0000)]

Stack: [0x0000000056af0000,0x0000000056bf0000]
[error occurred during error reporting (printing stack bounds), id 0xc0000005]

Native frames: (J=compiled Java code, j=interpreted, Vv=VM code, C=native code)


Current CompileTask:
C2:   2973  789       4       com.android.dx.ssa.NormalSsaInsn::accept (25 bytes)


---------------  P R O C E S S  ---------------

Java Threads: ( => current thread )
  0x0000000056895800 JavaThread "pool-1-thread-4" [_thread_in_Java, id=4364, stack(0x00000000575b0000,0x00000000576b0000)]
  0x00000000568ae800 JavaThread "pool-1-thread-3" [_thread_blocked, id=3964, stack(0x00000000569f0000,0x0000000056af0000)]
  0x00000000568a4000 JavaThread "pool-1-thread-2" [_thread_blocked, id=5444, stack(0x0000000056f50000,0x0000000057050000)]
  0x00000000568a3000 JavaThread "pool-2-thread-1" [_thread_blocked, id=6560, stack(0x0000000057340000,0x0000000057440000)]
  0x0000000056898800 JavaThread "pool-1-thread-1" [_thread_blocked, id=7052, stack(0x0000000057240000,0x0000000057340000)]
  0x000000005664f000 JavaThread "Service Thread" daemon [_thread_blocked, id=4044, stack(0x0000000056de0000,0x0000000056ee0000)]
  0x00000000565d4800 JavaThread "C1 CompilerThread2" daemon [_thread_in_native, id=5140, stack(0x0000000056ce0000,0x0000000056de0000)]
=>0x0000000054bc5000 JavaThread "C2 CompilerThread1" daemon [_thread_in_native, id=5280, stack(0x0000000056af0000,0x0000000056bf0000)]
  0x0000000054bbd800 JavaThread "C2 CompilerThread0" daemon [_thread_in_native, id=5988, stack(0x0000000056390000,0x0000000056490000)]
  0x0000000054bbb800 JavaThread "Attach Listener" daemon [_thread_blocked, id=6092, stack(0x00000000564d0000,0x00000000565d0000)]
  0x0000000054bcc800 JavaThread "Signal Dispatcher" daemon [_thread_blocked, id=5700, stack(0x00000000561e0000,0x00000000562e0000)]
  0x0000000054b61000 JavaThread "Finalizer" daemon [_thread_blocked, id=6132, stack(0x0000000056020000,0x0000000056120000)]
  0x0000000054b5f800 JavaThread "Reference Handler" daemon [_thread_blocked, id=6008, stack(0x0000000055e70000,0x0000000055f70000)]
  0x0000000001d7f000 JavaThread "main" [_thread_in_Java, id=6376, stack(0x0000000001ee0000,0x0000000001fe0000)]

Other Threads:
  0x0000000054b5a000 VMThread [stack: 0x0000000055c80000,0x0000000055d80000] [id=2844]
  0x0000000056668800 WatcherThread [stack: 0x0000000057070000,0x0000000057170000] [id=3568]

VM state:not at safepoint (normal execution)

VM Mutex/Monitor currently owned by a thread: None

Heap:
 PSYoungGen      total 18944K, used 5791K [0x00000000eab00000, 0x00000000ed000000, 0x0000000100000000)
  eden space 16384K, 19% used [0x00000000eab00000,0x00000000eae292f8,0x00000000ebb00000)
  from space 2560K, 99% used [0x00000000ebb00000,0x00000000ebd7e970,0x00000000ebd80000)
  to   space 2560K, 0% used [0x00000000ecd80000,0x00000000ecd80000,0x00000000ed000000)
 ParOldGen       total 44032K, used 1147K [0x00000000c0000000, 0x00000000c2b00000, 0x00000000eab00000)
  object space 44032K, 2% used [0x00000000c0000000,0x00000000c011ec68,0x00000000c2b00000)
 Metaspace       used 5766K, capacity 6704K, committed 6784K, reserved 1056768K
  class space    used 595K, capacity 616K, committed 640K, reserved 1048576K

Card table byte_map: [0x0000000011750000,0x0000000011960000] byte_map_base: 0x0000000011150000

Marking Bits: (ParMarkBitMap*) 0x000000006cd6a5b0
 Begin Bits: [0x0000000011fd0000, 0x0000000012fd0000)
 End Bits:   [0x0000000012fd0000, 0x0000000013fd0000)

Polling page: 0x0000000000110000

CodeCache: size=245760Kb used=3181Kb max_used=3181Kb free=242578Kb
 bounds [0x0000000002390000, 0x00000000026b0000, 0x0000000011390000]
 total_blobs=1052 nmethods=783 adapters=182
 compilation: enabled

Compilation events (10 events):
Event: 2.965 Thread 0x00000000565d4800 nmethod 785 0x00000000026a5a50 code [0x00000000026a5be0, 0x00000000026a5f90]
Event: 2.965 Thread 0x00000000565d4800  771       3       com.android.dx.ssa.SsaBasicBlock::<init> (109 bytes)
Event: 2.966 Thread 0x00000000565d4800 nmethod 771 0x00000000026a6150 code [0x00000000026a6340, 0x00000000026a6d28]
Event: 2.966 Thread 0x00000000565d4800  763       3       com.android.dx.cf.code.Merger::mergeType (142 bytes)
Event: 2.968 Thread 0x00000000565d4800 nmethod 763 0x00000000026a7210 code [0x00000000026a74c0, 0x00000000026a8928]
Event: 2.968 Thread 0x00000000565d4800  782       3       com.android.dx.rop.code.PlainInsn::getCatches (4 bytes)
Event: 2.968 Thread 0x00000000565d4800 nmethod 782 0x00000000026a9010 code [0x00000000026a9160, 0x00000000026a92b0]
Event: 2.968 Thread 0x00000000565d4800  787       3       com.android.dx.ssa.Dominators::getPreds (17 bytes)
Event: 2.968 Thread 0x00000000565d4800 nmethod 787 0x00000000026a9350 code [0x00000000026a94c0, 0x00000000026a9790]
Event: 2.968 Thread 0x00000000565d4800  790       3       com.android.dx.ssa.LiteralOpUpgrader::tryReplacingWithConstant (161 bytes)

GC Heap History (2 events):
Event: 2.258 GC heap before
{Heap before GC invocations=1 (full 0):
 PSYoungGen      total 18944K, used 16384K [0x00000000eab00000, 0x00000000ec000000, 0x0000000100000000)
  eden space 16384K, 100% used [0x00000000eab00000,0x00000000ebb00000,0x00000000ebb00000)
  from space 2560K, 0% used [0x00000000ebd80000,0x00000000ebd80000,0x00000000ec000000)
  to   space 2560K, 0% used [0x00000000ebb00000,0x00000000ebb00000,0x00000000ebd80000)
 ParOldGen       total 44032K, used 0K [0x00000000c0000000, 0x00000000c2b00000, 0x00000000eab00000)
  object space 44032K, 0% used [0x00000000c0000000,0x00000000c0000000,0x00000000c2b00000)
 Metaspace       used 5644K, capacity 6640K, committed 6784K, reserved 1056768K
  class space    used 593K, capacity 616K, committed 640K, reserved 1048576K
Event: 2.661 GC heap after
Heap after GC invocations=1 (full 0):
 PSYoungGen      total 18944K, used 2554K [0x00000000eab00000, 0x00000000ed000000, 0x0000000100000000)
  eden space 16384K, 0% used [0x00000000eab00000,0x00000000eab00000,0x00000000ebb00000)
  from space 2560K, 99% used [0x00000000ebb00000,0x00000000ebd7e970,0x00000000ebd80000)
  to   space 2560K, 0% used [0x00000000ecd80000,0x00000000ecd80000,0x00000000ed000000)
 ParOldGen       total 44032K, used 1147K [0x00000000c0000000, 0x00000000c2b00000, 0x00000000eab00000)
  object space 44032K, 2% used [0x00000000c0000000,0x00000000c011ec68,0x00000000c2b00000)
 Metaspace       used 5644K, capacity 6640K, committed 6784K, reserved 1056768K
  class space    used 593K, capacity 616K, committed 640K, reserved 1048576K
}

Deoptimization events (5 events):
Event: 2.195 Thread 0x0000000056895800 Uncommon trap: reason=unstable_if action=reinterpret pc=0x00000000025e0c30 method=java.util.HashMap.getNode(ILjava/lang/Object;)Ljava/util/HashMap$Node; @ 129
Event: 2.906 Thread 0x0000000056895800 Uncommon trap: reason=class_check action=maybe_recompile pc=0x000000000261cd20 method=com.android.dx.ssa.NormalSsaInsn.accept(Lcom/android/dx/ssa/SsaInsn$Visitor;)V @ 9
Event: 2.906 Thread 0x0000000056895800 Uncommon trap: reason=class_check action=maybe_recompile pc=0x000000000261cd20 method=com.android.dx.ssa.NormalSsaInsn.accept(Lcom/android/dx/ssa/SsaInsn$Visitor;)V @ 9
Event: 2.906 Thread 0x0000000056895800 Uncommon trap: reason=class_check action=maybe_recompile pc=0x000000000261cd20 method=com.android.dx.ssa.NormalSsaInsn.accept(Lcom/android/dx/ssa/SsaInsn$Visitor;)V @ 9
Event: 2.910 Thread 0x0000000056895800 Uncommon trap: reason=class_check action=maybe_recompile pc=0x000000000261cd20 method=com.android.dx.ssa.NormalSsaInsn.accept(Lcom/android/dx/ssa/SsaInsn$Visitor;)V @ 9

Internal exceptions (2 events):
Event: 0.562 Thread 0x0000000001d7f000 Exception <a 'java/lang/NoSuchMethodError': Method sun.misc.Unsafe.defineClass(Ljava/lang/String;[BII)Ljava/lang/Class; name or signature does not match> (0x00000000eab0d648) thrown at [C:\re\workspace\8-2-build-windows-amd64-cygwin\jdk8u60\4407\hotspot\sr™Ýñüá?
Event: 0.562 Thread 0x0000000001d7f000 Exception <a 'java/lang/NoSuchMethodError': Method sun.misc.Unsafe.prefetchRead(Ljava/lang/Object;J)V name or signature does not match> (0x00000000eab0d930) thrown at [C:\re\workspace\8-2-build-windows-amd64-cygwin\jdk8u60\4407\hotspot\src\share\vm\prims\j

Events (10 events):
Event: 2.906 Thread 0x0000000056895800 DEOPT UNPACKING pc=0x00000000023d582a sp=0x00000000576aebe0 mode 2
Event: 2.906 Thread 0x0000000056895800 Uncommon trap: trap_request=0xffffffde fr.pc=0x000000000261cd20
Event: 2.906 Thread 0x0000000056895800 DEOPT PACKING pc=0x000000000261cd20 sp=0x00000000576aec50
Event: 2.906 Thread 0x0000000056895800 DEOPT UNPACKING pc=0x00000000023d582a sp=0x00000000576aebe0 mode 2
Event: 2.906 Thread 0x0000000056895800 Uncommon trap: trap_request=0xffffffde fr.pc=0x000000000261cd20
Event: 2.906 Thread 0x0000000056895800 DEOPT PACKING pc=0x000000000261cd20 sp=0x00000000576aec50
Event: 2.906 Thread 0x0000000056895800 DEOPT UNPACKING pc=0x00000000023d582a sp=0x00000000576aebe0 mode 2
Event: 2.910 Thread 0x0000000056895800 Uncommon trap: trap_request=0xffffffde fr.pc=0x000000000261cd20
Event: 2.910 Thread 0x0000000056895800 DEOPT PACKING pc=0x000000000261cd20 sp=0x00000000576aec50
Event: 2.910 Thread 0x0000000056895800 DEOPT UNPACKING pc=0x00000000023d582a sp=0x00000000576aebe0 mode 2


Dynamic libraries:
0x000000013f590000 - 0x000000013f5c7000 	C:\Program Files\Java\jdk1.8.0_60\bin\java.exe
0x0000000077410000 - 0x00000000775ba000 	C:\Windows\SYSTEM32\ntdll.dll
0x00000000772f0000 - 0x000000007740f000 	C:\Windows\system32\kernel32.dll
0x000007fefd300000 - 0x000007fefd36a000 	C:\Windows\system32\KERNELBASE.dll
0x000007fefe040000 - 0x000007fefe11b000 	C:\Windows\system32\ADVAPI32.dll
0x000007fefdbc0000 - 0x000007fefdc5f000 	C:\Windows\system32\msvcrt.dll
0x000007fefd9f0000 - 0x000007fefda0f000 	C:\Windows\SYSTEM32\sechost.dll
0x000007fefd720000 - 0x000007fefd84d000 	C:\Windows\system32\RPCRT4.dll
0x00000000771f0000 - 0x00000000772ea000 	C:\Windows\system32\USER32.dll
0x000007fefd850000 - 0x000007fefd8b7000 	C:\Windows\system32\GDI32.dll
0x000007feff710000 - 0x000007feff71e000 	C:\Windows\system32\LPK.dll
0x000007fefd8c0000 - 0x000007fefd98a000 	C:\Windows\system32\USP10.dll
0x000007fefba80000 - 0x000007fefbc74000 	C:\Windows\WinSxS\amd64_microsoft.windows.common-controls_6595b64144ccf1df_6.0.7601.18837_none_fa3b1e3d17594757\COMCTL32.dll
0x000007fefd5f0000 - 0x000007fefd661000 	C:\Windows\system32\SHLWAPI.dll
0x000007fefd6f0000 - 0x000007fefd71e000 	C:\Windows\system32\IMM32.DLL
0x000007fefdf20000 - 0x000007fefe029000 	C:\Windows\system32\MSCTF.dll
0x0000000074d70000 - 0x0000000074e42000 	C:\Program Files\Java\jdk1.8.0_60\jre\bin\msvcr100.dll
0x000000006c560000 - 0x000000006cde9000 	C:\Program Files\Java\jdk1.8.0_60\jre\bin\server\jvm.dll
0x000007fefac50000 - 0x000007fefac59000 	C:\Windows\system32\WSOCK32.dll
0x000007fefe1c0000 - 0x000007fefe20d000 	C:\Windows\system32\WS2_32.dll
0x000007fefe030000 - 0x000007fefe038000 	C:\Windows\system32\NSI.dll
0x000007fef9b60000 - 0x000007fef9b9b000 	C:\Windows\system32\WINMM.dll
0x000007fefc230000 - 0x000007fefc23c000 	C:\Windows\system32\VERSION.dll
0x00000000775d0000 - 0x00000000775d7000 	C:\Windows\system32\PSAPI.DLL
0x0000000074d60000 - 0x0000000074d6f000 	C:\Program Files\Java\jdk1.8.0_60\jre\bin\verify.dll
0x0000000074d30000 - 0x0000000074d59000 	C:\Program Files\Java\jdk1.8.0_60\jre\bin\java.dll
0x0000000074d10000 - 0x0000000074d26000 	C:\Program Files\Java\jdk1.8.0_60\jre\bin\zip.dll
0x000007fefe980000 - 0x000007feff70a000 	C:\Windows\system32\SHELL32.dll
0x000007fefe4e0000 - 0x000007fefe6e3000 	C:\Windows\system32\ole32.dll
0x000007fefd1a0000 - 0x000007fefd1af000 	C:\Windows\system32\profapi.dll

VM Arguments:
jvm_args: -Djava.awt.headless=true -Xmx1024M -Dfile.encoding=windows-1252 -Duser.country=ES -Duser.language=es -Duser.variant 
java_command: com.android.dx.command.Main --dex --num-threads=4 --output C:\Users\Agustin\Desktop\Android\turnos\app\build\intermediates\pre-dexed\debug\com.google.android.gms-play-services-wearable-8.4.0_2eef9375fcf7e9336403ada51a268e5863bc6cfd.jar C:\Users\Agustin\Desktop\Android\turnos\app\build\intermediates\exploded-aar\com.google.android.gms\play-services-wearable\8.4.0\jars\classes.jar
java_class_path (initial): C:\Users\Agustin\AppData\Local\Android\sdk\build-tools\23.0.2\lib\dx.jar
Launcher Type: SUN_STANDARD

Environment Variables:
JAVA_HOME=C:\Program Files\Java\jdk1.8.0_92
JRE_HOME=C:\Program Files\Java\jre1.8.0_92
PATH=C:\Program Files\Common Files\Microsoft Shared\Windows Live;C:\Program Files (x86)\Common Files\Microsoft Shared\Windows Live;C:\ProgramData\Oracle\Java\javapath;C:\Windows\system32;C:\Windows;C:\Windows\System32\Wbem;C:\Windows\System32\WindowsPowerShell\v1.0\;C:\Program Files (x86)\Windows Live\Shared;C:\Program Files (x86)\Skype\Phone\;C:\Program Files\Java\jdk1.8.0_60\bin;C:\Program Files\Mercurial; C:\Program Files\Java\jdk1.8.0_60\bin
USERNAME=Agustin
OS=Windows_NT
PROCESSOR_IDENTIFIER=Intel64 Family 6 Model 42 Stepping 7, GenuineIntel



---------------  S Y S T E M  ---------------

OS: Windows 7 , 64 bit Build 7601 (6.1.7601.23418)

CPU:total 4 (2 cores per cpu, 2 threads per core) family 6 model 42 stepping 7, cmov, cx8, fxsr, mmx, sse, sse2, sse3, ssse3, sse4.1, sse4.2, popcnt, avx, clmul, ht, tsc, tscinvbit

Memory: 4k page, physical 4127088k(713304k free), swap 4189440k(5088k free)

vm_info: Java HotSpot(TM) 64-Bit Server VM (25.60-b23) for windows-amd64 JRE (1.8.0_60-b27), built on Aug  4 2015 11:06:27 by "java_re" with MS VC++ 10.0 (VS2010)

time: Mon Jun 06 08:25:12 2016
elapsed time: 2 seconds (0d 0h 0m 2s)

