#
# There is insufficient memory for the Java Runtime Environment to continue.
# Native memory allocation (malloc) failed to allocate 926352 bytes for Chunk::new
# Possible reasons:
#   The system is out of physical RAM or swap space
#   In 32 bit mode, the process size limit was hit
# Possible solutions:
#   Reduce memory load on the system
#   Increase physical memory or swap space
#   Check if swap backing store is full
#   Use 64 bit Java on a 64 bit OS
#   Decrease Java heap size (-Xmx/-Xms)
#   Decrease number of Java threads
#   Decrease Java thread stack sizes (-Xss)
#   Set larger code cache with -XX:ReservedCodeCacheSize=
# This output file may be truncated or incomplete.
#
#  Out of Memory Error (allocation.cpp:390), pid=2312, tid=2828
#
# JRE version: Java(TM) SE Runtime Environment (8.0_60-b27) (build 1.8.0_60-b27)
# Java VM: Java HotSpot(TM) 64-Bit Server VM (25.60-b23 mixed mode windows-amd64 compressed oops)
# Failed to write core dump. Minidumps are not enabled by default on client versions of Windows
#

---------------  T H R E A D  ---------------

Current thread (0x0000000054c7e000):  JavaThread "C2 CompilerThread0" daemon [_thread_in_native, id=2828, stack(0x0000000056650000,0x0000000056750000)]

Stack: [0x0000000056650000,0x0000000056750000]
[error occurred during error reporting (printing stack bounds), id 0xc0000005]

Native frames: (J=compiled Java code, j=interpreted, Vv=VM code, C=native code)


Current CompileTask:
C2:   6891 1503       4       com.android.dx.ssa.SCCP::simulatePhi (169 bytes)


---------------  P R O C E S S  ---------------

Java Threads: ( => current thread )
  0x0000000056d39800 JavaThread "pool-1-thread-4" [_thread_blocked, id=7144, stack(0x0000000057530000,0x0000000057630000)]
  0x0000000056d36000 JavaThread "pool-1-thread-3" [_thread_blocked, id=6608, stack(0x0000000057350000,0x0000000057450000)]
  0x0000000056d28000 JavaThread "pool-1-thread-2" [_thread_blocked, id=6856, stack(0x0000000057210000,0x0000000057310000)]
  0x0000000056c8a800 JavaThread "pool-2-thread-1" [_thread_blocked, id=6868, stack(0x00000000567a0000,0x00000000568a0000)]
  0x0000000056c89000 JavaThread "pool-1-thread-1" [_thread_blocked, id=4560, stack(0x0000000056f50000,0x0000000057050000)]
  0x0000000056a31000 JavaThread "Service Thread" daemon [_thread_blocked, id=3156, stack(0x0000000056350000,0x0000000056450000)]
  0x0000000054c83000 JavaThread "C1 CompilerThread2" daemon [_thread_blocked, id=3196, stack(0x00000000568d0000,0x00000000569d0000)]
  0x0000000054c82000 JavaThread "C2 CompilerThread1" daemon [_thread_in_native, id=4064, stack(0x0000000056550000,0x0000000056650000)]
=>0x0000000054c7e000 JavaThread "C2 CompilerThread0" daemon [_thread_in_native, id=2828, stack(0x0000000056650000,0x0000000056750000)]
  0x0000000054c8e000 JavaThread "Attach Listener" daemon [_thread_blocked, id=4704, stack(0x0000000056450000,0x0000000056550000)]
  0x0000000054c8c800 JavaThread "Signal Dispatcher" daemon [_thread_blocked, id=6740, stack(0x0000000056230000,0x0000000056330000)]
  0x0000000054c21000 JavaThread "Finalizer" daemon [_thread_blocked, id=3220, stack(0x0000000055f90000,0x0000000056090000)]
  0x0000000054c20000 JavaThread "Reference Handler" daemon [_thread_blocked, id=3432, stack(0x0000000055cd0000,0x0000000055dd0000)]
  0x0000000001d3f000 JavaThread "main" [_thread_blocked, id=2884, stack(0x0000000002020000,0x0000000002120000)]

Other Threads:
  0x0000000054c1a800 VMThread [stack: 0x0000000055e70000,0x0000000055f70000] [id=2656]
  0x0000000056a3b000 WatcherThread [stack: 0x0000000056e30000,0x0000000056f30000] [id=3028]

VM state:not at safepoint (normal execution)

VM Mutex/Monitor currently owned by a thread: None

Heap:
 PSYoungGen      total 35328K, used 21686K [0x00000000eab00000, 0x00000000ed000000, 0x0000000100000000)
  eden space 32768K, 58% used [0x00000000eab00000,0x00000000ebdb2b88,0x00000000ecb00000)
  from space 2560K, 99% used [0x00000000ecb00000,0x00000000ecd7acf0,0x00000000ecd80000)
  to   space 2560K, 0% used [0x00000000ecd80000,0x00000000ecd80000,0x00000000ed000000)
 ParOldGen       total 44032K, used 7511K [0x00000000c0000000, 0x00000000c2b00000, 0x00000000eab00000)
  object space 44032K, 17% used [0x00000000c0000000,0x00000000c0755cc0,0x00000000c2b00000)
 Metaspace       used 6201K, capacity 7088K, committed 7296K, reserved 1056768K
  class space    used 596K, capacity 616K, committed 640K, reserved 1048576K

Card table byte_map: [0x00000000117b0000,0x00000000119c0000] byte_map_base: 0x00000000111b0000

Marking Bits: (ParMarkBitMap*) 0x000000006cd6a5b0
 Begin Bits: [0x0000000012090000, 0x0000000013090000)
 End Bits:   [0x0000000013090000, 0x0000000014090000)

Polling page: 0x0000000000110000

CodeCache: size=245760Kb used=6770Kb max_used=6770Kb free=238989Kb
 bounds [0x00000000023f0000, 0x0000000002aa0000, 0x00000000113f0000]
 total_blobs=1861 nmethods=1592 adapters=182
 compilation: enabled

Compilation events (10 events):
Event: 6.857 Thread 0x0000000054c83000 1604       2       java.util.Arrays::sort (47 bytes)
Event: 6.858 Thread 0x0000000054c83000 nmethod 1604 0x0000000002a90310 code [0x0000000002a904a0, 0x0000000002a90718]
Event: 6.859 Thread 0x0000000054c83000 1605       2       com.android.dx.dex.code.StdCatchBuilder::<init> (62 bytes)
Event: 6.860 Thread 0x0000000054c83000 nmethod 1605 0x0000000002a90890 code [0x0000000002a90a20, 0x0000000002a90da8]
Event: 6.860 Thread 0x0000000054c83000 1606       2       com.android.dx.dex.code.OutputCollector::appendSuffixToOutput (45 bytes)
Event: 6.861 Thread 0x0000000054c83000 nmethod 1606 0x0000000002a90f50 code [0x0000000002a91100, 0x0000000002a915b8]
Event: 6.861 Thread 0x0000000054c83000 1607       2       com.android.dx.dex.code.DalvCode::<init> (68 bytes)
Event: 6.862 Thread 0x0000000054c83000 nmethod 1607 0x0000000002a91b50 code [0x0000000002a91ce0, 0x0000000002a91ff8]
Event: 6.864 Thread 0x0000000054c83000 1608       1       java.util.concurrent.locks.AbstractOwnableSynchronizer::setExclusiveOwnerThread (6 bytes)
Event: 6.864 Thread 0x0000000054c83000 nmethod 1608 0x0000000002a92150 code [0x0000000002a922a0, 0x0000000002a923d0]

GC Heap History (6 events):
Event: 1.487 GC heap before
{Heap before GC invocations=1 (full 0):
 PSYoungGen      total 18944K, used 16384K [0x00000000eab00000, 0x00000000ec000000, 0x0000000100000000)
  eden space 16384K, 100% used [0x00000000eab00000,0x00000000ebb00000,0x00000000ebb00000)
  from space 2560K, 0% used [0x00000000ebd80000,0x00000000ebd80000,0x00000000ec000000)
  to   space 2560K, 0% used [0x00000000ebb00000,0x00000000ebb00000,0x00000000ebd80000)
 ParOldGen       total 44032K, used 0K [0x00000000c0000000, 0x00000000c2b00000, 0x00000000eab00000)
  object space 44032K, 0% used [0x00000000c0000000,0x00000000c0000000,0x00000000c2b00000)
 Metaspace       used 5641K, capacity 6640K, committed 6784K, reserved 1056768K
  class space    used 593K, capacity 616K, committed 640K, reserved 1048576K
Event: 2.445 GC heap after
Heap after GC invocations=1 (full 0):
 PSYoungGen      total 18944K, used 2532K [0x00000000eab00000, 0x00000000ed000000, 0x0000000100000000)
  eden space 16384K, 0% used [0x00000000eab00000,0x00000000eab00000,0x00000000ebb00000)
  from space 2560K, 98% used [0x00000000ebb00000,0x00000000ebd791e0,0x00000000ebd80000)
  to   space 2560K, 0% used [0x00000000ecd80000,0x00000000ecd80000,0x00000000ed000000)
 ParOldGen       total 44032K, used 929K [0x00000000c0000000, 0x00000000c2b00000, 0x00000000eab00000)
  object space 44032K, 2% used [0x00000000c0000000,0x00000000c00e8778,0x00000000c2b00000)
 Metaspace       used 5641K, capacity 6640K, committed 6784K, reserved 1056768K
  class space    used 593K, capacity 616K, committed 640K, reserved 1048576K
}
Event: 4.369 GC heap before
{Heap before GC invocations=2 (full 0):
 PSYoungGen      total 18944K, used 18916K [0x00000000eab00000, 0x00000000ed000000, 0x0000000100000000)
  eden space 16384K, 100% used [0x00000000eab00000,0x00000000ebb00000,0x00000000ebb00000)
  from space 2560K, 98% used [0x00000000ebb00000,0x00000000ebd791e0,0x00000000ebd80000)
  to   space 2560K, 0% used [0x00000000ecd80000,0x00000000ecd80000,0x00000000ed000000)
 ParOldGen       total 44032K, used 929K [0x00000000c0000000, 0x00000000c2b00000, 0x00000000eab00000)
  object space 44032K, 2% used [0x00000000c0000000,0x00000000c00e8778,0x00000000c2b00000)
 Metaspace       used 6047K, capacity 6960K, committed 7040K, reserved 1056768K
  class space    used 595K, capacity 616K, committed 640K, reserved 1048576K
Event: 4.770 GC heap after
Heap after GC invocations=2 (full 0):
 PSYoungGen      total 35328K, used 2533K [0x00000000eab00000, 0x00000000ed000000, 0x0000000100000000)
  eden space 32768K, 0% used [0x00000000eab00000,0x00000000eab00000,0x00000000ecb00000)
  from space 2560K, 98% used [0x00000000ecd80000,0x00000000ecff9420,0x00000000ed000000)
  to   space 2560K, 0% used [0x00000000ecb00000,0x00000000ecb00000,0x00000000ecd80000)
 ParOldGen       total 44032K, used 2715K [0x00000000c0000000, 0x00000000c2b00000, 0x00000000eab00000)
  object space 44032K, 6% used [0x00000000c0000000,0x00000000c02a6df8,0x00000000c2b00000)
 Metaspace       used 6047K, capacity 6960K, committed 7040K, reserved 1056768K
  class space    used 595K, capacity 616K, committed 640K, reserved 1048576K
}
Event: 6.359 GC heap before
{Heap before GC invocations=3 (full 0):
 PSYoungGen      total 35328K, used 35301K [0x00000000eab00000, 0x00000000ed000000, 0x0000000100000000)
  eden space 32768K, 100% used [0x00000000eab00000,0x00000000ecb00000,0x00000000ecb00000)
  from space 2560K, 98% used [0x00000000ecd80000,0x00000000ecff9420,0x00000000ed000000)
  to   space 2560K, 0% used [0x00000000ecb00000,0x00000000ecb00000,0x00000000ecd80000)
 ParOldGen       total 44032K, used 2715K [0x00000000c0000000, 0x00000000c2b00000, 0x00000000eab00000)
  object space 44032K, 6% used [0x00000000c0000000,0x00000000c02a6df8,0x00000000c2b00000)
 Metaspace       used 6179K, capacity 7088K, committed 7296K, reserved 1056768K
  class space    used 596K, capacity 616K, committed 640K, reserved 1048576K
Event: 6.654 GC heap after
Heap after GC invocations=3 (full 0):
 PSYoungGen      total 35328K, used 2539K [0x00000000eab00000, 0x00000000ed000000, 0x0000000100000000)
  eden space 32768K, 0% used [0x00000000eab00000,0x00000000eab00000,0x00000000ecb00000)
  from space 2560K, 99% used [0x00000000ecb00000,0x00000000ecd7acf0,0x00000000ecd80000)
  to   space 2560K, 0% used [0x00000000ecd80000,0x00000000ecd80000,0x00000000ed000000)
 ParOldGen       total 44032K, used 7511K [0x00000000c0000000, 0x00000000c2b00000, 0x00000000eab00000)
  object space 44032K, 17% used [0x00000000c0000000,0x00000000c0755cc0,0x00000000c2b00000)
 Metaspace       used 6179K, capacity 7088K, committed 7296K, reserved 1056768K
  class space    used 596K, capacity 616K, committed 640K, reserved 1048576K
}

Deoptimization events (10 events):
Event: 3.947 Thread 0x0000000056d39800 Uncommon trap: reason=unstable_if action=reinterpret pc=0x0000000002762720 method=com.android.dx.ssa.NormalSsaInsn.getLocalAssignment()Lcom/android/dx/rop/code/RegisterSpec; @ 12
Event: 3.950 Thread 0x0000000056d28000 Uncommon trap: reason=unstable_if action=reinterpret pc=0x0000000002623d60 method=java.util.BitSet.nextSetBit(I)I @ 87
Event: 3.956 Thread 0x0000000056d28000 Uncommon trap: reason=unstable_if action=reinterpret pc=0x0000000002783024 method=com.android.dx.ssa.SsaMethod.onSourcesChanged(Lcom/android/dx/ssa/SsaInsn;Lcom/android/dx/rop/code/RegisterSpecList;)V @ 4
Event: 4.142 Thread 0x0000000001d3f000 Uncommon trap: reason=null_check action=make_not_entrant pc=0x0000000002899278 method=com.android.dx.ssa.SsaRenamer.getLocalForNewReg(I)Lcom/android/dx/rop/code/LocalItem; @ 19
Event: 4.800 Thread 0x0000000056d39800 Uncommon trap: reason=unstable_if action=reinterpret pc=0x00000000028020d4 method=com.android.dx.rop.code.RegisterSpecSet.put(Lcom/android/dx/rop/code/RegisterSpec;)V @ 77
Event: 6.149 Thread 0x0000000056d39800 Uncommon trap: reason=unstable_if action=reinterpret pc=0x000000000293c404 method=com.android.dx.ssa.SCCP.simulateBranch(Lcom/android/dx/ssa/SsaInsn;)V @ 64
Event: 6.151 Thread 0x0000000056d39800 Uncommon trap: reason=unstable_if action=reinterpret pc=0x000000000280c7cc method=com.android.dx.ssa.SsaMethod.updateOneDefinition(Lcom/android/dx/ssa/SsaInsn;Lcom/android/dx/rop/code/RegisterSpec;)V @ 4
Event: 6.173 Thread 0x0000000056d39800 Uncommon trap: reason=unstable_if action=reinterpret pc=0x000000000297af20 method=com.android.dx.cf.code.ByteCatchList$Item.getExceptionClass()Lcom/android/dx/rop/cst/CstType; @ 4
Event: 6.231 Thread 0x0000000056c89000 Uncommon trap: reason=unloaded action=reinterpret pc=0x0000000002a1f800 method=com.android.dx.ssa.LiteralOpUpgrader$1.visitNonMoveInsn(Lcom/android/dx/ssa/NormalSsaInsn;)V @ 72
Event: 6.288 Thread 0x0000000001d3f000 Uncommon trap: reason=unstable_if action=reinterpret pc=0x0000000002803c44 method=com.android.dx.rop.cst.Constant.compareTo(Lcom/android/dx/rop/cst/Constant;)I @ 12

Internal exceptions (3 events):
Event: 0.061 Thread 0x0000000001d3f000 Exception <a 'java/lang/NoSuchMethodError': Method sun.misc.Unsafe.defineClass(Ljava/lang/String;[BII)Ljava/lang/Class; name or signature does not match> (0x00000000eab0d638) thrown at [C:\re\workspace\8-2-build-windows-amd64-cygwin\jdk8u60\4407\hotspot\srvƒUYJ¯?
Event: 0.061 Thread 0x0000000001d3f000 Exception <a 'java/lang/NoSuchMethodError': Method sun.misc.Unsafe.prefetchRead(Ljava/lang/Object;J)V name or signature does not match> (0x00000000eab0d920) thrown at [C:\re\workspace\8-2-build-windows-amd64-cygwin\jdk8u60\4407\hotspot\src\share\vm\prims\j¼B¢! ‘@
Event: 4.142 Thread 0x0000000001d3f000 Implicit null exception at 0x00000000028982f4 to 0x0000000002899245

Events (10 events):
Event: 6.173 Thread 0x0000000056d39800 DEOPT PACKING pc=0x000000000297af20 sp=0x000000005762e860
Event: 6.173 Thread 0x0000000056d39800 DEOPT UNPACKING pc=0x000000000243582a sp=0x000000005762e5e8 mode 2
Event: 6.231 Thread 0x0000000056c89000 Uncommon trap: trap_request=0x0000004e fr.pc=0x0000000002a1f800
Event: 6.231 Thread 0x0000000056c89000 DEOPT PACKING pc=0x0000000002a1f800 sp=0x000000005704e5b0
Event: 6.231 Thread 0x0000000056c89000 DEOPT UNPACKING pc=0x000000000243582a sp=0x000000005704e588 mode 2
Event: 6.288 Thread 0x0000000001d3f000 Uncommon trap: trap_request=0xffffff65 fr.pc=0x0000000002803c44
Event: 6.288 Thread 0x0000000001d3f000 DEOPT PACKING pc=0x0000000002803c44 sp=0x000000000211dd20
Event: 6.288 Thread 0x0000000001d3f000 DEOPT UNPACKING pc=0x000000000243582a sp=0x000000000211dcc0 mode 2
Event: 6.336 Executing VM operation: ParallelGCFailedAllocation
Event: 6.655 Executing VM operation: ParallelGCFailedAllocation done


Dynamic libraries:
0x000000013f590000 - 0x000000013f5c7000 	C:\Program Files\Java\jdk1.8.0_60\bin\java.exe
0x0000000077410000 - 0x00000000775ba000 	C:\Windows\SYSTEM32\ntdll.dll
0x00000000772f0000 - 0x000000007740f000 	C:\Windows\system32\kernel32.dll
0x000007fefd300000 - 0x000007fefd36a000 	C:\Windows\system32\KERNELBASE.dll
0x000007fefe040000 - 0x000007fefe11b000 	C:\Windows\system32\ADVAPI32.dll
0x000007fefdbc0000 - 0x000007fefdc5f000 	C:\Windows\system32\msvcrt.dll
0x000007fefd9f0000 - 0x000007fefda0f000 	C:\Windows\SYSTEM32\sechost.dll
0x000007fefd720000 - 0x000007fefd84d000 	C:\Windows\system32\RPCRT4.dll
0x00000000771f0000 - 0x00000000772ea000 	C:\Windows\system32\USER32.dll
0x000007fefd850000 - 0x000007fefd8b7000 	C:\Windows\system32\GDI32.dll
0x000007feff710000 - 0x000007feff71e000 	C:\Windows\system32\LPK.dll
0x000007fefd8c0000 - 0x000007fefd98a000 	C:\Windows\system32\USP10.dll
0x000007fefba80000 - 0x000007fefbc74000 	C:\Windows\WinSxS\amd64_microsoft.windows.common-controls_6595b64144ccf1df_6.0.7601.18837_none_fa3b1e3d17594757\COMCTL32.dll
0x000007fefd5f0000 - 0x000007fefd661000 	C:\Windows\system32\SHLWAPI.dll
0x000007fefd6f0000 - 0x000007fefd71e000 	C:\Windows\system32\IMM32.DLL
0x000007fefdf20000 - 0x000007fefe029000 	C:\Windows\system32\MSCTF.dll
0x0000000074d70000 - 0x0000000074e42000 	C:\Program Files\Java\jdk1.8.0_60\jre\bin\msvcr100.dll
0x000000006c560000 - 0x000000006cde9000 	C:\Program Files\Java\jdk1.8.0_60\jre\bin\server\jvm.dll
0x000007fefac50000 - 0x000007fefac59000 	C:\Windows\system32\WSOCK32.dll
0x000007fefe1c0000 - 0x000007fefe20d000 	C:\Windows\system32\WS2_32.dll
0x000007fefe030000 - 0x000007fefe038000 	C:\Windows\system32\NSI.dll
0x000007fef9b60000 - 0x000007fef9b9b000 	C:\Windows\system32\WINMM.dll
0x000007fefc230000 - 0x000007fefc23c000 	C:\Windows\system32\VERSION.dll
0x00000000775d0000 - 0x00000000775d7000 	C:\Windows\system32\PSAPI.DLL
0x0000000074d60000 - 0x0000000074d6f000 	C:\Program Files\Java\jdk1.8.0_60\jre\bin\verify.dll
0x0000000074d30000 - 0x0000000074d59000 	C:\Program Files\Java\jdk1.8.0_60\jre\bin\java.dll
0x0000000074d10000 - 0x0000000074d26000 	C:\Program Files\Java\jdk1.8.0_60\jre\bin\zip.dll
0x000007fefe980000 - 0x000007feff70a000 	C:\Windows\system32\SHELL32.dll
0x000007fefe4e0000 - 0x000007fefe6e3000 	C:\Windows\system32\ole32.dll
0x000007fefd1a0000 - 0x000007fefd1af000 	C:\Windows\system32\profapi.dll

VM Arguments:
jvm_args: -Djava.awt.headless=true -Xmx1024M -Dfile.encoding=windows-1252 -Duser.country=ES -Duser.language=es -Duser.variant 
java_command: com.android.dx.command.Main --dex --num-threads=4 --output C:\Users\Agustin\Desktop\Android\turnos\app\build\intermediates\pre-dexed\debug\com.google.android.gms-play-services-maps-8.4.0_a46561991f7d7c84e2507970d552ffbfc69046d9.jar C:\Users\Agustin\Desktop\Android\turnos\app\build\intermediates\exploded-aar\com.google.android.gms\play-services-maps\8.4.0\jars\classes.jar
java_class_path (initial): C:\Users\Agustin\AppData\Local\Android\sdk\build-tools\23.0.2\lib\dx.jar
Launcher Type: SUN_STANDARD

Environment Variables:
JAVA_HOME=C:\Program Files\Java\jdk1.8.0_92
JRE_HOME=C:\Program Files\Java\jre1.8.0_92
PATH=C:\Program Files\Common Files\Microsoft Shared\Windows Live;C:\Program Files (x86)\Common Files\Microsoft Shared\Windows Live;C:\ProgramData\Oracle\Java\javapath;C:\Windows\system32;C:\Windows;C:\Windows\System32\Wbem;C:\Windows\System32\WindowsPowerShell\v1.0\;C:\Program Files (x86)\Windows Live\Shared;C:\Program Files (x86)\Skype\Phone\;C:\Program Files\Java\jdk1.8.0_60\bin;C:\Program Files\Mercurial; C:\Program Files\Java\jdk1.8.0_60\bin
USERNAME=Agustin
OS=Windows_NT
PROCESSOR_IDENTIFIER=Intel64 Family 6 Model 42 Stepping 7, GenuineIntel



---------------  S Y S T E M  ---------------

OS: Windows 7 , 64 bit Build 7601 (6.1.7601.23418)

CPU:total 4 (2 cores per cpu, 2 threads per core) family 6 model 42 stepping 7, cmov, cx8, fxsr, mmx, sse, sse2, sse3, ssse3, sse4.1, sse4.2, popcnt, avx, clmul, ht, tsc, tscinvbit

Memory: 4k page, physical 4127088k(975804k free), swap 4189440k(5412k free)

vm_info: Java HotSpot(TM) 64-Bit Server VM (25.60-b23) for windows-amd64 JRE (1.8.0_60-b27), built on Aug  4 2015 11:06:27 by "java_re" with MS VC++ 10.0 (VS2010)

time: Mon Jun 06 08:24:53 2016
elapsed time: 6 seconds (0d 0h 0m 6s)

