#
# There is insufficient memory for the Java Runtime Environment to continue.
# Native memory allocation (malloc) failed to allocate 32744 bytes for ChunkPool::allocate
# Possible reasons:
#   The system is out of physical RAM or swap space
#   In 32 bit mode, the process size limit was hit
# Possible solutions:
#   Reduce memory load on the system
#   Increase physical memory or swap space
#   Check if swap backing store is full
#   Use 64 bit Java on a 64 bit OS
#   Decrease Java heap size (-Xmx/-Xms)
#   Decrease number of Java threads
#   Decrease Java thread stack sizes (-Xss)
#   Set larger code cache with -XX:ReservedCodeCacheSize=
# This output file may be truncated or incomplete.
#
#  Out of Memory Error (allocation.cpp:273), pid=9544, tid=1156
#
# JRE version: Java(TM) SE Runtime Environment (8.0_60-b27) (build 1.8.0_60-b27)
# Java VM: Java HotSpot(TM) 64-Bit Server VM (25.60-b23 mixed mode windows-amd64 compressed oops)
# Failed to write core dump. Minidumps are not enabled by default on client versions of Windows
#

---------------  T H R E A D  ---------------

Current thread (0x0000000014da6000):  JavaThread "C1 CompilerThread2" daemon [_thread_in_native, id=1156, stack(0x0000000016c00000,0x0000000016d00000)]

Stack: [0x0000000016c00000,0x0000000016d00000]
[error occurred during error reporting (printing stack bounds), id 0xc0000005]

Native frames: (J=compiled Java code, j=interpreted, Vv=VM code, C=native code)


Current CompileTask:
C1:   1241  145   !   3       com.android.dx.cf.cst.ConstantPoolParser::parse0 (731 bytes)


---------------  P R O C E S S  ---------------

Java Threads: ( => current thread )
  0x0000000016905800 JavaThread "pool-1-thread-2" [_thread_blocked, id=3708, stack(0x0000000017330000,0x0000000017430000)]
  0x0000000016904800 JavaThread "pool-2-thread-1" [_thread_blocked, id=292, stack(0x00000000171e0000,0x00000000172e0000)]
  0x000000001690a000 JavaThread "pool-1-thread-1" [_thread_blocked, id=9596, stack(0x0000000017020000,0x0000000017120000)]
  0x000000001681c000 JavaThread "Service Thread" daemon [_thread_blocked, id=5324, stack(0x0000000016d90000,0x0000000016e90000)]
=>0x0000000014da6000 JavaThread "C1 CompilerThread2" daemon [_thread_in_native, id=1156, stack(0x0000000016c00000,0x0000000016d00000)]
  0x0000000014da1800 JavaThread "C2 CompilerThread1" daemon [_thread_blocked, id=7940, stack(0x00000000166b0000,0x00000000167b0000)]
  0x0000000014d9f800 JavaThread "C2 CompilerThread0" daemon [_thread_blocked, id=1500, stack(0x00000000164c0000,0x00000000165c0000)]
  0x0000000014dae000 JavaThread "Attach Listener" daemon [_thread_blocked, id=10224, stack(0x0000000016350000,0x0000000016450000)]
  0x0000000014dac800 JavaThread "Signal Dispatcher" daemon [_thread_blocked, id=10156, stack(0x0000000015da0000,0x0000000015ea0000)]
  0x0000000014d41000 JavaThread "Finalizer" daemon [_thread_blocked, id=10232, stack(0x0000000016090000,0x0000000016190000)]
  0x0000000014d40000 JavaThread "Reference Handler" daemon [_thread_blocked, id=9928, stack(0x0000000015f10000,0x0000000016010000)]
  0x0000000001e9f000 JavaThread "main" [_thread_blocked, id=4212, stack(0x0000000002110000,0x0000000002210000)]

Other Threads:
  0x0000000014d3a800 VMThread [stack: 0x0000000015c60000,0x0000000015d60000] [id=8788]
  0x0000000016825800 WatcherThread [stack: 0x0000000016190000,0x0000000016290000] [id=9588]

VM state:not at safepoint (normal execution)

VM Mutex/Monitor currently owned by a thread: None

Heap:
 PSYoungGen      total 18944K, used 3611K [0x00000000eab00000, 0x00000000ec000000, 0x0000000100000000)
  eden space 16384K, 22% used [0x00000000eab00000,0x00000000eae86e30,0x00000000ebb00000)
  from space 2560K, 0% used [0x00000000ebd80000,0x00000000ebd80000,0x00000000ec000000)
  to   space 2560K, 0% used [0x00000000ebb00000,0x00000000ebb00000,0x00000000ebd80000)
 ParOldGen       total 44032K, used 0K [0x00000000c0000000, 0x00000000c2b00000, 0x00000000eab00000)
  object space 44032K, 0% used [0x00000000c0000000,0x00000000c0000000,0x00000000c2b00000)
 Metaspace       used 3726K, capacity 5104K, committed 5376K, reserved 1056768K
  class space    used 426K, capacity 488K, committed 512K, reserved 1048576K

Card table byte_map: [0x00000000118a0000,0x0000000011ab0000] byte_map_base: 0x00000000112a0000

Marking Bits: (ParMarkBitMap*) 0x000000005132a5b0
 Begin Bits: [0x00000000121b0000, 0x00000000131b0000)
 End Bits:   [0x00000000131b0000, 0x00000000141b0000)

Polling page: 0x0000000000210000

CodeCache: size=245760Kb used=1319Kb max_used=1319Kb free=244440Kb
 bounds [0x00000000024e0000, 0x0000000002750000, 0x00000000114e0000]
 total_blobs=395 nmethods=145 adapters=163
 compilation: enabled

Compilation events (10 events):
Event: 1.231 Thread 0x0000000014da6000 nmethod 143 0x0000000002626c10 code [0x0000000002626d60, 0x0000000002626f10]
Event: 1.231 Thread 0x0000000014da6000  140       1       com.android.dx.rop.cst.CstLiteral32::isCategory2 (2 bytes)
Event: 1.231 Thread 0x0000000014da6000 nmethod 140 0x0000000002626950 code [0x0000000002626aa0, 0x0000000002626bb0]
Event: 1.231 Thread 0x0000000014da6000  144       3       com.android.dx.rop.cst.TypedConstant::<init> (5 bytes)
Event: 1.232 Thread 0x0000000014da6000 nmethod 144 0x0000000002629650 code [0x00000000026297c0, 0x00000000026299d0]
Event: 1.232 Thread 0x0000000014da6000  139       1       com.android.dx.util.ByteArray::size (5 bytes)
Event: 1.232 Thread 0x0000000014da6000 nmethod 139 0x0000000002629ad0 code [0x0000000002629c20, 0x0000000002629d30]
Event: 1.232 Thread 0x0000000014da6000  149       1       com.android.dx.rop.cst.CstString::getString (5 bytes)
Event: 1.232 Thread 0x0000000014da6000 nmethod 149 0x0000000002629d90 code [0x0000000002629ee0, 0x0000000002629ff0]
Event: 1.232 Thread 0x0000000014da6000  145   !   3       com.android.dx.cf.cst.ConstantPoolParser::parse0 (731 bytes)

GC Heap History (0 events):
No events

Deoptimization events (0 events):
No events

Internal exceptions (2 events):
Event: 0.565 Thread 0x0000000001e9f000 Exception <a 'java/lang/NoSuchMethodError': Method sun.misc.Unsafe.defineClass(Ljava/lang/String;[BII)Ljava/lang/Class; name or signature does not match> (0x00000000eab0d560) thrown at [C:\re\workspace\8-2-build-windows-amd64-cygwin\jdk8u60\4407\hotspot\sr_´)Giâ?
Event: 0.565 Thread 0x0000000001e9f000 Exception <a 'java/lang/NoSuchMethodError': Method sun.misc.Unsafe.prefetchRead(Ljava/lang/Object;J)V name or signature does not match> (0x00000000eab0d848) thrown at [C:\re\workspace\8-2-build-windows-amd64-cygwin\jdk8u60\4407\hotspot\src\share\vm\prims\j

Events (10 events):
Event: 1.200 loading class com/android/dx/cf/iface/StdField
Event: 1.200 loading class com/android/dx/cf/iface/StdField done
Event: 1.205 loading class sun/nio/ch/Interruptible done
Event: 1.206 Thread 0x0000000016905800 Thread added: 0x0000000016905800
Event: 1.225 loading class com/android/dx/dex/cf/CfTranslator
Event: 1.225 loading class com/android/dx/dex/cf/CfTranslator done
Event: 1.227 loading class com/android/dx/dex/code/DalvCode$AssignIndicesCallback
Event: 1.227 loading class com/android/dx/dex/code/DalvCode$AssignIndicesCallback done
Event: 1.228 loading class com/android/dx/rop/cst/CstBoolean
Event: 1.228 loading class com/android/dx/rop/cst/CstBoolean done


Dynamic libraries:
0x000000013f6d0000 - 0x000000013f707000 	C:\Program Files\Java\jdk1.8.0_60\bin\java.exe
0x00000000771f0000 - 0x000000007739a000 	C:\Windows\SYSTEM32\ntdll.dll
0x0000000076fd0000 - 0x00000000770ef000 	C:\Windows\system32\kernel32.dll
0x000007fefd1a0000 - 0x000007fefd20a000 	C:\Windows\system32\KERNELBASE.dll
0x000007feff1d0000 - 0x000007feff2ab000 	C:\Windows\system32\ADVAPI32.dll
0x000007fefeea0000 - 0x000007fefef3f000 	C:\Windows\system32\msvcrt.dll
0x000007fefd590000 - 0x000007fefd5af000 	C:\Windows\SYSTEM32\sechost.dll
0x000007fefd720000 - 0x000007fefd84d000 	C:\Windows\system32\RPCRT4.dll
0x00000000770f0000 - 0x00000000771ea000 	C:\Windows\system32\USER32.dll
0x000007fefd330000 - 0x000007fefd397000 	C:\Windows\system32\GDI32.dll
0x000007fefd630000 - 0x000007fefd63e000 	C:\Windows\system32\LPK.dll
0x000007fefdb60000 - 0x000007fefdc2a000 	C:\Windows\system32\USP10.dll
0x000007fefb860000 - 0x000007fefba54000 	C:\Windows\WinSxS\amd64_microsoft.windows.common-controls_6595b64144ccf1df_6.0.7601.18837_none_fa3b1e3d17594757\COMCTL32.dll
0x000007fefda80000 - 0x000007fefdaf1000 	C:\Windows\system32\SHLWAPI.dll
0x000007fefe9c0000 - 0x000007fefe9ee000 	C:\Windows\system32\IMM32.DLL
0x000007feff2b0000 - 0x000007feff3b9000 	C:\Windows\system32\MSCTF.dll
0x0000000065d90000 - 0x0000000065e62000 	C:\Program Files\Java\jdk1.8.0_60\jre\bin\msvcr100.dll
0x0000000050b20000 - 0x00000000513a9000 	C:\Program Files\Java\jdk1.8.0_60\jre\bin\server\jvm.dll
0x000007fef32e0000 - 0x000007fef32e9000 	C:\Windows\system32\WSOCK32.dll
0x000007fefd3a0000 - 0x000007fefd3ed000 	C:\Windows\system32\WS2_32.dll
0x000007fefd580000 - 0x000007fefd588000 	C:\Windows\system32\NSI.dll
0x000007fef99c0000 - 0x000007fef99fb000 	C:\Windows\system32\WINMM.dll
0x000007fefbe50000 - 0x000007fefbe5c000 	C:\Windows\system32\VERSION.dll
0x00000000773c0000 - 0x00000000773c7000 	C:\Windows\system32\PSAPI.DLL
0x0000000065f40000 - 0x0000000065f4f000 	C:\Program Files\Java\jdk1.8.0_60\jre\bin\verify.dll
0x0000000065f10000 - 0x0000000065f39000 	C:\Program Files\Java\jdk1.8.0_60\jre\bin\java.dll
0x0000000065ef0000 - 0x0000000065f06000 	C:\Program Files\Java\jdk1.8.0_60\jre\bin\zip.dll
0x000007fefdc30000 - 0x000007fefe9ba000 	C:\Windows\system32\SHELL32.dll
0x000007fefd850000 - 0x000007fefda53000 	C:\Windows\system32\ole32.dll
0x000007fefcf70000 - 0x000007fefcf7f000 	C:\Windows\system32\profapi.dll

VM Arguments:
jvm_args: -Djava.awt.headless=true -Xmx1024M -Dfile.encoding=windows-1252 -Duser.country=ES -Duser.language=es -Duser.variant 
java_command: com.android.dx.command.Main --dex --num-threads=4 --output C:\Users\Agustin\Desktop\Android\turnos\app\build\intermediates\pre-dexed\debug\debug_8d9b21f80a9c431d33670eca0181841a5993223a.jar C:\Users\Agustin\Desktop\Android\turnos\app\build\intermediates\classes\debug
java_class_path (initial): C:\Users\Agustin\AppData\Local\Android\sdk\build-tools\23.0.2\lib\dx.jar
Launcher Type: SUN_STANDARD

Environment Variables:
JAVA_HOME=C:\Program Files\Java\jdk1.8.0_92
JRE_HOME=C:\Program Files\Java\jre1.8.0_92
PATH=C:\Program Files\Common Files\Microsoft Shared\Windows Live;C:\Program Files (x86)\Common Files\Microsoft Shared\Windows Live;C:\ProgramData\Oracle\Java\javapath;C:\Windows\system32;C:\Windows;C:\Windows\System32\Wbem;C:\Windows\System32\WindowsPowerShell\v1.0\;C:\Program Files (x86)\Windows Live\Shared;C:\Program Files (x86)\Skype\Phone\;C:\Program Files\Java\jdk1.8.0_60\bin;C:\Program Files\Mercurial; C:\Program Files\Java\jdk1.8.0_60\bin
USERNAME=Agustin
OS=Windows_NT
PROCESSOR_IDENTIFIER=Intel64 Family 6 Model 42 Stepping 7, GenuineIntel



---------------  S Y S T E M  ---------------

OS: Windows 7 , 64 bit Build 7601 (6.1.7601.23418)

CPU:total 4 (2 cores per cpu, 2 threads per core) family 6 model 42 stepping 7, cmov, cx8, fxsr, mmx, sse, sse2, sse3, ssse3, sse4.1, sse4.2, popcnt, avx, clmul, ht, tsc, tscinvbit

Memory: 4k page, physical 4127088k(31892k free), swap 8099780k(6080k free)

vm_info: Java HotSpot(TM) 64-Bit Server VM (25.60-b23) for windows-amd64 JRE (1.8.0_60-b27), built on Aug  4 2015 11:06:27 by "java_re" with MS VC++ 10.0 (VS2010)

time: Fri Jun 03 10:15:13 2016
elapsed time: 1 seconds (0d 0h 0m 1s)

