#
# There is insufficient memory for the Java Runtime Environment to continue.
# Native memory allocation (malloc) failed to allocate 656096 bytes for Chunk::new
# Possible reasons:
#   The system is out of physical RAM or swap space
#   In 32 bit mode, the process size limit was hit
# Possible solutions:
#   Reduce memory load on the system
#   Increase physical memory or swap space
#   Check if swap backing store is full
#   Use 64 bit Java on a 64 bit OS
#   Decrease Java heap size (-Xmx/-Xms)
#   Decrease number of Java threads
#   Decrease Java thread stack sizes (-Xss)
#   Set larger code cache with -XX:ReservedCodeCacheSize=
# This output file may be truncated or incomplete.
#
#  Out of Memory Error (allocation.cpp:390), pid=4116, tid=1560
#
# JRE version: Java(TM) SE Runtime Environment (8.0_60-b27) (build 1.8.0_60-b27)
# Java VM: Java HotSpot(TM) 64-Bit Server VM (25.60-b23 mixed mode windows-amd64 compressed oops)
# Failed to write core dump. Minidumps are not enabled by default on client versions of Windows
#

---------------  T H R E A D  ---------------

Current thread (0x0000000054d4f800):  JavaThread "C2 CompilerThread1" daemon [_thread_in_native, id=1560, stack(0x00000000567b0000,0x00000000568b0000)]

Stack: [0x00000000567b0000,0x00000000568b0000]
[error occurred during error reporting (printing stack bounds), id 0xc0000005]

Native frames: (J=compiled Java code, j=interpreted, Vv=VM code, C=native code)


Current CompileTask:
C2:   2741 1281       4       com.android.dx.rop.code.LocalVariableExtractor::processBlock (327 bytes)


---------------  P R O C E S S  ---------------

Java Threads: ( => current thread )
  0x0000000056cac800 JavaThread "pool-1-thread-4" [_thread_blocked, id=9108, stack(0x0000000057460000,0x0000000057560000)]
  0x0000000056c95000 JavaThread "pool-1-thread-3" [_thread_blocked, id=2304, stack(0x0000000057330000,0x0000000057430000)]
  0x0000000056c4b000 JavaThread "pool-1-thread-2" [_thread_blocked, id=3084, stack(0x0000000057190000,0x0000000057290000)]
  0x0000000056ba6000 JavaThread "pool-2-thread-1" [_thread_blocked, id=5052, stack(0x0000000056de0000,0x0000000056ee0000)]
  0x0000000056ba5800 JavaThread "pool-1-thread-1" [_thread_blocked, id=7736, stack(0x00000000563b0000,0x00000000564b0000)]
  0x0000000056a3b000 JavaThread "Service Thread" daemon [_thread_blocked, id=6220, stack(0x0000000056f10000,0x0000000057010000)]
  0x0000000054d50800 JavaThread "C1 CompilerThread2" daemon [_thread_in_native, id=4644, stack(0x00000000568e0000,0x00000000569e0000)]
=>0x0000000054d4f800 JavaThread "C2 CompilerThread1" daemon [_thread_in_native, id=1560, stack(0x00000000567b0000,0x00000000568b0000)]
  0x0000000054d4b800 JavaThread "C2 CompilerThread0" daemon [_thread_in_native, id=6672, stack(0x0000000056640000,0x0000000056740000)]
  0x0000000054d5c000 JavaThread "Attach Listener" daemon [_thread_blocked, id=11212, stack(0x0000000056510000,0x0000000056610000)]
  0x0000000054d5a800 JavaThread "Signal Dispatcher" daemon [_thread_blocked, id=10536, stack(0x00000000562b0000,0x00000000563b0000)]
  0x0000000054cf1000 JavaThread "Finalizer" daemon [_thread_blocked, id=10420, stack(0x00000000560d0000,0x00000000561d0000)]
  0x0000000054cf0000 JavaThread "Reference Handler" daemon [_thread_blocked, id=5564, stack(0x0000000055f70000,0x0000000056070000)]
  0x0000000001e1f000 JavaThread "main" [_thread_blocked, id=10836, stack(0x00000000021a0000,0x00000000022a0000)]

Other Threads:
  0x0000000054cea800 VMThread [stack: 0x0000000055e50000,0x0000000055f50000] [id=9824]
  0x0000000056a49800 WatcherThread [stack: 0x0000000057090000,0x0000000057190000] [id=7568]

VM state:not at safepoint (normal execution)

VM Mutex/Monitor currently owned by a thread: None

Heap:
 PSYoungGen      total 18944K, used 5300K [0x00000000eab00000, 0x00000000ec000000, 0x0000000100000000)
  eden space 16384K, 16% used [0x00000000eab00000,0x00000000eadb5190,0x00000000ebb00000)
  from space 2560K, 98% used [0x00000000ebb00000,0x00000000ebd78028,0x00000000ebd80000)
  to   space 2560K, 0% used [0x00000000ebd80000,0x00000000ebd80000,0x00000000ec000000)
 ParOldGen       total 44032K, used 6192K [0x00000000c0000000, 0x00000000c2b00000, 0x00000000eab00000)
  object space 44032K, 14% used [0x00000000c0000000,0x00000000c060c0d0,0x00000000c2b00000)
 Metaspace       used 5975K, capacity 6896K, committed 7040K, reserved 1056768K
  class space    used 596K, capacity 616K, committed 640K, reserved 1048576K

Card table byte_map: [0x0000000011930000,0x0000000011b40000] byte_map_base: 0x0000000011330000

Marking Bits: (ParMarkBitMap*) 0x000000007085a5b0
 Begin Bits: [0x0000000012160000, 0x0000000013160000)
 End Bits:   [0x0000000013160000, 0x0000000014160000)

Polling page: 0x0000000000420000

CodeCache: size=245760Kb used=4937Kb max_used=4937Kb free=240822Kb
 bounds [0x0000000002570000, 0x0000000002a50000, 0x0000000011570000]
 total_blobs=1517 nmethods=1248 adapters=182
 compilation: enabled

Compilation events (10 events):
Event: 2.625 Thread 0x0000000054d50800 nmethod 1278 0x0000000002a2d790 code [0x0000000002a2d8e0, 0x0000000002a2da30]
Event: 2.626 Thread 0x0000000054d50800 1279       2       com.android.dx.rop.code.AccessFlags::isStatic (13 bytes)
Event: 2.626 Thread 0x0000000054d50800 nmethod 1279 0x0000000002a3d510 code [0x0000000002a3d660, 0x0000000002a3d7b0]
Event: 2.672 Thread 0x0000000054d4f800 nmethod 1249% 0x0000000002a41cd0 code [0x0000000002a41f00, 0x0000000002a43708]
Event: 2.672 Thread 0x0000000054d4f800 1051       4       java.util.HashMap::put (13 bytes)
Event: 2.689 Thread 0x0000000054d4f800 nmethod 1051 0x0000000002a451d0 code [0x0000000002a453a0, 0x0000000002a45bf0]
Event: 2.696 Thread 0x0000000054d4f800 1280       4       com.android.dx.rop.code.Insn::getLocalAssignment (48 bytes)
Event: 2.698 Thread 0x0000000054d4f800 nmethod 1280 0x0000000002a3ebd0 code [0x0000000002a3ed20, 0x0000000002a3ee18]
Event: 2.702 Thread 0x0000000054d4f800 1281       4       com.android.dx.rop.code.LocalVariableExtractor::processBlock (327 bytes)
Event: 2.738 Thread 0x0000000054d50800 1282       3       com.android.dx.dex.code.RopTranslator::pickOrder (400 bytes)

GC Heap History (6 events):
Event: 1.756 GC heap before
{Heap before GC invocations=1 (full 0):
 PSYoungGen      total 18944K, used 16368K [0x00000000eab00000, 0x00000000ec000000, 0x0000000100000000)
  eden space 16384K, 99% used [0x00000000eab00000,0x00000000ebafc128,0x00000000ebb00000)
  from space 2560K, 0% used [0x00000000ebd80000,0x00000000ebd80000,0x00000000ec000000)
  to   space 2560K, 0% used [0x00000000ebb00000,0x00000000ebb00000,0x00000000ebd80000)
 ParOldGen       total 44032K, used 0K [0x00000000c0000000, 0x00000000c2b00000, 0x00000000eab00000)
  object space 44032K, 0% used [0x00000000c0000000,0x00000000c0000000,0x00000000c2b00000)
 Metaspace       used 5730K, capacity 6704K, committed 6784K, reserved 1056768K
  class space    used 592K, capacity 616K, committed 640K, reserved 1048576K
Event: 1.909 GC heap after
Heap after GC invocations=1 (full 0):
 PSYoungGen      total 18944K, used 2555K [0x00000000eab00000, 0x00000000ec000000, 0x0000000100000000)
  eden space 16384K, 0% used [0x00000000eab00000,0x00000000eab00000,0x00000000ebb00000)
  from space 2560K, 99% used [0x00000000ebb00000,0x00000000ebd7edf0,0x00000000ebd80000)
  to   space 2560K, 0% used [0x00000000ebd80000,0x00000000ebd80000,0x00000000ec000000)
 ParOldGen       total 44032K, used 1398K [0x00000000c0000000, 0x00000000c2b00000, 0x00000000eab00000)
  object space 44032K, 3% used [0x00000000c0000000,0x00000000c015d8b8,0x00000000c2b00000)
 Metaspace       used 5730K, capacity 6704K, committed 6784K, reserved 1056768K
  class space    used 592K, capacity 616K, committed 640K, reserved 1048576K
}
Event: 2.228 GC heap before
{Heap before GC invocations=2 (full 0):
 PSYoungGen      total 18944K, used 18939K [0x00000000eab00000, 0x00000000ec000000, 0x0000000100000000)
  eden space 16384K, 100% used [0x00000000eab00000,0x00000000ebb00000,0x00000000ebb00000)
  from space 2560K, 99% used [0x00000000ebb00000,0x00000000ebd7edf0,0x00000000ebd80000)
  to   space 2560K, 0% used [0x00000000ebd80000,0x00000000ebd80000,0x00000000ec000000)
 ParOldGen       total 44032K, used 1398K [0x00000000c0000000, 0x00000000c2b00000, 0x00000000eab00000)
  object space 44032K, 3% used [0x00000000c0000000,0x00000000c015d8b8,0x00000000c2b00000)
 Metaspace       used 5900K, capacity 6832K, committed 7040K, reserved 1056768K
  class space    used 594K, capacity 616K, committed 640K, reserved 1048576K
Event: 2.297 GC heap after
Heap after GC invocations=2 (full 0):
 PSYoungGen      total 18944K, used 2528K [0x00000000eab00000, 0x00000000ec000000, 0x0000000100000000)
  eden space 16384K, 0% used [0x00000000eab00000,0x00000000eab00000,0x00000000ebb00000)
  from space 2560K, 98% used [0x00000000ebd80000,0x00000000ebff8048,0x00000000ec000000)
  to   space 2560K, 0% used [0x00000000ebb00000,0x00000000ebb00000,0x00000000ebd80000)
 ParOldGen       total 44032K, used 3643K [0x00000000c0000000, 0x00000000c2b00000, 0x00000000eab00000)
  object space 44032K, 8% used [0x00000000c0000000,0x00000000c038ecf8,0x00000000c2b00000)
 Metaspace       used 5900K, capacity 6832K, committed 7040K, reserved 1056768K
  class space    used 594K, capacity 616K, committed 640K, reserved 1048576K
}
Event: 2.471 GC heap before
{Heap before GC invocations=3 (full 0):
 PSYoungGen      total 18944K, used 18912K [0x00000000eab00000, 0x00000000ec000000, 0x0000000100000000)
  eden space 16384K, 100% used [0x00000000eab00000,0x00000000ebb00000,0x00000000ebb00000)
  from space 2560K, 98% used [0x00000000ebd80000,0x00000000ebff8048,0x00000000ec000000)
  to   space 2560K, 0% used [0x00000000ebb00000,0x00000000ebb00000,0x00000000ebd80000)
 ParOldGen       total 44032K, used 3643K [0x00000000c0000000, 0x00000000c2b00000, 0x00000000eab00000)
  object space 44032K, 8% used [0x00000000c0000000,0x00000000c038ecf8,0x00000000c2b00000)
 Metaspace       used 5919K, capacity 6832K, committed 7040K, reserved 1056768K
  class space    used 596K, capacity 616K, committed 640K, reserved 1048576K
Event: 2.498 GC heap after
Heap after GC invocations=3 (full 0):
 PSYoungGen      total 18944K, used 2528K [0x00000000eab00000, 0x00000000ec000000, 0x0000000100000000)
  eden space 16384K, 0% used [0x00000000eab00000,0x00000000eab00000,0x00000000ebb00000)
  from space 2560K, 98% used [0x00000000ebb00000,0x00000000ebd78028,0x00000000ebd80000)
  to   space 2560K, 0% used [0x00000000ebd80000,0x00000000ebd80000,0x00000000ec000000)
 ParOldGen       total 44032K, used 6192K [0x00000000c0000000, 0x00000000c2b00000, 0x00000000eab00000)
  object space 44032K, 14% used [0x00000000c0000000,0x00000000c060c0d0,0x00000000c2b00000)
 Metaspace       used 5919K, capacity 6832K, committed 7040K, reserved 1056768K
  class space    used 596K, capacity 616K, committed 640K, reserved 1048576K
}

Deoptimization events (5 events):
Event: 1.521 Thread 0x0000000056ba5800 Uncommon trap: reason=unstable_if action=reinterpret pc=0x0000000002769c98 method=java.util.HashMap.getNode(ILjava/lang/Object;)Ljava/util/HashMap$Node; @ 129
Event: 1.701 Thread 0x0000000056cac800 Uncommon trap: reason=unstable_if action=reinterpret pc=0x00000000027a4c78 method=com.android.dx.rop.code.RegisterSpec.equals(ILcom/android/dx/rop/type/TypeBearer;Lcom/android/dx/rop/code/LocalItem;)Z @ 16
Event: 1.704 Thread 0x0000000056ba5800 Uncommon trap: reason=unstable_if action=reinterpret pc=0x00000000027a8724 method=java.util.BitSet.ensureCapacity(I)V @ 6
Event: 2.166 Thread 0x0000000056ba5800 Uncommon trap: reason=unstable_if action=reinterpret pc=0x000000000294f3e8 method=com.android.dx.cf.code.Ropper.labelToResultIndex(I)I @ 34
Event: 2.444 Thread 0x0000000056ba5800 Uncommon trap: reason=null_check action=make_not_entrant pc=0x000000000287d8c8 method=com.android.dx.ssa.SsaRenamer.getLocalForNewReg(I)Lcom/android/dx/rop/code/LocalItem; @ 19

Internal exceptions (3 events):
Event: 0.217 Thread 0x0000000001e1f000 Exception <a 'java/lang/NoSuchMethodError': Method sun.misc.Unsafe.defineClass(Ljava/lang/String;[BII)Ljava/lang/Class; name or signature does not match> (0x00000000eab0d5f0) thrown at [C:\re\workspace\8-2-build-windows-amd64-cygwin\jdk8u60\4407\hotspot\srí§’À?
Event: 0.217 Thread 0x0000000001e1f000 Exception <a 'java/lang/NoSuchMethodError': Method sun.misc.Unsafe.prefetchRead(Ljava/lang/Object;J)V name or signature does not match> (0x00000000eab0d8d8) thrown at [C:\re\workspace\8-2-build-windows-amd64-cygwin\jdk8u60\4407\hotspot\src\share\vm\prims\j•b@{å@
Event: 2.444 Thread 0x0000000056ba5800 Implicit null exception at 0x000000000287c29f to 0x000000000287d881

Events (10 events):
Event: 2.344 loading class com/android/dx/cf/attrib/InnerClassList done
Event: 2.344 loading class com/android/dx/cf/attrib/InnerClassList$Item
Event: 2.344 loading class com/android/dx/cf/attrib/InnerClassList$Item done
Event: 2.345 loading class com/android/dx/cf/attrib/AttInnerClasses
Event: 2.345 loading class com/android/dx/cf/attrib/AttInnerClasses done
Event: 2.444 Thread 0x0000000056ba5800 Uncommon trap: trap_request=0xfffffff4 fr.pc=0x000000000287d8c8
Event: 2.444 Thread 0x0000000056ba5800 DEOPT PACKING pc=0x000000000287d8c8 sp=0x00000000564aed20
Event: 2.444 Thread 0x0000000056ba5800 DEOPT UNPACKING pc=0x00000000025b582a sp=0x00000000564aeb78 mode 2
Event: 2.467 Executing VM operation: ParallelGCFailedAllocation
Event: 2.498 Executing VM operation: ParallelGCFailedAllocation done


Dynamic libraries:
0x000000013f780000 - 0x000000013f7b7000 	C:\Program Files\Java\jdk1.8.0_60\bin\java.exe
0x0000000077770000 - 0x000000007791a000 	C:\Windows\SYSTEM32\ntdll.dll
0x0000000077650000 - 0x000000007776f000 	C:\Windows\system32\kernel32.dll
0x000007fefd680000 - 0x000007fefd6ea000 	C:\Windows\system32\KERNELBASE.dll
0x000007feff9a0000 - 0x000007feffa7b000 	C:\Windows\system32\ADVAPI32.dll
0x000007fefd950000 - 0x000007fefd9ef000 	C:\Windows\system32\msvcrt.dll
0x000007fefe140000 - 0x000007fefe15f000 	C:\Windows\SYSTEM32\sechost.dll
0x000007feff870000 - 0x000007feff99d000 	C:\Windows\system32\RPCRT4.dll
0x0000000077550000 - 0x000000007764a000 	C:\Windows\system32\USER32.dll
0x000007fefe0d0000 - 0x000007fefe137000 	C:\Windows\system32\GDI32.dll
0x000007fefe260000 - 0x000007fefe26e000 	C:\Windows\system32\LPK.dll
0x000007fefdd30000 - 0x000007fefddfa000 	C:\Windows\system32\USP10.dll
0x000007fefbde0000 - 0x000007fefbfd4000 	C:\Windows\WinSxS\amd64_microsoft.windows.common-controls_6595b64144ccf1df_6.0.7601.18837_none_fa3b1e3d17594757\COMCTL32.dll
0x000007feff590000 - 0x000007feff601000 	C:\Windows\system32\SHLWAPI.dll
0x000007feff6b0000 - 0x000007feff6de000 	C:\Windows\system32\IMM32.DLL
0x000007fefd9f0000 - 0x000007fefdaf9000 	C:\Windows\system32\MSCTF.dll
0x000000005bf00000 - 0x000000005bfd2000 	C:\Program Files\Java\jdk1.8.0_60\jre\bin\msvcr100.dll
0x0000000070050000 - 0x00000000708d9000 	C:\Program Files\Java\jdk1.8.0_60\jre\bin\server\jvm.dll
0x000007fef3ae0000 - 0x000007fef3ae9000 	C:\Windows\system32\WSOCK32.dll
0x000007fefdce0000 - 0x000007fefdd2d000 	C:\Windows\system32\WS2_32.dll
0x000007feff4a0000 - 0x000007feff4a8000 	C:\Windows\system32\NSI.dll
0x000007fefa060000 - 0x000007fefa09b000 	C:\Windows\system32\WINMM.dll
0x000007fefc3d0000 - 0x000007fefc3dc000 	C:\Windows\system32\VERSION.dll
0x0000000077940000 - 0x0000000077947000 	C:\Windows\system32\PSAPI.DLL
0x000000006a580000 - 0x000000006a58f000 	C:\Program Files\Java\jdk1.8.0_60\jre\bin\verify.dll
0x0000000068210000 - 0x0000000068239000 	C:\Program Files\Java\jdk1.8.0_60\jre\bin\java.dll
0x0000000060400000 - 0x0000000060416000 	C:\Program Files\Java\jdk1.8.0_60\jre\bin\zip.dll
0x000007fefe480000 - 0x000007feff20a000 	C:\Windows\system32\SHELL32.dll
0x000007fefe270000 - 0x000007fefe473000 	C:\Windows\system32\ole32.dll
0x000007fefd500000 - 0x000007fefd50f000 	C:\Windows\system32\profapi.dll

VM Arguments:
jvm_args: -Djava.awt.headless=true -Xmx1024M -Dfile.encoding=windows-1252 -Duser.country=ES -Duser.language=es -Duser.variant 
java_command: com.android.dx.command.Main --dex --num-threads=4 --output C:\Users\Agustin\Desktop\Android\turnos\app\build\intermediates\pre-dexed\debug\ksoap2-android-assembly-3.0.0-jar-with-dependencies_60cb51c217684375667a7316750aac4724d64858.jar C:\Users\Agustin\Desktop\Android\turnos\app\libs\ksoap2-android-assembly-3.0.0-jar-with-dependencies.jar
java_class_path (initial): C:\Users\Agustin\AppData\Local\Android\sdk\build-tools\23.0.2\lib\dx.jar
Launcher Type: SUN_STANDARD

Environment Variables:
JAVA_HOME=C:\Program Files\Java\jdk1.8.0_92
JRE_HOME=C:\Program Files\Java\jre1.8.0_92
PATH=C:\Program Files\Common Files\Microsoft Shared\Windows Live;C:\Program Files (x86)\Common Files\Microsoft Shared\Windows Live;C:\ProgramData\Oracle\Java\javapath;C:\Windows\system32;C:\Windows;C:\Windows\System32\Wbem;C:\Windows\System32\WindowsPowerShell\v1.0\;C:\Program Files (x86)\Windows Live\Shared;C:\Program Files (x86)\Skype\Phone\;C:\Program Files\Java\jdk1.8.0_60\bin;C:\Program Files\Mercurial; C:\Program Files\Java\jdk1.8.0_60\bin
USERNAME=Agustin
OS=Windows_NT
PROCESSOR_IDENTIFIER=Intel64 Family 6 Model 42 Stepping 7, GenuineIntel



---------------  S Y S T E M  ---------------

OS: Windows 7 , 64 bit Build 7601 (6.1.7601.23418)

CPU:total 4 (2 cores per cpu, 2 threads per core) family 6 model 42 stepping 7, cmov, cx8, fxsr, mmx, sse, sse2, sse3, ssse3, sse4.1, sse4.2, popcnt, avx, clmul, ht, tsc, tscinvbit

Memory: 4k page, physical 4127088k(251156k free), swap 7332036k(5612k free)

vm_info: Java HotSpot(TM) 64-Bit Server VM (25.60-b23) for windows-amd64 JRE (1.8.0_60-b27), built on Aug  4 2015 11:06:27 by "java_re" with MS VC++ 10.0 (VS2010)

time: Thu May 19 14:09:09 2016
elapsed time: 2 seconds (0d 0h 0m 2s)

