#
# There is insufficient memory for the Java Runtime Environment to continue.
# Native memory allocation (malloc) failed to allocate 959536 bytes for Chunk::new
# Possible reasons:
#   The system is out of physical RAM or swap space
#   In 32 bit mode, the process size limit was hit
# Possible solutions:
#   Reduce memory load on the system
#   Increase physical memory or swap space
#   Check if swap backing store is full
#   Use 64 bit Java on a 64 bit OS
#   Decrease Java heap size (-Xmx/-Xms)
#   Decrease number of Java threads
#   Decrease Java thread stack sizes (-Xss)
#   Set larger code cache with -XX:ReservedCodeCacheSize=
# This output file may be truncated or incomplete.
#
#  Out of Memory Error (allocation.cpp:390), pid=10416, tid=10936
#
# JRE version: Java(TM) SE Runtime Environment (8.0_60-b27) (build 1.8.0_60-b27)
# Java VM: Java HotSpot(TM) 64-Bit Server VM (25.60-b23 mixed mode windows-amd64 compressed oops)
# Failed to write core dump. Minidumps are not enabled by default on client versions of Windows
#

---------------  T H R E A D  ---------------

Current thread (0x0000000056196800):  JavaThread "C2 CompilerThread0" daemon [_thread_in_native, id=10936, stack(0x0000000056a20000,0x0000000056b20000)]

Stack: [0x0000000056a20000,0x0000000056b20000]
[error occurred during error reporting (printing stack bounds), id 0xc0000005]

Native frames: (J=compiled Java code, j=interpreted, Vv=VM code, C=native code)


Current CompileTask:
C2:  19309 2296   !   4       com.android.dx.cf.code.Ropper::processBlock (1101 bytes)


---------------  P R O C E S S  ---------------

Java Threads: ( => current thread )
  0x0000000054d35800 JavaThread "pool-1-thread-4" [_thread_blocked, id=2728, stack(0x0000000057cb0000,0x0000000057db0000)]
  0x0000000054d34800 JavaThread "pool-1-thread-3" [_thread_blocked, id=860, stack(0x0000000057b00000,0x0000000057c00000)]
  0x0000000054d34000 JavaThread "pool-1-thread-2" [_thread_blocked, id=5900, stack(0x0000000055f90000,0x0000000056090000)]
  0x0000000054d33000 JavaThread "pool-2-thread-1" [_thread_blocked, id=5192, stack(0x00000000578a0000,0x00000000579a0000)]
  0x0000000054d32800 JavaThread "pool-1-thread-1" [_thread_blocked, id=11164, stack(0x00000000576e0000,0x00000000577e0000)]
  0x0000000054d31800 JavaThread "Service Thread" daemon [_thread_blocked, id=10784, stack(0x0000000056db0000,0x0000000056eb0000)]
  0x000000005619f000 JavaThread "C1 CompilerThread2" daemon [_thread_blocked, id=11208, stack(0x0000000056b90000,0x0000000056c90000)]
  0x000000005619e000 JavaThread "C2 CompilerThread1" daemon [_thread_in_native, id=11260, stack(0x00000000568e0000,0x00000000569e0000)]
=>0x0000000056196800 JavaThread "C2 CompilerThread0" daemon [_thread_in_native, id=10936, stack(0x0000000056a20000,0x0000000056b20000)]
  0x0000000054d31000 JavaThread "Attach Listener" daemon [_thread_blocked, id=8772, stack(0x00000000567b0000,0x00000000568b0000)]
  0x0000000054d30000 JavaThread "Signal Dispatcher" daemon [_thread_blocked, id=5492, stack(0x0000000056680000,0x0000000056780000)]
  0x0000000054cd1800 JavaThread "Finalizer" daemon [_thread_blocked, id=10136, stack(0x0000000056090000,0x0000000056190000)]
  0x0000000054cd0000 JavaThread "Reference Handler" daemon [_thread_blocked, id=5652, stack(0x0000000055e90000,0x0000000055f90000)]
  0x0000000001f5f000 JavaThread "main" [_thread_blocked, id=8504, stack(0x0000000002150000,0x0000000002250000)]

Other Threads:
  0x0000000054cca800 VMThread [stack: 0x0000000055d60000,0x0000000055e60000] [id=11384]
  0x0000000056233000 WatcherThread [stack: 0x0000000056cb0000,0x0000000056db0000] [id=11884]

VM state:not at safepoint (normal execution)

VM Mutex/Monitor currently owned by a thread: None

Heap:
 PSYoungGen      total 142336K, used 48219K [0x00000000eab00000, 0x00000000f4900000, 0x0000000100000000)
  eden space 129024K, 28% used [0x00000000eab00000,0x00000000ecea1980,0x00000000f2900000)
  from space 13312K, 88% used [0x00000000f3800000,0x00000000f4375678,0x00000000f4500000)
  to   space 15360K, 0% used [0x00000000f2900000,0x00000000f2900000,0x00000000f3800000)
 ParOldGen       total 44032K, used 23022K [0x00000000c0000000, 0x00000000c2b00000, 0x00000000eab00000)
  object space 44032K, 52% used [0x00000000c0000000,0x00000000c167b880,0x00000000c2b00000)
 Metaspace       used 6492K, capacity 7192K, committed 7424K, reserved 1056768K
  class space    used 624K, capacity 656K, committed 768K, reserved 1048576K

Card table byte_map: [0x00000000118e0000,0x0000000011af0000] byte_map_base: 0x00000000112e0000

Marking Bits: (ParMarkBitMap*) 0x000000005894a5b0
 Begin Bits: [0x0000000012140000, 0x0000000013140000)
 End Bits:   [0x0000000013140000, 0x0000000014140000)

Polling page: 0x0000000000110000

CodeCache: size=245760Kb used=8641Kb max_used=9974Kb free=237118Kb
 bounds [0x0000000002520000, 0x0000000002ef0000, 0x0000000011520000]
 total_blobs=2054 nmethods=1784 adapters=182
 compilation: enabled

Compilation events (10 events):
Event: 19.156 Thread 0x000000005619f000 2313       3       java.util.HashMap$EntryIterator::next (5 bytes)
Event: 19.156 Thread 0x000000005619f000 nmethod 2313 0x00000000027c6190 code [0x00000000027c6300, 0x00000000027c65e8]
Event: 19.176 Thread 0x000000005619e000 nmethod 2308 0x00000000027b7b10 code [0x00000000027b7d00, 0x00000000027b8bb8]
Event: 19.176 Thread 0x000000005619e000 2309       4       com.android.dx.rop.code.BasicBlockList::preferredSuccessorOf (77 bytes)
Event: 19.182 Thread 0x000000005619e000 nmethod 2309 0x00000000027068d0 code [0x0000000002706a60, 0x0000000002706d98]
Event: 19.182 Thread 0x000000005619e000 2311       4       com.android.dx.dex.code.RopTranslator::pickOrder (400 bytes)
Event: 19.258 Thread 0x000000005619e000 nmethod 2311 0x0000000002b1b050 code [0x0000000002b1b280, 0x0000000002b1c940]
Event: 19.258 Thread 0x000000005619e000 2314       4       com.android.dx.ssa.back.FirstFitLocalCombiningAllocator$1::processInsn (169 bytes)
Event: 19.286 Thread 0x000000005619f000 2315   !   3       java.util.concurrent.ArrayBlockingQueue::take (46 bytes)
Event: 19.287 Thread 0x000000005619f000 nmethod 2315 0x00000000028669d0 code [0x0000000002866c00, 0x00000000028676d8]

GC Heap History (10 events):
Event: 2.284 GC heap before
{Heap before GC invocations=2 (full 0):
 PSYoungGen      total 18944K, used 18920K [0x00000000eab00000, 0x00000000ed000000, 0x0000000100000000)
  eden space 16384K, 100% used [0x00000000eab00000,0x00000000ebb00000,0x00000000ebb00000)
  from space 2560K, 99% used [0x00000000ebb00000,0x00000000ebd7a110,0x00000000ebd80000)
  to   space 2560K, 0% used [0x00000000ecd80000,0x00000000ecd80000,0x00000000ed000000)
 ParOldGen       total 44032K, used 875K [0x00000000c0000000, 0x00000000c2b00000, 0x00000000eab00000)
  object space 44032K, 1% used [0x00000000c0000000,0x00000000c00dade8,0x00000000c2b00000)
 Metaspace       used 5936K, capacity 6832K, committed 7040K, reserved 1056768K
  class space    used 602K, capacity 616K, committed 640K, reserved 1048576K
Event: 2.708 GC heap after
Heap after GC invocations=2 (full 0):
 PSYoungGen      total 35328K, used 2550K [0x00000000eab00000, 0x00000000ed000000, 0x0000000100000000)
  eden space 32768K, 0% used [0x00000000eab00000,0x00000000eab00000,0x00000000ecb00000)
  from space 2560K, 99% used [0x00000000ecd80000,0x00000000ecffd850,0x00000000ed000000)
  to   space 2560K, 0% used [0x00000000ecb00000,0x00000000ecb00000,0x00000000ecd80000)
 ParOldGen       total 44032K, used 3154K [0x00000000c0000000, 0x00000000c2b00000, 0x00000000eab00000)
  object space 44032K, 7% used [0x00000000c0000000,0x00000000c0314b28,0x00000000c2b00000)
 Metaspace       used 5936K, capacity 6832K, committed 7040K, reserved 1056768K
  class space    used 602K, capacity 616K, committed 640K, reserved 1048576K
}
Event: 4.460 GC heap before
{Heap before GC invocations=3 (full 0):
 PSYoungGen      total 35328K, used 35318K [0x00000000eab00000, 0x00000000ed000000, 0x0000000100000000)
  eden space 32768K, 100% used [0x00000000eab00000,0x00000000ecb00000,0x00000000ecb00000)
  from space 2560K, 99% used [0x00000000ecd80000,0x00000000ecffd850,0x00000000ed000000)
  to   space 2560K, 0% used [0x00000000ecb00000,0x00000000ecb00000,0x00000000ecd80000)
 ParOldGen       total 44032K, used 3154K [0x00000000c0000000, 0x00000000c2b00000, 0x00000000eab00000)
  object space 44032K, 7% used [0x00000000c0000000,0x00000000c0314b28,0x00000000c2b00000)
 Metaspace       used 6073K, capacity 6960K, committed 7040K, reserved 1056768K
  class space    used 602K, capacity 616K, committed 640K, reserved 1048576K
Event: 4.800 GC heap after
Heap after GC invocations=3 (full 0):
 PSYoungGen      total 35328K, used 2534K [0x00000000eab00000, 0x00000000ef000000, 0x0000000100000000)
  eden space 32768K, 0% used [0x00000000eab00000,0x00000000eab00000,0x00000000ecb00000)
  from space 2560K, 98% used [0x00000000ecb00000,0x00000000ecd79830,0x00000000ecd80000)
  to   space 2560K, 0% used [0x00000000eed80000,0x00000000eed80000,0x00000000ef000000)
 ParOldGen       total 44032K, used 7762K [0x00000000c0000000, 0x00000000c2b00000, 0x00000000eab00000)
  object space 44032K, 17% used [0x00000000c0000000,0x00000000c0794888,0x00000000c2b00000)
 Metaspace       used 6073K, capacity 6960K, committed 7040K, reserved 1056768K
  class space    used 602K, capacity 616K, committed 640K, reserved 1048576K
}
Event: 11.366 GC heap before
{Heap before GC invocations=4 (full 0):
 PSYoungGen      total 35328K, used 35302K [0x00000000eab00000, 0x00000000ef000000, 0x0000000100000000)
  eden space 32768K, 100% used [0x00000000eab00000,0x00000000ecb00000,0x00000000ecb00000)
  from space 2560K, 98% used [0x00000000ecb00000,0x00000000ecd79830,0x00000000ecd80000)
  to   space 2560K, 0% used [0x00000000eed80000,0x00000000eed80000,0x00000000ef000000)
 ParOldGen       total 44032K, used 7762K [0x00000000c0000000, 0x00000000c2b00000, 0x00000000eab00000)
  object space 44032K, 17% used [0x00000000c0000000,0x00000000c0794888,0x00000000c2b00000)
 Metaspace       used 6229K, capacity 7088K, committed 7296K, reserved 1056768K
  class space    used 603K, capacity 616K, committed 640K, reserved 1048576K
Event: 11.837 GC heap after
Heap after GC invocations=4 (full 0):
 PSYoungGen      total 68096K, used 2550K [0x00000000eab00000, 0x00000000ef000000, 0x0000000100000000)
  eden space 65536K, 0% used [0x00000000eab00000,0x00000000eab00000,0x00000000eeb00000)
  from space 2560K, 99% used [0x00000000eed80000,0x00000000eeffd968,0x00000000ef000000)
  to   space 2560K, 0% used [0x00000000eeb00000,0x00000000eeb00000,0x00000000eed80000)
 ParOldGen       total 44032K, used 12689K [0x00000000c0000000, 0x00000000c2b00000, 0x00000000eab00000)
  object space 44032K, 28% used [0x00000000c0000000,0x00000000c0c64758,0x00000000c2b00000)
 Metaspace       used 6229K, capacity 7088K, committed 7296K, reserved 1056768K
  class space    used 603K, capacity 616K, committed 640K, reserved 1048576K
}
Event: 16.042 GC heap before
{Heap before GC invocations=5 (full 0):
 PSYoungGen      total 68096K, used 68086K [0x00000000eab00000, 0x00000000ef000000, 0x0000000100000000)
  eden space 65536K, 100% used [0x00000000eab00000,0x00000000eeb00000,0x00000000eeb00000)
  from space 2560K, 99% used [0x00000000eed80000,0x00000000eeffd968,0x00000000ef000000)
  to   space 2560K, 0% used [0x00000000eeb00000,0x00000000eeb00000,0x00000000eed80000)
 ParOldGen       total 44032K, used 12689K [0x00000000c0000000, 0x00000000c2b00000, 0x00000000eab00000)
  object space 44032K, 28% used [0x00000000c0000000,0x00000000c0c64758,0x00000000c2b00000)
 Metaspace       used 6292K, capacity 7152K, committed 7296K, reserved 1056768K
  class space    used 604K, capacity 616K, committed 640K, reserved 1048576K
Event: 16.106 GC heap after
Heap after GC invocations=5 (full 0):
 PSYoungGen      total 68096K, used 2540K [0x00000000eab00000, 0x00000000f4500000, 0x0000000100000000)
  eden space 65536K, 0% used [0x00000000eab00000,0x00000000eab00000,0x00000000eeb00000)
  from space 2560K, 99% used [0x00000000eeb00000,0x00000000eed7b280,0x00000000eed80000)
  to   space 13312K, 0% used [0x00000000f3800000,0x00000000f3800000,0x00000000f4500000)
 ParOldGen       total 44032K, used 23022K [0x00000000c0000000, 0x00000000c2b00000, 0x00000000eab00000)
  object space 44032K, 52% used [0x00000000c0000000,0x00000000c167b880,0x00000000c2b00000)
 Metaspace       used 6292K, capacity 7152K, committed 7296K, reserved 1056768K
  class space    used 604K, capacity 616K, committed 640K, reserved 1048576K
}
Event: 18.120 GC heap before
{Heap before GC invocations=6 (full 0):
 PSYoungGen      total 68096K, used 68076K [0x00000000eab00000, 0x00000000f4500000, 0x0000000100000000)
  eden space 65536K, 100% used [0x00000000eab00000,0x00000000eeb00000,0x00000000eeb00000)
  from space 2560K, 99% used [0x00000000eeb00000,0x00000000eed7b280,0x00000000eed80000)
  to   space 13312K, 0% used [0x00000000f3800000,0x00000000f3800000,0x00000000f4500000)
 ParOldGen       total 44032K, used 23022K [0x00000000c0000000, 0x00000000c2b00000, 0x00000000eab00000)
  object space 44032K, 52% used [0x00000000c0000000,0x00000000c167b880,0x00000000c2b00000)
 Metaspace       used 6448K, capacity 7192K, committed 7424K, reserved 1056768K
  class space    used 624K, capacity 656K, committed 768K, reserved 1048576K
Event: 18.156 GC heap after
Heap after GC invocations=6 (full 0):
 PSYoungGen      total 142336K, used 11733K [0x00000000eab00000, 0x00000000f4900000, 0x0000000100000000)
  eden space 129024K, 0% used [0x00000000eab00000,0x00000000eab00000,0x00000000f2900000)
  from space 13312K, 88% used [0x00000000f3800000,0x00000000f4375678,0x00000000f4500000)
  to   space 15360K, 0% used [0x00000000f2900000,0x00000000f2900000,0x00000000f3800000)
 ParOldGen       total 44032K, used 23022K [0x00000000c0000000, 0x00000000c2b00000, 0x00000000eab00000)
  object space 44032K, 52% used [0x00000000c0000000,0x00000000c167b880,0x00000000c2b00000)
 Metaspace       used 6448K, capacity 7192K, committed 7424K, reserved 1056768K
  class space    used 624K, capacity 656K, committed 768K, reserved 1048576K
}

Deoptimization events (10 events):
Event: 18.055 Thread 0x0000000054d32800 Uncommon trap: reason=unstable_if action=reinterpret pc=0x0000000002ec9e60 method=java.util.HashMap.putVal(ILjava/lang/Object;Ljava/lang/Object;ZZ)Ljava/lang/Object; @ 206
Event: 18.065 Thread 0x0000000054d32800 Uncommon trap: reason=bimorphic action=maybe_recompile pc=0x0000000002ed5ac8 method=com.android.dx.rop.code.RegisterSpec.withSimpleType()Lcom/android/dx/rop/code/RegisterSpec; @ 21
Event: 18.187 Thread 0x0000000054d32800 Uncommon trap: reason=unstable_if action=reinterpret pc=0x0000000002b7a8f0 method=java.util.HashMap.resize()[Ljava/util/HashMap$Node; @ 206
Event: 18.235 Thread 0x0000000054d32800 Uncommon trap: reason=unstable_if action=reinterpret pc=0x0000000002ae1be8 method=com.android.dx.dex.code.OutputFinisher.hasLocalInfo(Lcom/android/dx/dex/code/DalvInsn;)Z @ 24
Event: 18.363 Thread 0x0000000054d32800 Uncommon trap: reason=class_check action=maybe_recompile pc=0x0000000002e9a48c method=com.android.dx.cf.code.BytecodeArray.parseInstruction(ILcom/android/dx/cf/code/BytecodeArray$Visitor;)I @ 1777
Event: 18.616 Thread 0x0000000054d35800 Uncommon trap: reason=bimorphic action=maybe_recompile pc=0x00000000028e7138 method=com.android.dx.ssa.NormalSsaInsn.accept(Lcom/android/dx/ssa/SsaInsn$Visitor;)V @ 9
Event: 18.616 Thread 0x0000000054d35800 Uncommon trap: reason=bimorphic action=maybe_recompile pc=0x00000000028e7138 method=com.android.dx.ssa.NormalSsaInsn.accept(Lcom/android/dx/ssa/SsaInsn$Visitor;)V @ 9
Event: 18.616 Thread 0x0000000054d35800 Uncommon trap: reason=bimorphic action=maybe_recompile pc=0x00000000028e7138 method=com.android.dx.ssa.NormalSsaInsn.accept(Lcom/android/dx/ssa/SsaInsn$Visitor;)V @ 9
Event: 18.616 Thread 0x0000000054d35800 Uncommon trap: reason=bimorphic action=maybe_recompile pc=0x00000000028e7138 method=com.android.dx.ssa.NormalSsaInsn.accept(Lcom/android/dx/ssa/SsaInsn$Visitor;)V @ 9
Event: 19.144 Thread 0x0000000054d32800 Uncommon trap: reason=unstable_if action=reinterpret pc=0x0000000002b7cd20 method=com.android.dx.rop.cst.CstNat.equals(Ljava/lang/Object;)Z @ 25

Internal exceptions (6 events):
Event: 0.055 Thread 0x0000000001f5f000 Exception <a 'java/lang/NoSuchMethodError': Method sun.misc.Unsafe.defineClass(Ljava/lang/String;[BII)Ljava/lang/Class; name or signature does not match> (0x00000000eab0d498) thrown at [C:\re\workspace\8-2-build-windows-amd64-cygwin\jdk8u60\4407\hotspot\sr¿b0kb¬?
Event: 0.055 Thread 0x0000000001f5f000 Exception <a 'java/lang/NoSuchMethodError': Method sun.misc.Unsafe.prefetchRead(Ljava/lang/Object;J)V name or signature does not match> (0x00000000eab0d780) thrown at [C:\re\workspace\8-2-build-windows-amd64-cygwin\jdk8u60\4407\hotspot\src\share\vm\prims\j•¸¥hüý?
Event: 1.874 Thread 0x0000000054d34000 Implicit null exception at 0x00000000027f91b3 to 0x00000000027fb1f1
Event: 16.118 Thread 0x0000000054d35800 Exception <a 'java/lang/ArrayIndexOutOfBoundsException': 18> (0x00000000eab2fa78) thrown at [C:\re\workspace\8-2-build-windows-amd64-cygwin\jdk8u60\4407\hotspot\src\share\vm\interpreter\interpreterRuntime.cpp, line 366]
Event: 16.118 Thread 0x0000000054d35800 Exception <a 'java/lang/ArrayIndexOutOfBoundsException': 145> (0x00000000eab315f8) thrown at [C:\re\workspace\8-2-build-windows-amd64-cygwin\jdk8u60\4407\hotspot\src\share\vm\interpreter\interpreterRuntime.cpp, line 366]
Event: 16.119 Thread 0x0000000054d35800 Exception <a 'java/lang/ArrayIndexOutOfBoundsException'> (0x00000000eab328e0) thrown at [C:\re\workspace\8-2-build-windows-amd64-cygwin\jdk8u60\4407\hotspot\src\share\vm\runtime\sharedRuntime.cpp, line 605]

Events (10 events):
Event: 18.616 Thread 0x0000000054d35800 DEOPT UNPACKING pc=0x000000000256582a sp=0x0000000057dae840 mode 2
Event: 18.616 Thread 0x0000000054d35800 Uncommon trap: trap_request=0xffffffc6 fr.pc=0x00000000028e7138
Event: 18.616 Thread 0x0000000054d35800 DEOPT PACKING pc=0x00000000028e7138 sp=0x0000000057dae770
Event: 18.616 Thread 0x0000000054d35800 DEOPT UNPACKING pc=0x000000000256582a sp=0x0000000057dae6f0 mode 2
Event: 18.616 Thread 0x0000000054d35800 Uncommon trap: trap_request=0xffffffc6 fr.pc=0x00000000028e7138
Event: 18.616 Thread 0x0000000054d35800 DEOPT PACKING pc=0x00000000028e7138 sp=0x0000000057dae770
Event: 18.616 Thread 0x0000000054d35800 DEOPT UNPACKING pc=0x000000000256582a sp=0x0000000057dae6f0 mode 2
Event: 19.144 Thread 0x0000000054d32800 Uncommon trap: trap_request=0xffffff65 fr.pc=0x0000000002b7cd20
Event: 19.144 Thread 0x0000000054d32800 DEOPT PACKING pc=0x0000000002b7cd20 sp=0x00000000577de570
Event: 19.144 Thread 0x0000000054d32800 DEOPT UNPACKING pc=0x000000000256582a sp=0x00000000577de490 mode 2


Dynamic libraries:
0x000000013fb90000 - 0x000000013fbc7000 	C:\Program Files\Java\jdk1.8.0_60\bin\java.exe
0x0000000077540000 - 0x00000000776ea000 	C:\Windows\SYSTEM32\ntdll.dll
0x0000000077320000 - 0x000000007743f000 	C:\Windows\system32\kernel32.dll
0x000007fefd2e0000 - 0x000007fefd34a000 	C:\Windows\system32\KERNELBASE.dll
0x000007feff770000 - 0x000007feff84b000 	C:\Windows\system32\ADVAPI32.dll
0x000007feff6d0000 - 0x000007feff76f000 	C:\Windows\system32\msvcrt.dll
0x000007feff3a0000 - 0x000007feff3bf000 	C:\Windows\SYSTEM32\sechost.dll
0x000007fefd690000 - 0x000007fefd7bd000 	C:\Windows\system32\RPCRT4.dll
0x0000000077440000 - 0x000000007753a000 	C:\Windows\system32\USER32.dll
0x000007fefd890000 - 0x000007fefd8f7000 	C:\Windows\system32\GDI32.dll
0x000007feff6c0000 - 0x000007feff6ce000 	C:\Windows\system32\LPK.dll
0x000007fefd7c0000 - 0x000007fefd88a000 	C:\Windows\system32\USP10.dll
0x000007fefbbb0000 - 0x000007fefbda4000 	C:\Windows\WinSxS\amd64_microsoft.windows.common-controls_6595b64144ccf1df_6.0.7601.18837_none_fa3b1e3d17594757\COMCTL32.dll
0x000007feff640000 - 0x000007feff6b1000 	C:\Windows\system32\SHLWAPI.dll
0x000007feff1f0000 - 0x000007feff21e000 	C:\Windows\system32\IMM32.DLL
0x000007feff290000 - 0x000007feff399000 	C:\Windows\system32\MSCTF.dll
0x000000005cd00000 - 0x000000005cdd2000 	C:\Program Files\Java\jdk1.8.0_60\jre\bin\msvcr100.dll
0x0000000058140000 - 0x00000000589c9000 	C:\Program Files\Java\jdk1.8.0_60\jre\bin\server\jvm.dll
0x000007fef7480000 - 0x000007fef7489000 	C:\Windows\system32\WSOCK32.dll
0x000007feff240000 - 0x000007feff28d000 	C:\Windows\system32\WS2_32.dll
0x000007fefd680000 - 0x000007fefd688000 	C:\Windows\system32\NSI.dll
0x000007fef9cc0000 - 0x000007fef9cfb000 	C:\Windows\system32\WINMM.dll
0x000007fefc1a0000 - 0x000007fefc1ac000 	C:\Windows\system32\VERSION.dll
0x0000000077710000 - 0x0000000077717000 	C:\Windows\system32\PSAPI.DLL
0x00000000637f0000 - 0x00000000637ff000 	C:\Program Files\Java\jdk1.8.0_60\jre\bin\verify.dll
0x00000000618e0000 - 0x0000000061909000 	C:\Program Files\Java\jdk1.8.0_60\jre\bin\java.dll
0x00000000619c0000 - 0x00000000619d6000 	C:\Program Files\Java\jdk1.8.0_60\jre\bin\zip.dll
0x000007fefe250000 - 0x000007fefefda000 	C:\Windows\system32\SHELL32.dll
0x000007fefefe0000 - 0x000007feff1e3000 	C:\Windows\system32\ole32.dll
0x000007fefd2d0000 - 0x000007fefd2df000 	C:\Windows\system32\profapi.dll

VM Arguments:
jvm_args: -Djava.awt.headless=true -Xmx1024M -Dfile.encoding=windows-1252 -Duser.country=ES -Duser.language=es -Duser.variant 
java_command: com.android.dx.command.Main --dex --num-threads=4 --output C:\Users\Agustin\Desktop\Android\turnos\app\build\intermediates\pre-dexed\debug\com.android.support-appcompat-v7-23.1.1_780b5f18a410cbcb92dedb257a41cd2108191a9b.jar C:\Users\Agustin\Desktop\Android\turnos\app\build\intermediates\exploded-aar\com.android.support\appcompat-v7\23.1.1\jars\classes.jar
java_class_path (initial): C:\Users\Agustin\AppData\Local\Android\sdk\build-tools\23.0.2\lib\dx.jar
Launcher Type: SUN_STANDARD

Environment Variables:
JAVA_HOME=C:\Program Files\Java\jdk1.8.0_92
JRE_HOME=C:\Program Files\Java\jre1.8.0_92
PATH=C:\Program Files\Common Files\Microsoft Shared\Windows Live;C:\Program Files (x86)\Common Files\Microsoft Shared\Windows Live;C:\ProgramData\Oracle\Java\javapath;C:\Windows\system32;C:\Windows;C:\Windows\System32\Wbem;C:\Windows\System32\WindowsPowerShell\v1.0\;C:\Program Files (x86)\Windows Live\Shared;C:\Program Files (x86)\Skype\Phone\;C:\Program Files\Java\jdk1.8.0_60\bin;C:\Program Files\Mercurial; C:\Program Files\Java\jdk1.8.0_60\bin
USERNAME=Agustin
OS=Windows_NT
PROCESSOR_IDENTIFIER=Intel64 Family 6 Model 42 Stepping 7, GenuineIntel



---------------  S Y S T E M  ---------------

OS: Windows 7 , 64 bit Build 7601 (6.1.7601.23418)

CPU:total 4 (2 cores per cpu, 2 threads per core) family 6 model 42 stepping 7, cmov, cx8, fxsr, mmx, sse, sse2, sse3, ssse3, sse4.1, sse4.2, popcnt, avx, clmul, ht, tsc, tscinvbit

Memory: 4k page, physical 4127088k(53792k free), swap 8766516k(5368k free)

vm_info: Java HotSpot(TM) 64-Bit Server VM (25.60-b23) for windows-amd64 JRE (1.8.0_60-b27), built on Aug  4 2015 11:06:27 by "java_re" with MS VC++ 10.0 (VS2010)

time: Wed May 25 11:50:20 2016
elapsed time: 19 seconds (0d 0h 0m 19s)

