#
# There is insufficient memory for the Java Runtime Environment to continue.
# Native memory allocation (malloc) failed to allocate 32744 bytes for ChunkPool::allocate
# Possible reasons:
#   The system is out of physical RAM or swap space
#   In 32 bit mode, the process size limit was hit
# Possible solutions:
#   Reduce memory load on the system
#   Increase physical memory or swap space
#   Check if swap backing store is full
#   Use 64 bit Java on a 64 bit OS
#   Decrease Java heap size (-Xmx/-Xms)
#   Decrease number of Java threads
#   Decrease Java thread stack sizes (-Xss)
#   Set larger code cache with -XX:ReservedCodeCacheSize=
# This output file may be truncated or incomplete.
#
#  Out of Memory Error (allocation.cpp:273), pid=9732, tid=4228
#
# JRE version: Java(TM) SE Runtime Environment (8.0_60-b27) (build 1.8.0_60-b27)
# Java VM: Java HotSpot(TM) 64-Bit Server VM (25.60-b23 mixed mode windows-amd64 compressed oops)
# Failed to write core dump. Minidumps are not enabled by default on client versions of Windows
#

---------------  T H R E A D  ---------------

Current thread (0x000000005500f000):  JavaThread "C1 CompilerThread2" daemon [_thread_in_vm, id=4228, stack(0x00000000569f0000,0x0000000056af0000)]

Stack: [0x00000000569f0000,0x0000000056af0000]
[error occurred during error reporting (printing stack bounds), id 0xc0000005]

Native frames: (J=compiled Java code, j=interpreted, Vv=VM code, C=native code)


Current CompileTask:
C1:   8159 1376       3       com.android.dx.cf.code.LocalVariableList$Item::matchesAllButType (53 bytes)


---------------  P R O C E S S  ---------------

Java Threads: ( => current thread )
  0x00000000565bf000 JavaThread "pool-1-thread-4" [_thread_blocked, id=10140, stack(0x0000000057e70000,0x0000000057f70000)]
  0x00000000565bc000 JavaThread "pool-1-thread-3" [_thread_in_Java, id=10040, stack(0x0000000057c60000,0x0000000057d60000)]
  0x0000000056630800 JavaThread "pool-1-thread-2" [_thread_in_Java, id=4148, stack(0x0000000057a00000,0x0000000057b00000)]
  0x000000005662f800 JavaThread "pool-2-thread-1" [_thread_blocked, id=3084, stack(0x0000000056c80000,0x0000000056d80000)]
  0x000000005662e000 JavaThread "pool-1-thread-1" [_thread_blocked, id=7660, stack(0x00000000578b0000,0x00000000579b0000)]
  0x00000000562ff800 JavaThread "Service Thread" daemon [_thread_blocked, id=8800, stack(0x0000000056dc0000,0x0000000056ec0000)]
=>0x000000005500f000 JavaThread "C1 CompilerThread2" daemon [_thread_in_vm, id=4228, stack(0x00000000569f0000,0x0000000056af0000)]
  0x00000000562a6800 JavaThread "C2 CompilerThread1" daemon [_thread_in_native, id=7472, stack(0x0000000056af0000,0x0000000056bf0000)]
  0x00000000562a2800 JavaThread "C2 CompilerThread0" daemon [_thread_in_native, id=2892, stack(0x00000000568c0000,0x00000000569c0000)]
  0x0000000055004000 JavaThread "Attach Listener" daemon [_thread_blocked, id=8244, stack(0x0000000056790000,0x0000000056890000)]
  0x0000000055003000 JavaThread "Signal Dispatcher" daemon [_thread_blocked, id=9124, stack(0x0000000055e10000,0x0000000055f10000)]
  0x0000000054fa4800 JavaThread "Finalizer" daemon [_thread_blocked, id=10568, stack(0x00000000560a0000,0x00000000561a0000)]
  0x0000000054fa3000 JavaThread "Reference Handler" daemon [_thread_blocked, id=5608, stack(0x00000000561a0000,0x00000000562a0000)]
  0x0000000001faf000 JavaThread "main" [_thread_blocked, id=9864, stack(0x00000000022b0000,0x00000000023b0000)]

Other Threads:
  0x0000000054f9e000 VMThread [stack: 0x0000000055f90000,0x0000000056090000] [id=7700]
  0x000000005631e800 WatcherThread [stack: 0x0000000056f10000,0x0000000057010000] [id=10500]

VM state:not at safepoint (normal execution)

VM Mutex/Monitor currently owned by a thread: None

Heap:
 PSYoungGen      total 35328K, used 12770K [0x00000000eab00000, 0x00000000ed000000, 0x0000000100000000)
  eden space 32768K, 31% used [0x00000000eab00000,0x00000000eb500950,0x00000000ecb00000)
  from space 2560K, 98% used [0x00000000ecd80000,0x00000000ecff8018,0x00000000ed000000)
  to   space 2560K, 0% used [0x00000000ecb00000,0x00000000ecb00000,0x00000000ecd80000)
 ParOldGen       total 44032K, used 2305K [0x00000000c0000000, 0x00000000c2b00000, 0x00000000eab00000)
  object space 44032K, 5% used [0x00000000c0000000,0x00000000c0240558,0x00000000c2b00000)
 Metaspace       used 6057K, capacity 6960K, committed 7040K, reserved 1056768K
  class space    used 595K, capacity 616K, committed 640K, reserved 1048576K

Card table byte_map: [0x0000000011a40000,0x0000000011c50000] byte_map_base: 0x0000000011440000

Marking Bits: (ParMarkBitMap*) 0x000000007085a5b0
 Begin Bits: [0x0000000012410000, 0x0000000013410000)
 End Bits:   [0x0000000013410000, 0x0000000014410000)

Polling page: 0x0000000000210000

CodeCache: size=245760Kb used=5560Kb max_used=5571Kb free=240199Kb
 bounds [0x0000000002680000, 0x0000000002c00000, 0x0000000011680000]
 total_blobs=1641 nmethods=1372 adapters=182
 compilation: enabled

Compilation events (10 events):
Event: 8.010 Thread 0x000000005500f000 nmethod 1373 0x0000000002bcf690 code [0x0000000002bcf7e0, 0x0000000002bcf990]
Event: 8.077 Thread 0x00000000562a2800 nmethod 1365 0x0000000002bf1890 code [0x0000000002bf1ae0, 0x0000000002bf2f10]
Event: 8.077 Thread 0x00000000562a2800 1367   !   4       com.android.dx.rop.code.BasicBlock::<init> (273 bytes)
Event: 8.091 Thread 0x00000000562a2800 nmethod 1367 0x0000000002be3c10 code [0x0000000002be3d80, 0x0000000002be43b8]
Event: 8.091 Thread 0x00000000562a2800 1368       4       com.android.dx.ssa.SCCP::addBlockToWorklist (47 bytes)
Event: 8.117 Thread 0x00000000562a2800 nmethod 1368 0x0000000002be5790 code [0x0000000002be5920, 0x0000000002be6168]
Event: 8.128 Thread 0x000000005500f000 1374       3       com.android.dx.util.LabeledList::rebuildLabelToIndex (46 bytes)
Event: 8.129 Thread 0x000000005500f000 nmethod 1374 0x0000000002be4d50 code [0x0000000002be4f00, 0x0000000002be5568]
Event: 8.130 Thread 0x00000000562a2800 1375   !   4       com.android.dx.cf.code.BytecodeArray::parseInstruction (2764 bytes)
Event: 8.149 Thread 0x000000005500f000 1376       3       com.android.dx.cf.code.LocalVariableList$Item::matchesAllButType (53 bytes)

GC Heap History (4 events):
Event: 1.041 GC heap before
{Heap before GC invocations=1 (full 0):
 PSYoungGen      total 18944K, used 16384K [0x00000000eab00000, 0x00000000ec000000, 0x0000000100000000)
  eden space 16384K, 100% used [0x00000000eab00000,0x00000000ebb00000,0x00000000ebb00000)
  from space 2560K, 0% used [0x00000000ebd80000,0x00000000ebd80000,0x00000000ec000000)
  to   space 2560K, 0% used [0x00000000ebb00000,0x00000000ebb00000,0x00000000ebd80000)
 ParOldGen       total 44032K, used 0K [0x00000000c0000000, 0x00000000c2b00000, 0x00000000eab00000)
  object space 44032K, 0% used [0x00000000c0000000,0x00000000c0000000,0x00000000c2b00000)
 Metaspace       used 5413K, capacity 6384K, committed 6528K, reserved 1056768K
  class space    used 589K, capacity 616K, committed 640K, reserved 1048576K
Event: 1.606 GC heap after
Heap after GC invocations=1 (full 0):
 PSYoungGen      total 18944K, used 2553K [0x00000000eab00000, 0x00000000ed000000, 0x0000000100000000)
  eden space 16384K, 0% used [0x00000000eab00000,0x00000000eab00000,0x00000000ebb00000)
  from space 2560K, 99% used [0x00000000ebb00000,0x00000000ebd7e458,0x00000000ebd80000)
  to   space 2560K, 0% used [0x00000000ecd80000,0x00000000ecd80000,0x00000000ed000000)
 ParOldGen       total 44032K, used 691K [0x00000000c0000000, 0x00000000c2b00000, 0x00000000eab00000)
  object space 44032K, 1% used [0x00000000c0000000,0x00000000c00accf8,0x00000000c2b00000)
 Metaspace       used 5413K, capacity 6384K, committed 6528K, reserved 1056768K
  class space    used 589K, capacity 616K, committed 640K, reserved 1048576K
}
Event: 5.249 GC heap before
{Heap before GC invocations=2 (full 0):
 PSYoungGen      total 18944K, used 18937K [0x00000000eab00000, 0x00000000ed000000, 0x0000000100000000)
  eden space 16384K, 100% used [0x00000000eab00000,0x00000000ebb00000,0x00000000ebb00000)
  from space 2560K, 99% used [0x00000000ebb00000,0x00000000ebd7e458,0x00000000ebd80000)
  to   space 2560K, 0% used [0x00000000ecd80000,0x00000000ecd80000,0x00000000ed000000)
 ParOldGen       total 44032K, used 691K [0x00000000c0000000, 0x00000000c2b00000, 0x00000000eab00000)
  object space 44032K, 1% used [0x00000000c0000000,0x00000000c00accf8,0x00000000c2b00000)
 Metaspace       used 5976K, capacity 6896K, committed 7040K, reserved 1056768K
  class space    used 595K, capacity 616K, committed 640K, reserved 1048576K
Event: 5.354 GC heap after
Heap after GC invocations=2 (full 0):
 PSYoungGen      total 35328K, used 2528K [0x00000000eab00000, 0x00000000ed000000, 0x0000000100000000)
  eden space 32768K, 0% used [0x00000000eab00000,0x00000000eab00000,0x00000000ecb00000)
  from space 2560K, 98% used [0x00000000ecd80000,0x00000000ecff8018,0x00000000ed000000)
  to   space 2560K, 0% used [0x00000000ecb00000,0x00000000ecb00000,0x00000000ecd80000)
 ParOldGen       total 44032K, used 2305K [0x00000000c0000000, 0x00000000c2b00000, 0x00000000eab00000)
  object space 44032K, 5% used [0x00000000c0000000,0x00000000c0240558,0x00000000c2b00000)
 Metaspace       used 5976K, capacity 6896K, committed 7040K, reserved 1056768K
  class space    used 595K, capacity 616K, committed 640K, reserved 1048576K
}

Deoptimization events (8 events):
Event: 1.759 Thread 0x00000000565bc000 Uncommon trap: reason=unstable_if action=reinterpret pc=0x000000000289e1a0 method=java.util.BitSet.nextSetBit(I)I @ 87
Event: 1.765 Thread 0x00000000565bc000 Uncommon trap: reason=unstable_if action=reinterpret pc=0x000000000289dc0c method=java.util.HashMap.getNode(ILjava/lang/Object;)Ljava/util/HashMap$Node; @ 129
Event: 1.842 Thread 0x00000000565bc000 Uncommon trap: reason=class_check action=maybe_recompile pc=0x00000000028c44a0 method=com.android.dx.ssa.NormalSsaInsn.accept(Lcom/android/dx/ssa/SsaInsn$Visitor;)V @ 9
Event: 1.890 Thread 0x0000000056630800 Uncommon trap: reason=class_check action=maybe_recompile pc=0x00000000028c44a0 method=com.android.dx.ssa.NormalSsaInsn.accept(Lcom/android/dx/ssa/SsaInsn$Visitor;)V @ 9
Event: 1.943 Thread 0x0000000056630800 Uncommon trap: reason=unstable_if action=reinterpret pc=0x00000000028ea204 method=com.android.dx.rop.cst.Constant.compareTo(Lcom/android/dx/rop/cst/Constant;)I @ 12
Event: 7.692 Thread 0x00000000565bc000 Uncommon trap: reason=null_check action=make_not_entrant pc=0x0000000002957bf8 method=com.android.dx.ssa.SsaRenamer.getLocalForNewReg(I)Lcom/android/dx/rop/code/LocalItem; @ 19
Event: 7.730 Thread 0x00000000565bc000 Uncommon trap: reason=class_check action=maybe_recompile pc=0x00000000028c44a0 method=com.android.dx.ssa.NormalSsaInsn.accept(Lcom/android/dx/ssa/SsaInsn$Visitor;)V @ 9
Event: 7.731 Thread 0x00000000565bc000 Uncommon trap: reason=class_check action=maybe_recompile pc=0x00000000028c44a0 method=com.android.dx.ssa.NormalSsaInsn.accept(Lcom/android/dx/ssa/SsaInsn$Visitor;)V @ 9

Internal exceptions (3 events):
Event: 0.059 Thread 0x0000000001faf000 Exception <a 'java/lang/NoSuchMethodError': Method sun.misc.Unsafe.defineClass(Ljava/lang/String;[BII)Ljava/lang/Class; name or signature does not match> (0x00000000eab0d490) thrown at [C:\re\workspace\8-2-build-windows-amd64-cygwin\jdk8u60\4407\hotspot\sr£>mÕù3Æ?
Event: 0.059 Thread 0x0000000001faf000 Exception <a 'java/lang/NoSuchMethodError': Method sun.misc.Unsafe.prefetchRead(Ljava/lang/Object;J)V name or signature does not match> (0x00000000eab0d778) thrown at [C:\re\workspace\8-2-build-windows-amd64-cygwin\jdk8u60\4407\hotspot\src\share\vm\prims\j„‡ÚŒ9ƒ@
Event: 7.692 Thread 0x00000000565bc000 Implicit null exception at 0x0000000002955d19 to 0x0000000002957bb5

Events (10 events):
Event: 5.354 Executing VM operation: ParallelGCFailedAllocation done
Event: 7.692 Thread 0x00000000565bc000 Uncommon trap: trap_request=0xfffffff4 fr.pc=0x0000000002957bf8
Event: 7.692 Thread 0x00000000565bc000 DEOPT PACKING pc=0x0000000002957bf8 sp=0x0000000057d5e4c0
Event: 7.692 Thread 0x00000000565bc000 DEOPT UNPACKING pc=0x00000000026c582a sp=0x0000000057d5e338 mode 2
Event: 7.730 Thread 0x00000000565bc000 Uncommon trap: trap_request=0xffffffde fr.pc=0x00000000028c44a0
Event: 7.730 Thread 0x00000000565bc000 DEOPT PACKING pc=0x00000000028c44a0 sp=0x0000000057d5e590
Event: 7.731 Thread 0x00000000565bc000 DEOPT UNPACKING pc=0x00000000026c582a sp=0x0000000057d5e530 mode 2
Event: 7.731 Thread 0x00000000565bc000 Uncommon trap: trap_request=0xffffffde fr.pc=0x00000000028c44a0
Event: 7.731 Thread 0x00000000565bc000 DEOPT PACKING pc=0x00000000028c44a0 sp=0x0000000057d5e590
Event: 7.731 Thread 0x00000000565bc000 DEOPT UNPACKING pc=0x00000000026c582a sp=0x0000000057d5e530 mode 2


Dynamic libraries:
0x000000013f590000 - 0x000000013f5c7000 	C:\Program Files\Java\jdk1.8.0_60\bin\java.exe
0x0000000077770000 - 0x000000007791a000 	C:\Windows\SYSTEM32\ntdll.dll
0x0000000077650000 - 0x000000007776f000 	C:\Windows\system32\kernel32.dll
0x000007fefd680000 - 0x000007fefd6ea000 	C:\Windows\system32\KERNELBASE.dll
0x000007feff9a0000 - 0x000007feffa7b000 	C:\Windows\system32\ADVAPI32.dll
0x000007fefd950000 - 0x000007fefd9ef000 	C:\Windows\system32\msvcrt.dll
0x000007fefe140000 - 0x000007fefe15f000 	C:\Windows\SYSTEM32\sechost.dll
0x000007feff870000 - 0x000007feff99d000 	C:\Windows\system32\RPCRT4.dll
0x0000000077550000 - 0x000000007764a000 	C:\Windows\system32\USER32.dll
0x000007fefe0d0000 - 0x000007fefe137000 	C:\Windows\system32\GDI32.dll
0x000007fefe260000 - 0x000007fefe26e000 	C:\Windows\system32\LPK.dll
0x000007fefdd30000 - 0x000007fefddfa000 	C:\Windows\system32\USP10.dll
0x000007fefbde0000 - 0x000007fefbfd4000 	C:\Windows\WinSxS\amd64_microsoft.windows.common-controls_6595b64144ccf1df_6.0.7601.18837_none_fa3b1e3d17594757\COMCTL32.dll
0x000007feff590000 - 0x000007feff601000 	C:\Windows\system32\SHLWAPI.dll
0x000007feff6b0000 - 0x000007feff6de000 	C:\Windows\system32\IMM32.DLL
0x000007fefd9f0000 - 0x000007fefdaf9000 	C:\Windows\system32\MSCTF.dll
0x000000005bf00000 - 0x000000005bfd2000 	C:\Program Files\Java\jdk1.8.0_60\jre\bin\msvcr100.dll
0x0000000070050000 - 0x00000000708d9000 	C:\Program Files\Java\jdk1.8.0_60\jre\bin\server\jvm.dll
0x000007fef3ae0000 - 0x000007fef3ae9000 	C:\Windows\system32\WSOCK32.dll
0x000007fefdce0000 - 0x000007fefdd2d000 	C:\Windows\system32\WS2_32.dll
0x000007feff4a0000 - 0x000007feff4a8000 	C:\Windows\system32\NSI.dll
0x000007fefa060000 - 0x000007fefa09b000 	C:\Windows\system32\WINMM.dll
0x000007fefc3d0000 - 0x000007fefc3dc000 	C:\Windows\system32\VERSION.dll
0x0000000077940000 - 0x0000000077947000 	C:\Windows\system32\PSAPI.DLL
0x000000006a580000 - 0x000000006a58f000 	C:\Program Files\Java\jdk1.8.0_60\jre\bin\verify.dll
0x0000000068210000 - 0x0000000068239000 	C:\Program Files\Java\jdk1.8.0_60\jre\bin\java.dll
0x0000000060400000 - 0x0000000060416000 	C:\Program Files\Java\jdk1.8.0_60\jre\bin\zip.dll
0x000007fefe480000 - 0x000007feff20a000 	C:\Windows\system32\SHELL32.dll
0x000007fefe270000 - 0x000007fefe473000 	C:\Windows\system32\ole32.dll
0x000007fefd500000 - 0x000007fefd50f000 	C:\Windows\system32\profapi.dll

VM Arguments:
jvm_args: -Djava.awt.headless=true -Xmx1024M -Dfile.encoding=windows-1252 -Duser.country=ES -Duser.language=es -Duser.variant 
java_command: com.android.dx.command.Main --dex --num-threads=4 --output C:\Users\Agustin\Desktop\Android\turnos\app\build\intermediates\pre-dexed\debug\internal_impl-23.1.1_d08c6217ea51adffa166429212e48e1da2a3d3db.jar C:\Users\Agustin\Desktop\Android\turnos\app\build\intermediates\exploded-aar\com.android.support\support-v4\23.1.1\jars\libs\internal_impl-23.1.1.jar
java_class_path (initial): C:\Users\Agustin\AppData\Local\Android\sdk\build-tools\23.0.2\lib\dx.jar
Launcher Type: SUN_STANDARD

Environment Variables:
JAVA_HOME=C:\Program Files\Java\jdk1.8.0_92
JRE_HOME=C:\Program Files\Java\jre1.8.0_92
PATH=C:\Program Files\Common Files\Microsoft Shared\Windows Live;C:\Program Files (x86)\Common Files\Microsoft Shared\Windows Live;C:\ProgramData\Oracle\Java\javapath;C:\Windows\system32;C:\Windows;C:\Windows\System32\Wbem;C:\Windows\System32\WindowsPowerShell\v1.0\;C:\Program Files (x86)\Windows Live\Shared;C:\Program Files (x86)\Skype\Phone\;C:\Program Files\Java\jdk1.8.0_60\bin;C:\Program Files\Mercurial; C:\Program Files\Java\jdk1.8.0_60\bin
USERNAME=Agustin
OS=Windows_NT
PROCESSOR_IDENTIFIER=Intel64 Family 6 Model 42 Stepping 7, GenuineIntel



---------------  S Y S T E M  ---------------

OS: Windows 7 , 64 bit Build 7601 (6.1.7601.23418)

CPU:total 4 (2 cores per cpu, 2 threads per core) family 6 model 42 stepping 7, cmov, cx8, fxsr, mmx, sse, sse2, sse3, ssse3, sse4.1, sse4.2, popcnt, avx, clmul, ht, tsc, tscinvbit

Memory: 4k page, physical 4127088k(124420k free), swap 7332036k(5104k free)

vm_info: Java HotSpot(TM) 64-Bit Server VM (25.60-b23) for windows-amd64 JRE (1.8.0_60-b27), built on Aug  4 2015 11:06:27 by "java_re" with MS VC++ 10.0 (VS2010)

time: Thu May 19 14:54:15 2016
elapsed time: 8 seconds (0d 0h 0m 8s)

