#
# There is insufficient memory for the Java Runtime Environment to continue.
# Native memory allocation (malloc) failed to allocate 32744 bytes for ChunkPool::allocate
# Possible reasons:
#   The system is out of physical RAM or swap space
#   In 32 bit mode, the process size limit was hit
# Possible solutions:
#   Reduce memory load on the system
#   Increase physical memory or swap space
#   Check if swap backing store is full
#   Use 64 bit Java on a 64 bit OS
#   Decrease Java heap size (-Xmx/-Xms)
#   Decrease number of Java threads
#   Decrease Java thread stack sizes (-Xss)
#   Set larger code cache with -XX:ReservedCodeCacheSize=
# This output file may be truncated or incomplete.
#
#  Out of Memory Error (allocation.cpp:273), pid=8120, tid=2136
#
# JRE version: Java(TM) SE Runtime Environment (8.0_60-b27) (build 1.8.0_60-b27)
# Java VM: Java HotSpot(TM) 64-Bit Server VM (25.60-b23 mixed mode windows-amd64 compressed oops)
# Failed to write core dump. Minidumps are not enabled by default on client versions of Windows
#

---------------  T H R E A D  ---------------

Current thread (0x0000000054db6000):  JavaThread "C2 CompilerThread0" daemon [_thread_in_native, id=2136, stack(0x0000000056430000,0x0000000056530000)]

Stack: [0x0000000056430000,0x0000000056530000]
[error occurred during error reporting (printing stack bounds), id 0xc0000005]

Native frames: (J=compiled Java code, j=interpreted, Vv=VM code, C=native code)


Current CompileTask:
C2:  16710 1782       4       com.android.dx.cf.code.Merger::mergeType (142 bytes)


---------------  P R O C E S S  ---------------

Java Threads: ( => current thread )
  0x0000000056b56800 JavaThread "pool-1-thread-4" [_thread_blocked, id=3700, stack(0x0000000057400000,0x0000000057500000)]
  0x0000000056abd800 JavaThread "pool-1-thread-3" [_thread_blocked, id=7620, stack(0x0000000056330000,0x0000000056430000)]
  0x0000000056abd000 JavaThread "pool-1-thread-2" [_thread_in_Java, id=11172, stack(0x0000000057240000,0x0000000057340000)]
  0x0000000056ab8000 JavaThread "pool-2-thread-1" [_thread_blocked, id=3036, stack(0x0000000057120000,0x0000000057220000)]
  0x0000000056ab7800 JavaThread "pool-1-thread-1" [_thread_blocked, id=10712, stack(0x0000000056700000,0x0000000056800000)]
  0x0000000056920800 JavaThread "Service Thread" daemon [_thread_blocked, id=4712, stack(0x0000000056dd0000,0x0000000056ed0000)]
  0x0000000054dbb000 JavaThread "C1 CompilerThread2" daemon [_thread_blocked, id=8748, stack(0x0000000056820000,0x0000000056920000)]
  0x0000000054dba000 JavaThread "C2 CompilerThread1" daemon [_thread_in_native, id=5932, stack(0x00000000565e0000,0x00000000566e0000)]
=>0x0000000054db6000 JavaThread "C2 CompilerThread0" daemon [_thread_in_native, id=2136, stack(0x0000000056430000,0x0000000056530000)]
  0x0000000054db1800 JavaThread "Attach Listener" daemon [_thread_blocked, id=7176, stack(0x0000000056210000,0x0000000056310000)]
  0x0000000054db0800 JavaThread "Signal Dispatcher" daemon [_thread_blocked, id=10856, stack(0x0000000056070000,0x0000000056170000)]
  0x0000000054d51000 JavaThread "Finalizer" daemon [_thread_blocked, id=8940, stack(0x0000000055e20000,0x0000000055f20000)]
  0x0000000054d50000 JavaThread "Reference Handler" daemon [_thread_blocked, id=7940, stack(0x0000000055f50000,0x0000000056050000)]
  0x0000000001ebf000 JavaThread "main" [_thread_blocked, id=8308, stack(0x00000000021a0000,0x00000000022a0000)]

Other Threads:
  0x0000000054d4a800 VMThread [stack: 0x0000000055cb0000,0x0000000055db0000] [id=2916]
  0x0000000056995000 WatcherThread [stack: 0x0000000056ef0000,0x0000000056ff0000] [id=9412]

VM state:not at safepoint (normal execution)

VM Mutex/Monitor currently owned by a thread: None

Heap:
 PSYoungGen      total 68096K, used 23833K [0x00000000eab00000, 0x00000000ef000000, 0x0000000100000000)
  eden space 65536K, 32% used [0x00000000eab00000,0x00000000ebfc8fb8,0x00000000eeb00000)
  from space 2560K, 99% used [0x00000000eed80000,0x00000000eeffd498,0x00000000ef000000)
  to   space 2560K, 0% used [0x00000000eeb00000,0x00000000eeb00000,0x00000000eed80000)
 ParOldGen       total 44032K, used 12981K [0x00000000c0000000, 0x00000000c2b00000, 0x00000000eab00000)
  object space 44032K, 29% used [0x00000000c0000000,0x00000000c0cad740,0x00000000c2b00000)
 Metaspace       used 6263K, capacity 7128K, committed 7424K, reserved 1056768K
  class space    used 617K, capacity 656K, committed 768K, reserved 1048576K

Card table byte_map: [0x0000000011930000,0x0000000011b40000] byte_map_base: 0x0000000011330000

Marking Bits: (ParMarkBitMap*) 0x000000007085a5b0
 Begin Bits: [0x00000000121c0000, 0x00000000131c0000)
 End Bits:   [0x00000000131c0000, 0x00000000141c0000)

Polling page: 0x00000000000a0000

CodeCache: size=245760Kb used=7770Kb max_used=7782Kb free=237989Kb
 bounds [0x0000000002570000, 0x0000000002d20000, 0x0000000011570000]
 total_blobs=2008 nmethods=1739 adapters=182
 compilation: enabled

Compilation events (10 events):
Event: 16.659 Thread 0x0000000054dbb000 1778       3       java.lang.String::lastIndexOf (151 bytes)
Event: 16.660 Thread 0x0000000054dbb000 nmethod 1778 0x0000000002ceb290 code [0x0000000002ceb440, 0x0000000002ceb990]
Event: 16.660 Thread 0x0000000054dbb000 1780       3       com.android.dx.cf.direct.StdAttributeFactory::exceptions (105 bytes)
Event: 16.664 Thread 0x0000000054dbb000 nmethod 1780 0x0000000002cf01d0 code [0x0000000002cf04c0, 0x0000000002cf1998]
Event: 16.664 Thread 0x0000000054dbb000 1779       3       com.android.dx.cf.direct.MemberListParser::getCount (17 bytes)
Event: 16.665 Thread 0x0000000054dbb000 nmethod 1779 0x0000000002ceaa50 code [0x0000000002ceabe0, 0x0000000002ceafe8]
Event: 16.696 Thread 0x0000000054dba000 1781       4       java.util.TreeMap::successor (66 bytes)
Event: 16.699 Thread 0x0000000054dba000 nmethod 1781 0x0000000002c9d410 code [0x0000000002c9d540, 0x0000000002c9d5f8]
Event: 16.699 Thread 0x0000000054dba000 1783 %     4       com.android.dx.ssa.SsaConverter::placePhiFunctions @ 131 (394 bytes)
Event: 16.700 Thread 0x0000000054db6000 1782       4       com.android.dx.cf.code.Merger::mergeType (142 bytes)

GC Heap History (8 events):
Event: 2.221 GC heap before
{Heap before GC invocations=1 (full 0):
 PSYoungGen      total 18944K, used 16384K [0x00000000eab00000, 0x00000000ec000000, 0x0000000100000000)
  eden space 16384K, 100% used [0x00000000eab00000,0x00000000ebb00000,0x00000000ebb00000)
  from space 2560K, 0% used [0x00000000ebd80000,0x00000000ebd80000,0x00000000ec000000)
  to   space 2560K, 0% used [0x00000000ebb00000,0x00000000ebb00000,0x00000000ebd80000)
 ParOldGen       total 44032K, used 0K [0x00000000c0000000, 0x00000000c2b00000, 0x00000000eab00000)
  object space 44032K, 0% used [0x00000000c0000000,0x00000000c0000000,0x00000000c2b00000)
 Metaspace       used 5727K, capacity 6704K, committed 6784K, reserved 1056768K
  class space    used 592K, capacity 616K, committed 640K, reserved 1048576K
Event: 2.485 GC heap after
Heap after GC invocations=1 (full 0):
 PSYoungGen      total 18944K, used 2540K [0x00000000eab00000, 0x00000000ed000000, 0x0000000100000000)
  eden space 16384K, 0% used [0x00000000eab00000,0x00000000eab00000,0x00000000ebb00000)
  from space 2560K, 99% used [0x00000000ebb00000,0x00000000ebd7b3c8,0x00000000ebd80000)
  to   space 2560K, 0% used [0x00000000ecd80000,0x00000000ecd80000,0x00000000ed000000)
 ParOldGen       total 44032K, used 1357K [0x00000000c0000000, 0x00000000c2b00000, 0x00000000eab00000)
  object space 44032K, 3% used [0x00000000c0000000,0x00000000c0153400,0x00000000c2b00000)
 Metaspace       used 5727K, capacity 6704K, committed 6784K, reserved 1056768K
  class space    used 592K, capacity 616K, committed 640K, reserved 1048576K
}
Event: 3.157 GC heap before
{Heap before GC invocations=2 (full 0):
 PSYoungGen      total 18944K, used 18924K [0x00000000eab00000, 0x00000000ed000000, 0x0000000100000000)
  eden space 16384K, 100% used [0x00000000eab00000,0x00000000ebb00000,0x00000000ebb00000)
  from space 2560K, 99% used [0x00000000ebb00000,0x00000000ebd7b3c8,0x00000000ebd80000)
  to   space 2560K, 0% used [0x00000000ecd80000,0x00000000ecd80000,0x00000000ed000000)
 ParOldGen       total 44032K, used 1357K [0x00000000c0000000, 0x00000000c2b00000, 0x00000000eab00000)
  object space 44032K, 3% used [0x00000000c0000000,0x00000000c0153400,0x00000000c2b00000)
 Metaspace       used 5914K, capacity 6832K, committed 7040K, reserved 1056768K
  class space    used 593K, capacity 616K, committed 640K, reserved 1048576K
Event: 3.592 GC heap after
Heap after GC invocations=2 (full 0):
 PSYoungGen      total 35328K, used 2544K [0x00000000eab00000, 0x00000000ed000000, 0x0000000100000000)
  eden space 32768K, 0% used [0x00000000eab00000,0x00000000eab00000,0x00000000ecb00000)
  from space 2560K, 99% used [0x00000000ecd80000,0x00000000ecffc038,0x00000000ed000000)
  to   space 2560K, 0% used [0x00000000ecb00000,0x00000000ecb00000,0x00000000ecd80000)
 ParOldGen       total 44032K, used 3557K [0x00000000c0000000, 0x00000000c2b00000, 0x00000000eab00000)
  object space 44032K, 8% used [0x00000000c0000000,0x00000000c03795f0,0x00000000c2b00000)
 Metaspace       used 5914K, capacity 6832K, committed 7040K, reserved 1056768K
  class space    used 593K, capacity 616K, committed 640K, reserved 1048576K
}
Event: 9.720 GC heap before
{Heap before GC invocations=3 (full 0):
 PSYoungGen      total 35328K, used 35312K [0x00000000eab00000, 0x00000000ed000000, 0x0000000100000000)
  eden space 32768K, 100% used [0x00000000eab00000,0x00000000ecb00000,0x00000000ecb00000)
  from space 2560K, 99% used [0x00000000ecd80000,0x00000000ecffc038,0x00000000ed000000)
  to   space 2560K, 0% used [0x00000000ecb00000,0x00000000ecb00000,0x00000000ecd80000)
 ParOldGen       total 44032K, used 3557K [0x00000000c0000000, 0x00000000c2b00000, 0x00000000eab00000)
  object space 44032K, 8% used [0x00000000c0000000,0x00000000c03795f0,0x00000000c2b00000)
 Metaspace       used 6083K, capacity 7024K, committed 7296K, reserved 1056768K
  class space    used 596K, capacity 616K, committed 640K, reserved 1048576K
Event: 9.936 GC heap after
Heap after GC invocations=3 (full 0):
 PSYoungGen      total 35328K, used 2544K [0x00000000eab00000, 0x00000000ef000000, 0x0000000100000000)
  eden space 32768K, 0% used [0x00000000eab00000,0x00000000eab00000,0x00000000ecb00000)
  from space 2560K, 99% used [0x00000000ecb00000,0x00000000ecd7c110,0x00000000ecd80000)
  to   space 2560K, 0% used [0x00000000eed80000,0x00000000eed80000,0x00000000ef000000)
 ParOldGen       total 44032K, used 8216K [0x00000000c0000000, 0x00000000c2b00000, 0x00000000eab00000)
  object space 44032K, 18% used [0x00000000c0000000,0x00000000c0806318,0x00000000c2b00000)
 Metaspace       used 6083K, capacity 7024K, committed 7296K, reserved 1056768K
  class space    used 596K, capacity 616K, committed 640K, reserved 1048576K
}
Event: 12.501 GC heap before
{Heap before GC invocations=4 (full 0):
 PSYoungGen      total 35328K, used 35312K [0x00000000eab00000, 0x00000000ef000000, 0x0000000100000000)
  eden space 32768K, 100% used [0x00000000eab00000,0x00000000ecb00000,0x00000000ecb00000)
  from space 2560K, 99% used [0x00000000ecb00000,0x00000000ecd7c110,0x00000000ecd80000)
  to   space 2560K, 0% used [0x00000000eed80000,0x00000000eed80000,0x00000000ef000000)
 ParOldGen       total 44032K, used 8216K [0x00000000c0000000, 0x00000000c2b00000, 0x00000000eab00000)
  object space 44032K, 18% used [0x00000000c0000000,0x00000000c0806318,0x00000000c2b00000)
 Metaspace       used 6240K, capacity 7064K, committed 7424K, reserved 1056768K
  class space    used 616K, capacity 656K, committed 768K, reserved 1048576K
Event: 13.000 GC heap after
Heap after GC invocations=4 (full 0):
 PSYoungGen      total 68096K, used 2549K [0x00000000eab00000, 0x00000000ef000000, 0x0000000100000000)
  eden space 65536K, 0% used [0x00000000eab00000,0x00000000eab00000,0x00000000eeb00000)
  from space 2560K, 99% used [0x00000000eed80000,0x00000000eeffd498,0x00000000ef000000)
  to   space 2560K, 0% used [0x00000000eeb00000,0x00000000eeb00000,0x00000000eed80000)
 ParOldGen       total 44032K, used 12981K [0x00000000c0000000, 0x00000000c2b00000, 0x00000000eab00000)
  object space 44032K, 29% used [0x00000000c0000000,0x00000000c0cad740,0x00000000c2b00000)
 Metaspace       used 6240K, capacity 7064K, committed 7424K, reserved 1056768K
  class space    used 616K, capacity 656K, committed 768K, reserved 1048576K
}

Deoptimization events (10 events):
Event: 12.453 Thread 0x0000000056abd000 Uncommon trap: reason=bimorphic action=maybe_recompile pc=0x0000000002a068b4 method=com.android.dx.cf.code.BytecodeArray.parseInstruction(ILcom/android/dx/cf/code/BytecodeArray$Visitor;)I @ 2484
Event: 12.472 Thread 0x0000000056abd000 Uncommon trap: reason=bimorphic action=maybe_recompile pc=0x0000000002a07384 method=com.android.dx.cf.code.BytecodeArray.parseInstruction(ILcom/android/dx/cf/code/BytecodeArray$Visitor;)I @ 1357
Event: 12.473 Thread 0x0000000056abd000 Uncommon trap: reason=bimorphic action=maybe_recompile pc=0x0000000002a07384 method=com.android.dx.cf.code.BytecodeArray.parseInstruction(ILcom/android/dx/cf/code/BytecodeArray$Visitor;)I @ 1357
Event: 13.018 Thread 0x0000000056abd000 Uncommon trap: reason=unstable_if action=reinterpret pc=0x0000000002abc5c8 method=java.util.HashMap.resize()[Ljava/util/HashMap$Node; @ 206
Event: 13.542 Thread 0x0000000056abd000 Uncommon trap: reason=class_check action=maybe_recompile pc=0x0000000002910608 method=java.util.HashMap.putVal(ILjava/lang/Object;Ljava/lang/Object;ZZ)Ljava/lang/Object; @ 203
Event: 13.542 Thread 0x0000000056abd000 Uncommon trap: reason=class_check action=maybe_recompile pc=0x0000000002910608 method=java.util.HashMap.putVal(ILjava/lang/Object;Ljava/lang/Object;ZZ)Ljava/lang/Object; @ 203
Event: 14.315 Thread 0x0000000056abd000 Uncommon trap: reason=class_check action=maybe_recompile pc=0x0000000002cbc2b4 method=com.android.dx.cf.code.BytecodeArray.parseInstruction(ILcom/android/dx/cf/code/BytecodeArray$Visitor;)I @ 1258
Event: 14.315 Thread 0x0000000056abd000 Uncommon trap: reason=class_check action=maybe_recompile pc=0x0000000002cbc2b4 method=com.android.dx.cf.code.BytecodeArray.parseInstruction(ILcom/android/dx/cf/code/BytecodeArray$Visitor;)I @ 1258
Event: 14.315 Thread 0x0000000056abd000 Uncommon trap: reason=class_check action=maybe_recompile pc=0x0000000002cbc2b4 method=com.android.dx.cf.code.BytecodeArray.parseInstruction(ILcom/android/dx/cf/code/BytecodeArray$Visitor;)I @ 1258
Event: 14.315 Thread 0x0000000056abd000 Uncommon trap: reason=class_check action=maybe_recompile pc=0x0000000002cbc2b4 method=com.android.dx.cf.code.BytecodeArray.parseInstruction(ILcom/android/dx/cf/code/BytecodeArray$Visitor;)I @ 1258

Internal exceptions (6 events):
Event: 0.069 Thread 0x0000000001ebf000 Exception <a 'java/lang/NoSuchMethodError': Method sun.misc.Unsafe.defineClass(Ljava/lang/String;[BII)Ljava/lang/Class; name or signature does not match> (0x00000000eab0d5f0) thrown at [C:\re\workspace\8-2-build-windows-amd64-cygwin\jdk8u60\4407\hotspot\srègÔ2cË±?
Event: 0.070 Thread 0x0000000001ebf000 Exception <a 'java/lang/NoSuchMethodError': Method sun.misc.Unsafe.prefetchRead(Ljava/lang/Object;J)V name or signature does not match> (0x00000000eab0d8d8) thrown at [C:\re\workspace\8-2-build-windows-amd64-cygwin\jdk8u60\4407\hotspot\src\share\vm\prims\j¬
Event: 6.494 Thread 0x0000000056abd000 Implicit null exception at 0x000000000283f398 to 0x000000000283fec1
Event: 11.332 Thread 0x0000000056b56800 Exception <a 'java/lang/ArrayIndexOutOfBoundsException': 18> (0x00000000ebf41538) thrown at [C:\re\workspace\8-2-build-windows-amd64-cygwin\jdk8u60\4407\hotspot\src\share\vm\interpreter\interpreterRuntime.cpp, line 366]
Event: 11.332 Thread 0x0000000056b56800 Exception <a 'java/lang/ArrayIndexOutOfBoundsException': 145> (0x00000000ebf430b8) thrown at [C:\re\workspace\8-2-build-windows-amd64-cygwin\jdk8u60\4407\hotspot\src\share\vm\interpreter\interpreterRuntime.cpp, line 366]
Event: 11.381 Thread 0x0000000056b56800 Exception <a 'java/lang/ArrayIndexOutOfBoundsException'> (0x00000000ebf443a0) thrown at [C:\re\workspace\8-2-build-windows-amd64-cygwin\jdk8u60\4407\hotspot\src\share\vm\runtime\sharedRuntime.cpp, line 605]

Events (10 events):
Event: 14.315 Thread 0x0000000056abd000 Uncommon trap: trap_request=0xffffffde fr.pc=0x0000000002cbc2b4
Event: 14.315 Thread 0x0000000056abd000 DEOPT PACKING pc=0x0000000002cbc2b4 sp=0x000000005733e840
Event: 14.315 Thread 0x0000000056abd000 DEOPT UNPACKING pc=0x00000000025b582a sp=0x000000005733e818 mode 2
Event: 14.315 Thread 0x0000000056abd000 Uncommon trap: trap_request=0xffffffde fr.pc=0x0000000002cbc2b4
Event: 14.315 Thread 0x0000000056abd000 DEOPT PACKING pc=0x0000000002cbc2b4 sp=0x000000005733e840
Event: 14.315 Thread 0x0000000056abd000 DEOPT UNPACKING pc=0x00000000025b582a sp=0x000000005733e818 mode 2
Event: 14.419 Thread 0x0000000056abd000 DEOPT PACKING pc=0x0000000002bfe243 sp=0x000000005733e810
Event: 14.419 Thread 0x0000000056abd000 DEOPT UNPACKING pc=0x00000000025b787f sp=0x000000005733e568 mode 0
Event: 15.339 Thread 0x0000000056abd000 DEOPT PACKING pc=0x00000000029785ec sp=0x000000005733e910
Event: 15.339 Thread 0x0000000056abd000 DEOPT UNPACKING pc=0x00000000025b787f sp=0x000000005733e690 mode 0


Dynamic libraries:
0x000000013f590000 - 0x000000013f5c7000 	C:\Program Files\Java\jdk1.8.0_60\bin\java.exe
0x0000000077770000 - 0x000000007791a000 	C:\Windows\SYSTEM32\ntdll.dll
0x0000000077650000 - 0x000000007776f000 	C:\Windows\system32\kernel32.dll
0x000007fefd680000 - 0x000007fefd6ea000 	C:\Windows\system32\KERNELBASE.dll
0x000007feff9a0000 - 0x000007feffa7b000 	C:\Windows\system32\ADVAPI32.dll
0x000007fefd950000 - 0x000007fefd9ef000 	C:\Windows\system32\msvcrt.dll
0x000007fefe140000 - 0x000007fefe15f000 	C:\Windows\SYSTEM32\sechost.dll
0x000007feff870000 - 0x000007feff99d000 	C:\Windows\system32\RPCRT4.dll
0x0000000077550000 - 0x000000007764a000 	C:\Windows\system32\USER32.dll
0x000007fefe0d0000 - 0x000007fefe137000 	C:\Windows\system32\GDI32.dll
0x000007fefe260000 - 0x000007fefe26e000 	C:\Windows\system32\LPK.dll
0x000007fefdd30000 - 0x000007fefddfa000 	C:\Windows\system32\USP10.dll
0x000007fefbde0000 - 0x000007fefbfd4000 	C:\Windows\WinSxS\amd64_microsoft.windows.common-controls_6595b64144ccf1df_6.0.7601.18837_none_fa3b1e3d17594757\COMCTL32.dll
0x000007feff590000 - 0x000007feff601000 	C:\Windows\system32\SHLWAPI.dll
0x000007feff6b0000 - 0x000007feff6de000 	C:\Windows\system32\IMM32.DLL
0x000007fefd9f0000 - 0x000007fefdaf9000 	C:\Windows\system32\MSCTF.dll
0x000000005bf00000 - 0x000000005bfd2000 	C:\Program Files\Java\jdk1.8.0_60\jre\bin\msvcr100.dll
0x0000000070050000 - 0x00000000708d9000 	C:\Program Files\Java\jdk1.8.0_60\jre\bin\server\jvm.dll
0x000007fef3ae0000 - 0x000007fef3ae9000 	C:\Windows\system32\WSOCK32.dll
0x000007fefdce0000 - 0x000007fefdd2d000 	C:\Windows\system32\WS2_32.dll
0x000007feff4a0000 - 0x000007feff4a8000 	C:\Windows\system32\NSI.dll
0x000007fefa060000 - 0x000007fefa09b000 	C:\Windows\system32\WINMM.dll
0x000007fefc3d0000 - 0x000007fefc3dc000 	C:\Windows\system32\VERSION.dll
0x0000000077940000 - 0x0000000077947000 	C:\Windows\system32\PSAPI.DLL
0x000000006a580000 - 0x000000006a58f000 	C:\Program Files\Java\jdk1.8.0_60\jre\bin\verify.dll
0x0000000068210000 - 0x0000000068239000 	C:\Program Files\Java\jdk1.8.0_60\jre\bin\java.dll
0x0000000060400000 - 0x0000000060416000 	C:\Program Files\Java\jdk1.8.0_60\jre\bin\zip.dll
0x000007fefe480000 - 0x000007feff20a000 	C:\Windows\system32\SHELL32.dll
0x000007fefe270000 - 0x000007fefe473000 	C:\Windows\system32\ole32.dll
0x000007fefd500000 - 0x000007fefd50f000 	C:\Windows\system32\profapi.dll

VM Arguments:
jvm_args: -Djava.awt.headless=true -Xmx1024M -Dfile.encoding=windows-1252 -Duser.country=ES -Duser.language=es -Duser.variant 
java_command: com.android.dx.command.Main --dex --num-threads=4 --output C:\Users\Agustin\Desktop\Android\turnos\app\build\intermediates\pre-dexed\debug\ksoap2-android-assembly-3.0.0-jar-with-dependencies_60cb51c217684375667a7316750aac4724d64858.jar C:\Users\Agustin\Desktop\Android\turnos\app\libs\ksoap2-android-assembly-3.0.0-jar-with-dependencies.jar
java_class_path (initial): C:\Users\Agustin\AppData\Local\Android\sdk\build-tools\23.0.2\lib\dx.jar
Launcher Type: SUN_STANDARD

Environment Variables:
JAVA_HOME=C:\Program Files\Java\jdk1.8.0_92
JRE_HOME=C:\Program Files\Java\jre1.8.0_92
PATH=C:\Program Files\Common Files\Microsoft Shared\Windows Live;C:\Program Files (x86)\Common Files\Microsoft Shared\Windows Live;C:\ProgramData\Oracle\Java\javapath;C:\Windows\system32;C:\Windows;C:\Windows\System32\Wbem;C:\Windows\System32\WindowsPowerShell\v1.0\;C:\Program Files (x86)\Windows Live\Shared;C:\Program Files (x86)\Skype\Phone\;C:\Program Files\Java\jdk1.8.0_60\bin;C:\Program Files\Mercurial; C:\Program Files\Java\jdk1.8.0_60\bin
USERNAME=Agustin
OS=Windows_NT
PROCESSOR_IDENTIFIER=Intel64 Family 6 Model 42 Stepping 7, GenuineIntel



---------------  S Y S T E M  ---------------

OS: Windows 7 , 64 bit Build 7601 (6.1.7601.23418)

CPU:total 4 (2 cores per cpu, 2 threads per core) family 6 model 42 stepping 7, cmov, cx8, fxsr, mmx, sse, sse2, sse3, ssse3, sse4.1, sse4.2, popcnt, avx, clmul, ht, tsc, tscinvbit

Memory: 4k page, physical 4127088k(38792k free), swap 7332036k(10040k free)

vm_info: Java HotSpot(TM) 64-Bit Server VM (25.60-b23) for windows-amd64 JRE (1.8.0_60-b27), built on Aug  4 2015 11:06:27 by "java_re" with MS VC++ 10.0 (VS2010)

time: Thu May 19 14:57:37 2016
elapsed time: 16 seconds (0d 0h 0m 16s)

