#
# There is insufficient memory for the Java Runtime Environment to continue.
# Native memory allocation (malloc) failed to allocate 32744 bytes for ChunkPool::allocate
# Possible reasons:
#   The system is out of physical RAM or swap space
#   In 32 bit mode, the process size limit was hit
# Possible solutions:
#   Reduce memory load on the system
#   Increase physical memory or swap space
#   Check if swap backing store is full
#   Use 64 bit Java on a 64 bit OS
#   Decrease Java heap size (-Xmx/-Xms)
#   Decrease number of Java threads
#   Decrease Java thread stack sizes (-Xss)
#   Set larger code cache with -XX:ReservedCodeCacheSize=
# This output file may be truncated or incomplete.
#
#  Out of Memory Error (allocation.cpp:273), pid=1432, tid=9948
#
# JRE version: Java(TM) SE Runtime Environment (8.0_60-b27) (build 1.8.0_60-b27)
# Java VM: Java HotSpot(TM) 64-Bit Server VM (25.60-b23 mixed mode windows-amd64 compressed oops)
# Failed to write core dump. Minidumps are not enabled by default on client versions of Windows
#

---------------  T H R E A D  ---------------

Current thread (0x0000000054e90000):  JavaThread "C2 CompilerThread0" daemon [_thread_in_native, id=9948, stack(0x0000000056740000,0x0000000056840000)]

Stack: [0x0000000056740000,0x0000000056840000]
[error occurred during error reporting (printing stack bounds), id 0xc0000005]

Native frames: (J=compiled Java code, j=interpreted, Vv=VM code, C=native code)


Current CompileTask:
C2:  17195 1534       4      
[error occurred during error reporting (printing current compile task), id 0xe0000001]


---------------  P R O C E S S  ---------------

Java Threads: ( => current thread )
  0x0000000056cd3000 JavaThread "pool-1-thread-4" [_thread_blocked, id=8856, stack(0x0000000058060000,0x0000000058160000)]
  0x0000000056cd0800 JavaThread "pool-1-thread-3" [_thread_in_vm, id=7524, stack(0x0000000057e60000,0x0000000057f60000)]
  0x0000000056ccf800 JavaThread "pool-1-thread-2" [_thread_blocked, id=4244, stack(0x0000000057c60000,0x0000000057d60000)]
  0x0000000056ccf000 JavaThread "pool-2-thread-1" [_thread_blocked, id=7408, stack(0x0000000056e40000,0x0000000056f40000)]
  0x0000000056cce000 JavaThread "pool-1-thread-1" [_thread_blocked, id=7224, stack(0x00000000579d0000,0x0000000057ad0000)]
  0x0000000054e97000 JavaThread "Service Thread" daemon [_thread_blocked, id=1940, stack(0x0000000056f50000,0x0000000057050000)]
  0x0000000054e95000 JavaThread "C1 CompilerThread2" daemon [_thread_blocked, id=11096, stack(0x00000000568c0000,0x00000000569c0000)]
  0x0000000054e94000 JavaThread "C2 CompilerThread1" daemon [_thread_blocked, id=2540, stack(0x0000000056490000,0x0000000056590000)]
=>0x0000000054e90000 JavaThread "C2 CompilerThread0" daemon [_thread_in_native, id=9948, stack(0x0000000056740000,0x0000000056840000)]
  0x0000000054e9e000 JavaThread "Attach Listener" daemon [_thread_blocked, id=10896, stack(0x0000000056590000,0x0000000056690000)]
  0x0000000054e9c800 JavaThread "Signal Dispatcher" daemon [_thread_blocked, id=3464, stack(0x0000000056310000,0x0000000056410000)]
  0x0000000054e31000 JavaThread "Finalizer" daemon [_thread_blocked, id=3344, stack(0x00000000561d0000,0x00000000562d0000)]
  0x0000000054e30000 JavaThread "Reference Handler" daemon [_thread_blocked, id=3648, stack(0x0000000056020000,0x0000000056120000)]
  0x0000000001f8f000 JavaThread "main" [_thread_in_native, id=9400, stack(0x00000000020c0000,0x00000000021c0000)]

Other Threads:
  0x0000000054e2a800 VMThread [stack: 0x0000000055df0000,0x0000000055ef0000] [id=9488]
  0x0000000056a60000 WatcherThread [stack: 0x0000000057080000,0x0000000057180000] [id=4308]

VM state:not at safepoint (normal execution)

VM Mutex/Monitor currently owned by a thread: None

Heap:
 PSYoungGen      total 35328K, used 24674K [0x00000000eab00000, 0x00000000ed000000, 0x0000000100000000)
  eden space 32768K, 67% used [0x00000000eab00000,0x00000000ec0a0a98,0x00000000ecb00000)
  from space 2560K, 98% used [0x00000000ecd80000,0x00000000ecff8048,0x00000000ed000000)
  to   space 2560K, 0% used [0x00000000ecb00000,0x00000000ecb00000,0x00000000ecd80000)
 ParOldGen       total 44032K, used 2441K [0x00000000c0000000, 0x00000000c2b00000, 0x00000000eab00000)
  object space 44032K, 5% used [0x00000000c0000000,0x00000000c0262710,0x00000000c2b00000)
 Metaspace       used 6148K, capacity 7088K, committed 7296K, reserved 1056768K
  class space    used 600K, capacity 616K, committed 640K, reserved 1048576K

Card table byte_map: [0x0000000011850000,0x0000000011a60000] byte_map_base: 0x0000000011250000

Marking Bits: (ParMarkBitMap*) 0x000000007085a5b0
 Begin Bits: [0x00000000122a0000, 0x00000000132a0000)
 End Bits:   [0x00000000132a0000, 0x00000000142a0000)

Polling page: 0x0000000000110000

CodeCache: size=245760Kb used=6387Kb max_used=6387Kb free=239372Kb
 bounds [0x0000000002490000, 0x0000000002ae0000, 0x0000000011490000]
 total_blobs=1789 nmethods=1520 adapters=182
 compilation: enabled

Compilation events (10 events):
Event: 14.753 Thread 0x0000000054e94000 nmethod 1528 0x0000000002ac16d0 code [0x0000000002ac1820, 0x0000000002ac1ad8]
Event: 14.753 Thread 0x0000000054e94000 1529       4       com.android.dx.rop.type.Type::isIntlike (56 bytes)
Event: 14.754 Thread 0x0000000054e94000 nmethod 1529 0x000000000296c110 code [0x000000000296c240, 0x000000000296c2b8]
Event: 15.775 Thread 0x0000000054e95000 1531       3       java.util.concurrent.locks.AbstractQueuedSynchronizer::isOnSyncQueue (33 bytes)
Event: 15.775 Thread 0x0000000054e95000 nmethod 1531 0x0000000002ac6090 code [0x0000000002ac6200, 0x0000000002ac6590]
Event: 15.811 Thread 0x0000000054e95000 1532   !   3       com.android.dx.cf.cst.ConstantPoolParser::determineOffsets (285 bytes)
Event: 15.813 Thread 0x0000000054e95000 nmethod 1532 0x0000000002ad2290 code [0x0000000002ad2620, 0x0000000002ad4098]
Event: 15.824 Thread 0x0000000054e95000 1533  s    3       com.android.dx.dex.file.StringIdsSection::intern (53 bytes)
Event: 15.825 Thread 0x0000000054e95000 nmethod 1533 0x0000000002abad10 code [0x0000000002abaee0, 0x0000000002abb838]
Event: 17.166 Thread 0x0000000054e90000 1534       4       com.android.dx.rop.code.LocalVariableExtractor::processBlock (327 bytes)

GC Heap History (4 events):
Event: 3.469 GC heap before
{Heap before GC invocations=1 (full 0):
 PSYoungGen      total 18944K, used 16384K [0x00000000eab00000, 0x00000000ec000000, 0x0000000100000000)
  eden space 16384K, 100% used [0x00000000eab00000,0x00000000ebb00000,0x00000000ebb00000)
  from space 2560K, 0% used [0x00000000ebd80000,0x00000000ebd80000,0x00000000ec000000)
  to   space 2560K, 0% used [0x00000000ebb00000,0x00000000ebb00000,0x00000000ebd80000)
 ParOldGen       total 44032K, used 0K [0x00000000c0000000, 0x00000000c2b00000, 0x00000000eab00000)
  object space 44032K, 0% used [0x00000000c0000000,0x00000000c0000000,0x00000000c2b00000)
 Metaspace       used 5420K, capacity 6448K, committed 6528K, reserved 1056768K
  class space    used 592K, capacity 616K, committed 640K, reserved 1048576K
Event: 3.640 GC heap after
Heap after GC invocations=1 (full 0):
 PSYoungGen      total 18944K, used 2533K [0x00000000eab00000, 0x00000000ed000000, 0x0000000100000000)
  eden space 16384K, 0% used [0x00000000eab00000,0x00000000eab00000,0x00000000ebb00000)
  from space 2560K, 98% used [0x00000000ebb00000,0x00000000ebd79628,0x00000000ebd80000)
  to   space 2560K, 0% used [0x00000000ecd80000,0x00000000ecd80000,0x00000000ed000000)
 ParOldGen       total 44032K, used 751K [0x00000000c0000000, 0x00000000c2b00000, 0x00000000eab00000)
  object space 44032K, 1% used [0x00000000c0000000,0x00000000c00bbeb0,0x00000000c2b00000)
 Metaspace       used 5420K, capacity 6448K, committed 6528K, reserved 1056768K
  class space    used 592K, capacity 616K, committed 640K, reserved 1048576K
}
Event: 7.384 GC heap before
{Heap before GC invocations=2 (full 0):
 PSYoungGen      total 18944K, used 18917K [0x00000000eab00000, 0x00000000ed000000, 0x0000000100000000)
  eden space 16384K, 100% used [0x00000000eab00000,0x00000000ebb00000,0x00000000ebb00000)
  from space 2560K, 98% used [0x00000000ebb00000,0x00000000ebd79628,0x00000000ebd80000)
  to   space 2560K, 0% used [0x00000000ecd80000,0x00000000ecd80000,0x00000000ed000000)
 ParOldGen       total 44032K, used 751K [0x00000000c0000000, 0x00000000c2b00000, 0x00000000eab00000)
  object space 44032K, 1% used [0x00000000c0000000,0x00000000c00bbeb0,0x00000000c2b00000)
 Metaspace       used 5964K, capacity 6896K, committed 7040K, reserved 1056768K
  class space    used 595K, capacity 616K, committed 640K, reserved 1048576K
Event: 7.846 GC heap after
Heap after GC invocations=2 (full 0):
 PSYoungGen      total 35328K, used 2528K [0x00000000eab00000, 0x00000000ed000000, 0x0000000100000000)
  eden space 32768K, 0% used [0x00000000eab00000,0x00000000eab00000,0x00000000ecb00000)
  from space 2560K, 98% used [0x00000000ecd80000,0x00000000ecff8048,0x00000000ed000000)
  to   space 2560K, 0% used [0x00000000ecb00000,0x00000000ecb00000,0x00000000ecd80000)
 ParOldGen       total 44032K, used 2441K [0x00000000c0000000, 0x00000000c2b00000, 0x00000000eab00000)
  object space 44032K, 5% used [0x00000000c0000000,0x00000000c0262710,0x00000000c2b00000)
 Metaspace       used 5964K, capacity 6896K, committed 7040K, reserved 1056768K
  class space    used 595K, capacity 616K, committed 640K, reserved 1048576K
}

Deoptimization events (9 events):
Event: 3.466 Thread 0x0000000001f8f000 Uncommon trap: reason=unstable_if action=reinterpret pc=0x000000000267d30c method=java.util.HashMap.getNode(ILjava/lang/Object;)Ljava/util/HashMap$Node; @ 129
Event: 4.435 Thread 0x0000000001f8f000 Uncommon trap: reason=class_check action=maybe_recompile pc=0x00000000026daa40 method=com.android.dx.ssa.NormalSsaInsn.accept(Lcom/android/dx/ssa/SsaInsn$Visitor;)V @ 9
Event: 4.545 Thread 0x0000000001f8f000 Uncommon trap: reason=class_check action=maybe_recompile pc=0x00000000026daa40 method=com.android.dx.ssa.NormalSsaInsn.accept(Lcom/android/dx/ssa/SsaInsn$Visitor;)V @ 9
Event: 5.043 Thread 0x0000000056cd3000 Uncommon trap: reason=class_check action=maybe_recompile pc=0x00000000026daa40 method=com.android.dx.ssa.NormalSsaInsn.accept(Lcom/android/dx/ssa/SsaInsn$Visitor;)V @ 9
Event: 5.043 Thread 0x0000000056cd3000 Uncommon trap: reason=class_check action=maybe_recompile pc=0x00000000026daa40 method=com.android.dx.ssa.NormalSsaInsn.accept(Lcom/android/dx/ssa/SsaInsn$Visitor;)V @ 9
Event: 5.044 Thread 0x0000000056cd3000 Uncommon trap: reason=class_check action=maybe_recompile pc=0x000000000267dd60 method=com.android.dx.ssa.NormalSsaInsn.accept(Lcom/android/dx/ssa/SsaInsn$Visitor;)V @ 9
Event: 5.617 Thread 0x0000000056cd3000 Uncommon trap: reason=unstable_if action=reinterpret pc=0x000000000281c784 method=com.android.dx.rop.cst.Constant.compareTo(Lcom/android/dx/rop/cst/Constant;)I @ 12
Event: 8.949 Thread 0x0000000056cd0800 Uncommon trap: reason=null_check action=make_not_entrant pc=0x00000000027bc238 method=com.android.dx.ssa.SsaRenamer.getLocalForNewReg(I)Lcom/android/dx/rop/code/LocalItem; @ 19
Event: 14.231 Thread 0x0000000056cd0800 Uncommon trap: reason=unstable_if action=reinterpret pc=0x00000000029722e8 method=com.android.dx.ssa.SCCP.simulateStmt(Lcom/android/dx/ssa/SsaInsn;)V @ 53

Internal exceptions (3 events):
Event: 0.868 Thread 0x0000000001f8f000 Exception <a 'java/lang/NoSuchMethodError': Method sun.misc.Unsafe.defineClass(Ljava/lang/String;[BII)Ljava/lang/Class; name or signature does not match> (0x00000000eab0d490) thrown at [C:\re\workspace\8-2-build-windows-amd64-cygwin\jdk8u60\4407\hotspot\sr¸ãy;Êë?
Event: 0.868 Thread 0x0000000001f8f000 Exception <a 'java/lang/NoSuchMethodError': Method sun.misc.Unsafe.prefetchRead(Ljava/lang/Object;J)V name or signature does not match> (0x00000000eab0d778) thrown at [C:\re\workspace\8-2-build-windows-amd64-cygwin\jdk8u60\4407\hotspot\src\share\vm\prims\jÎÚã¢å!@
Event: 8.949 Thread 0x0000000056cd0800 Implicit null exception at 0x00000000027ba99e to 0x00000000027bc1f1

Events (10 events):
Event: 12.215 loading class com/android/dx/dex/file/ParameterAnnotationStruct done
Event: 12.216 loading class com/android/dx/dex/file/UniformListItem
Event: 12.216 loading class com/android/dx/dex/file/UniformListItem done
Event: 12.216 loading class com/android/dx/dex/file/AnnotationSetRefItem
Event: 12.216 loading class com/android/dx/dex/file/AnnotationSetRefItem done
Event: 12.241 loading class com/android/dx/cf/attrib/AttExceptions
Event: 12.241 loading class com/android/dx/cf/attrib/AttExceptions done
Event: 14.231 Thread 0x0000000056cd0800 Uncommon trap: trap_request=0xffffff65 fr.pc=0x00000000029722e8
Event: 14.231 Thread 0x0000000056cd0800 DEOPT PACKING pc=0x00000000029722e8 sp=0x0000000057f5ea50
Event: 14.231 Thread 0x0000000056cd0800 DEOPT UNPACKING pc=0x00000000024d582a sp=0x0000000057f5ea48 mode 2


Dynamic libraries:
0x000000013f590000 - 0x000000013f5c7000 	C:\Program Files\Java\jdk1.8.0_60\bin\java.exe
0x0000000077770000 - 0x000000007791a000 	C:\Windows\SYSTEM32\ntdll.dll
0x0000000077650000 - 0x000000007776f000 	C:\Windows\system32\kernel32.dll
0x000007fefd680000 - 0x000007fefd6ea000 	C:\Windows\system32\KERNELBASE.dll
0x000007feff9a0000 - 0x000007feffa7b000 	C:\Windows\system32\ADVAPI32.dll
0x000007fefd950000 - 0x000007fefd9ef000 	C:\Windows\system32\msvcrt.dll
0x000007fefe140000 - 0x000007fefe15f000 	C:\Windows\SYSTEM32\sechost.dll
0x000007feff870000 - 0x000007feff99d000 	C:\Windows\system32\RPCRT4.dll
0x0000000077550000 - 0x000000007764a000 	C:\Windows\system32\USER32.dll
0x000007fefe0d0000 - 0x000007fefe137000 	C:\Windows\system32\GDI32.dll
0x000007fefe260000 - 0x000007fefe26e000 	C:\Windows\system32\LPK.dll
0x000007fefdd30000 - 0x000007fefddfa000 	C:\Windows\system32\USP10.dll
0x000007fefbde0000 - 0x000007fefbfd4000 	C:\Windows\WinSxS\amd64_microsoft.windows.common-controls_6595b64144ccf1df_6.0.7601.18837_none_fa3b1e3d17594757\COMCTL32.dll
0x000007feff590000 - 0x000007feff601000 	C:\Windows\system32\SHLWAPI.dll
0x000007feff6b0000 - 0x000007feff6de000 	C:\Windows\system32\IMM32.DLL
0x000007fefd9f0000 - 0x000007fefdaf9000 	C:\Windows\system32\MSCTF.dll
0x000000005bf00000 - 0x000000005bfd2000 	C:\Program Files\Java\jdk1.8.0_60\jre\bin\msvcr100.dll
0x0000000070050000 - 0x00000000708d9000 	C:\Program Files\Java\jdk1.8.0_60\jre\bin\server\jvm.dll
0x000007fef3ae0000 - 0x000007fef3ae9000 	C:\Windows\system32\WSOCK32.dll
0x000007fefdce0000 - 0x000007fefdd2d000 	C:\Windows\system32\WS2_32.dll
0x000007feff4a0000 - 0x000007feff4a8000 	C:\Windows\system32\NSI.dll
0x000007fefa060000 - 0x000007fefa09b000 	C:\Windows\system32\WINMM.dll
0x000007fefc3d0000 - 0x000007fefc3dc000 	C:\Windows\system32\VERSION.dll
0x0000000077940000 - 0x0000000077947000 	C:\Windows\system32\PSAPI.DLL
0x000000006a580000 - 0x000000006a58f000 	C:\Program Files\Java\jdk1.8.0_60\jre\bin\verify.dll
0x0000000068210000 - 0x0000000068239000 	C:\Program Files\Java\jdk1.8.0_60\jre\bin\java.dll
0x0000000060400000 - 0x0000000060416000 	C:\Program Files\Java\jdk1.8.0_60\jre\bin\zip.dll
0x000007fefe480000 - 0x000007feff20a000 	C:\Windows\system32\SHELL32.dll
0x000007fefe270000 - 0x000007fefe473000 	C:\Windows\system32\ole32.dll
0x000007fefd500000 - 0x000007fefd50f000 	C:\Windows\system32\profapi.dll

VM Arguments:
jvm_args: -Djava.awt.headless=true -Xmx1024M -Dfile.encoding=windows-1252 -Duser.country=ES -Duser.language=es -Duser.variant 
java_command: com.android.dx.command.Main --dex --num-threads=4 --output C:\Users\Agustin\Desktop\Android\turnos\app\build\intermediates\pre-dexed\debug\internal_impl-23.1.1_d08c6217ea51adffa166429212e48e1da2a3d3db.jar C:\Users\Agustin\Desktop\Android\turnos\app\build\intermediates\exploded-aar\com.android.support\support-v4\23.1.1\jars\libs\internal_impl-23.1.1.jar
java_class_path (initial): C:\Users\Agustin\AppData\Local\Android\sdk\build-tools\23.0.2\lib\dx.jar
Launcher Type: SUN_STANDARD

Environment Variables:
JAVA_HOME=C:\Program Files\Java\jdk1.8.0_92
JRE_HOME=C:\Program Files\Java\jre1.8.0_92
PATH=C:\Program Files\Common Files\Microsoft Shared\Windows Live;C:\Program Files (x86)\Common Files\Microsoft Shared\Windows Live;C:\ProgramData\Oracle\Java\javapath;C:\Windows\system32;C:\Windows;C:\Windows\System32\Wbem;C:\Windows\System32\WindowsPowerShell\v1.0\;C:\Program Files (x86)\Windows Live\Shared;C:\Program Files (x86)\Skype\Phone\;C:\Program Files\Java\jdk1.8.0_60\bin;C:\Program Files\Mercurial; C:\Program Files\Java\jdk1.8.0_60\bin
USERNAME=Agustin
OS=Windows_NT
PROCESSOR_IDENTIFIER=Intel64 Family 6 Model 42 Stepping 7, GenuineIntel



---------------  S Y S T E M  ---------------

OS: Windows 7 , 64 bit Build 7601 (6.1.7601.23418)

CPU:total 4 (2 cores per cpu, 2 threads per core) family 6 model 42 stepping 7, cmov, cx8, fxsr, mmx, sse, sse2, sse3, ssse3, sse4.1, sse4.2, popcnt, avx, clmul, ht, tsc, tscinvbit

Memory: 4k page, physical 4127088k(35160k free), swap 7332036k(5120k free)

vm_info: Java HotSpot(TM) 64-Bit Server VM (25.60-b23) for windows-amd64 JRE (1.8.0_60-b27), built on Aug  4 2015 11:06:27 by "java_re" with MS VC++ 10.0 (VS2010)

time: Thu May 19 14:57:37 2016
elapsed time: 17 seconds (0d 0h 0m 17s)

