#
# There is insufficient memory for the Java Runtime Environment to continue.
# Native memory allocation (malloc) failed to allocate 2035216 bytes for Chunk::new
# Possible reasons:
#   The system is out of physical RAM or swap space
#   In 32 bit mode, the process size limit was hit
# Possible solutions:
#   Reduce memory load on the system
#   Increase physical memory or swap space
#   Check if swap backing store is full
#   Use 64 bit Java on a 64 bit OS
#   Decrease Java heap size (-Xmx/-Xms)
#   Decrease number of Java threads
#   Decrease Java thread stack sizes (-Xss)
#   Set larger code cache with -XX:ReservedCodeCacheSize=
# This output file may be truncated or incomplete.
#
#  Out of Memory Error (allocation.cpp:390), pid=6056, tid=5088
#
# JRE version: Java(TM) SE Runtime Environment (8.0_60-b27) (build 1.8.0_60-b27)
# Java VM: Java HotSpot(TM) 64-Bit Server VM (25.60-b23 mixed mode windows-amd64 compressed oops)
# Failed to write core dump. Minidumps are not enabled by default on client versions of Windows
#

---------------  T H R E A D  ---------------

Current thread (0x0000000054dd7800):  JavaThread "C2 CompilerThread1" daemon [_thread_in_native, id=5088, stack(0x00000000567e0000,0x00000000568e0000)]

Stack: [0x00000000567e0000,0x00000000568e0000]
[error occurred during error reporting (printing stack bounds), id 0xc0000005]

Native frames: (J=compiled Java code, j=interpreted, Vv=VM code, C=native code)


Current CompileTask:
C2:   7494 1417   !   4       com.android.dx.cf.code.BytecodeArray::parseInstruction (2764 bytes)


---------------  P R O C E S S  ---------------

Java Threads: ( => current thread )
  0x0000000056be9800 JavaThread "pool-1-thread-4" [_thread_blocked, id=7072, stack(0x0000000057800000,0x0000000057900000)]
  0x0000000056be6000 JavaThread "pool-1-thread-3" [_thread_blocked, id=6728, stack(0x0000000056310000,0x0000000056410000)]
  0x0000000056be5000 JavaThread "pool-1-thread-2" [_thread_blocked, id=5464, stack(0x00000000576a0000,0x00000000577a0000)]
  0x0000000056b6f800 JavaThread "pool-2-thread-1" [_thread_blocked, id=484, stack(0x00000000574a0000,0x00000000575a0000)]
  0x0000000056b6c800 JavaThread "pool-1-thread-1" [_thread_in_vm, id=6076, stack(0x00000000572f0000,0x00000000573f0000)]
  0x0000000056941000 JavaThread "Service Thread" daemon [_thread_blocked, id=7584, stack(0x0000000056fb0000,0x00000000570b0000)]
  0x000000005693f000 JavaThread "C1 CompilerThread2" daemon [_thread_blocked, id=8692, stack(0x0000000056da0000,0x0000000056ea0000)]
=>0x0000000054dd7800 JavaThread "C2 CompilerThread1" daemon [_thread_in_native, id=5088, stack(0x00000000567e0000,0x00000000568e0000)]
  0x0000000054dd0000 JavaThread "C2 CompilerThread0" daemon [_thread_in_native, id=9008, stack(0x0000000056600000,0x0000000056700000)]
  0x0000000054dde000 JavaThread "Attach Listener" daemon [_thread_blocked, id=6748, stack(0x0000000056480000,0x0000000056580000)]
  0x0000000054ddc800 JavaThread "Signal Dispatcher" daemon [_thread_blocked, id=1796, stack(0x00000000561c0000,0x00000000562c0000)]
  0x0000000054d77000 JavaThread "Finalizer" daemon [_thread_blocked, id=8724, stack(0x0000000055e10000,0x0000000055f10000)]
  0x0000000054d70000 JavaThread "Reference Handler" daemon [_thread_blocked, id=3264, stack(0x0000000055f60000,0x0000000056060000)]
  0x0000000001edf000 JavaThread "main" [_thread_blocked, id=7872, stack(0x0000000002130000,0x0000000002230000)]

Other Threads:
  0x0000000054d6a800 VMThread [stack: 0x0000000055cf0000,0x0000000055df0000] [id=1364]
  0x0000000056948800 WatcherThread [stack: 0x0000000057190000,0x0000000057290000] [id=8380]

VM state:not at safepoint (normal execution)

VM Mutex/Monitor currently owned by a thread: None

Heap:
 PSYoungGen      total 35328K, used 32010K [0x00000000eab00000, 0x00000000ef000000, 0x0000000100000000)
  eden space 32768K, 89% used [0x00000000eab00000,0x00000000ec7ca450,0x00000000ecb00000)
  from space 2560K, 98% used [0x00000000ecb00000,0x00000000ecd786e0,0x00000000ecd80000)
  to   space 2560K, 0% used [0x00000000eed80000,0x00000000eed80000,0x00000000ef000000)
 ParOldGen       total 44032K, used 9079K [0x00000000c0000000, 0x00000000c2b00000, 0x00000000eab00000)
  object space 44032K, 20% used [0x00000000c0000000,0x00000000c08dddc0,0x00000000c2b00000)
 Metaspace       used 6070K, capacity 7024K, committed 7296K, reserved 1056768K
  class space    used 596K, capacity 616K, committed 640K, reserved 1048576K

Card table byte_map: [0x00000000118c0000,0x0000000011ad0000] byte_map_base: 0x00000000112c0000

Marking Bits: (ParMarkBitMap*) 0x0000000066d3a5b0
 Begin Bits: [0x00000000121e0000, 0x00000000131e0000)
 End Bits:   [0x00000000131e0000, 0x00000000141e0000)

Polling page: 0x0000000000110000

CodeCache: size=245760Kb used=5709Kb max_used=5723Kb free=240050Kb
 bounds [0x0000000002500000, 0x0000000002aa0000, 0x0000000011500000]
 total_blobs=1699 nmethods=1430 adapters=182
 compilation: enabled

Compilation events (10 events):
Event: 7.232 Thread 0x000000005693f000 1453       2       com.android.dx.cf.code.BaseMachine::<init> (46 bytes)
Event: 7.236 Thread 0x000000005693f000 nmethod 1453 0x0000000002a93090 code [0x0000000002a93200, 0x0000000002a93558]
Event: 7.236 Thread 0x000000005693f000 1474       3       com.android.dx.util.IntList::binarysearch (124 bytes)
Event: 7.237 Thread 0x000000005693f000 nmethod 1474 0x0000000002a93690 code [0x0000000002a93820, 0x0000000002a93cd0]
Event: 7.237 Thread 0x000000005693f000 1475       2       java.util.HashMap::getNode (148 bytes)
Event: 7.241 Thread 0x000000005693f000 nmethod 1475 0x0000000002a93f90 code [0x0000000002a94120, 0x0000000002a944e8]
Event: 7.242 Thread 0x000000005693f000 1430  s    2       com.android.dx.dex.file.FieldIdsSection::intern (55 bytes)
Event: 7.247 Thread 0x000000005693f000 nmethod 1430 0x0000000002a94750 code [0x0000000002a94920, 0x0000000002a94f68]
Event: 7.294 Thread 0x0000000054dd7800 nmethod 1220 0x0000000002a98c10 code [0x0000000002a98de0, 0x0000000002a999b8]
Event: 7.294 Thread 0x0000000054dd7800 1417   !   4       com.android.dx.cf.code.BytecodeArray::parseInstruction (2764 bytes)

GC Heap History (6 events):
Event: 2.234 GC heap before
{Heap before GC invocations=1 (full 0):
 PSYoungGen      total 18944K, used 16384K [0x00000000eab00000, 0x00000000ec000000, 0x0000000100000000)
  eden space 16384K, 100% used [0x00000000eab00000,0x00000000ebb00000,0x00000000ebb00000)
  from space 2560K, 0% used [0x00000000ebd80000,0x00000000ebd80000,0x00000000ec000000)
  to   space 2560K, 0% used [0x00000000ebb00000,0x00000000ebb00000,0x00000000ebd80000)
 ParOldGen       total 44032K, used 0K [0x00000000c0000000, 0x00000000c2b00000, 0x00000000eab00000)
  object space 44032K, 0% used [0x00000000c0000000,0x00000000c0000000,0x00000000c2b00000)
 Metaspace       used 5718K, capacity 6704K, committed 6784K, reserved 1056768K
  class space    used 593K, capacity 616K, committed 640K, reserved 1048576K
Event: 2.390 GC heap after
Heap after GC invocations=1 (full 0):
 PSYoungGen      total 18944K, used 2537K [0x00000000eab00000, 0x00000000ed000000, 0x0000000100000000)
  eden space 16384K, 0% used [0x00000000eab00000,0x00000000eab00000,0x00000000ebb00000)
  from space 2560K, 99% used [0x00000000ebb00000,0x00000000ebd7a588,0x00000000ebd80000)
  to   space 2560K, 0% used [0x00000000ecd80000,0x00000000ecd80000,0x00000000ed000000)
 ParOldGen       total 44032K, used 1369K [0x00000000c0000000, 0x00000000c2b00000, 0x00000000eab00000)
  object space 44032K, 3% used [0x00000000c0000000,0x00000000c01565e8,0x00000000c2b00000)
 Metaspace       used 5718K, capacity 6704K, committed 6784K, reserved 1056768K
  class space    used 593K, capacity 616K, committed 640K, reserved 1048576K
}
Event: 3.203 GC heap before
{Heap before GC invocations=2 (full 0):
 PSYoungGen      total 18944K, used 18921K [0x00000000eab00000, 0x00000000ed000000, 0x0000000100000000)
  eden space 16384K, 100% used [0x00000000eab00000,0x00000000ebb00000,0x00000000ebb00000)
  from space 2560K, 99% used [0x00000000ebb00000,0x00000000ebd7a588,0x00000000ebd80000)
  to   space 2560K, 0% used [0x00000000ecd80000,0x00000000ecd80000,0x00000000ed000000)
 ParOldGen       total 44032K, used 1369K [0x00000000c0000000, 0x00000000c2b00000, 0x00000000eab00000)
  object space 44032K, 3% used [0x00000000c0000000,0x00000000c01565e8,0x00000000c2b00000)
 Metaspace       used 5907K, capacity 6832K, committed 7040K, reserved 1056768K
  class space    used 593K, capacity 616K, committed 640K, reserved 1048576K
Event: 3.222 GC heap after
Heap after GC invocations=2 (full 0):
 PSYoungGen      total 35328K, used 2555K [0x00000000eab00000, 0x00000000ed000000, 0x0000000100000000)
  eden space 32768K, 0% used [0x00000000eab00000,0x00000000eab00000,0x00000000ecb00000)
  from space 2560K, 99% used [0x00000000ecd80000,0x00000000ecffee48,0x00000000ed000000)
  to   space 2560K, 0% used [0x00000000ecb00000,0x00000000ecb00000,0x00000000ecd80000)
 ParOldGen       total 44032K, used 3587K [0x00000000c0000000, 0x00000000c2b00000, 0x00000000eab00000)
  object space 44032K, 8% used [0x00000000c0000000,0x00000000c0380dc8,0x00000000c2b00000)
 Metaspace       used 5907K, capacity 6832K, committed 7040K, reserved 1056768K
  class space    used 593K, capacity 616K, committed 640K, reserved 1048576K
}
Event: 4.616 GC heap before
{Heap before GC invocations=3 (full 0):
 PSYoungGen      total 35328K, used 35323K [0x00000000eab00000, 0x00000000ed000000, 0x0000000100000000)
  eden space 32768K, 100% used [0x00000000eab00000,0x00000000ecb00000,0x00000000ecb00000)
  from space 2560K, 99% used [0x00000000ecd80000,0x00000000ecffee48,0x00000000ed000000)
  to   space 2560K, 0% used [0x00000000ecb00000,0x00000000ecb00000,0x00000000ecd80000)
 ParOldGen       total 44032K, used 3587K [0x00000000c0000000, 0x00000000c2b00000, 0x00000000eab00000)
  object space 44032K, 8% used [0x00000000c0000000,0x00000000c0380dc8,0x00000000c2b00000)
 Metaspace       used 6011K, capacity 6960K, committed 7040K, reserved 1056768K
  class space    used 595K, capacity 616K, committed 640K, reserved 1048576K
Event: 5.784 GC heap after
Heap after GC invocations=3 (full 0):
 PSYoungGen      total 35328K, used 2529K [0x00000000eab00000, 0x00000000ef000000, 0x0000000100000000)
  eden space 32768K, 0% used [0x00000000eab00000,0x00000000eab00000,0x00000000ecb00000)
  from space 2560K, 98% used [0x00000000ecb00000,0x00000000ecd786e0,0x00000000ecd80000)
  to   space 2560K, 0% used [0x00000000eed80000,0x00000000eed80000,0x00000000ef000000)
 ParOldGen       total 44032K, used 9079K [0x00000000c0000000, 0x00000000c2b00000, 0x00000000eab00000)
  object space 44032K, 20% used [0x00000000c0000000,0x00000000c08dddc0,0x00000000c2b00000)
 Metaspace       used 6011K, capacity 6960K, committed 7040K, reserved 1056768K
  class space    used 595K, capacity 616K, committed 640K, reserved 1048576K
}

Deoptimization events (10 events):
Event: 3.329 Thread 0x0000000056be9800 Uncommon trap: reason=unstable_if action=reinterpret pc=0x00000000027b8378 method=com.android.dx.rop.cst.Constant.compareTo(Lcom/android/dx/rop/cst/Constant;)I @ 12
Event: 3.932 Thread 0x0000000056be5000 Uncommon trap: reason=unstable_if action=reinterpret pc=0x00000000028bd5ac method=com.android.dx.util.IntList.binarysearch(I)I @ 105
Event: 6.382 Thread 0x0000000056be9800 Uncommon trap: reason=bimorphic action=maybe_recompile pc=0x00000000028dfc08 method=com.android.dx.cf.code.BytecodeArray.parseInstruction(ILcom/android/dx/cf/code/BytecodeArray$Visitor;)I @ 2135
Event: 6.406 Thread 0x0000000056be9800 Uncommon trap: reason=bimorphic action=maybe_recompile pc=0x00000000028dfc08 method=com.android.dx.cf.code.BytecodeArray.parseInstruction(ILcom/android/dx/cf/code/BytecodeArray$Visitor;)I @ 2135
Event: 6.419 Thread 0x0000000056b6c800 Uncommon trap: reason=bimorphic action=maybe_recompile pc=0x0000000002895c18 method=java.util.HashMap.getNode(ILjava/lang/Object;)Ljava/util/HashMap$Node; @ 126
Event: 6.438 Thread 0x0000000056b6c800 Uncommon trap: reason=bimorphic action=maybe_recompile pc=0x0000000002895c18 method=java.util.HashMap.getNode(ILjava/lang/Object;)Ljava/util/HashMap$Node; @ 126
Event: 6.624 Thread 0x0000000056be5000 Uncommon trap: reason=unstable_if action=reinterpret pc=0x00000000028d9c8c method=com.android.dx.ssa.SsaMethod.updateOneDefinition(Lcom/android/dx/ssa/SsaInsn;Lcom/android/dx/rop/code/RegisterSpec;)V @ 4
Event: 7.139 Thread 0x0000000056be6000 Uncommon trap: reason=bimorphic action=maybe_recompile pc=0x00000000027973ac method=java.util.HashMap.getNode(ILjava/lang/Object;)Ljava/util/HashMap$Node; @ 126
Event: 7.228 Thread 0x0000000056be5000 Uncommon trap: reason=bimorphic action=maybe_recompile pc=0x00000000027973ac method=java.util.HashMap.getNode(ILjava/lang/Object;)Ljava/util/HashMap$Node; @ 126
Event: 7.241 Thread 0x0000000056b6c800 Uncommon trap: reason=unstable_if action=reinterpret pc=0x00000000027b6b58 method=java.util.HashMap.putVal(ILjava/lang/Object;Ljava/lang/Object;ZZ)Ljava/lang/Object; @ 162

Internal exceptions (5 events):
Event: 0.098 Thread 0x0000000001edf000 Exception <a 'java/lang/NoSuchMethodError': Method sun.misc.Unsafe.defineClass(Ljava/lang/String;[BII)Ljava/lang/Class; name or signature does not match> (0x00000000eab0d268) thrown at [C:\re\workspace\8-2-build-windows-amd64-cygwin\jdk8u60\4407\hotspot\srtO€í¹?
Event: 0.098 Thread 0x0000000001edf000 Exception <a 'java/lang/NoSuchMethodError': Method sun.misc.Unsafe.prefetchRead(Ljava/lang/Object;J)V name or signature does not match> (0x00000000eab0d550) thrown at [C:\re\workspace\8-2-build-windows-amd64-cygwin\jdk8u60\4407\hotspot\src\share\vm\prims\jñ¾UzÐð@
Event: 2.618 Thread 0x0000000056be6000 Implicit null exception at 0x000000000279b912 to 0x000000000279ba11
Event: 2.643 Thread 0x0000000056b6c800 Implicit null exception at 0x000000000279b912 to 0x000000000279ba11
Event: 3.289 Thread 0x0000000056b6c800 Implicit null exception at 0x00000000028103c8 to 0x0000000002810e51

Events (10 events):
Event: 7.139 Thread 0x0000000056be6000 DEOPT UNPACKING pc=0x000000000254582a sp=0x000000005640ebd0 mode 2
Event: 7.191 Thread 0x0000000056be6000 DEOPT PACKING pc=0x00000000029c675a sp=0x000000005640edd0
Event: 7.191 Thread 0x0000000056be6000 DEOPT UNPACKING pc=0x000000000254787f sp=0x000000005640eb98 mode 0
Event: 7.228 Thread 0x0000000056be5000 Uncommon trap: trap_request=0xffffffc6 fr.pc=0x00000000027973ac
Event: 7.228 Thread 0x0000000056be5000 DEOPT PACKING pc=0x00000000027973ac sp=0x000000005779ea30
Event: 7.228 Thread 0x0000000056be5000 DEOPT UNPACKING pc=0x000000000254582a sp=0x000000005779e9b0 mode 2
Event: 7.241 Thread 0x0000000056b6c800 Uncommon trap: trap_request=0xffffff65 fr.pc=0x00000000027b6b58
Event: 7.241 Thread 0x0000000056b6c800 DEOPT PACKING pc=0x00000000027b6b58 sp=0x00000000573ee910
Event: 7.241 Thread 0x0000000056b6c800 DEOPT UNPACKING pc=0x000000000254582a sp=0x00000000573ee7a0 mode 2
Event: 7.248 loading class sun/reflect/generics/scope/ClassScope


Dynamic libraries:
0x000000013f650000 - 0x000000013f687000 	C:\Program Files\Java\jdk1.8.0_60\bin\java.exe
0x0000000076d60000 - 0x0000000076f0a000 	C:\Windows\SYSTEM32\ntdll.dll
0x0000000076c40000 - 0x0000000076d5f000 	C:\Windows\system32\kernel32.dll
0x000007fefcc60000 - 0x000007fefccca000 	C:\Windows\system32\KERNELBASE.dll
0x000007fefe530000 - 0x000007fefe60b000 	C:\Windows\system32\ADVAPI32.dll
0x000007fefed30000 - 0x000007fefedcf000 	C:\Windows\system32\msvcrt.dll
0x000007fefe8b0000 - 0x000007fefe8cf000 	C:\Windows\SYSTEM32\sechost.dll
0x000007fefe300000 - 0x000007fefe42d000 	C:\Windows\system32\RPCRT4.dll
0x0000000076b40000 - 0x0000000076c3a000 	C:\Windows\system32\USER32.dll
0x000007fefe9f0000 - 0x000007fefea57000 	C:\Windows\system32\GDI32.dll
0x000007fefe480000 - 0x000007fefe48e000 	C:\Windows\system32\LPK.dll
0x000007fefe020000 - 0x000007fefe0ea000 	C:\Windows\system32\USP10.dll
0x000007fefb3d0000 - 0x000007fefb5c4000 	C:\Windows\WinSxS\amd64_microsoft.windows.common-controls_6595b64144ccf1df_6.0.7601.18837_none_fa3b1e3d17594757\COMCTL32.dll
0x000007fefe8d0000 - 0x000007fefe941000 	C:\Windows\system32\SHLWAPI.dll
0x000007fefe950000 - 0x000007fefe97e000 	C:\Windows\system32\IMM32.DLL
0x000007fefedd0000 - 0x000007fefeed9000 	C:\Windows\system32\MSCTF.dll
0x0000000067570000 - 0x0000000067642000 	C:\Program Files\Java\jdk1.8.0_60\jre\bin\msvcr100.dll
0x0000000066530000 - 0x0000000066db9000 	C:\Program Files\Java\jdk1.8.0_60\jre\bin\server\jvm.dll
0x000007fef6520000 - 0x000007fef6529000 	C:\Windows\system32\WSOCK32.dll
0x000007fefe430000 - 0x000007fefe47d000 	C:\Windows\system32\WS2_32.dll
0x000007fefe9e0000 - 0x000007fefe9e8000 	C:\Windows\system32\NSI.dll
0x000007fefa040000 - 0x000007fefa07b000 	C:\Windows\system32\WINMM.dll
0x000007fefb9c0000 - 0x000007fefb9cc000 	C:\Windows\system32\VERSION.dll
0x0000000076f20000 - 0x0000000076f27000 	C:\Windows\system32\PSAPI.DLL
0x0000000068bf0000 - 0x0000000068bff000 	C:\Program Files\Java\jdk1.8.0_60\jre\bin\verify.dll
0x0000000068bc0000 - 0x0000000068be9000 	C:\Program Files\Java\jdk1.8.0_60\jre\bin\java.dll
0x0000000067550000 - 0x0000000067566000 	C:\Program Files\Java\jdk1.8.0_60\jre\bin\zip.dll
0x000007fefd210000 - 0x000007fefdf9a000 	C:\Windows\system32\SHELL32.dll
0x000007fefe0f0000 - 0x000007fefe2f3000 	C:\Windows\system32\ole32.dll
0x000007fefcaf0000 - 0x000007fefcaff000 	C:\Windows\system32\profapi.dll

VM Arguments:
jvm_args: -Djava.awt.headless=true -Xmx1024M -Dfile.encoding=windows-1252 -Duser.country=ES -Duser.language=es -Duser.variant 
java_command: com.android.dx.command.Main --dex --num-threads=4 --output C:\Users\Agustin\Desktop\Android\turnos\app\build\intermediates\pre-dexed\debug\ksoap2-android-assembly-3.0.0-jar-with-dependencies_60cb51c217684375667a7316750aac4724d64858.jar C:\Users\Agustin\Desktop\Android\turnos\app\libs\ksoap2-android-assembly-3.0.0-jar-with-dependencies.jar
java_class_path (initial): C:\Users\Agustin\AppData\Local\Android\sdk\build-tools\23.0.2\lib\dx.jar
Launcher Type: SUN_STANDARD

Environment Variables:
JAVA_HOME=C:\Program Files\Java\jdk1.8.0_92
JRE_HOME=C:\Program Files\Java\jre1.8.0_92
PATH=C:\Program Files\Common Files\Microsoft Shared\Windows Live;C:\Program Files (x86)\Common Files\Microsoft Shared\Windows Live;C:\ProgramData\Oracle\Java\javapath;C:\Windows\system32;C:\Windows;C:\Windows\System32\Wbem;C:\Windows\System32\WindowsPowerShell\v1.0\;C:\Program Files (x86)\Windows Live\Shared;C:\Program Files (x86)\Skype\Phone\;C:\Program Files\Java\jdk1.8.0_60\bin;C:\Program Files\Mercurial; C:\Program Files\Java\jdk1.8.0_60\bin
USERNAME=Agustin
OS=Windows_NT
PROCESSOR_IDENTIFIER=Intel64 Family 6 Model 42 Stepping 7, GenuineIntel



---------------  S Y S T E M  ---------------

OS: Windows 7 , 64 bit Build 7601 (6.1.7601.23418)

CPU:total 4 (2 cores per cpu, 2 threads per core) family 6 model 42 stepping 7, cmov, cx8, fxsr, mmx, sse, sse2, sse3, ssse3, sse4.1, sse4.2, popcnt, avx, clmul, ht, tsc, tscinvbit

Memory: 4k page, physical 4127088k(13984k free), swap 7285116k(22436k free)

vm_info: Java HotSpot(TM) 64-Bit Server VM (25.60-b23) for windows-amd64 JRE (1.8.0_60-b27), built on Aug  4 2015 11:06:27 by "java_re" with MS VC++ 10.0 (VS2010)

time: Sun May 15 14:37:44 2016
elapsed time: 7 seconds (0d 0h 0m 7s)

