#
# There is insufficient memory for the Java Runtime Environment to continue.
# Native memory allocation (malloc) failed to allocate 74928 bytes for Chunk::new
# Possible reasons:
#   The system is out of physical RAM or swap space
#   In 32 bit mode, the process size limit was hit
# Possible solutions:
#   Reduce memory load on the system
#   Increase physical memory or swap space
#   Check if swap backing store is full
#   Use 64 bit Java on a 64 bit OS
#   Decrease Java heap size (-Xmx/-Xms)
#   Decrease number of Java threads
#   Decrease Java thread stack sizes (-Xss)
#   Set larger code cache with -XX:ReservedCodeCacheSize=
# This output file may be truncated or incomplete.
#
#  Out of Memory Error (allocation.cpp:390), pid=8400, tid=5924
#
# JRE version: Java(TM) SE Runtime Environment (8.0_60-b27) (build 1.8.0_60-b27)
# Java VM: Java HotSpot(TM) 64-Bit Server VM (25.60-b23 mixed mode windows-amd64 compressed oops)
# Failed to write core dump. Minidumps are not enabled by default on client versions of Windows
#

---------------  T H R E A D  ---------------

Current thread (0x0000000014cbf000):  JavaThread "C2 CompilerThread1" daemon [_thread_in_native, id=5924, stack(0x0000000016720000,0x0000000016820000)]

Stack: [0x0000000016720000,0x0000000016820000]
[error occurred during error reporting (printing stack bounds), id 0xc0000005]

Native frames: (J=compiled Java code, j=interpreted, Vv=VM code, C=native code)


Current CompileTask:
C2:   6556 1242   !   4       com.android.dx.cf.cst.ConstantPoolParser::parse0 (731 bytes)


---------------  P R O C E S S  ---------------

Java Threads: ( => current thread )
  0x0000000016b23800 JavaThread "pool-1-thread-4" [_thread_in_Java, id=1288, stack(0x00000000175b0000,0x00000000176b0000)]
  0x0000000016a87000 JavaThread "pool-1-thread-3" [_thread_blocked, id=7872, stack(0x0000000017410000,0x0000000017510000)]
  0x0000000016a86800 JavaThread "pool-1-thread-2" [_thread_in_Java, id=8728, stack(0x0000000017120000,0x0000000017220000)]
  0x0000000016a84000 JavaThread "pool-2-thread-1" [_thread_blocked, id=5000, stack(0x0000000017260000,0x0000000017360000)]
  0x0000000016a83800 JavaThread "pool-1-thread-1" [_thread_in_Java, id=6072, stack(0x0000000016fe0000,0x00000000170e0000)]
  0x0000000016880000 JavaThread "Service Thread" daemon [_thread_blocked, id=9224, stack(0x0000000015d00000,0x0000000015e00000)]
  0x0000000016820800 JavaThread "C1 CompilerThread2" daemon [_thread_in_native, id=1068, stack(0x0000000016cd0000,0x0000000016dd0000)]
=>0x0000000014cbf000 JavaThread "C2 CompilerThread1" daemon [_thread_in_native, id=5924, stack(0x0000000016720000,0x0000000016820000)]
  0x0000000014cbb000 JavaThread "C2 CompilerThread0" daemon [_thread_in_native, id=1368, stack(0x0000000016500000,0x0000000016600000)]
  0x0000000014ccd800 JavaThread "Attach Listener" daemon [_thread_blocked, id=5140, stack(0x0000000016320000,0x0000000016420000)]
  0x0000000014cca000 JavaThread "Signal Dispatcher" daemon [_thread_blocked, id=6800, stack(0x0000000016180000,0x0000000016280000)]
  0x0000000014c61000 JavaThread "Finalizer" daemon [_thread_blocked, id=2088, stack(0x0000000016020000,0x0000000016120000)]
  0x0000000014c5f800 JavaThread "Reference Handler" daemon [_thread_blocked, id=4104, stack(0x0000000015e70000,0x0000000015f70000)]
  0x0000000001d0f000 JavaThread "main" [_thread_blocked, id=928, stack(0x0000000001f10000,0x0000000002010000)]

Other Threads:
  0x0000000014c5a000 VMThread [stack: 0x0000000015bd0000,0x0000000015cd0000] [id=8496]
  0x00000000168a4000 WatcherThread [stack: 0x0000000016ea0000,0x0000000016fa0000] [id=5612]

VM state:not at safepoint (normal execution)

VM Mutex/Monitor currently owned by a thread: None

Heap:
 PSYoungGen      total 35328K, used 10563K [0x00000000eab00000, 0x00000000ef000000, 0x0000000100000000)
  eden space 32768K, 24% used [0x00000000eab00000,0x00000000eb2d4c00,0x00000000ecb00000)
  from space 2560K, 99% used [0x00000000ecb00000,0x00000000ecd7c020,0x00000000ecd80000)
  to   space 2560K, 0% used [0x00000000eed80000,0x00000000eed80000,0x00000000ef000000)
 ParOldGen       total 44032K, used 7374K [0x00000000c0000000, 0x00000000c2b00000, 0x00000000eab00000)
  object space 44032K, 16% used [0x00000000c0000000,0x00000000c0733968,0x00000000c2b00000)
 Metaspace       used 6029K, capacity 6960K, committed 7040K, reserved 1056768K
  class space    used 601K, capacity 616K, committed 640K, reserved 1048576K

Card table byte_map: [0x00000000116a0000,0x00000000118b0000] byte_map_base: 0x00000000110a0000

Marking Bits: (ParMarkBitMap*) 0x000000005132a5b0
 Begin Bits: [0x00000000120d0000, 0x00000000130d0000)
 End Bits:   [0x00000000130d0000, 0x00000000140d0000)

Polling page: 0x00000000001a0000

CodeCache: size=245760Kb used=5136Kb max_used=5136Kb free=240623Kb
 bounds [0x00000000022e0000, 0x00000000027f0000, 0x00000000112e0000]
 total_blobs=1539 nmethods=1270 adapters=182
 compilation: enabled

Compilation events (10 events):
Event: 6.524 Thread 0x0000000016820800 nmethod 1324 0x00000000027e05d0 code [0x00000000027e0760, 0x00000000027e0a28]
Event: 6.524 Thread 0x0000000016820800 1321       2       com.android.dx.rop.cst.CstString::equals (24 bytes)
Event: 6.525 Thread 0x0000000016820800 nmethod 1321 0x00000000027e0bd0 code [0x00000000027e0d40, 0x00000000027e0f48]
Event: 6.525 Thread 0x0000000016820800 1307       3       com.android.dx.ssa.DeadCodeRemover$NoSideEffectVisitor::visitPhiInsn (22 bytes)
Event: 6.525 Thread 0x0000000016820800 nmethod 1307 0x00000000027e1050 code [0x00000000027e1200, 0x00000000027e1948]
Event: 6.525 Thread 0x0000000016820800 1285       3       com.android.dx.dex.code.RopTranslator$TranslationVisitor::getNextMoveResultPseudo (55 bytes)
Event: 6.526 Thread 0x0000000016820800 nmethod 1285 0x00000000027e1c10 code [0x00000000027e1dc0, 0x00000000027e2678]
Event: 6.526 Thread 0x0000000016820800 1275       3       com.android.dx.ssa.back.FirstFitLocalCombiningAllocator::tryMapReg (41 bytes)
Event: 6.527 Thread 0x0000000016820800 nmethod 1275 0x00000000027e28d0 code [0x00000000027e2b00, 0x00000000027e3888]
Event: 6.527 Thread 0x0000000016820800 1287       3       com.android.dx.dex.code.RopTranslator$TranslationVisitor::visitPlainCstInsn (161 bytes)

GC Heap History (6 events):
Event: 2.207 GC heap before
{Heap before GC invocations=1 (full 0):
 PSYoungGen      total 18944K, used 16384K [0x00000000eab00000, 0x00000000ec000000, 0x0000000100000000)
  eden space 16384K, 100% used [0x00000000eab00000,0x00000000ebb00000,0x00000000ebb00000)
  from space 2560K, 0% used [0x00000000ebd80000,0x00000000ebd80000,0x00000000ec000000)
  to   space 2560K, 0% used [0x00000000ebb00000,0x00000000ebb00000,0x00000000ebd80000)
 ParOldGen       total 44032K, used 0K [0x00000000c0000000, 0x00000000c2b00000, 0x00000000eab00000)
  object space 44032K, 0% used [0x00000000c0000000,0x00000000c0000000,0x00000000c2b00000)
 Metaspace       used 5211K, capacity 6256K, committed 6528K, reserved 1056768K
  class space    used 581K, capacity 616K, committed 640K, reserved 1048576K
Event: 2.602 GC heap after
Heap after GC invocations=1 (full 0):
 PSYoungGen      total 18944K, used 2552K [0x00000000eab00000, 0x00000000ed000000, 0x0000000100000000)
  eden space 16384K, 0% used [0x00000000eab00000,0x00000000eab00000,0x00000000ebb00000)
  from space 2560K, 99% used [0x00000000ebb00000,0x00000000ebd7e1f8,0x00000000ebd80000)
  to   space 2560K, 0% used [0x00000000ecd80000,0x00000000ecd80000,0x00000000ed000000)
 ParOldGen       total 44032K, used 237K [0x00000000c0000000, 0x00000000c2b00000, 0x00000000eab00000)
  object space 44032K, 0% used [0x00000000c0000000,0x00000000c003b4c0,0x00000000c2b00000)
 Metaspace       used 5211K, capacity 6256K, committed 6528K, reserved 1056768K
  class space    used 581K, capacity 616K, committed 640K, reserved 1048576K
}
Event: 4.174 GC heap before
{Heap before GC invocations=2 (full 0):
 PSYoungGen      total 18944K, used 18936K [0x00000000eab00000, 0x00000000ed000000, 0x0000000100000000)
  eden space 16384K, 100% used [0x00000000eab00000,0x00000000ebb00000,0x00000000ebb00000)
  from space 2560K, 99% used [0x00000000ebb00000,0x00000000ebd7e1f8,0x00000000ebd80000)
  to   space 2560K, 0% used [0x00000000ecd80000,0x00000000ecd80000,0x00000000ed000000)
 ParOldGen       total 44032K, used 237K [0x00000000c0000000, 0x00000000c2b00000, 0x00000000eab00000)
  object space 44032K, 0% used [0x00000000c0000000,0x00000000c003b4c0,0x00000000c2b00000)
 Metaspace       used 5833K, capacity 6768K, committed 7040K, reserved 1056768K
  class space    used 600K, capacity 616K, committed 640K, reserved 1048576K
Event: 4.575 GC heap after
Heap after GC invocations=2 (full 0):
 PSYoungGen      total 35328K, used 2535K [0x00000000eab00000, 0x00000000ed000000, 0x0000000100000000)
  eden space 32768K, 0% used [0x00000000eab00000,0x00000000eab00000,0x00000000ecb00000)
  from space 2560K, 99% used [0x00000000ecd80000,0x00000000ecff9c70,0x00000000ed000000)
  to   space 2560K, 0% used [0x00000000ecb00000,0x00000000ecb00000,0x00000000ecd80000)
 ParOldGen       total 44032K, used 1818K [0x00000000c0000000, 0x00000000c2b00000, 0x00000000eab00000)
  object space 44032K, 4% used [0x00000000c0000000,0x00000000c01c6aa0,0x00000000c2b00000)
 Metaspace       used 5833K, capacity 6768K, committed 7040K, reserved 1056768K
  class space    used 600K, capacity 616K, committed 640K, reserved 1048576K
}
Event: 5.847 GC heap before
{Heap before GC invocations=3 (full 0):
 PSYoungGen      total 35328K, used 35303K [0x00000000eab00000, 0x00000000ed000000, 0x0000000100000000)
  eden space 32768K, 100% used [0x00000000eab00000,0x00000000ecb00000,0x00000000ecb00000)
  from space 2560K, 99% used [0x00000000ecd80000,0x00000000ecff9c70,0x00000000ed000000)
  to   space 2560K, 0% used [0x00000000ecb00000,0x00000000ecb00000,0x00000000ecd80000)
 ParOldGen       total 44032K, used 1818K [0x00000000c0000000, 0x00000000c2b00000, 0x00000000eab00000)
  object space 44032K, 4% used [0x00000000c0000000,0x00000000c01c6aa0,0x00000000c2b00000)
 Metaspace       used 5968K, capacity 6896K, committed 7040K, reserved 1056768K
  class space    used 601K, capacity 616K, committed 640K, reserved 1048576K
Event: 6.164 GC heap after
Heap after GC invocations=3 (full 0):
 PSYoungGen      total 35328K, used 2544K [0x00000000eab00000, 0x00000000ef000000, 0x0000000100000000)
  eden space 32768K, 0% used [0x00000000eab00000,0x00000000eab00000,0x00000000ecb00000)
  from space 2560K, 99% used [0x00000000ecb00000,0x00000000ecd7c020,0x00000000ecd80000)
  to   space 2560K, 0% used [0x00000000eed80000,0x00000000eed80000,0x00000000ef000000)
 ParOldGen       total 44032K, used 7374K [0x00000000c0000000, 0x00000000c2b00000, 0x00000000eab00000)
  object space 44032K, 16% used [0x00000000c0000000,0x00000000c0733968,0x00000000c2b00000)
 Metaspace       used 5968K, capacity 6896K, committed 7040K, reserved 1056768K
  class space    used 601K, capacity 616K, committed 640K, reserved 1048576K
}

Deoptimization events (10 events):
Event: 4.030 Thread 0x0000000016a86800 Uncommon trap: reason=class_check action=maybe_recompile pc=0x00000000025b28e0 method=com.android.dx.ssa.NormalSsaInsn.accept(Lcom/android/dx/ssa/SsaInsn$Visitor;)V @ 9
Event: 4.030 Thread 0x0000000016a86800 Uncommon trap: reason=class_check action=maybe_recompile pc=0x00000000025b28e0 method=com.android.dx.ssa.NormalSsaInsn.accept(Lcom/android/dx/ssa/SsaInsn$Visitor;)V @ 9
Event: 4.030 Thread 0x0000000016a86800 Uncommon trap: reason=class_check action=maybe_recompile pc=0x00000000025b28e0 method=com.android.dx.ssa.NormalSsaInsn.accept(Lcom/android/dx/ssa/SsaInsn$Visitor;)V @ 9
Event: 4.031 Thread 0x0000000016a86800 Uncommon trap: reason=class_check action=maybe_recompile pc=0x00000000025dfbbc method=com.android.dx.ssa.NormalSsaInsn.accept(Lcom/android/dx/ssa/SsaInsn$Visitor;)V @ 9
Event: 4.114 Thread 0x0000000001d0f000 Uncommon trap: reason=unstable_if action=reinterpret pc=0x000000000266fe8c method=java.lang.String.<init>([CII)V @ 18
Event: 5.216 Thread 0x0000000001d0f000 Uncommon trap: reason=bimorphic action=maybe_recompile pc=0x00000000026ef6dc method=com.android.dx.cf.code.BytecodeArray.parseInstruction(ILcom/android/dx/cf/code/BytecodeArray$Visitor;)I @ 2484
Event: 5.216 Thread 0x0000000001d0f000 Uncommon trap: reason=bimorphic action=maybe_recompile pc=0x00000000026ef6dc method=com.android.dx.cf.code.BytecodeArray.parseInstruction(ILcom/android/dx/cf/code/BytecodeArray$Visitor;)I @ 2484
Event: 5.313 Thread 0x0000000001d0f000 Uncommon trap: reason=unstable_if action=reinterpret pc=0x00000000026f0628 method=com.android.dx.cf.code.BytecodeArray.parseInstruction(ILcom/android/dx/cf/code/BytecodeArray$Visitor;)I @ 1198
Event: 5.353 Thread 0x0000000001d0f000 Uncommon trap: reason=unstable_if action=reinterpret pc=0x00000000026e68cc method=com.android.dx.ssa.SsaMethod.updateOneDefinition(Lcom/android/dx/ssa/SsaInsn;Lcom/android/dx/rop/code/RegisterSpec;)V @ 4
Event: 5.436 Thread 0x0000000001d0f000 Uncommon trap: reason=null_check action=make_not_entrant pc=0x000000000270c290 method=com.android.dx.rop.type.Type.equals(Ljava/lang/Object;)Z @ 8

Internal exceptions (3 events):
Event: 0.231 Thread 0x0000000001d0f000 Exception <a 'java/lang/NoSuchMethodError': Method sun.misc.Unsafe.defineClass(Ljava/lang/String;[BII)Ljava/lang/Class; name or signature does not match> (0x00000000eab0d648) thrown at [C:\re\workspace\8-2-build-windows-amd64-cygwin\jdk8u60\4407\hotspot\srÞvúè•Í?
Event: 0.231 Thread 0x0000000001d0f000 Exception <a 'java/lang/NoSuchMethodError': Method sun.misc.Unsafe.prefetchRead(Ljava/lang/Object;J)V name or signature does not match> (0x00000000eab0d930) thrown at [C:\re\workspace\8-2-build-windows-amd64-cygwin\jdk8u60\4407\hotspot\src\share\vm\prims\j¾òçÄ¾@
Event: 5.436 Thread 0x0000000001d0f000 Implicit null exception at 0x000000000270c192 to 0x000000000270c282

Events (10 events):
Event: 5.353 Thread 0x0000000001d0f000 Uncommon trap: trap_request=0xffffff65 fr.pc=0x00000000026e68cc
Event: 5.353 Thread 0x0000000001d0f000 DEOPT PACKING pc=0x00000000026e68cc sp=0x000000000200e0a0
Event: 5.353 Thread 0x0000000001d0f000 DEOPT UNPACKING pc=0x000000000232582a sp=0x000000000200e048 mode 2
Event: 5.391 Thread 0x0000000016b23800 DEOPT PACKING pc=0x00000000025e9fb4 sp=0x00000000176aea70
Event: 5.391 Thread 0x0000000016b23800 DEOPT UNPACKING pc=0x000000000232787f sp=0x00000000176ae840 mode 0
Event: 5.436 Thread 0x0000000001d0f000 Uncommon trap: trap_request=0xfffffff4 fr.pc=0x000000000270c290
Event: 5.436 Thread 0x0000000001d0f000 DEOPT PACKING pc=0x000000000270c290 sp=0x000000000200dff0
Event: 5.436 Thread 0x0000000001d0f000 DEOPT UNPACKING pc=0x000000000232582a sp=0x000000000200df78 mode 2
Event: 5.516 Executing VM operation: ParallelGCFailedAllocation
Event: 6.164 Executing VM operation: ParallelGCFailedAllocation done


Dynamic libraries:
0x000000013f6d0000 - 0x000000013f707000 	C:\Program Files\Java\jdk1.8.0_60\bin\java.exe
0x00000000771f0000 - 0x000000007739a000 	C:\Windows\SYSTEM32\ntdll.dll
0x0000000076fd0000 - 0x00000000770ef000 	C:\Windows\system32\kernel32.dll
0x000007fefd1a0000 - 0x000007fefd20a000 	C:\Windows\system32\KERNELBASE.dll
0x000007feff1d0000 - 0x000007feff2ab000 	C:\Windows\system32\ADVAPI32.dll
0x000007fefeea0000 - 0x000007fefef3f000 	C:\Windows\system32\msvcrt.dll
0x000007fefd590000 - 0x000007fefd5af000 	C:\Windows\SYSTEM32\sechost.dll
0x000007fefd720000 - 0x000007fefd84d000 	C:\Windows\system32\RPCRT4.dll
0x00000000770f0000 - 0x00000000771ea000 	C:\Windows\system32\USER32.dll
0x000007fefd330000 - 0x000007fefd397000 	C:\Windows\system32\GDI32.dll
0x000007fefd630000 - 0x000007fefd63e000 	C:\Windows\system32\LPK.dll
0x000007fefdb60000 - 0x000007fefdc2a000 	C:\Windows\system32\USP10.dll
0x000007fefb860000 - 0x000007fefba54000 	C:\Windows\WinSxS\amd64_microsoft.windows.common-controls_6595b64144ccf1df_6.0.7601.18837_none_fa3b1e3d17594757\COMCTL32.dll
0x000007fefda80000 - 0x000007fefdaf1000 	C:\Windows\system32\SHLWAPI.dll
0x000007fefe9c0000 - 0x000007fefe9ee000 	C:\Windows\system32\IMM32.DLL
0x000007feff2b0000 - 0x000007feff3b9000 	C:\Windows\system32\MSCTF.dll
0x0000000065d90000 - 0x0000000065e62000 	C:\Program Files\Java\jdk1.8.0_60\jre\bin\msvcr100.dll
0x0000000050b20000 - 0x00000000513a9000 	C:\Program Files\Java\jdk1.8.0_60\jre\bin\server\jvm.dll
0x000007fef32e0000 - 0x000007fef32e9000 	C:\Windows\system32\WSOCK32.dll
0x000007fefd3a0000 - 0x000007fefd3ed000 	C:\Windows\system32\WS2_32.dll
0x000007fefd580000 - 0x000007fefd588000 	C:\Windows\system32\NSI.dll
0x000007fef99c0000 - 0x000007fef99fb000 	C:\Windows\system32\WINMM.dll
0x000007fefbe50000 - 0x000007fefbe5c000 	C:\Windows\system32\VERSION.dll
0x00000000773c0000 - 0x00000000773c7000 	C:\Windows\system32\PSAPI.DLL
0x0000000065f40000 - 0x0000000065f4f000 	C:\Program Files\Java\jdk1.8.0_60\jre\bin\verify.dll
0x0000000065f10000 - 0x0000000065f39000 	C:\Program Files\Java\jdk1.8.0_60\jre\bin\java.dll
0x0000000065ef0000 - 0x0000000065f06000 	C:\Program Files\Java\jdk1.8.0_60\jre\bin\zip.dll
0x000007fefdc30000 - 0x000007fefe9ba000 	C:\Windows\system32\SHELL32.dll
0x000007fefd850000 - 0x000007fefda53000 	C:\Windows\system32\ole32.dll
0x000007fefcf70000 - 0x000007fefcf7f000 	C:\Windows\system32\profapi.dll

VM Arguments:
jvm_args: -Djava.awt.headless=true -Xmx1024M -Dfile.encoding=windows-1252 -Duser.country=ES -Duser.language=es -Duser.variant 
java_command: com.android.dx.command.Main --dex --num-threads=4 --output C:\Users\Agustin\Desktop\Android\turnos\app\build\intermediates\pre-dexed\debug\com.google.android.gms-play-services-basement-8.4.0_ae1ce310f9e32348de86eeb85ad9ce62b5ba762f.jar C:\Users\Agustin\Desktop\Android\turnos\app\build\intermediates\exploded-aar\com.google.android.gms\play-services-basement\8.4.0\jars\classes.jar
java_class_path (initial): C:\Users\Agustin\AppData\Local\Android\sdk\build-tools\23.0.2\lib\dx.jar
Launcher Type: SUN_STANDARD

Environment Variables:
JAVA_HOME=C:\Program Files\Java\jdk1.8.0_92
JRE_HOME=C:\Program Files\Java\jre1.8.0_92
PATH=C:\Program Files\Common Files\Microsoft Shared\Windows Live;C:\Program Files (x86)\Common Files\Microsoft Shared\Windows Live;C:\ProgramData\Oracle\Java\javapath;C:\Windows\system32;C:\Windows;C:\Windows\System32\Wbem;C:\Windows\System32\WindowsPowerShell\v1.0\;C:\Program Files (x86)\Windows Live\Shared;C:\Program Files (x86)\Skype\Phone\;C:\Program Files\Java\jdk1.8.0_60\bin;C:\Program Files\Mercurial; C:\Program Files\Java\jdk1.8.0_60\bin
USERNAME=Agustin
OS=Windows_NT
PROCESSOR_IDENTIFIER=Intel64 Family 6 Model 42 Stepping 7, GenuineIntel



---------------  S Y S T E M  ---------------

OS: Windows 7 , 64 bit Build 7601 (6.1.7601.23418)

CPU:total 4 (2 cores per cpu, 2 threads per core) family 6 model 42 stepping 7, cmov, cx8, fxsr, mmx, sse, sse2, sse3, ssse3, sse4.1, sse4.2, popcnt, avx, clmul, ht, tsc, tscinvbit

Memory: 4k page, physical 4127088k(81588k free), swap 8099780k(5140k free)

vm_info: Java HotSpot(TM) 64-Bit Server VM (25.60-b23) for windows-amd64 JRE (1.8.0_60-b27), built on Aug  4 2015 11:06:27 by "java_re" with MS VC++ 10.0 (VS2010)

time: Fri Jun 03 10:15:52 2016
elapsed time: 6 seconds (0d 0h 0m 6s)

