#
# There is insufficient memory for the Java Runtime Environment to continue.
# Native memory allocation (malloc) failed to allocate 854656 bytes for Chunk::new
# Possible reasons:
#   The system is out of physical RAM or swap space
#   In 32 bit mode, the process size limit was hit
# Possible solutions:
#   Reduce memory load on the system
#   Increase physical memory or swap space
#   Check if swap backing store is full
#   Use 64 bit Java on a 64 bit OS
#   Decrease Java heap size (-Xmx/-Xms)
#   Decrease number of Java threads
#   Decrease Java thread stack sizes (-Xss)
#   Set larger code cache with -XX:ReservedCodeCacheSize=
# This output file may be truncated or incomplete.
#
#  Out of Memory Error (allocation.cpp:390), pid=8548, tid=1348
#
# JRE version: Java(TM) SE Runtime Environment (8.0_60-b27) (build 1.8.0_60-b27)
# Java VM: Java HotSpot(TM) 64-Bit Server VM (25.60-b23 mixed mode windows-amd64 compressed oops)
# Failed to write core dump. Minidumps are not enabled by default on client versions of Windows
#

---------------  T H R E A D  ---------------

Current thread (0x0000000054d0d800):  JavaThread "C2 CompilerThread1" daemon [_thread_in_native, id=1348, stack(0x0000000011ac0000,0x0000000011bc0000)]

Stack: [0x0000000011ac0000,0x0000000011bc0000]
[error occurred during error reporting (printing stack bounds), id 0xc0000005]

Native frames: (J=compiled Java code, j=interpreted, Vv=VM code, C=native code)


Current CompileTask:
C2:  19369 1762       4       com.android.dx.ssa.SCCP::simulatePhi (169 bytes)


---------------  P R O C E S S  ---------------

Java Threads: ( => current thread )
  0x0000000056b8a000 JavaThread "pool-1-thread-4" [_thread_blocked, id=7304, stack(0x0000000057650000,0x0000000057750000)]
  0x0000000056c68800 JavaThread "pool-1-thread-3" [_thread_blocked, id=6952, stack(0x0000000057460000,0x0000000057560000)]
  0x0000000056c49000 JavaThread "pool-1-thread-2" [_thread_blocked, id=7172, stack(0x00000000572e0000,0x00000000573e0000)]
  0x0000000056bf6800 JavaThread "pool-2-thread-1" [_thread_blocked, id=7376, stack(0x0000000057180000,0x0000000057280000)]
  0x0000000056b63000 JavaThread "pool-1-thread-1" [_thread_in_Java, id=3216, stack(0x0000000056f60000,0x0000000057060000)]
  0x00000000568f3800 JavaThread "Service Thread" daemon [_thread_blocked, id=2176, stack(0x00000000562e0000,0x00000000563e0000)]
  0x0000000054d0e800 JavaThread "C1 CompilerThread2" daemon [_thread_blocked, id=3548, stack(0x00000000567f0000,0x00000000568f0000)]
=>0x0000000054d0d800 JavaThread "C2 CompilerThread1" daemon [_thread_in_native, id=1348, stack(0x0000000011ac0000,0x0000000011bc0000)]
  0x0000000054d06000 JavaThread "C2 CompilerThread0" daemon [_thread_in_native, id=7884, stack(0x0000000056640000,0x0000000056740000)]
  0x0000000054d01800 JavaThread "Attach Listener" daemon [_thread_blocked, id=4324, stack(0x0000000056520000,0x0000000056620000)]
  0x0000000054d00000 JavaThread "Signal Dispatcher" daemon [_thread_blocked, id=8528, stack(0x0000000056400000,0x0000000056500000)]
  0x0000000054ca7000 JavaThread "Finalizer" daemon [_thread_blocked, id=8008, stack(0x0000000056190000,0x0000000056290000)]
  0x0000000054ca0000 JavaThread "Reference Handler" daemon [_thread_blocked, id=11888, stack(0x0000000056020000,0x0000000056120000)]
  0x00000000000ff000 JavaThread "main" [_thread_blocked, id=6648, stack(0x0000000001fc0000,0x00000000020c0000)]

Other Threads:
  0x0000000054c9a800 VMThread [stack: 0x0000000055de0000,0x0000000055ee0000] [id=8028]
  0x000000005698c800 WatcherThread [stack: 0x0000000056d90000,0x0000000056e90000] [id=8124]

VM state:not at safepoint (normal execution)

VM Mutex/Monitor currently owned by a thread: None

Heap:
 PSYoungGen      total 35328K, used 14149K [0x00000000eab00000, 0x00000000ef000000, 0x0000000100000000)
  eden space 32768K, 35% used [0x00000000eab00000,0x00000000eb6514a0,0x00000000ecb00000)
  from space 2560K, 100% used [0x00000000ecb00000,0x00000000ecd80000,0x00000000ecd80000)
  to   space 2560K, 0% used [0x00000000eed80000,0x00000000eed80000,0x00000000ef000000)
 ParOldGen       total 44032K, used 7373K [0x00000000c0000000, 0x00000000c2b00000, 0x00000000eab00000)
  object space 44032K, 16% used [0x00000000c0000000,0x00000000c0733550,0x00000000c2b00000)
 Metaspace       used 6259K, capacity 7088K, committed 7296K, reserved 1056768K
  class space    used 602K, capacity 616K, committed 640K, reserved 1048576K

Card table byte_map: [0x0000000011750000,0x0000000011960000] byte_map_base: 0x0000000011150000

Marking Bits: (ParMarkBitMap*) 0x000000005894a5b0
 Begin Bits: [0x0000000012110000, 0x0000000013110000)
 End Bits:   [0x0000000013110000, 0x0000000014110000)

Polling page: 0x0000000000130000

CodeCache: size=245760Kb used=7460Kb max_used=7470Kb free=238299Kb
 bounds [0x0000000002390000, 0x0000000002af0000, 0x0000000011390000]
 total_blobs=2026 nmethods=1756 adapters=182
 compilation: enabled

Compilation events (10 events):
Event: 19.281 Thread 0x0000000054d0e800 nmethod 1757 0x0000000002add610 code [0x0000000002add7a0, 0x0000000002addac8]
Event: 19.283 Thread 0x0000000054d0e800 1758       1       com.android.dx.rop.cst.CstType::getType (4 bytes)
Event: 19.283 Thread 0x0000000054d0e800 nmethod 1758 0x0000000002add350 code [0x0000000002add4a0, 0x0000000002add5b0]
Event: 19.283 Thread 0x0000000054d0d800 1759       4       com.android.dx.cf.code.Merger::mergeType (142 bytes)
Event: 19.290 Thread 0x0000000054d0d800 nmethod 1759 0x0000000002ad7010 code [0x0000000002ad71c0, 0x0000000002ad7600]
Event: 19.290 Thread 0x0000000054d0e800 1760       3       com.android.dx.rop.code.BasicBlockList$RegCountVisitor::visitThrowingInsn (6 bytes)
Event: 19.291 Thread 0x0000000054d0e800 nmethod 1760 0x0000000002ad6c90 code [0x0000000002ad6e00, 0x0000000002ad6f88]
Event: 19.291 Thread 0x0000000054d0e800 1761       3       java.util.Arrays::copyOf (19 bytes)
Event: 19.291 Thread 0x0000000054d0e800 nmethod 1761 0x0000000002ad66d0 code [0x0000000002ad6840, 0x0000000002ad6b68]
Event: 19.292 Thread 0x0000000054d0d800 1762       4       com.android.dx.ssa.SCCP::simulatePhi (169 bytes)

GC Heap History (6 events):
Event: 1.859 GC heap before
{Heap before GC invocations=1 (full 0):
 PSYoungGen      total 18944K, used 16384K [0x00000000eab00000, 0x00000000ec000000, 0x0000000100000000)
  eden space 16384K, 100% used [0x00000000eab00000,0x00000000ebb00000,0x00000000ebb00000)
  from space 2560K, 0% used [0x00000000ebd80000,0x00000000ebd80000,0x00000000ec000000)
  to   space 2560K, 0% used [0x00000000ebb00000,0x00000000ebb00000,0x00000000ebd80000)
 ParOldGen       total 44032K, used 0K [0x00000000c0000000, 0x00000000c2b00000, 0x00000000eab00000)
  object space 44032K, 0% used [0x00000000c0000000,0x00000000c0000000,0x00000000c2b00000)
 Metaspace       used 5395K, capacity 6384K, committed 6528K, reserved 1056768K
  class space    used 590K, capacity 616K, committed 640K, reserved 1048576K
Event: 2.018 GC heap after
Heap after GC invocations=1 (full 0):
 PSYoungGen      total 18944K, used 2549K [0x00000000eab00000, 0x00000000ed000000, 0x0000000100000000)
  eden space 16384K, 0% used [0x00000000eab00000,0x00000000eab00000,0x00000000ebb00000)
  from space 2560K, 99% used [0x00000000ebb00000,0x00000000ebd7d5a8,0x00000000ebd80000)
  to   space 2560K, 0% used [0x00000000ecd80000,0x00000000ecd80000,0x00000000ed000000)
 ParOldGen       total 44032K, used 630K [0x00000000c0000000, 0x00000000c2b00000, 0x00000000eab00000)
  object space 44032K, 1% used [0x00000000c0000000,0x00000000c009d8a0,0x00000000c2b00000)
 Metaspace       used 5395K, capacity 6384K, committed 6528K, reserved 1056768K
  class space    used 590K, capacity 616K, committed 640K, reserved 1048576K
}
Event: 5.455 GC heap before
{Heap before GC invocations=2 (full 0):
 PSYoungGen      total 18944K, used 18933K [0x00000000eab00000, 0x00000000ed000000, 0x0000000100000000)
  eden space 16384K, 100% used [0x00000000eab00000,0x00000000ebb00000,0x00000000ebb00000)
  from space 2560K, 99% used [0x00000000ebb00000,0x00000000ebd7d5a8,0x00000000ebd80000)
  to   space 2560K, 0% used [0x00000000ecd80000,0x00000000ecd80000,0x00000000ed000000)
 ParOldGen       total 44032K, used 630K [0x00000000c0000000, 0x00000000c2b00000, 0x00000000eab00000)
  object space 44032K, 1% used [0x00000000c0000000,0x00000000c009d8a0,0x00000000c2b00000)
 Metaspace       used 5939K, capacity 6896K, committed 7040K, reserved 1056768K
  class space    used 596K, capacity 616K, committed 640K, reserved 1048576K
Event: 5.975 GC heap after
Heap after GC invocations=2 (full 0):
 PSYoungGen      total 35328K, used 2528K [0x00000000eab00000, 0x00000000ed000000, 0x0000000100000000)
  eden space 32768K, 0% used [0x00000000eab00000,0x00000000eab00000,0x00000000ecb00000)
  from space 2560K, 98% used [0x00000000ecd80000,0x00000000ecff8028,0x00000000ed000000)
  to   space 2560K, 0% used [0x00000000ecb00000,0x00000000ecb00000,0x00000000ecd80000)
 ParOldGen       total 44032K, used 2268K [0x00000000c0000000, 0x00000000c2b00000, 0x00000000eab00000)
  object space 44032K, 5% used [0x00000000c0000000,0x00000000c0237258,0x00000000c2b00000)
 Metaspace       used 5939K, capacity 6896K, committed 7040K, reserved 1056768K
  class space    used 596K, capacity 616K, committed 640K, reserved 1048576K
}
Event: 17.572 GC heap before
{Heap before GC invocations=3 (full 0):
 PSYoungGen      total 35328K, used 35296K [0x00000000eab00000, 0x00000000ed000000, 0x0000000100000000)
  eden space 32768K, 100% used [0x00000000eab00000,0x00000000ecb00000,0x00000000ecb00000)
  from space 2560K, 98% used [0x00000000ecd80000,0x00000000ecff8028,0x00000000ed000000)
  to   space 2560K, 0% used [0x00000000ecb00000,0x00000000ecb00000,0x00000000ecd80000)
 ParOldGen       total 44032K, used 2268K [0x00000000c0000000, 0x00000000c2b00000, 0x00000000eab00000)
  object space 44032K, 5% used [0x00000000c0000000,0x00000000c0237258,0x00000000c2b00000)
 Metaspace       used 6239K, capacity 7088K, committed 7296K, reserved 1056768K
  class space    used 601K, capacity 616K, committed 640K, reserved 1048576K
Event: 17.645 GC heap after
Heap after GC invocations=3 (full 0):
 PSYoungGen      total 35328K, used 2560K [0x00000000eab00000, 0x00000000ef000000, 0x0000000100000000)
  eden space 32768K, 0% used [0x00000000eab00000,0x00000000eab00000,0x00000000ecb00000)
  from space 2560K, 100% used [0x00000000ecb00000,0x00000000ecd80000,0x00000000ecd80000)
  to   space 2560K, 0% used [0x00000000eed80000,0x00000000eed80000,0x00000000ef000000)
 ParOldGen       total 44032K, used 7373K [0x00000000c0000000, 0x00000000c2b00000, 0x00000000eab00000)
  object space 44032K, 16% used [0x00000000c0000000,0x00000000c0733550,0x00000000c2b00000)
 Metaspace       used 6239K, capacity 7088K, committed 7296K, reserved 1056768K
  class space    used 601K, capacity 616K, committed 640K, reserved 1048576K
}

Deoptimization events (10 events):
Event: 18.672 Thread 0x0000000056b63000 Uncommon trap: reason=unstable_if action=reinterpret pc=0x0000000002a8a450 method=java.util.ArrayList.<init>(I)V @ 5
Event: 18.672 Thread 0x0000000056b63000 Uncommon trap: reason=unstable_if action=reinterpret pc=0x00000000029e48cc method=com.android.dx.rop.code.RegisterSpecSet.<init>(I)V @ 2
Event: 18.673 Thread 0x0000000056b63000 Uncommon trap: reason=unstable_if action=reinterpret pc=0x000000000274c124 method=com.android.dx.rop.code.RegisterSpecSet.<init>(I)V @ 2
Event: 19.064 Thread 0x0000000056b63000 Uncommon trap: reason=bimorphic action=maybe_recompile pc=0x0000000002a9fa74 method=com.android.dx.cf.code.RopperMachine.run(Lcom/android/dx/cf/code/Frame;II)V @ 988
Event: 19.065 Thread 0x0000000056b63000 Uncommon trap: reason=unstable_if action=reinterpret pc=0x00000000028968ec method=com.android.dx.ssa.SCCP.simulateBranch(Lcom/android/dx/ssa/SsaInsn;)V @ 64
Event: 19.071 Thread 0x0000000056b63000 Uncommon trap: reason=unloaded action=reinterpret pc=0x00000000028c062c method=com.android.dx.ssa.LiteralOpUpgrader$1.visitNonMoveInsn(Lcom/android/dx/ssa/NormalSsaInsn;)V @ 72
Event: 19.072 Thread 0x0000000056b63000 Uncommon trap: reason=unstable_if action=reinterpret pc=0x00000000027d8e8c method=com.android.dx.ssa.SsaMethod.updateOneDefinition(Lcom/android/dx/ssa/SsaInsn;Lcom/android/dx/rop/code/RegisterSpec;)V @ 4
Event: 19.083 Thread 0x0000000056b63000 Uncommon trap: reason=bimorphic action=maybe_recompile pc=0x0000000002943acc method=com.android.dx.ssa.SCCP.setLatticeValueTo(IILcom/android/dx/rop/cst/Constant;)Z @ 43
Event: 19.083 Thread 0x0000000056b63000 Uncommon trap: reason=bimorphic action=maybe_recompile pc=0x0000000002943acc method=com.android.dx.ssa.SCCP.setLatticeValueTo(IILcom/android/dx/rop/cst/Constant;)Z @ 43
Event: 19.083 Thread 0x0000000056b63000 Uncommon trap: reason=bimorphic action=maybe_recompile pc=0x0000000002943acc method=com.android.dx.ssa.SCCP.setLatticeValueTo(IILcom/android/dx/rop/cst/Constant;)Z @ 43

Internal exceptions (3 events):
Event: 0.108 Thread 0x00000000000ff000 Exception <a 'java/lang/NoSuchMethodError': Method sun.misc.Unsafe.defineClass(Ljava/lang/String;[BII)Ljava/lang/Class; name or signature does not match> (0x00000000eab0d490) thrown at [C:\re\workspace\8-2-build-windows-amd64-cygwin\jdk8u60\4407\hotspot\sr¹Uäp2”»?
Event: 0.108 Thread 0x00000000000ff000 Exception <a 'java/lang/NoSuchMethodError': Method sun.misc.Unsafe.prefetchRead(Ljava/lang/Object;J)V name or signature does not match> (0x00000000eab0d778) thrown at [C:\re\workspace\8-2-build-windows-amd64-cygwin\jdk8u60\4407\hotspot\src\share\vm\prims\jµ*£ð‡ @
Event: 8.266 Thread 0x0000000056b8a000 Implicit null exception at 0x0000000002682e5a to 0x0000000002683959

Events (10 events):
Event: 19.072 Thread 0x0000000056b63000 DEOPT UNPACKING pc=0x00000000023d582a sp=0x000000005705e4a8 mode 2
Event: 19.083 Thread 0x0000000056b63000 Uncommon trap: trap_request=0xffffffc6 fr.pc=0x0000000002943acc
Event: 19.083 Thread 0x0000000056b63000 DEOPT PACKING pc=0x0000000002943acc sp=0x000000005705e660
Event: 19.083 Thread 0x0000000056b63000 DEOPT UNPACKING pc=0x00000000023d582a sp=0x000000005705e5b8 mode 2
Event: 19.083 Thread 0x0000000056b63000 Uncommon trap: trap_request=0xffffffc6 fr.pc=0x0000000002943acc
Event: 19.083 Thread 0x0000000056b63000 DEOPT PACKING pc=0x0000000002943acc sp=0x000000005705e660
Event: 19.083 Thread 0x0000000056b63000 DEOPT UNPACKING pc=0x00000000023d582a sp=0x000000005705e5b8 mode 2
Event: 19.083 Thread 0x0000000056b63000 Uncommon trap: trap_request=0xffffffc6 fr.pc=0x0000000002943acc
Event: 19.083 Thread 0x0000000056b63000 DEOPT PACKING pc=0x0000000002943acc sp=0x000000005705e6b0
Event: 19.083 Thread 0x0000000056b63000 DEOPT UNPACKING pc=0x00000000023d582a sp=0x000000005705e608 mode 2


Dynamic libraries:
0x000000013fb90000 - 0x000000013fbc7000 	C:\Program Files\Java\jdk1.8.0_60\bin\java.exe
0x0000000077540000 - 0x00000000776ea000 	C:\Windows\SYSTEM32\ntdll.dll
0x0000000077320000 - 0x000000007743f000 	C:\Windows\system32\kernel32.dll
0x000007fefd2e0000 - 0x000007fefd34a000 	C:\Windows\system32\KERNELBASE.dll
0x000007feff770000 - 0x000007feff84b000 	C:\Windows\system32\ADVAPI32.dll
0x000007feff6d0000 - 0x000007feff76f000 	C:\Windows\system32\msvcrt.dll
0x000007feff3a0000 - 0x000007feff3bf000 	C:\Windows\SYSTEM32\sechost.dll
0x000007fefd690000 - 0x000007fefd7bd000 	C:\Windows\system32\RPCRT4.dll
0x0000000077440000 - 0x000000007753a000 	C:\Windows\system32\USER32.dll
0x000007fefd890000 - 0x000007fefd8f7000 	C:\Windows\system32\GDI32.dll
0x000007feff6c0000 - 0x000007feff6ce000 	C:\Windows\system32\LPK.dll
0x000007fefd7c0000 - 0x000007fefd88a000 	C:\Windows\system32\USP10.dll
0x000007fefbbb0000 - 0x000007fefbda4000 	C:\Windows\WinSxS\amd64_microsoft.windows.common-controls_6595b64144ccf1df_6.0.7601.18837_none_fa3b1e3d17594757\COMCTL32.dll
0x000007feff640000 - 0x000007feff6b1000 	C:\Windows\system32\SHLWAPI.dll
0x000007feff1f0000 - 0x000007feff21e000 	C:\Windows\system32\IMM32.DLL
0x000007feff290000 - 0x000007feff399000 	C:\Windows\system32\MSCTF.dll
0x000000005cd00000 - 0x000000005cdd2000 	C:\Program Files\Java\jdk1.8.0_60\jre\bin\msvcr100.dll
0x0000000058140000 - 0x00000000589c9000 	C:\Program Files\Java\jdk1.8.0_60\jre\bin\server\jvm.dll
0x000007fef7480000 - 0x000007fef7489000 	C:\Windows\system32\WSOCK32.dll
0x000007feff240000 - 0x000007feff28d000 	C:\Windows\system32\WS2_32.dll
0x000007fefd680000 - 0x000007fefd688000 	C:\Windows\system32\NSI.dll
0x000007fef9cc0000 - 0x000007fef9cfb000 	C:\Windows\system32\WINMM.dll
0x000007fefc1a0000 - 0x000007fefc1ac000 	C:\Windows\system32\VERSION.dll
0x0000000077710000 - 0x0000000077717000 	C:\Windows\system32\PSAPI.DLL
0x00000000637f0000 - 0x00000000637ff000 	C:\Program Files\Java\jdk1.8.0_60\jre\bin\verify.dll
0x00000000618e0000 - 0x0000000061909000 	C:\Program Files\Java\jdk1.8.0_60\jre\bin\java.dll
0x00000000619c0000 - 0x00000000619d6000 	C:\Program Files\Java\jdk1.8.0_60\jre\bin\zip.dll
0x000007fefe250000 - 0x000007fefefda000 	C:\Windows\system32\SHELL32.dll
0x000007fefefe0000 - 0x000007feff1e3000 	C:\Windows\system32\ole32.dll
0x000007fefd2d0000 - 0x000007fefd2df000 	C:\Windows\system32\profapi.dll

VM Arguments:
jvm_args: -Djava.awt.headless=true -Xmx1024M -Dfile.encoding=windows-1252 -Duser.country=ES -Duser.language=es -Duser.variant 
java_command: com.android.dx.command.Main --dex --num-threads=4 --output C:\Users\Agustin\Desktop\Android\turnos\app\build\intermediates\pre-dexed\debug\internal_impl-23.1.1_d08c6217ea51adffa166429212e48e1da2a3d3db.jar C:\Users\Agustin\Desktop\Android\turnos\app\build\intermediates\exploded-aar\com.android.support\support-v4\23.1.1\jars\libs\internal_impl-23.1.1.jar
java_class_path (initial): C:\Users\Agustin\AppData\Local\Android\sdk\build-tools\23.0.2\lib\dx.jar
Launcher Type: SUN_STANDARD

Environment Variables:
JAVA_HOME=C:\Program Files\Java\jdk1.8.0_92
JRE_HOME=C:\Program Files\Java\jre1.8.0_92
PATH=C:\Program Files\Common Files\Microsoft Shared\Windows Live;C:\Program Files (x86)\Common Files\Microsoft Shared\Windows Live;C:\ProgramData\Oracle\Java\javapath;C:\Windows\system32;C:\Windows;C:\Windows\System32\Wbem;C:\Windows\System32\WindowsPowerShell\v1.0\;C:\Program Files (x86)\Windows Live\Shared;C:\Program Files (x86)\Skype\Phone\;C:\Program Files\Java\jdk1.8.0_60\bin;C:\Program Files\Mercurial; C:\Program Files\Java\jdk1.8.0_60\bin
USERNAME=Agustin
OS=Windows_NT
PROCESSOR_IDENTIFIER=Intel64 Family 6 Model 42 Stepping 7, GenuineIntel



---------------  S Y S T E M  ---------------

OS: Windows 7 , 64 bit Build 7601 (6.1.7601.23418)

CPU:total 4 (2 cores per cpu, 2 threads per core) family 6 model 42 stepping 7, cmov, cx8, fxsr, mmx, sse, sse2, sse3, ssse3, sse4.1, sse4.2, popcnt, avx, clmul, ht, tsc, tscinvbit

Memory: 4k page, physical 4127088k(54088k free), swap 8766516k(5456k free)

vm_info: Java HotSpot(TM) 64-Bit Server VM (25.60-b23) for windows-amd64 JRE (1.8.0_60-b27), built on Aug  4 2015 11:06:27 by "java_re" with MS VC++ 10.0 (VS2010)

time: Wed May 25 11:50:20 2016
elapsed time: 19 seconds (0d 0h 0m 19s)

