#
# There is insufficient memory for the Java Runtime Environment to continue.
# Native memory allocation (malloc) failed to allocate 1450576 bytes for Chunk::new
# Possible reasons:
#   The system is out of physical RAM or swap space
#   In 32 bit mode, the process size limit was hit
# Possible solutions:
#   Reduce memory load on the system
#   Increase physical memory or swap space
#   Check if swap backing store is full
#   Use 64 bit Java on a 64 bit OS
#   Decrease Java heap size (-Xmx/-Xms)
#   Decrease number of Java threads
#   Decrease Java thread stack sizes (-Xss)
#   Set larger code cache with -XX:ReservedCodeCacheSize=
# This output file may be truncated or incomplete.
#
#  Out of Memory Error (allocation.cpp:390), pid=8452, tid=3264
#
# JRE version: Java(TM) SE Runtime Environment (8.0_60-b27) (build 1.8.0_60-b27)
# Java VM: Java HotSpot(TM) 64-Bit Server VM (25.60-b23 mixed mode windows-amd64 compressed oops)
# Failed to write core dump. Minidumps are not enabled by default on client versions of Windows
#

---------------  T H R E A D  ---------------

Current thread (0x0000000054c2f800):  JavaThread "C2 CompilerThread0" daemon [_thread_in_native, id=3264, stack(0x0000000055eb0000,0x0000000055fb0000)]

Stack: [0x0000000055eb0000,0x0000000055fb0000]
[error occurred during error reporting (printing stack bounds), id 0xc0000005]

Native frames: (J=compiled Java code, j=interpreted, Vv=VM code, C=native code)


Current CompileTask:
C2:  13881 1556   !   4       com.android.dx.cf.code.Ropper::processBlock (1101 bytes)


---------------  P R O C E S S  ---------------

Java Threads: ( => current thread )
  0x00000000569b0800 JavaThread "pool-1-thread-4" [_thread_blocked, id=8488, stack(0x00000000572c0000,0x00000000573c0000)]
  0x00000000569ad800 JavaThread "pool-1-thread-3" [_thread_in_Java, id=6968, stack(0x00000000571c0000,0x00000000572c0000)]
  0x00000000569ac800 JavaThread "pool-1-thread-2" [_thread_blocked, id=5696, stack(0x00000000570a0000,0x00000000571a0000)]
  0x00000000569a7800 JavaThread "pool-2-thread-1" [_thread_blocked, id=5692, stack(0x0000000056b30000,0x0000000056c30000)]
  0x00000000569a6800 JavaThread "pool-1-thread-1" [_thread_blocked, id=7856, stack(0x0000000056f20000,0x0000000057020000)]
  0x0000000056793800 JavaThread "Service Thread" daemon [_thread_blocked, id=8860, stack(0x0000000056ce0000,0x0000000056de0000)]
  0x0000000056787000 JavaThread "C1 CompilerThread2" daemon [_thread_blocked, id=8528, stack(0x0000000056310000,0x0000000056410000)]
  0x0000000054c34000 JavaThread "C2 CompilerThread1" daemon [_thread_in_native, id=8724, stack(0x0000000056630000,0x0000000056730000)]
=>0x0000000054c2f800 JavaThread "C2 CompilerThread0" daemon [_thread_in_native, id=3264, stack(0x0000000055eb0000,0x0000000055fb0000)]
  0x0000000054c3e000 JavaThread "Attach Listener" daemon [_thread_blocked, id=1364, stack(0x0000000056440000,0x0000000056540000)]
  0x0000000054c3c800 JavaThread "Signal Dispatcher" daemon [_thread_blocked, id=7872, stack(0x00000000561b0000,0x00000000562b0000)]
  0x0000000054bd7000 JavaThread "Finalizer" daemon [_thread_blocked, id=8608, stack(0x0000000055fc0000,0x00000000560c0000)]
  0x0000000054bd0000 JavaThread "Reference Handler" daemon [_thread_blocked, id=772, stack(0x0000000055da0000,0x0000000055ea0000)]
  0x0000000001e6f000 JavaThread "main" [_thread_blocked, id=7092, stack(0x0000000002090000,0x0000000002190000)]

Other Threads:
  0x0000000054bca800 VMThread [stack: 0x0000000055c90000,0x0000000055d90000] [id=8748]
  0x0000000056790000 WatcherThread [stack: 0x0000000056df0000,0x0000000056ef0000] [id=7788]

VM state:not at safepoint (normal execution)

VM Mutex/Monitor currently owned by a thread: None

Heap:
 PSYoungGen      total 35328K, used 26954K [0x00000000eab00000, 0x00000000ef000000, 0x0000000100000000)
  eden space 32768K, 74% used [0x00000000eab00000,0x00000000ec2d3aa8,0x00000000ecb00000)
  from space 2560K, 99% used [0x00000000ecb00000,0x00000000ecd7ef30,0x00000000ecd80000)
  to   space 2560K, 0% used [0x00000000eed80000,0x00000000eed80000,0x00000000ef000000)
 ParOldGen       total 44032K, used 8182K [0x00000000c0000000, 0x00000000c2b00000, 0x00000000eab00000)
  object space 44032K, 18% used [0x00000000c0000000,0x00000000c07fd9d0,0x00000000c2b00000)
 Metaspace       used 6213K, capacity 7064K, committed 7424K, reserved 1056768K
  class space    used 617K, capacity 656K, committed 768K, reserved 1048576K

Card table byte_map: [0x0000000011820000,0x0000000011a30000] byte_map_base: 0x0000000011220000

Marking Bits: (ParMarkBitMap*) 0x0000000066d3a5b0
 Begin Bits: [0x0000000012040000, 0x0000000013040000)
 End Bits:   [0x0000000013040000, 0x0000000014040000)

Polling page: 0x0000000000210000

CodeCache: size=245760Kb used=6773Kb max_used=6773Kb free=238986Kb
 bounds [0x0000000002460000, 0x0000000002b10000, 0x0000000011460000]
 total_blobs=1880 nmethods=1611 adapters=182
 compilation: enabled

Compilation events (10 events):
Event: 13.756 Thread 0x0000000056787000 1639       2       com.android.dx.ssa.MoveParamCombiner::run (45 bytes)
Event: 13.757 Thread 0x0000000056787000 nmethod 1639 0x0000000002b00a90 code [0x0000000002b00c20, 0x0000000002b00fb8]
Event: 13.757 Thread 0x0000000056787000 1640       2       com.android.dx.ssa.MoveParamCombiner$1::<init> (20 bytes)
Event: 13.757 Thread 0x0000000056787000 nmethod 1640 0x0000000002b01150 code [0x0000000002b012a0, 0x0000000002b01430]
Event: 13.757 Thread 0x0000000056787000 1641       2       com.android.dx.ssa.LiteralOpUpgrader::process (14 bytes)
Event: 13.757 Thread 0x0000000056787000 nmethod 1641 0x0000000002b014d0 code [0x0000000002b01640, 0x0000000002b01888]
Event: 13.757 Thread 0x0000000056787000 1642       2       com.android.dx.ssa.LiteralOpUpgrader::<init> (10 bytes)
Event: 13.758 Thread 0x0000000056787000 nmethod 1642 0x0000000002b019d0 code [0x0000000002b01b20, 0x0000000002b01c90]
Event: 13.758 Thread 0x0000000056787000 1643       2       com.android.dx.ssa.LiteralOpUpgrader::run (21 bytes)
Event: 13.758 Thread 0x0000000056787000 nmethod 1643 0x0000000002b01d10 code [0x0000000002b01e80, 0x0000000002b02088]

GC Heap History (6 events):
Event: 1.897 GC heap before
{Heap before GC invocations=1 (full 0):
 PSYoungGen      total 18944K, used 16384K [0x00000000eab00000, 0x00000000ec000000, 0x0000000100000000)
  eden space 16384K, 100% used [0x00000000eab00000,0x00000000ebb00000,0x00000000ebb00000)
  from space 2560K, 0% used [0x00000000ebd80000,0x00000000ebd80000,0x00000000ec000000)
  to   space 2560K, 0% used [0x00000000ebb00000,0x00000000ebb00000,0x00000000ebd80000)
 ParOldGen       total 44032K, used 0K [0x00000000c0000000, 0x00000000c2b00000, 0x00000000eab00000)
  object space 44032K, 0% used [0x00000000c0000000,0x00000000c0000000,0x00000000c2b00000)
 Metaspace       used 5737K, capacity 6704K, committed 6784K, reserved 1056768K
  class space    used 593K, capacity 616K, committed 640K, reserved 1048576K
Event: 1.987 GC heap after
Heap after GC invocations=1 (full 0):
 PSYoungGen      total 18944K, used 2538K [0x00000000eab00000, 0x00000000ed000000, 0x0000000100000000)
  eden space 16384K, 0% used [0x00000000eab00000,0x00000000eab00000,0x00000000ebb00000)
  from space 2560K, 99% used [0x00000000ebb00000,0x00000000ebd7aac8,0x00000000ebd80000)
  to   space 2560K, 0% used [0x00000000ecd80000,0x00000000ecd80000,0x00000000ed000000)
 ParOldGen       total 44032K, used 1496K [0x00000000c0000000, 0x00000000c2b00000, 0x00000000eab00000)
  object space 44032K, 3% used [0x00000000c0000000,0x00000000c01763a8,0x00000000c2b00000)
 Metaspace       used 5737K, capacity 6704K, committed 6784K, reserved 1056768K
  class space    used 593K, capacity 616K, committed 640K, reserved 1048576K
}
Event: 3.253 GC heap before
{Heap before GC invocations=2 (full 0):
 PSYoungGen      total 18944K, used 18922K [0x00000000eab00000, 0x00000000ed000000, 0x0000000100000000)
  eden space 16384K, 100% used [0x00000000eab00000,0x00000000ebb00000,0x00000000ebb00000)
  from space 2560K, 99% used [0x00000000ebb00000,0x00000000ebd7aac8,0x00000000ebd80000)
  to   space 2560K, 0% used [0x00000000ecd80000,0x00000000ecd80000,0x00000000ed000000)
 ParOldGen       total 44032K, used 1496K [0x00000000c0000000, 0x00000000c2b00000, 0x00000000eab00000)
  object space 44032K, 3% used [0x00000000c0000000,0x00000000c01763a8,0x00000000c2b00000)
 Metaspace       used 5892K, capacity 6832K, committed 7040K, reserved 1056768K
  class space    used 593K, capacity 616K, committed 640K, reserved 1048576K
Event: 3.871 GC heap after
Heap after GC invocations=2 (full 0):
 PSYoungGen      total 35328K, used 2550K [0x00000000eab00000, 0x00000000ed000000, 0x0000000100000000)
  eden space 32768K, 0% used [0x00000000eab00000,0x00000000eab00000,0x00000000ecb00000)
  from space 2560K, 99% used [0x00000000ecd80000,0x00000000ecffd8d8,0x00000000ed000000)
  to   space 2560K, 0% used [0x00000000ecb00000,0x00000000ecb00000,0x00000000ecd80000)
 ParOldGen       total 44032K, used 3483K [0x00000000c0000000, 0x00000000c2b00000, 0x00000000eab00000)
  object space 44032K, 7% used [0x00000000c0000000,0x00000000c0366c70,0x00000000c2b00000)
 Metaspace       used 5892K, capacity 6832K, committed 7040K, reserved 1056768K
  class space    used 593K, capacity 616K, committed 640K, reserved 1048576K
}
Event: 11.463 GC heap before
{Heap before GC invocations=3 (full 0):
 PSYoungGen      total 35328K, used 35318K [0x00000000eab00000, 0x00000000ed000000, 0x0000000100000000)
  eden space 32768K, 100% used [0x00000000eab00000,0x00000000ecb00000,0x00000000ecb00000)
  from space 2560K, 99% used [0x00000000ecd80000,0x00000000ecffd8d8,0x00000000ed000000)
  to   space 2560K, 0% used [0x00000000ecb00000,0x00000000ecb00000,0x00000000ecd80000)
 ParOldGen       total 44032K, used 3483K [0x00000000c0000000, 0x00000000c2b00000, 0x00000000eab00000)
  object space 44032K, 7% used [0x00000000c0000000,0x00000000c0366c70,0x00000000c2b00000)
 Metaspace       used 6081K, capacity 6960K, committed 7040K, reserved 1056768K
  class space    used 596K, capacity 616K, committed 640K, reserved 1048576K
Event: 11.741 GC heap after
Heap after GC invocations=3 (full 0):
 PSYoungGen      total 35328K, used 2555K [0x00000000eab00000, 0x00000000ef000000, 0x0000000100000000)
  eden space 32768K, 0% used [0x00000000eab00000,0x00000000eab00000,0x00000000ecb00000)
  from space 2560K, 99% used [0x00000000ecb00000,0x00000000ecd7ef30,0x00000000ecd80000)
  to   space 2560K, 0% used [0x00000000eed80000,0x00000000eed80000,0x00000000ef000000)
 ParOldGen       total 44032K, used 8182K [0x00000000c0000000, 0x00000000c2b00000, 0x00000000eab00000)
  object space 44032K, 18% used [0x00000000c0000000,0x00000000c07fd9d0,0x00000000c2b00000)
 Metaspace       used 6081K, capacity 6960K, committed 7040K, reserved 1056768K
  class space    used 596K, capacity 616K, committed 640K, reserved 1048576K
}

Deoptimization events (10 events):
Event: 11.036 Thread 0x00000000569ad800 Uncommon trap: reason=class_check action=maybe_recompile pc=0x00000000026bd80c method=com.android.dx.rop.type.Type.equals(Ljava/lang/Object;)Z @ 8
Event: 12.799 Thread 0x00000000569ac800 Uncommon trap: reason=unstable_if action=reinterpret pc=0x0000000002aa717c method=com.android.dx.cf.code.ExecutionStack.<init>(I)V @ 2
Event: 13.304 Thread 0x00000000569ad800 Uncommon trap: reason=bimorphic action=maybe_recompile pc=0x0000000002aa20e4 method=java.util.HashMap.getNode(ILjava/lang/Object;)Ljava/util/HashMap$Node; @ 126
Event: 13.304 Thread 0x00000000569ad800 Uncommon trap: reason=bimorphic action=maybe_recompile pc=0x0000000002aa20e4 method=java.util.HashMap.getNode(ILjava/lang/Object;)Ljava/util/HashMap$Node; @ 126
Event: 13.398 Thread 0x00000000569ad800 Uncommon trap: reason=unstable_if action=reinterpret pc=0x000000000272831c method=java.util.HashMap.putVal(ILjava/lang/Object;Ljava/lang/Object;ZZ)Ljava/lang/Object; @ 162
Event: 13.627 Thread 0x00000000569ad800 Uncommon trap: reason=unstable_if action=reinterpret pc=0x0000000002aa20cc method=java.util.HashMap.getNode(ILjava/lang/Object;)Ljava/util/HashMap$Node; @ 84
Event: 13.705 Thread 0x00000000569ad800 Uncommon trap: reason=bimorphic action=maybe_recompile pc=0x000000000266a190 method=java.util.HashMap.getNode(ILjava/lang/Object;)Ljava/util/HashMap$Node; @ 126
Event: 13.746 Thread 0x00000000569ad800 Uncommon trap: reason=bimorphic action=maybe_recompile pc=0x000000000266a190 method=java.util.HashMap.getNode(ILjava/lang/Object;)Ljava/util/HashMap$Node; @ 126
Event: 13.750 Thread 0x00000000569ad800 Uncommon trap: reason=bimorphic action=maybe_recompile pc=0x000000000280cd64 method=com.android.dx.cf.code.BytecodeArray.parseInstruction(ILcom/android/dx/cf/code/BytecodeArray$Visitor;)I @ 2484
Event: 13.751 Thread 0x00000000569ad800 Uncommon trap: reason=bimorphic action=maybe_recompile pc=0x000000000280cd64 method=com.android.dx.cf.code.BytecodeArray.parseInstruction(ILcom/android/dx/cf/code/BytecodeArray$Visitor;)I @ 2484

Internal exceptions (6 events):
Event: 0.124 Thread 0x0000000001e6f000 Exception <a 'java/lang/NoSuchMethodError': Method sun.misc.Unsafe.defineClass(Ljava/lang/String;[BII)Ljava/lang/Class; name or signature does not match> (0x00000000eab0d470) thrown at [C:\re\workspace\8-2-build-windows-amd64-cygwin\jdk8u60\4407\hotspot\srhh	í›á¿?
Event: 0.125 Thread 0x0000000001e6f000 Exception <a 'java/lang/NoSuchMethodError': Method sun.misc.Unsafe.prefetchRead(Ljava/lang/Object;J)V name or signature does not match> (0x00000000eab0d758) thrown at [C:\re\workspace\8-2-build-windows-amd64-cygwin\jdk8u60\4407\hotspot\src\share\vm\prims\jÞhR=$`!@
Event: 8.688 Thread 0x00000000569ac800 Implicit null exception at 0x0000000002786808 to 0x0000000002787275
Event: 13.620 Thread 0x00000000569ad800 Exception <a 'java/lang/ArrayIndexOutOfBoundsException': 18> (0x00000000eb77af20) thrown at [C:\re\workspace\8-2-build-windows-amd64-cygwin\jdk8u60\4407\hotspot\src\share\vm\interpreter\interpreterRuntime.cpp, line 366]
Event: 13.620 Thread 0x00000000569ad800 Exception <a 'java/lang/ArrayIndexOutOfBoundsException': 145> (0x00000000eb77caa0) thrown at [C:\re\workspace\8-2-build-windows-amd64-cygwin\jdk8u60\4407\hotspot\src\share\vm\interpreter\interpreterRuntime.cpp, line 366]
Event: 13.625 Thread 0x00000000569ad800 Exception <a 'java/lang/ArrayIndexOutOfBoundsException'> (0x00000000eb77dd88) thrown at [C:\re\workspace\8-2-build-windows-amd64-cygwin\jdk8u60\4407\hotspot\src\share\vm\runtime\sharedRuntime.cpp, line 605]

Events (10 events):
Event: 13.706 Thread 0x00000000569ad800 DEOPT UNPACKING pc=0x00000000024a582a sp=0x00000000572be7d0 mode 2
Event: 13.746 Thread 0x00000000569ad800 Uncommon trap: trap_request=0xffffffc6 fr.pc=0x000000000266a190
Event: 13.746 Thread 0x00000000569ad800 DEOPT PACKING pc=0x000000000266a190 sp=0x00000000572be860
Event: 13.746 Thread 0x00000000569ad800 DEOPT UNPACKING pc=0x00000000024a582a sp=0x00000000572be7d0 mode 2
Event: 13.750 Thread 0x00000000569ad800 Uncommon trap: trap_request=0xffffffc6 fr.pc=0x000000000280cd64
Event: 13.750 Thread 0x00000000569ad800 DEOPT PACKING pc=0x000000000280cd64 sp=0x00000000572be940
Event: 13.751 Thread 0x00000000569ad800 DEOPT UNPACKING pc=0x00000000024a582a sp=0x00000000572be8b8 mode 2
Event: 13.751 Thread 0x00000000569ad800 Uncommon trap: trap_request=0xffffffc6 fr.pc=0x000000000280cd64
Event: 13.751 Thread 0x00000000569ad800 DEOPT PACKING pc=0x000000000280cd64 sp=0x00000000572be7b0
Event: 13.751 Thread 0x00000000569ad800 DEOPT UNPACKING pc=0x00000000024a582a sp=0x00000000572be728 mode 2


Dynamic libraries:
0x000000013f650000 - 0x000000013f687000 	C:\Program Files\Java\jdk1.8.0_60\bin\java.exe
0x0000000076d60000 - 0x0000000076f0a000 	C:\Windows\SYSTEM32\ntdll.dll
0x0000000076c40000 - 0x0000000076d5f000 	C:\Windows\system32\kernel32.dll
0x000007fefcc60000 - 0x000007fefccca000 	C:\Windows\system32\KERNELBASE.dll
0x000007fefe530000 - 0x000007fefe60b000 	C:\Windows\system32\ADVAPI32.dll
0x000007fefed30000 - 0x000007fefedcf000 	C:\Windows\system32\msvcrt.dll
0x000007fefe8b0000 - 0x000007fefe8cf000 	C:\Windows\SYSTEM32\sechost.dll
0x000007fefe300000 - 0x000007fefe42d000 	C:\Windows\system32\RPCRT4.dll
0x0000000076b40000 - 0x0000000076c3a000 	C:\Windows\system32\USER32.dll
0x000007fefe9f0000 - 0x000007fefea57000 	C:\Windows\system32\GDI32.dll
0x000007fefe480000 - 0x000007fefe48e000 	C:\Windows\system32\LPK.dll
0x000007fefe020000 - 0x000007fefe0ea000 	C:\Windows\system32\USP10.dll
0x000007fefb3d0000 - 0x000007fefb5c4000 	C:\Windows\WinSxS\amd64_microsoft.windows.common-controls_6595b64144ccf1df_6.0.7601.18837_none_fa3b1e3d17594757\COMCTL32.dll
0x000007fefe8d0000 - 0x000007fefe941000 	C:\Windows\system32\SHLWAPI.dll
0x000007fefe950000 - 0x000007fefe97e000 	C:\Windows\system32\IMM32.DLL
0x000007fefedd0000 - 0x000007fefeed9000 	C:\Windows\system32\MSCTF.dll
0x0000000067570000 - 0x0000000067642000 	C:\Program Files\Java\jdk1.8.0_60\jre\bin\msvcr100.dll
0x0000000066530000 - 0x0000000066db9000 	C:\Program Files\Java\jdk1.8.0_60\jre\bin\server\jvm.dll
0x000007fef6520000 - 0x000007fef6529000 	C:\Windows\system32\WSOCK32.dll
0x000007fefe430000 - 0x000007fefe47d000 	C:\Windows\system32\WS2_32.dll
0x000007fefe9e0000 - 0x000007fefe9e8000 	C:\Windows\system32\NSI.dll
0x000007fefa040000 - 0x000007fefa07b000 	C:\Windows\system32\WINMM.dll
0x000007fefb9c0000 - 0x000007fefb9cc000 	C:\Windows\system32\VERSION.dll
0x0000000076f20000 - 0x0000000076f27000 	C:\Windows\system32\PSAPI.DLL
0x0000000068bf0000 - 0x0000000068bff000 	C:\Program Files\Java\jdk1.8.0_60\jre\bin\verify.dll
0x0000000068bc0000 - 0x0000000068be9000 	C:\Program Files\Java\jdk1.8.0_60\jre\bin\java.dll
0x0000000067550000 - 0x0000000067566000 	C:\Program Files\Java\jdk1.8.0_60\jre\bin\zip.dll
0x000007fefd210000 - 0x000007fefdf9a000 	C:\Windows\system32\SHELL32.dll
0x000007fefe0f0000 - 0x000007fefe2f3000 	C:\Windows\system32\ole32.dll
0x000007fefcaf0000 - 0x000007fefcaff000 	C:\Windows\system32\profapi.dll

VM Arguments:
jvm_args: -Djava.awt.headless=true -Xmx1024M -Dfile.encoding=windows-1252 -Duser.country=ES -Duser.language=es -Duser.variant 
java_command: com.android.dx.command.Main --dex --num-threads=4 --output C:\Users\Agustin\Desktop\Android\turnos\app\build\intermediates\pre-dexed\debug\ksoap2-android-assembly-3.0.0-jar-with-dependencies_60cb51c217684375667a7316750aac4724d64858.jar C:\Users\Agustin\Desktop\Android\turnos\app\libs\ksoap2-android-assembly-3.0.0-jar-with-dependencies.jar
java_class_path (initial): C:\Users\Agustin\AppData\Local\Android\sdk\build-tools\23.0.2\lib\dx.jar
Launcher Type: SUN_STANDARD

Environment Variables:
JAVA_HOME=C:\Program Files\Java\jdk1.8.0_92
JRE_HOME=C:\Program Files\Java\jre1.8.0_92
PATH=C:\Program Files\Common Files\Microsoft Shared\Windows Live;C:\Program Files (x86)\Common Files\Microsoft Shared\Windows Live;C:\ProgramData\Oracle\Java\javapath;C:\Windows\system32;C:\Windows;C:\Windows\System32\Wbem;C:\Windows\System32\WindowsPowerShell\v1.0\;C:\Program Files (x86)\Windows Live\Shared;C:\Program Files (x86)\Skype\Phone\;C:\Program Files\Java\jdk1.8.0_60\bin;C:\Program Files\Mercurial; C:\Program Files\Java\jdk1.8.0_60\bin
USERNAME=Agustin
OS=Windows_NT
PROCESSOR_IDENTIFIER=Intel64 Family 6 Model 42 Stepping 7, GenuineIntel



---------------  S Y S T E M  ---------------

OS: Windows 7 , 64 bit Build 7601 (6.1.7601.23418)

CPU:total 4 (2 cores per cpu, 2 threads per core) family 6 model 42 stepping 7, cmov, cx8, fxsr, mmx, sse, sse2, sse3, ssse3, sse4.1, sse4.2, popcnt, avx, clmul, ht, tsc, tscinvbit

Memory: 4k page, physical 4127088k(24004k free), swap 7954412k(6416k free)

vm_info: Java HotSpot(TM) 64-Bit Server VM (25.60-b23) for windows-amd64 JRE (1.8.0_60-b27), built on Aug  4 2015 11:06:27 by "java_re" with MS VC++ 10.0 (VS2010)

time: Sun May 15 14:40:17 2016
elapsed time: 13 seconds (0d 0h 0m 13s)

