#
# There is insufficient memory for the Java Runtime Environment to continue.
# Native memory allocation (malloc) failed to allocate 32744 bytes for ChunkPool::allocate
# Possible reasons:
#   The system is out of physical RAM or swap space
#   In 32 bit mode, the process size limit was hit
# Possible solutions:
#   Reduce memory load on the system
#   Increase physical memory or swap space
#   Check if swap backing store is full
#   Use 64 bit Java on a 64 bit OS
#   Decrease Java heap size (-Xmx/-Xms)
#   Decrease number of Java threads
#   Decrease Java thread stack sizes (-Xss)
#   Set larger code cache with -XX:ReservedCodeCacheSize=
# This output file may be truncated or incomplete.
#
#  Out of Memory Error (allocation.cpp:273), pid=8496, tid=8252
#
# JRE version: Java(TM) SE Runtime Environment (8.0_60-b27) (build 1.8.0_60-b27)
# Java VM: Java HotSpot(TM) 64-Bit Server VM (25.60-b23 mixed mode windows-amd64 compressed oops)
# Failed to write core dump. Minidumps are not enabled by default on client versions of Windows
#

---------------  T H R E A D  ---------------

Current thread (0x0000000054b26000):  JavaThread "C2 CompilerThread0" daemon [_thread_in_native, id=8252, stack(0x00000000565c0000,0x00000000566c0000)]

Stack: [0x00000000565c0000,0x00000000566c0000]
[error occurred during error reporting (printing stack bounds), id 0xc0000005]

Native frames: (J=compiled Java code, j=interpreted, Vv=VM code, C=native code)


Current CompileTask:
C2:  16767 1557   !   4       com.android.dx.cf.code.Ropper::processBlock (1101 bytes)


---------------  P R O C E S S  ---------------

Java Threads: ( => current thread )
  0x0000000056da0000 JavaThread "pool-1-thread-4" [_thread_blocked, id=11084, stack(0x0000000057df0000,0x0000000057ef0000)]
  0x0000000056df6800 JavaThread "pool-1-thread-3" [_thread_blocked, id=4576, stack(0x0000000057c40000,0x0000000057d40000)]
  0x0000000056df6000 JavaThread "pool-1-thread-2" [_thread_blocked, id=7316, stack(0x0000000057950000,0x0000000057a50000)]
  0x0000000056db2000 JavaThread "pool-2-thread-1" [_thread_blocked, id=8324, stack(0x0000000057a50000,0x0000000057b50000)]
  0x0000000056d85000 JavaThread "pool-1-thread-1" [_thread_blocked, id=10828, stack(0x00000000577f0000,0x00000000578f0000)]
  0x0000000054b2d800 JavaThread "Service Thread" daemon [_thread_blocked, id=10440, stack(0x0000000056e50000,0x0000000056f50000)]
  0x0000000054b2b000 JavaThread "C1 CompilerThread2" daemon [_thread_blocked, id=8068, stack(0x0000000056920000,0x0000000056a20000)]
  0x0000000054b2a000 JavaThread "C2 CompilerThread1" daemon [_thread_blocked, id=5744, stack(0x0000000056750000,0x0000000056850000)]
=>0x0000000054b26000 JavaThread "C2 CompilerThread0" daemon [_thread_in_native, id=8252, stack(0x00000000565c0000,0x00000000566c0000)]
  0x0000000054b21800 JavaThread "Attach Listener" daemon [_thread_blocked, id=7484, stack(0x00000000564a0000,0x00000000565a0000)]
  0x0000000054b20000 JavaThread "Signal Dispatcher" daemon [_thread_blocked, id=9140, stack(0x00000000562c0000,0x00000000563c0000)]
  0x0000000054ac1000 JavaThread "Finalizer" daemon [_thread_blocked, id=10864, stack(0x0000000055fd0000,0x00000000560d0000)]
  0x0000000054ac0000 JavaThread "Reference Handler" daemon [_thread_blocked, id=3844, stack(0x0000000055e10000,0x0000000055f10000)]
  0x0000000001b7f000 JavaThread "main" [_thread_blocked, id=2700, stack(0x0000000001e50000,0x0000000001f50000)]

Other Threads:
  0x0000000054aba800 VMThread [stack: 0x0000000055bd0000,0x0000000055cd0000] [id=8664]
  0x0000000056ab5000 WatcherThread [stack: 0x0000000056170000,0x0000000056270000] [id=1108]

VM state:not at safepoint (normal execution)

VM Mutex/Monitor currently owned by a thread: None

Heap:
 PSYoungGen      total 35328K, used 32293K [0x00000000eab00000, 0x00000000ed000000, 0x0000000100000000)
  eden space 32768K, 90% used [0x00000000eab00000,0x00000000ec80d5c8,0x00000000ecb00000)
  from space 2560K, 99% used [0x00000000ecd80000,0x00000000ecffc028,0x00000000ed000000)
  to   space 2560K, 0% used [0x00000000ecb00000,0x00000000ecb00000,0x00000000ecd80000)
 ParOldGen       total 44032K, used 2718K [0x00000000c0000000, 0x00000000c2b00000, 0x00000000eab00000)
  object space 44032K, 6% used [0x00000000c0000000,0x00000000c02a7a20,0x00000000c2b00000)
 Metaspace       used 6134K, capacity 7024K, committed 7296K, reserved 1056768K
  class space    used 602K, capacity 616K, committed 640K, reserved 1048576K

Card table byte_map: [0x0000000011670000,0x0000000011880000] byte_map_base: 0x0000000011070000

Marking Bits: (ParMarkBitMap*) 0x000000007085a5b0
 Begin Bits: [0x0000000011f30000, 0x0000000012f30000)
 End Bits:   [0x0000000012f30000, 0x0000000013f30000)

Polling page: 0x0000000001b40000

CodeCache: size=245760Kb used=6674Kb max_used=6677Kb free=239085Kb
 bounds [0x00000000022b0000, 0x0000000002940000, 0x00000000112b0000]
 total_blobs=1792 nmethods=1523 adapters=182
 compilation: enabled

Compilation events (10 events):
Event: 15.476 Thread 0x0000000054b2b000 1551       3       com.android.dx.cf.code.Ropper::addSynchExceptionHandlerBlock (206 bytes)
Event: 15.481 Thread 0x0000000054b2b000 nmethod 1551 0x0000000002932c10 code [0x00000000029331c0, 0x0000000002936e18]
Event: 15.501 Thread 0x0000000054b26000 nmethod 1549 0x000000000293a110 code [0x000000000293a5c0, 0x000000000293b630]
Event: 15.552 Thread 0x0000000054b2b000 1554       3       java.util.concurrent.locks.ReentrantLock$FairSync::tryAcquire (74 bytes)
Event: 15.553 Thread 0x0000000054b2b000 nmethod 1554 0x00000000028f70d0 code [0x00000000028f7280, 0x00000000028f7ab8]
Event: 15.553 Thread 0x0000000054b2b000 1555       3       java.util.concurrent.locks.AbstractQueuedSynchronizer::hasQueuedPredecessors (40 bytes)
Event: 15.553 Thread 0x0000000054b2b000 nmethod 1555 0x00000000028f6c50 code [0x00000000028f6dc0, 0x00000000028f7010]
Event: 16.676 Thread 0x0000000054b26000 1557   !   4       com.android.dx.cf.code.Ropper::processBlock (1101 bytes)
Event: 16.676 Thread 0x0000000054b2b000 1556       1       com.android.dx.rop.cst.CstKnownNull::getType (4 bytes)
Event: 16.676 Thread 0x0000000054b2b000 nmethod 1556 0x00000000028f6990 code [0x00000000028f6ae0, 0x00000000028f6bf0]

GC Heap History (4 events):
Event: 3.207 GC heap before
{Heap before GC invocations=1 (full 0):
 PSYoungGen      total 18944K, used 16384K [0x00000000eab00000, 0x00000000ec000000, 0x0000000100000000)
  eden space 16384K, 100% used [0x00000000eab00000,0x00000000ebb00000,0x00000000ebb00000)
  from space 2560K, 0% used [0x00000000ebd80000,0x00000000ebd80000,0x00000000ec000000)
  to   space 2560K, 0% used [0x00000000ebb00000,0x00000000ebb00000,0x00000000ebd80000)
 ParOldGen       total 44032K, used 0K [0x00000000c0000000, 0x00000000c2b00000, 0x00000000eab00000)
  object space 44032K, 0% used [0x00000000c0000000,0x00000000c0000000,0x00000000c2b00000)
 Metaspace       used 5485K, capacity 6448K, committed 6528K, reserved 1056768K
  class space    used 597K, capacity 616K, committed 640K, reserved 1048576K
Event: 3.640 GC heap after
Heap after GC invocations=1 (full 0):
 PSYoungGen      total 18944K, used 2537K [0x00000000eab00000, 0x00000000ed000000, 0x0000000100000000)
  eden space 16384K, 0% used [0x00000000eab00000,0x00000000eab00000,0x00000000ebb00000)
  from space 2560K, 99% used [0x00000000ebb00000,0x00000000ebd7a758,0x00000000ebd80000)
  to   space 2560K, 0% used [0x00000000ecd80000,0x00000000ecd80000,0x00000000ed000000)
 ParOldGen       total 44032K, used 1107K [0x00000000c0000000, 0x00000000c2b00000, 0x00000000eab00000)
  object space 44032K, 2% used [0x00000000c0000000,0x00000000c0114ef0,0x00000000c2b00000)
 Metaspace       used 5485K, capacity 6448K, committed 6528K, reserved 1056768K
  class space    used 597K, capacity 616K, committed 640K, reserved 1048576K
}
Event: 6.558 GC heap before
{Heap before GC invocations=2 (full 0):
 PSYoungGen      total 18944K, used 18921K [0x00000000eab00000, 0x00000000ed000000, 0x0000000100000000)
  eden space 16384K, 100% used [0x00000000eab00000,0x00000000ebb00000,0x00000000ebb00000)
  from space 2560K, 99% used [0x00000000ebb00000,0x00000000ebd7a758,0x00000000ebd80000)
  to   space 2560K, 0% used [0x00000000ecd80000,0x00000000ecd80000,0x00000000ed000000)
 ParOldGen       total 44032K, used 1107K [0x00000000c0000000, 0x00000000c2b00000, 0x00000000eab00000)
  object space 44032K, 2% used [0x00000000c0000000,0x00000000c0114ef0,0x00000000c2b00000)
 Metaspace       used 5995K, capacity 6896K, committed 7040K, reserved 1056768K
  class space    used 602K, capacity 616K, committed 640K, reserved 1048576K
Event: 7.031 GC heap after
Heap after GC invocations=2 (full 0):
 PSYoungGen      total 35328K, used 2544K [0x00000000eab00000, 0x00000000ed000000, 0x0000000100000000)
  eden space 32768K, 0% used [0x00000000eab00000,0x00000000eab00000,0x00000000ecb00000)
  from space 2560K, 99% used [0x00000000ecd80000,0x00000000ecffc028,0x00000000ed000000)
  to   space 2560K, 0% used [0x00000000ecb00000,0x00000000ecb00000,0x00000000ecd80000)
 ParOldGen       total 44032K, used 2718K [0x00000000c0000000, 0x00000000c2b00000, 0x00000000eab00000)
  object space 44032K, 6% used [0x00000000c0000000,0x00000000c02a7a20,0x00000000c2b00000)
 Metaspace       used 5995K, capacity 6896K, committed 7040K, reserved 1056768K
  class space    used 602K, capacity 616K, committed 640K, reserved 1048576K
}

Deoptimization events (10 events):
Event: 5.515 Thread 0x0000000056da0000 Uncommon trap: reason=unstable_if action=reinterpret pc=0x0000000002593d9c method=com.android.dx.rop.code.RegisterSpecSet.put(Lcom/android/dx/rop/code/RegisterSpec;)V @ 77
Event: 5.516 Thread 0x0000000056da0000 Uncommon trap: reason=unstable_if action=reinterpret pc=0x0000000002596d48 method=com.android.dx.rop.code.RegisterSpecSet.put(Lcom/android/dx/rop/code/RegisterSpec;)V @ 77
Event: 9.608 Thread 0x0000000056df6000 Uncommon trap: reason=bimorphic action=maybe_recompile pc=0x00000000027619f0 method=com.android.dx.cf.code.BytecodeArray.parseInstruction(ILcom/android/dx/cf/code/BytecodeArray$Visitor;)I @ 2484
Event: 9.608 Thread 0x0000000056df6000 Uncommon trap: reason=bimorphic action=maybe_recompile pc=0x00000000027619f0 method=com.android.dx.cf.code.BytecodeArray.parseInstruction(ILcom/android/dx/cf/code/BytecodeArray$Visitor;)I @ 2484
Event: 10.101 Thread 0x0000000056df6800 Uncommon trap: reason=unstable_if action=reinterpret pc=0x00000000024e3d44 method=com.android.dx.rop.cst.Constant.compareTo(Lcom/android/dx/rop/cst/Constant;)I @ 12
Event: 10.252 Thread 0x0000000056df6800 Uncommon trap: reason=unstable_if action=reinterpret pc=0x0000000002770a74 method=com.android.dx.ssa.SCCP.simulateBranch(Lcom/android/dx/ssa/SsaInsn;)V @ 107
Event: 14.322 Thread 0x0000000056df6800 Uncommon trap: reason=bimorphic action=maybe_recompile pc=0x00000000028d7af4 method=com.android.dx.rop.code.Rops.opMoveResultPseudo(Lcom/android/dx/rop/type/TypeBearer;)Lcom/android/dx/rop/code/Rop; @ 7
Event: 14.327 Thread 0x0000000056df6800 Uncommon trap: reason=bimorphic action=maybe_recompile pc=0x00000000028d7af4 method=com.android.dx.rop.code.Rops.opMoveResultPseudo(Lcom/android/dx/rop/type/TypeBearer;)Lcom/android/dx/rop/code/Rop; @ 7
Event: 14.327 Thread 0x0000000056df6800 Uncommon trap: reason=bimorphic action=maybe_recompile pc=0x00000000028d7af4 method=com.android.dx.rop.code.Rops.opMoveResultPseudo(Lcom/android/dx/rop/type/TypeBearer;)Lcom/android/dx/rop/code/Rop; @ 7
Event: 14.683 Thread 0x0000000056df6800 Uncommon trap: reason=bimorphic action=maybe_recompile pc=0x00000000028d7af4 method=com.android.dx.rop.code.Rops.opMoveResultPseudo(Lcom/android/dx/rop/type/TypeBearer;)Lcom/android/dx/rop/code/Rop; @ 7

Internal exceptions (3 events):
Event: 0.462 Thread 0x0000000001b7f000 Exception <a 'java/lang/NoSuchMethodError': Method sun.misc.Unsafe.defineClass(Ljava/lang/String;[BII)Ljava/lang/Class; name or signature does not match> (0x00000000eab0d498) thrown at [C:\re\workspace\8-2-build-windows-amd64-cygwin\jdk8u60\4407\hotspot\sríË2©J“Ý?
Event: 0.462 Thread 0x0000000001b7f000 Exception <a 'java/lang/NoSuchMethodError': Method sun.misc.Unsafe.prefetchRead(Ljava/lang/Object;J)V name or signature does not match> (0x00000000eab0d780) thrown at [C:\re\workspace\8-2-build-windows-amd64-cygwin\jdk8u60\4407\hotspot\src\share\vm\prims\jž?‰íÞÂ@
Event: 5.190 Thread 0x0000000056d85000 Implicit null exception at 0x00000000024fe574 to 0x0000000002500569

Events (10 events):
Event: 14.327 Thread 0x0000000056df6800 DEOPT PACKING pc=0x00000000028d7af4 sp=0x0000000057d3e540
Event: 14.327 Thread 0x0000000056df6800 DEOPT UNPACKING pc=0x00000000022f582a sp=0x0000000057d3e488 mode 2
Event: 14.327 Thread 0x0000000056df6800 Uncommon trap: trap_request=0xffffffc6 fr.pc=0x00000000028d7af4
Event: 14.327 Thread 0x0000000056df6800 DEOPT PACKING pc=0x00000000028d7af4 sp=0x0000000057d3e540
Event: 14.327 Thread 0x0000000056df6800 DEOPT UNPACKING pc=0x00000000022f582a sp=0x0000000057d3e488 mode 2
Event: 14.683 Thread 0x0000000056df6800 Uncommon trap: trap_request=0xffffffc6 fr.pc=0x00000000028d7af4
Event: 14.683 Thread 0x0000000056df6800 DEOPT PACKING pc=0x00000000028d7af4 sp=0x0000000057d3e540
Event: 14.683 Thread 0x0000000056df6800 DEOPT UNPACKING pc=0x00000000022f582a sp=0x0000000057d3e488 mode 2
Event: 15.390 Thread 0x0000000056df6800 DEOPT PACKING pc=0x000000000269023d sp=0x0000000057d3ea10
Event: 15.390 Thread 0x0000000056df6800 DEOPT UNPACKING pc=0x00000000022f787f sp=0x0000000057d3e700 mode 0


Dynamic libraries:
0x000000013f590000 - 0x000000013f5c7000 	C:\Program Files\Java\jdk1.8.0_60\bin\java.exe
0x0000000077770000 - 0x000000007791a000 	C:\Windows\SYSTEM32\ntdll.dll
0x0000000077650000 - 0x000000007776f000 	C:\Windows\system32\kernel32.dll
0x000007fefd680000 - 0x000007fefd6ea000 	C:\Windows\system32\KERNELBASE.dll
0x000007feff9a0000 - 0x000007feffa7b000 	C:\Windows\system32\ADVAPI32.dll
0x000007fefd950000 - 0x000007fefd9ef000 	C:\Windows\system32\msvcrt.dll
0x000007fefe140000 - 0x000007fefe15f000 	C:\Windows\SYSTEM32\sechost.dll
0x000007feff870000 - 0x000007feff99d000 	C:\Windows\system32\RPCRT4.dll
0x0000000077550000 - 0x000000007764a000 	C:\Windows\system32\USER32.dll
0x000007fefe0d0000 - 0x000007fefe137000 	C:\Windows\system32\GDI32.dll
0x000007fefe260000 - 0x000007fefe26e000 	C:\Windows\system32\LPK.dll
0x000007fefdd30000 - 0x000007fefddfa000 	C:\Windows\system32\USP10.dll
0x000007fefbde0000 - 0x000007fefbfd4000 	C:\Windows\WinSxS\amd64_microsoft.windows.common-controls_6595b64144ccf1df_6.0.7601.18837_none_fa3b1e3d17594757\COMCTL32.dll
0x000007feff590000 - 0x000007feff601000 	C:\Windows\system32\SHLWAPI.dll
0x000007feff6b0000 - 0x000007feff6de000 	C:\Windows\system32\IMM32.DLL
0x000007fefd9f0000 - 0x000007fefdaf9000 	C:\Windows\system32\MSCTF.dll
0x000000005bf00000 - 0x000000005bfd2000 	C:\Program Files\Java\jdk1.8.0_60\jre\bin\msvcr100.dll
0x0000000070050000 - 0x00000000708d9000 	C:\Program Files\Java\jdk1.8.0_60\jre\bin\server\jvm.dll
0x000007fef3ae0000 - 0x000007fef3ae9000 	C:\Windows\system32\WSOCK32.dll
0x000007fefdce0000 - 0x000007fefdd2d000 	C:\Windows\system32\WS2_32.dll
0x000007feff4a0000 - 0x000007feff4a8000 	C:\Windows\system32\NSI.dll
0x000007fefa060000 - 0x000007fefa09b000 	C:\Windows\system32\WINMM.dll
0x000007fefc3d0000 - 0x000007fefc3dc000 	C:\Windows\system32\VERSION.dll
0x0000000077940000 - 0x0000000077947000 	C:\Windows\system32\PSAPI.DLL
0x000000006a580000 - 0x000000006a58f000 	C:\Program Files\Java\jdk1.8.0_60\jre\bin\verify.dll
0x0000000068210000 - 0x0000000068239000 	C:\Program Files\Java\jdk1.8.0_60\jre\bin\java.dll
0x0000000060400000 - 0x0000000060416000 	C:\Program Files\Java\jdk1.8.0_60\jre\bin\zip.dll
0x000007fefe480000 - 0x000007feff20a000 	C:\Windows\system32\SHELL32.dll
0x000007fefe270000 - 0x000007fefe473000 	C:\Windows\system32\ole32.dll
0x000007fefd500000 - 0x000007fefd50f000 	C:\Windows\system32\profapi.dll

VM Arguments:
jvm_args: -Djava.awt.headless=true -Xmx1024M -Dfile.encoding=windows-1252 -Duser.country=ES -Duser.language=es -Duser.variant 
java_command: com.android.dx.command.Main --dex --num-threads=4 --output C:\Users\Agustin\Desktop\Android\turnos\app\build\intermediates\pre-dexed\debug\com.android.support-appcompat-v7-23.1.1_780b5f18a410cbcb92dedb257a41cd2108191a9b.jar C:\Users\Agustin\Desktop\Android\turnos\app\build\intermediates\exploded-aar\com.android.support\appcompat-v7\23.1.1\jars\classes.jar
java_class_path (initial): C:\Users\Agustin\AppData\Local\Android\sdk\build-tools\23.0.2\lib\dx.jar
Launcher Type: SUN_STANDARD

Environment Variables:
JAVA_HOME=C:\Program Files\Java\jdk1.8.0_92
JRE_HOME=C:\Program Files\Java\jre1.8.0_92
PATH=C:\Program Files\Common Files\Microsoft Shared\Windows Live;C:\Program Files (x86)\Common Files\Microsoft Shared\Windows Live;C:\ProgramData\Oracle\Java\javapath;C:\Windows\system32;C:\Windows;C:\Windows\System32\Wbem;C:\Windows\System32\WindowsPowerShell\v1.0\;C:\Program Files (x86)\Windows Live\Shared;C:\Program Files (x86)\Skype\Phone\;C:\Program Files\Java\jdk1.8.0_60\bin;C:\Program Files\Mercurial; C:\Program Files\Java\jdk1.8.0_60\bin
USERNAME=Agustin
OS=Windows_NT
PROCESSOR_IDENTIFIER=Intel64 Family 6 Model 42 Stepping 7, GenuineIntel



---------------  S Y S T E M  ---------------

OS: Windows 7 , 64 bit Build 7601 (6.1.7601.23418)

CPU:total 4 (2 cores per cpu, 2 threads per core) family 6 model 42 stepping 7, cmov, cx8, fxsr, mmx, sse, sse2, sse3, ssse3, sse4.1, sse4.2, popcnt, avx, clmul, ht, tsc, tscinvbit

Memory: 4k page, physical 4127088k(35052k free), swap 7332036k(5072k free)

vm_info: Java HotSpot(TM) 64-Bit Server VM (25.60-b23) for windows-amd64 JRE (1.8.0_60-b27), built on Aug  4 2015 11:06:27 by "java_re" with MS VC++ 10.0 (VS2010)

time: Thu May 19 14:57:37 2016
elapsed time: 16 seconds (0d 0h 0m 16s)

