#
# There is insufficient memory for the Java Runtime Environment to continue.
# Native memory allocation (malloc) failed to allocate 394736 bytes for Chunk::new
# Possible reasons:
#   The system is out of physical RAM or swap space
#   In 32 bit mode, the process size limit was hit
# Possible solutions:
#   Reduce memory load on the system
#   Increase physical memory or swap space
#   Check if swap backing store is full
#   Use 64 bit Java on a 64 bit OS
#   Decrease Java heap size (-Xmx/-Xms)
#   Decrease number of Java threads
#   Decrease Java thread stack sizes (-Xss)
#   Set larger code cache with -XX:ReservedCodeCacheSize=
# This output file may be truncated or incomplete.
#
#  Out of Memory Error (allocation.cpp:390), pid=10112, tid=6768
#
# JRE version: Java(TM) SE Runtime Environment (8.0_60-b27) (build 1.8.0_60-b27)
# Java VM: Java HotSpot(TM) 64-Bit Server VM (25.60-b23 mixed mode windows-amd64 compressed oops)
# Failed to write core dump. Minidumps are not enabled by default on client versions of Windows
#

---------------  T H R E A D  ---------------

Current thread (0x0000000054ce0000):  JavaThread "C2 CompilerThread0" daemon [_thread_in_native, id=6768, stack(0x00000000565b0000,0x00000000566b0000)]

Stack: [0x00000000565b0000,0x00000000566b0000]
[error occurred during error reporting (printing stack bounds), id 0xc0000005]

Native frames: (J=compiled Java code, j=interpreted, Vv=VM code, C=native code)


Current CompileTask:
C2:  17176 2120   !   4       com.android.dx.cf.code.BytecodeArray::parseInstruction (2764 bytes)


---------------  P R O C E S S  ---------------

Java Threads: ( => current thread )
  0x0000000056a53000 JavaThread "pool-1-thread-4" [_thread_blocked, id=7236, stack(0x0000000057760000,0x0000000057860000)]
  0x0000000056a63800 JavaThread "pool-1-thread-3" [_thread_in_Java, id=1436, stack(0x0000000057c40000,0x0000000057d40000)]
  0x0000000056a63000 JavaThread "pool-1-thread-2" [_thread_blocked, id=9468, stack(0x00000000579c0000,0x0000000057ac0000)]
  0x0000000056a67800 JavaThread "pool-2-thread-1" [_thread_blocked, id=6160, stack(0x0000000057890000,0x0000000057990000)]
  0x0000000056a66000 JavaThread "pool-1-thread-1" [_thread_blocked, id=7504, stack(0x0000000057660000,0x0000000057760000)]
  0x000000005680b000 JavaThread "Service Thread" daemon [_thread_blocked, id=1968, stack(0x0000000055fc0000,0x00000000560c0000)]
  0x0000000054ce8800 JavaThread "C1 CompilerThread2" daemon [_thread_blocked, id=10284, stack(0x0000000055d30000,0x0000000055e30000)]
  0x0000000054ce7800 JavaThread "C2 CompilerThread1" daemon [_thread_in_native, id=7792, stack(0x00000000566b0000,0x00000000567b0000)]
=>0x0000000054ce0000 JavaThread "C2 CompilerThread0" daemon [_thread_in_native, id=6768, stack(0x00000000565b0000,0x00000000566b0000)]
  0x0000000054cee000 JavaThread "Attach Listener" daemon [_thread_blocked, id=9668, stack(0x0000000056460000,0x0000000056560000)]
  0x0000000054cec800 JavaThread "Signal Dispatcher" daemon [_thread_blocked, id=7104, stack(0x00000000562d0000,0x00000000563d0000)]
  0x0000000054c81000 JavaThread "Finalizer" daemon [_thread_blocked, id=9320, stack(0x0000000056100000,0x0000000056200000)]
  0x0000000054c80000 JavaThread "Reference Handler" daemon [_thread_blocked, id=5616, stack(0x0000000055e90000,0x0000000055f90000)]
  0x0000000001ebf000 JavaThread "main" [_thread_blocked, id=3812, stack(0x0000000002070000,0x0000000002170000)]

Other Threads:
  0x0000000054c7a800 VMThread [stack: 0x0000000055c20000,0x0000000055d20000] [id=9804]
  0x000000005681d800 WatcherThread [stack: 0x0000000056c60000,0x0000000056d60000] [id=1636]

VM state:not at safepoint (normal execution)

VM Mutex/Monitor currently owned by a thread: None

Heap:
 PSYoungGen      total 142848K, used 90281K [0x00000000eab00000, 0x00000000f4c00000, 0x0000000100000000)
  eden space 128512K, 60% used [0x00000000eab00000,0x00000000ef65e398,0x00000000f2880000)
  from space 14336K, 91% used [0x00000000f3900000,0x00000000f45cc2d0,0x00000000f4700000)
  to   space 16896K, 0% used [0x00000000f2880000,0x00000000f2880000,0x00000000f3900000)
 ParOldGen       total 44032K, used 22165K [0x00000000c0000000, 0x00000000c2b00000, 0x00000000eab00000)
  object space 44032K, 50% used [0x00000000c0000000,0x00000000c15a55c0,0x00000000c2b00000)
 Metaspace       used 6514K, capacity 7256K, committed 7424K, reserved 1056768K
  class space    used 625K, capacity 656K, committed 768K, reserved 1048576K

Card table byte_map: [0x0000000011800000,0x0000000011a10000] byte_map_base: 0x0000000011200000

Marking Bits: (ParMarkBitMap*) 0x000000007085a5b0
 Begin Bits: [0x00000000120f0000, 0x00000000130f0000)
 End Bits:   [0x00000000130f0000, 0x00000000140f0000)

Polling page: 0x0000000000210000

CodeCache: size=245760Kb used=9145Kb max_used=9145Kb free=236614Kb
 bounds [0x0000000002440000, 0x0000000002d40000, 0x0000000011440000]
 total_blobs=2321 nmethods=2051 adapters=182
 compilation: enabled

Compilation events (10 events):
Event: 16.580 Thread 0x0000000054ce8800 2140       2       com.android.dx.cf.code.Simulator::requiredArrayTypeFor (61 bytes)
Event: 16.581 Thread 0x0000000054ce8800 nmethod 2140 0x0000000002d2d890 code [0x0000000002d2da40, 0x0000000002d2dd38]
Event: 16.598 Thread 0x0000000054ce8800 2141       2       com.android.dx.dex.file.AnnotationUtils::makeInnerClass (65 bytes)
Event: 16.599 Thread 0x0000000054ce8800 nmethod 2141 0x0000000002d2cd50 code [0x0000000002d2cf40, 0x0000000002d2d438]
Event: 16.606 Thread 0x0000000054ce8800 2142       2       com.android.dx.dex.file.AnnotationUtils::makeCstArray (57 bytes)
Event: 16.607 Thread 0x0000000054ce8800 nmethod 2142 0x0000000002d2bc50 code [0x0000000002d2be40, 0x0000000002d2c518]
Event: 16.621 Thread 0x0000000054ce8800 2143       2       com.android.dx.rop.code.RegisterSpecList::withoutLast (60 bytes)
Event: 16.622 Thread 0x0000000054ce8800 nmethod 2143 0x0000000002d2aed0 code [0x0000000002d2b0a0, 0x0000000002d2b648]
Event: 16.630 Thread 0x0000000054ce8800 2144       2       com.android.dx.ssa.NormalSsaInsn::changeOneSource (120 bytes)
Event: 16.632 Thread 0x0000000054ce8800 nmethod 2144 0x0000000002d33fd0 code [0x0000000002d341e0, 0x0000000002d34918]

GC Heap History (10 events):
Event: 3.553 GC heap before
{Heap before GC invocations=2 (full 0):
 PSYoungGen      total 18944K, used 18024K [0x00000000eab00000, 0x00000000ed000000, 0x0000000100000000)
  eden space 16384K, 100% used [0x00000000eab00000,0x00000000ebb00000,0x00000000ebb00000)
  from space 2560K, 64% used [0x00000000ebb00000,0x00000000ebc9a0f8,0x00000000ebd80000)
  to   space 2560K, 0% used [0x00000000ecd80000,0x00000000ecd80000,0x00000000ed000000)
 ParOldGen       total 44032K, used 0K [0x00000000c0000000, 0x00000000c2b00000, 0x00000000eab00000)
  object space 44032K, 0% used [0x00000000c0000000,0x00000000c0000000,0x00000000c2b00000)
 Metaspace       used 5906K, capacity 6832K, committed 7040K, reserved 1056768K
  class space    used 601K, capacity 616K, committed 640K, reserved 1048576K
Event: 3.606 GC heap after
Heap after GC invocations=2 (full 0):
 PSYoungGen      total 35328K, used 2553K [0x00000000eab00000, 0x00000000ed000000, 0x0000000100000000)
  eden space 32768K, 0% used [0x00000000eab00000,0x00000000eab00000,0x00000000ecb00000)
  from space 2560K, 99% used [0x00000000ecd80000,0x00000000ecffe5e0,0x00000000ed000000)
  to   space 2560K, 0% used [0x00000000ecb00000,0x00000000ecb00000,0x00000000ecd80000)
 ParOldGen       total 44032K, used 1982K [0x00000000c0000000, 0x00000000c2b00000, 0x00000000eab00000)
  object space 44032K, 4% used [0x00000000c0000000,0x00000000c01efac0,0x00000000c2b00000)
 Metaspace       used 5906K, capacity 6832K, committed 7040K, reserved 1056768K
  class space    used 601K, capacity 616K, committed 640K, reserved 1048576K
}
Event: 5.894 GC heap before
{Heap before GC invocations=3 (full 0):
 PSYoungGen      total 35328K, used 35321K [0x00000000eab00000, 0x00000000ed000000, 0x0000000100000000)
  eden space 32768K, 100% used [0x00000000eab00000,0x00000000ecb00000,0x00000000ecb00000)
  from space 2560K, 99% used [0x00000000ecd80000,0x00000000ecffe5e0,0x00000000ed000000)
  to   space 2560K, 0% used [0x00000000ecb00000,0x00000000ecb00000,0x00000000ecd80000)
 ParOldGen       total 44032K, used 1982K [0x00000000c0000000, 0x00000000c2b00000, 0x00000000eab00000)
  object space 44032K, 4% used [0x00000000c0000000,0x00000000c01efac0,0x00000000c2b00000)
 Metaspace       used 6171K, capacity 7024K, committed 7296K, reserved 1056768K
  class space    used 603K, capacity 616K, committed 640K, reserved 1048576K
Event: 5.926 GC heap after
Heap after GC invocations=3 (full 0):
 PSYoungGen      total 35328K, used 2539K [0x00000000eab00000, 0x00000000ef000000, 0x0000000100000000)
  eden space 32768K, 0% used [0x00000000eab00000,0x00000000eab00000,0x00000000ecb00000)
  from space 2560K, 99% used [0x00000000ecb00000,0x00000000ecd7af48,0x00000000ecd80000)
  to   space 2560K, 0% used [0x00000000eed80000,0x00000000eed80000,0x00000000ef000000)
 ParOldGen       total 44032K, used 7238K [0x00000000c0000000, 0x00000000c2b00000, 0x00000000eab00000)
  object space 44032K, 16% used [0x00000000c0000000,0x00000000c0711818,0x00000000c2b00000)
 Metaspace       used 6171K, capacity 7024K, committed 7296K, reserved 1056768K
  class space    used 603K, capacity 616K, committed 640K, reserved 1048576K
}
Event: 6.568 GC heap before
{Heap before GC invocations=4 (full 0):
 PSYoungGen      total 35328K, used 35307K [0x00000000eab00000, 0x00000000ef000000, 0x0000000100000000)
  eden space 32768K, 100% used [0x00000000eab00000,0x00000000ecb00000,0x00000000ecb00000)
  from space 2560K, 99% used [0x00000000ecb00000,0x00000000ecd7af48,0x00000000ecd80000)
  to   space 2560K, 0% used [0x00000000eed80000,0x00000000eed80000,0x00000000ef000000)
 ParOldGen       total 44032K, used 7238K [0x00000000c0000000, 0x00000000c2b00000, 0x00000000eab00000)
  object space 44032K, 16% used [0x00000000c0000000,0x00000000c0711818,0x00000000c2b00000)
 Metaspace       used 6225K, capacity 7088K, committed 7296K, reserved 1056768K
  class space    used 604K, capacity 616K, committed 640K, reserved 1048576K
Event: 7.834 GC heap after
Heap after GC invocations=4 (full 0):
 PSYoungGen      total 68096K, used 2529K [0x00000000eab00000, 0x00000000ef000000, 0x0000000100000000)
  eden space 65536K, 0% used [0x00000000eab00000,0x00000000eab00000,0x00000000eeb00000)
  from space 2560K, 98% used [0x00000000eed80000,0x00000000eeff84f0,0x00000000ef000000)
  to   space 2560K, 0% used [0x00000000eeb00000,0x00000000eeb00000,0x00000000eed80000)
 ParOldGen       total 44032K, used 11950K [0x00000000c0000000, 0x00000000c2b00000, 0x00000000eab00000)
  object space 44032K, 27% used [0x00000000c0000000,0x00000000c0bab9a0,0x00000000c2b00000)
 Metaspace       used 6225K, capacity 7088K, committed 7296K, reserved 1056768K
  class space    used 604K, capacity 616K, committed 640K, reserved 1048576K
}
Event: 10.098 GC heap before
{Heap before GC invocations=5 (full 0):
 PSYoungGen      total 68096K, used 68065K [0x00000000eab00000, 0x00000000ef000000, 0x0000000100000000)
  eden space 65536K, 100% used [0x00000000eab00000,0x00000000eeb00000,0x00000000eeb00000)
  from space 2560K, 98% used [0x00000000eed80000,0x00000000eeff84f0,0x00000000ef000000)
  to   space 2560K, 0% used [0x00000000eeb00000,0x00000000eeb00000,0x00000000eed80000)
 ParOldGen       total 44032K, used 11950K [0x00000000c0000000, 0x00000000c2b00000, 0x00000000eab00000)
  object space 44032K, 27% used [0x00000000c0000000,0x00000000c0bab9a0,0x00000000c2b00000)
 Metaspace       used 6300K, capacity 7152K, committed 7296K, reserved 1056768K
  class space    used 604K, capacity 616K, committed 640K, reserved 1048576K
Event: 10.338 GC heap after
Heap after GC invocations=5 (full 0):
 PSYoungGen      total 68096K, used 2542K [0x00000000eab00000, 0x00000000f4700000, 0x0000000100000000)
  eden space 65536K, 0% used [0x00000000eab00000,0x00000000eab00000,0x00000000eeb00000)
  from space 2560K, 99% used [0x00000000eeb00000,0x00000000eed7bb98,0x00000000eed80000)
  to   space 14336K, 0% used [0x00000000f3900000,0x00000000f3900000,0x00000000f4700000)
 ParOldGen       total 44032K, used 22165K [0x00000000c0000000, 0x00000000c2b00000, 0x00000000eab00000)
  object space 44032K, 50% used [0x00000000c0000000,0x00000000c15a55c0,0x00000000c2b00000)
 Metaspace       used 6300K, capacity 7152K, committed 7296K, reserved 1056768K
  class space    used 604K, capacity 616K, committed 640K, reserved 1048576K
}
Event: 11.803 GC heap before
{Heap before GC invocations=6 (full 0):
 PSYoungGen      total 68096K, used 68078K [0x00000000eab00000, 0x00000000f4700000, 0x0000000100000000)
  eden space 65536K, 100% used [0x00000000eab00000,0x00000000eeb00000,0x00000000eeb00000)
  from space 2560K, 99% used [0x00000000eeb00000,0x00000000eed7bb98,0x00000000eed80000)
  to   space 14336K, 0% used [0x00000000f3900000,0x00000000f3900000,0x00000000f4700000)
 ParOldGen       total 44032K, used 22165K [0x00000000c0000000, 0x00000000c2b00000, 0x00000000eab00000)
  object space 44032K, 50% used [0x00000000c0000000,0x00000000c15a55c0,0x00000000c2b00000)
 Metaspace       used 6349K, capacity 7152K, committed 7296K, reserved 1056768K
  class space    used 604K, capacity 616K, committed 640K, reserved 1048576K
Event: 12.498 GC heap after
Heap after GC invocations=6 (full 0):
 PSYoungGen      total 142848K, used 13104K [0x00000000eab00000, 0x00000000f4c00000, 0x0000000100000000)
  eden space 128512K, 0% used [0x00000000eab00000,0x00000000eab00000,0x00000000f2880000)
  from space 14336K, 91% used [0x00000000f3900000,0x00000000f45cc2d0,0x00000000f4700000)
  to   space 16896K, 0% used [0x00000000f2880000,0x00000000f2880000,0x00000000f3900000)
 ParOldGen       total 44032K, used 22165K [0x00000000c0000000, 0x00000000c2b00000, 0x00000000eab00000)
  object space 44032K, 50% used [0x00000000c0000000,0x00000000c15a55c0,0x00000000c2b00000)
 Metaspace       used 6349K, capacity 7152K, committed 7296K, reserved 1056768K
  class space    used 604K, capacity 616K, committed 640K, reserved 1048576K
}

Deoptimization events (10 events):
Event: 10.881 Thread 0x0000000056a63000 Uncommon trap: reason=unstable_if action=reinterpret pc=0x0000000002941100 method=com.android.dx.ssa.SCCP.simulateStmt(Lcom/android/dx/ssa/SsaInsn;)V @ 53
Event: 10.893 Thread 0x0000000056a63000 Uncommon trap: reason=bimorphic action=maybe_recompile pc=0x00000000026f9738 method=java.util.HashMap.getNode(ILjava/lang/Object;)Ljava/util/HashMap$Node; @ 126
Event: 10.893 Thread 0x0000000056a63000 Uncommon trap: reason=class_check action=maybe_recompile pc=0x00000000028f92b0 method=java.util.HashMap.putVal(ILjava/lang/Object;Ljava/lang/Object;ZZ)Ljava/lang/Object; @ 203
Event: 11.210 Thread 0x0000000056a63000 Uncommon trap: reason=unstable_if action=reinterpret pc=0x0000000002947a70 method=com.android.dx.rop.code.LocalItem.compareHandlesNulls(Lcom/android/dx/rop/cst/CstString;Lcom/android/dx/rop/cst/CstString;)I @ 14
Event: 16.241 Thread 0x0000000001ebf000 Uncommon trap: reason=bimorphic action=maybe_recompile pc=0x0000000002c1bb18 method=com.android.dx.cf.code.BytecodeArray.parseInstruction(ILcom/android/dx/cf/code/BytecodeArray$Visitor;)I @ 1161
Event: 16.241 Thread 0x0000000001ebf000 Uncommon trap: reason=bimorphic action=maybe_recompile pc=0x0000000002c1bb18 method=com.android.dx.cf.code.BytecodeArray.parseInstruction(ILcom/android/dx/cf/code/BytecodeArray$Visitor;)I @ 1161
Event: 16.432 Thread 0x0000000056a63000 Uncommon trap: reason=unstable_if action=reinterpret pc=0x0000000002a54cc4 method=com.android.dx.ssa.MoveParamCombiner$1.visitNonMoveInsn(Lcom/android/dx/ssa/NormalSsaInsn;)V @ 27
Event: 16.527 Thread 0x0000000001ebf000 Uncommon trap: reason=unstable_if action=reinterpret pc=0x0000000002733220 method=java.util.HashMap.putVal(ILjava/lang/Object;Ljava/lang/Object;ZZ)Ljava/lang/Object; @ 162
Event: 16.629 Thread 0x0000000056a63000 Uncommon trap: reason=bimorphic action=maybe_recompile pc=0x0000000002b09a64 method=com.android.dx.ssa.LiteralOpUpgrader.tryReplacingWithConstant(Lcom/android/dx/ssa/NormalSsaInsn;)Z @ 62
Event: 16.652 Thread 0x0000000056a63000 Uncommon trap: reason=bimorphic action=maybe_recompile pc=0x0000000002b09a64 method=com.android.dx.ssa.LiteralOpUpgrader.tryReplacingWithConstant(Lcom/android/dx/ssa/NormalSsaInsn;)Z @ 62

Internal exceptions (7 events):
Event: 0.108 Thread 0x0000000001ebf000 Exception <a 'java/lang/NoSuchMethodError': Method sun.misc.Unsafe.defineClass(Ljava/lang/String;[BII)Ljava/lang/Class; name or signature does not match> (0x00000000eab0d198) thrown at [C:\re\workspace\8-2-build-windows-amd64-cygwin\jdk8u60\4407\hotspot\sr~ESeÈ»?
Event: 0.109 Thread 0x0000000001ebf000 Exception <a 'java/lang/NoSuchMethodError': Method sun.misc.Unsafe.prefetchRead(Ljava/lang/Object;J)V name or signature does not match> (0x00000000eab0d480) thrown at [C:\re\workspace\8-2-build-windows-amd64-cygwin\jdk8u60\4407\hotspot\src\share\vm\prims\j«TÏ	þî@
Event: 4.733 Thread 0x0000000056a63800 Implicit null exception at 0x0000000002750852 to 0x0000000002750951
Event: 11.210 Thread 0x0000000056a63000 Implicit null exception at 0x0000000002946686 to 0x0000000002947a3d
Event: 16.529 Thread 0x0000000001ebf000 Exception <a 'java/lang/ArrayIndexOutOfBoundsException': 18> (0x00000000ee959488) thrown at [C:\re\workspace\8-2-build-windows-amd64-cygwin\jdk8u60\4407\hotspot\src\share\vm\interpreter\interpreterRuntime.cpp, line 366]
Event: 16.530 Thread 0x0000000001ebf000 Exception <a 'java/lang/ArrayIndexOutOfBoundsException'> (0x00000000ee95b008) thrown at [C:\re\workspace\8-2-build-windows-amd64-cygwin\jdk8u60\4407\hotspot\src\share\vm\runtime\sharedRuntime.cpp, line 605]
Event: 16.531 Thread 0x0000000001ebf000 Exception <a 'java/lang/ArrayIndexOutOfBoundsException'> (0x00000000ee95c2f0) thrown at [C:\re\workspace\8-2-build-windows-amd64-cygwin\jdk8u60\4407\hotspot\src\share\vm\runtime\sharedRuntime.cpp, line 605]

Events (10 events):
Event: 16.531 loading class sun/reflect/generics/reflectiveObjects/TypeVariableImpl
Event: 16.532 loading class sun/reflect/generics/reflectiveObjects/LazyReflectiveObjectGenerator
Event: 16.532 loading class sun/reflect/generics/reflectiveObjects/LazyReflectiveObjectGenerator done
Event: 16.532 loading class sun/reflect/generics/reflectiveObjects/TypeVariableImpl done
Event: 16.629 Thread 0x0000000056a63000 Uncommon trap: trap_request=0xffffffc6 fr.pc=0x0000000002b09a64
Event: 16.629 Thread 0x0000000056a63000 DEOPT PACKING pc=0x0000000002b09a64 sp=0x0000000057abec00
Event: 16.629 Thread 0x0000000056a63000 DEOPT UNPACKING pc=0x000000000248582a sp=0x0000000057abeae8 mode 2
Event: 16.652 Thread 0x0000000056a63000 Uncommon trap: trap_request=0xffffffc6 fr.pc=0x0000000002b09a64
Event: 16.652 Thread 0x0000000056a63000 DEOPT PACKING pc=0x0000000002b09a64 sp=0x0000000057abeb50
Event: 16.652 Thread 0x0000000056a63000 DEOPT UNPACKING pc=0x000000000248582a sp=0x0000000057abea38 mode 2


Dynamic libraries:
0x000000013f590000 - 0x000000013f5c7000 	C:\Program Files\Java\jdk1.8.0_60\bin\java.exe
0x0000000077770000 - 0x000000007791a000 	C:\Windows\SYSTEM32\ntdll.dll
0x0000000077650000 - 0x000000007776f000 	C:\Windows\system32\kernel32.dll
0x000007fefd680000 - 0x000007fefd6ea000 	C:\Windows\system32\KERNELBASE.dll
0x000007feff9a0000 - 0x000007feffa7b000 	C:\Windows\system32\ADVAPI32.dll
0x000007fefd950000 - 0x000007fefd9ef000 	C:\Windows\system32\msvcrt.dll
0x000007fefe140000 - 0x000007fefe15f000 	C:\Windows\SYSTEM32\sechost.dll
0x000007feff870000 - 0x000007feff99d000 	C:\Windows\system32\RPCRT4.dll
0x0000000077550000 - 0x000000007764a000 	C:\Windows\system32\USER32.dll
0x000007fefe0d0000 - 0x000007fefe137000 	C:\Windows\system32\GDI32.dll
0x000007fefe260000 - 0x000007fefe26e000 	C:\Windows\system32\LPK.dll
0x000007fefdd30000 - 0x000007fefddfa000 	C:\Windows\system32\USP10.dll
0x000007fefbde0000 - 0x000007fefbfd4000 	C:\Windows\WinSxS\amd64_microsoft.windows.common-controls_6595b64144ccf1df_6.0.7601.18837_none_fa3b1e3d17594757\COMCTL32.dll
0x000007feff590000 - 0x000007feff601000 	C:\Windows\system32\SHLWAPI.dll
0x000007feff6b0000 - 0x000007feff6de000 	C:\Windows\system32\IMM32.DLL
0x000007fefd9f0000 - 0x000007fefdaf9000 	C:\Windows\system32\MSCTF.dll
0x000000005bf00000 - 0x000000005bfd2000 	C:\Program Files\Java\jdk1.8.0_60\jre\bin\msvcr100.dll
0x0000000070050000 - 0x00000000708d9000 	C:\Program Files\Java\jdk1.8.0_60\jre\bin\server\jvm.dll
0x000007fef3ae0000 - 0x000007fef3ae9000 	C:\Windows\system32\WSOCK32.dll
0x000007fefdce0000 - 0x000007fefdd2d000 	C:\Windows\system32\WS2_32.dll
0x000007feff4a0000 - 0x000007feff4a8000 	C:\Windows\system32\NSI.dll
0x000007fefa060000 - 0x000007fefa09b000 	C:\Windows\system32\WINMM.dll
0x000007fefc3d0000 - 0x000007fefc3dc000 	C:\Windows\system32\VERSION.dll
0x0000000077940000 - 0x0000000077947000 	C:\Windows\system32\PSAPI.DLL
0x000000006a580000 - 0x000000006a58f000 	C:\Program Files\Java\jdk1.8.0_60\jre\bin\verify.dll
0x0000000068210000 - 0x0000000068239000 	C:\Program Files\Java\jdk1.8.0_60\jre\bin\java.dll
0x0000000060400000 - 0x0000000060416000 	C:\Program Files\Java\jdk1.8.0_60\jre\bin\zip.dll
0x000007fefe480000 - 0x000007feff20a000 	C:\Windows\system32\SHELL32.dll
0x000007fefe270000 - 0x000007fefe473000 	C:\Windows\system32\ole32.dll
0x000007fefd500000 - 0x000007fefd50f000 	C:\Windows\system32\profapi.dll

VM Arguments:
jvm_args: -Djava.awt.headless=true -Xmx1024M -Dfile.encoding=windows-1252 -Duser.country=ES -Duser.language=es -Duser.variant 
java_command: com.android.dx.command.Main --dex --num-threads=4 --output C:\Users\Agustin\Desktop\Android\turnos\app\build\intermediates\pre-dexed\debug\com.android.support-support-v4-23.1.1_a58afb08ad127a5dd2568a06842a94b5e27e7b93.jar C:\Users\Agustin\Desktop\Android\turnos\app\build\intermediates\exploded-aar\com.android.support\support-v4\23.1.1\jars\classes.jar
java_class_path (initial): C:\Users\Agustin\AppData\Local\Android\sdk\build-tools\23.0.2\lib\dx.jar
Launcher Type: SUN_STANDARD

Environment Variables:
JAVA_HOME=C:\Program Files\Java\jdk1.8.0_92
JRE_HOME=C:\Program Files\Java\jre1.8.0_92
PATH=C:\Program Files\Common Files\Microsoft Shared\Windows Live;C:\Program Files (x86)\Common Files\Microsoft Shared\Windows Live;C:\ProgramData\Oracle\Java\javapath;C:\Windows\system32;C:\Windows;C:\Windows\System32\Wbem;C:\Windows\System32\WindowsPowerShell\v1.0\;C:\Program Files (x86)\Windows Live\Shared;C:\Program Files (x86)\Skype\Phone\;C:\Program Files\Java\jdk1.8.0_60\bin;C:\Program Files\Mercurial; C:\Program Files\Java\jdk1.8.0_60\bin
USERNAME=Agustin
OS=Windows_NT
PROCESSOR_IDENTIFIER=Intel64 Family 6 Model 42 Stepping 7, GenuineIntel



---------------  S Y S T E M  ---------------

OS: Windows 7 , 64 bit Build 7601 (6.1.7601.23418)

CPU:total 4 (2 cores per cpu, 2 threads per core) family 6 model 42 stepping 7, cmov, cx8, fxsr, mmx, sse, sse2, sse3, ssse3, sse4.1, sse4.2, popcnt, avx, clmul, ht, tsc, tscinvbit

Memory: 4k page, physical 4127088k(34528k free), swap 7332036k(4832k free)

vm_info: Java HotSpot(TM) 64-Bit Server VM (25.60-b23) for windows-amd64 JRE (1.8.0_60-b27), built on Aug  4 2015 11:06:27 by "java_re" with MS VC++ 10.0 (VS2010)

time: Thu May 19 14:57:37 2016
elapsed time: 17 seconds (0d 0h 0m 17s)

