#
# There is insufficient memory for the Java Runtime Environment to continue.
# Native memory allocation (malloc) failed to allocate 823536 bytes for Chunk::new
# Possible reasons:
#   The system is out of physical RAM or swap space
#   In 32 bit mode, the process size limit was hit
# Possible solutions:
#   Reduce memory load on the system
#   Increase physical memory or swap space
#   Check if swap backing store is full
#   Use 64 bit Java on a 64 bit OS
#   Decrease Java heap size (-Xmx/-Xms)
#   Decrease number of Java threads
#   Decrease Java thread stack sizes (-Xss)
#   Set larger code cache with -XX:ReservedCodeCacheSize=
# This output file may be truncated or incomplete.
#
#  Out of Memory Error (allocation.cpp:390), pid=2236, tid=11220
#
# JRE version: Java(TM) SE Runtime Environment (8.0_60-b27) (build 1.8.0_60-b27)
# Java VM: Java HotSpot(TM) 64-Bit Server VM (25.60-b23 mixed mode windows-amd64 compressed oops)
# Failed to write core dump. Minidumps are not enabled by default on client versions of Windows
#

---------------  T H R E A D  ---------------

Current thread (0x0000000054eb4000):  JavaThread "C2 CompilerThread1" daemon [_thread_in_native, id=11220, stack(0x00000000561c0000,0x00000000562c0000)]

Stack: [0x00000000561c0000,0x00000000562c0000]
[error occurred during error reporting (printing stack bounds), id 0xc0000005]

Native frames: (J=compiled Java code, j=interpreted, Vv=VM code, C=native code)


Current CompileTask:
C2:  16696 1833       4       com.android.dx.rop.code.LocalVariableExtractor::processBlock (327 bytes)


---------------  P R O C E S S  ---------------

Java Threads: ( => current thread )
  0x0000000056a8e000 JavaThread "pool-1-thread-4" [_thread_blocked, id=7316, stack(0x0000000057620000,0x0000000057720000)]
  0x0000000056a88000 JavaThread "pool-1-thread-3" [_thread_blocked, id=5880, stack(0x0000000057200000,0x0000000057300000)]
  0x0000000056a85000 JavaThread "pool-1-thread-2" [_thread_blocked, id=12176, stack(0x00000000573b0000,0x00000000574b0000)]
  0x0000000056a84800 JavaThread "pool-2-thread-1" [_thread_blocked, id=12228, stack(0x00000000570f0000,0x00000000571f0000)]
  0x0000000056a83800 JavaThread "pool-1-thread-1" [_thread_blocked, id=11548, stack(0x0000000056f80000,0x0000000057080000)]
  0x000000005686b800 JavaThread "Service Thread" daemon [_thread_blocked, id=10272, stack(0x0000000056bf0000,0x0000000056cf0000)]
  0x0000000054eb5000 JavaThread "C1 CompilerThread2" daemon [_thread_blocked, id=6544, stack(0x0000000056400000,0x0000000056500000)]
=>0x0000000054eb4000 JavaThread "C2 CompilerThread1" daemon [_thread_in_native, id=11220, stack(0x00000000561c0000,0x00000000562c0000)]
  0x0000000054eb0000 JavaThread "C2 CompilerThread0" daemon [_thread_in_native, id=7264, stack(0x00000000566e0000,0x00000000567e0000)]
  0x0000000054ebe000 JavaThread "Attach Listener" daemon [_thread_blocked, id=9196, stack(0x0000000056530000,0x0000000056630000)]
  0x0000000054ebc800 JavaThread "Signal Dispatcher" daemon [_thread_blocked, id=11456, stack(0x00000000562e0000,0x00000000563e0000)]
  0x0000000054e51000 JavaThread "Finalizer" daemon [_thread_blocked, id=4436, stack(0x0000000055e30000,0x0000000055f30000)]
  0x0000000054e50000 JavaThread "Reference Handler" daemon [_thread_blocked, id=8596, stack(0x00000000560a0000,0x00000000561a0000)]
  0x000000000008f000 JavaThread "main" [_thread_blocked, id=7892, stack(0x0000000002060000,0x0000000002160000)]

Other Threads:
  0x0000000054e4a800 VMThread [stack: 0x0000000055f30000,0x0000000056030000] [id=10804]
  0x0000000056873800 WatcherThread [stack: 0x0000000056dd0000,0x0000000056ed0000] [id=5240]

VM state:not at safepoint (normal execution)

VM Mutex/Monitor currently owned by a thread: None

Heap:
 PSYoungGen      total 68096K, used 7607K [0x00000000eab00000, 0x00000000f3e00000, 0x0000000100000000)
  eden space 65536K, 7% used [0x00000000eab00000,0x00000000eaff1df0,0x00000000eeb00000)
  from space 2560K, 99% used [0x00000000eeb00000,0x00000000eed7c038,0x00000000eed80000)
  to   space 9728K, 0% used [0x00000000f3480000,0x00000000f3480000,0x00000000f3e00000)
 ParOldGen       total 44032K, used 13154K [0x00000000c0000000, 0x00000000c2b00000, 0x00000000eab00000)
  object space 44032K, 29% used [0x00000000c0000000,0x00000000c0cd8b90,0x00000000c2b00000)
 Metaspace       used 6342K, capacity 7152K, committed 7296K, reserved 1056768K
  class space    used 602K, capacity 616K, committed 640K, reserved 1048576K

Card table byte_map: [0x00000000117f0000,0x0000000011a00000] byte_map_base: 0x00000000111f0000

Marking Bits: (ParMarkBitMap*) 0x000000005894a5b0
 Begin Bits: [0x00000000122c0000, 0x00000000132c0000)
 End Bits:   [0x00000000132c0000, 0x00000000142c0000)

Polling page: 0x00000000000b0000

CodeCache: size=245760Kb used=8062Kb max_used=8076Kb free=237697Kb
 bounds [0x0000000002430000, 0x0000000002c20000, 0x0000000011430000]
 total_blobs=2099 nmethods=1829 adapters=182
 compilation: enabled

Compilation events (10 events):
Event: 16.650 Thread 0x0000000054eb0000 nmethod 1830 0x0000000002bc3d90 code [0x0000000002bc3ec0, 0x0000000002bc3f58]
Event: 16.650 Thread 0x0000000054eb0000 1831       4       com.android.dx.util.LabeledList::getMaxLabel (47 bytes)
Event: 16.652 Thread 0x0000000054eb4000 nmethod 1828 0x0000000002c0ca90 code [0x0000000002c0cc00, 0x0000000002c0cf98]
Event: 16.652 Thread 0x0000000054eb4000 1833       4       com.android.dx.rop.code.LocalVariableExtractor::processBlock (327 bytes)
Event: 16.654 Thread 0x0000000054eb0000 nmethod 1831 0x0000000002c04410 code [0x0000000002c04560, 0x0000000002c04718]
Event: 16.654 Thread 0x0000000054eb0000 1832       4       com.android.dx.cf.code.BaseMachine::popArgs (62 bytes)
Event: 16.663 Thread 0x0000000054eb0000 nmethod 1832 0x0000000002c0c050 code [0x0000000002c0c1c0, 0x0000000002c0c618]
Event: 16.663 Thread 0x0000000054eb0000 1834       4       com.android.dx.ssa.back.LivenessAnalyzer::coInterferePhis (128 bytes)
Event: 16.686 Thread 0x0000000054eb0000 nmethod 1834 0x0000000002c0d4d0 code [0x0000000002c0d6a0, 0x0000000002c0e0e8]
Event: 16.686 Thread 0x0000000054eb0000 1836       4       com.android.dx.ssa.SCCP::simulateBranch (666 bytes)

GC Heap History (10 events):
Event: 0.977 GC heap before
{Heap before GC invocations=1 (full 0):
 PSYoungGen      total 18944K, used 16384K [0x00000000eab00000, 0x00000000ec000000, 0x0000000100000000)
  eden space 16384K, 100% used [0x00000000eab00000,0x00000000ebb00000,0x00000000ebb00000)
  from space 2560K, 0% used [0x00000000ebd80000,0x00000000ebd80000,0x00000000ec000000)
  to   space 2560K, 0% used [0x00000000ebb00000,0x00000000ebb00000,0x00000000ebd80000)
 ParOldGen       total 44032K, used 0K [0x00000000c0000000, 0x00000000c2b00000, 0x00000000eab00000)
  object space 44032K, 0% used [0x00000000c0000000,0x00000000c0000000,0x00000000c2b00000)
 Metaspace       used 5418K, capacity 6448K, committed 6528K, reserved 1056768K
  class space    used 590K, capacity 616K, committed 640K, reserved 1048576K
Event: 1.361 GC heap after
Heap after GC invocations=1 (full 0):
 PSYoungGen      total 18944K, used 2534K [0x00000000eab00000, 0x00000000ed000000, 0x0000000100000000)
  eden space 16384K, 0% used [0x00000000eab00000,0x00000000eab00000,0x00000000ebb00000)
  from space 2560K, 99% used [0x00000000ebb00000,0x00000000ebd79ba0,0x00000000ebd80000)
  to   space 2560K, 0% used [0x00000000ecd80000,0x00000000ecd80000,0x00000000ed000000)
 ParOldGen       total 44032K, used 639K [0x00000000c0000000, 0x00000000c2b00000, 0x00000000eab00000)
  object space 44032K, 1% used [0x00000000c0000000,0x00000000c009fd30,0x00000000c2b00000)
 Metaspace       used 5418K, capacity 6448K, committed 6528K, reserved 1056768K
  class space    used 590K, capacity 616K, committed 640K, reserved 1048576K
}
Event: 3.376 GC heap before
{Heap before GC invocations=2 (full 0):
 PSYoungGen      total 18944K, used 18918K [0x00000000eab00000, 0x00000000ed000000, 0x0000000100000000)
  eden space 16384K, 100% used [0x00000000eab00000,0x00000000ebb00000,0x00000000ebb00000)
  from space 2560K, 99% used [0x00000000ebb00000,0x00000000ebd79ba0,0x00000000ebd80000)
  to   space 2560K, 0% used [0x00000000ecd80000,0x00000000ecd80000,0x00000000ed000000)
 ParOldGen       total 44032K, used 639K [0x00000000c0000000, 0x00000000c2b00000, 0x00000000eab00000)
  object space 44032K, 1% used [0x00000000c0000000,0x00000000c009fd30,0x00000000c2b00000)
 Metaspace       used 5944K, capacity 6896K, committed 7040K, reserved 1056768K
  class space    used 595K, capacity 616K, committed 640K, reserved 1048576K
Event: 3.617 GC heap after
Heap after GC invocations=2 (full 0):
 PSYoungGen      total 35328K, used 2538K [0x00000000eab00000, 0x00000000ed000000, 0x0000000100000000)
  eden space 32768K, 0% used [0x00000000eab00000,0x00000000eab00000,0x00000000ecb00000)
  from space 2560K, 99% used [0x00000000ecd80000,0x00000000ecffaab8,0x00000000ed000000)
  to   space 2560K, 0% used [0x00000000ecb00000,0x00000000ecb00000,0x00000000ecd80000)
 ParOldGen       total 44032K, used 2178K [0x00000000c0000000, 0x00000000c2b00000, 0x00000000eab00000)
  object space 44032K, 4% used [0x00000000c0000000,0x00000000c0220aa8,0x00000000c2b00000)
 Metaspace       used 5944K, capacity 6896K, committed 7040K, reserved 1056768K
  class space    used 595K, capacity 616K, committed 640K, reserved 1048576K
}
Event: 14.518 GC heap before
{Heap before GC invocations=3 (full 0):
 PSYoungGen      total 35328K, used 35306K [0x00000000eab00000, 0x00000000ed000000, 0x0000000100000000)
  eden space 32768K, 100% used [0x00000000eab00000,0x00000000ecb00000,0x00000000ecb00000)
  from space 2560K, 99% used [0x00000000ecd80000,0x00000000ecffaab8,0x00000000ed000000)
  to   space 2560K, 0% used [0x00000000ecb00000,0x00000000ecb00000,0x00000000ecd80000)
 ParOldGen       total 44032K, used 2178K [0x00000000c0000000, 0x00000000c2b00000, 0x00000000eab00000)
  object space 44032K, 4% used [0x00000000c0000000,0x00000000c0220aa8,0x00000000c2b00000)
 Metaspace       used 6225K, capacity 7088K, committed 7296K, reserved 1056768K
  class space    used 601K, capacity 616K, committed 640K, reserved 1048576K
Event: 14.930 GC heap after
Heap after GC invocations=3 (full 0):
 PSYoungGen      total 35328K, used 2544K [0x00000000eab00000, 0x00000000ef000000, 0x0000000100000000)
  eden space 32768K, 0% used [0x00000000eab00000,0x00000000eab00000,0x00000000ecb00000)
  from space 2560K, 99% used [0x00000000ecb00000,0x00000000ecd7c038,0x00000000ecd80000)
  to   space 2560K, 0% used [0x00000000eed80000,0x00000000eed80000,0x00000000ef000000)
 ParOldGen       total 44032K, used 7123K [0x00000000c0000000, 0x00000000c2b00000, 0x00000000eab00000)
  object space 44032K, 16% used [0x00000000c0000000,0x00000000c06f4f68,0x00000000c2b00000)
 Metaspace       used 6225K, capacity 7088K, committed 7296K, reserved 1056768K
  class space    used 601K, capacity 616K, committed 640K, reserved 1048576K
}
Event: 15.464 GC heap before
{Heap before GC invocations=4 (full 0):
 PSYoungGen      total 35328K, used 35312K [0x00000000eab00000, 0x00000000ef000000, 0x0000000100000000)
  eden space 32768K, 100% used [0x00000000eab00000,0x00000000ecb00000,0x00000000ecb00000)
  from space 2560K, 99% used [0x00000000ecb00000,0x00000000ecd7c038,0x00000000ecd80000)
  to   space 2560K, 0% used [0x00000000eed80000,0x00000000eed80000,0x00000000ef000000)
 ParOldGen       total 44032K, used 7126K [0x00000000c0000000, 0x00000000c2b00000, 0x00000000eab00000)
  object space 44032K, 16% used [0x00000000c0000000,0x00000000c06f5870,0x00000000c2b00000)
 Metaspace       used 6332K, capacity 7152K, committed 7296K, reserved 1056768K
  class space    used 602K, capacity 616K, committed 640K, reserved 1048576K
Event: 15.600 GC heap after
Heap after GC invocations=4 (full 0):
 PSYoungGen      total 68096K, used 2528K [0x00000000eab00000, 0x00000000ef000000, 0x0000000100000000)
  eden space 65536K, 0% used [0x00000000eab00000,0x00000000eab00000,0x00000000eeb00000)
  from space 2560K, 98% used [0x00000000eed80000,0x00000000eeff8028,0x00000000ef000000)
  to   space 2560K, 0% used [0x00000000eeb00000,0x00000000eeb00000,0x00000000eed80000)
 ParOldGen       total 44032K, used 12586K [0x00000000c0000000, 0x00000000c2b00000, 0x00000000eab00000)
  object space 44032K, 28% used [0x00000000c0000000,0x00000000c0c4ab90,0x00000000c2b00000)
 Metaspace       used 6332K, capacity 7152K, committed 7296K, reserved 1056768K
  class space    used 602K, capacity 616K, committed 640K, reserved 1048576K
}
Event: 16.050 GC heap before
{Heap before GC invocations=5 (full 0):
 PSYoungGen      total 68096K, used 8059K [0x00000000eab00000, 0x00000000ef000000, 0x0000000100000000)
  eden space 65536K, 8% used [0x00000000eab00000,0x00000000eb066c80,0x00000000eeb00000)
  from space 2560K, 98% used [0x00000000eed80000,0x00000000eeff8028,0x00000000ef000000)
  to   space 2560K, 0% used [0x00000000eeb00000,0x00000000eeb00000,0x00000000eed80000)
 ParOldGen       total 44032K, used 12586K [0x00000000c0000000, 0x00000000c2b00000, 0x00000000eab00000)
  object space 44032K, 28% used [0x00000000c0000000,0x00000000c0c4ab90,0x00000000c2b00000)
 Metaspace       used 6338K, capacity 7152K, committed 7296K, reserved 1056768K
  class space    used 602K, capacity 616K, committed 640K, reserved 1048576K
Event: 16.281 GC heap after
Heap after GC invocations=5 (full 0):
 PSYoungGen      total 68096K, used 2544K [0x00000000eab00000, 0x00000000f3e00000, 0x0000000100000000)
  eden space 65536K, 0% used [0x00000000eab00000,0x00000000eab00000,0x00000000eeb00000)
  from space 2560K, 99% used [0x00000000eeb00000,0x00000000eed7c038,0x00000000eed80000)
  to   space 9728K, 0% used [0x00000000f3480000,0x00000000f3480000,0x00000000f3e00000)
 ParOldGen       total 44032K, used 13154K [0x00000000c0000000, 0x00000000c2b00000, 0x00000000eab00000)
  object space 44032K, 29% used [0x00000000c0000000,0x00000000c0cd8b90,0x00000000c2b00000)
 Metaspace       used 6338K, capacity 7152K, committed 7296K, reserved 1056768K
  class space    used 602K, capacity 616K, committed 640K, reserved 1048576K
}

Deoptimization events (10 events):
Event: 14.242 Thread 0x0000000056a88000 Uncommon trap: reason=null_assert action=make_not_entrant pc=0x0000000002afbe14 method=com.android.dx.cf.code.RopperMachine.run(Lcom/android/dx/cf/code/Frame;II)V @ 1112
Event: 14.992 Thread 0x0000000056a85000 Uncommon trap: reason=bimorphic action=maybe_recompile pc=0x00000000029d4cbc method=com.android.dx.rop.code.RegisterSpec.withSimpleType()Lcom/android/dx/rop/code/RegisterSpec; @ 21
Event: 15.058 Thread 0x0000000056a83800 Uncommon trap: reason=unstable_if action=reinterpret pc=0x0000000002a9bbc0 method=com.android.dx.rop.code.RegisterSpecSet.<init>(I)V @ 2
Event: 15.058 Thread 0x0000000056a83800 Uncommon trap: reason=unstable_if action=reinterpret pc=0x00000000027e9aa4 method=com.android.dx.rop.code.RegisterSpecSet.<init>(I)V @ 2
Event: 15.097 Thread 0x0000000056a83800 Uncommon trap: reason=unstable_if action=reinterpret pc=0x00000000029a528c method=com.android.dx.ssa.SCCP.simulateBranch(Lcom/android/dx/ssa/SsaInsn;)V @ 64
Event: 15.103 Thread 0x0000000056a83800 Uncommon trap: reason=unloaded action=reinterpret pc=0x00000000029fd958 method=com.android.dx.ssa.LiteralOpUpgrader$1.visitNonMoveInsn(Lcom/android/dx/ssa/NormalSsaInsn;)V @ 72
Event: 15.104 Thread 0x0000000056a83800 Uncommon trap: reason=unstable_if action=reinterpret pc=0x000000000286934c method=com.android.dx.ssa.SsaMethod.updateOneDefinition(Lcom/android/dx/ssa/SsaInsn;Lcom/android/dx/rop/code/RegisterSpec;)V @ 4
Event: 15.113 Thread 0x0000000056a83800 Uncommon trap: reason=bimorphic action=maybe_recompile pc=0x00000000029f1854 method=com.android.dx.ssa.SCCP.setLatticeValueTo(IILcom/android/dx/rop/cst/Constant;)Z @ 43
Event: 15.113 Thread 0x0000000056a83800 Uncommon trap: reason=bimorphic action=maybe_recompile pc=0x00000000029f1854 method=com.android.dx.ssa.SCCP.setLatticeValueTo(IILcom/android/dx/rop/cst/Constant;)Z @ 43
Event: 15.113 Thread 0x0000000056a83800 Uncommon trap: reason=bimorphic action=maybe_recompile pc=0x00000000029f1854 method=com.android.dx.ssa.SCCP.setLatticeValueTo(IILcom/android/dx/rop/cst/Constant;)Z @ 43

Internal exceptions (3 events):
Event: 0.059 Thread 0x000000000008f000 Exception <a 'java/lang/NoSuchMethodError': Method sun.misc.Unsafe.defineClass(Ljava/lang/String;[BII)Ljava/lang/Class; name or signature does not match> (0x00000000eab0d490) thrown at [C:\re\workspace\8-2-build-windows-amd64-cygwin\jdk8u60\4407\hotspot\sr~œoã×]®?
Event: 0.059 Thread 0x000000000008f000 Exception <a 'java/lang/NoSuchMethodError': Method sun.misc.Unsafe.prefetchRead(Ljava/lang/Object;J)V name or signature does not match> (0x00000000eab0d778) thrown at [C:\re\workspace\8-2-build-windows-amd64-cygwin\jdk8u60\4407\hotspot\src\share\vm\prims\j¬<ÚmÝ@
Event: 4.216 Thread 0x0000000056a85000 Implicit null exception at 0x000000000278e566 to 0x000000000278fc9d

Events (10 events):
Event: 15.380 Thread 0x0000000056a83800 DEOPT PACKING pc=0x00000000026c9003 sp=0x000000005707e780
Event: 15.380 Thread 0x0000000056a83800 DEOPT UNPACKING pc=0x000000000247787f sp=0x000000005707e500 mode 0
Event: 15.456 Executing VM operation: ParallelGCFailedAllocation
Event: 15.456 Executing VM operation: ParallelGCFailedAllocation done
Event: 15.464 Executing VM operation: ParallelGCFailedAllocation
Event: 15.600 Executing VM operation: ParallelGCFailedAllocation done
Event: 16.032 Thread 0x0000000056a83800 DEOPT PACKING pc=0x00000000026c8fec sp=0x000000005707e780
Event: 16.032 Thread 0x0000000056a83800 DEOPT UNPACKING pc=0x000000000247787f sp=0x000000005707e500 mode 0
Event: 16.050 Executing VM operation: ParallelGCSystemGC
Event: 16.281 Executing VM operation: ParallelGCSystemGC done


Dynamic libraries:
0x000000013fb90000 - 0x000000013fbc7000 	C:\Program Files\Java\jdk1.8.0_60\bin\java.exe
0x0000000077540000 - 0x00000000776ea000 	C:\Windows\SYSTEM32\ntdll.dll
0x0000000077320000 - 0x000000007743f000 	C:\Windows\system32\kernel32.dll
0x000007fefd2e0000 - 0x000007fefd34a000 	C:\Windows\system32\KERNELBASE.dll
0x000007feff770000 - 0x000007feff84b000 	C:\Windows\system32\ADVAPI32.dll
0x000007feff6d0000 - 0x000007feff76f000 	C:\Windows\system32\msvcrt.dll
0x000007feff3a0000 - 0x000007feff3bf000 	C:\Windows\SYSTEM32\sechost.dll
0x000007fefd690000 - 0x000007fefd7bd000 	C:\Windows\system32\RPCRT4.dll
0x0000000077440000 - 0x000000007753a000 	C:\Windows\system32\USER32.dll
0x000007fefd890000 - 0x000007fefd8f7000 	C:\Windows\system32\GDI32.dll
0x000007feff6c0000 - 0x000007feff6ce000 	C:\Windows\system32\LPK.dll
0x000007fefd7c0000 - 0x000007fefd88a000 	C:\Windows\system32\USP10.dll
0x000007fefbbb0000 - 0x000007fefbda4000 	C:\Windows\WinSxS\amd64_microsoft.windows.common-controls_6595b64144ccf1df_6.0.7601.18837_none_fa3b1e3d17594757\COMCTL32.dll
0x000007feff640000 - 0x000007feff6b1000 	C:\Windows\system32\SHLWAPI.dll
0x000007feff1f0000 - 0x000007feff21e000 	C:\Windows\system32\IMM32.DLL
0x000007feff290000 - 0x000007feff399000 	C:\Windows\system32\MSCTF.dll
0x000000005cd00000 - 0x000000005cdd2000 	C:\Program Files\Java\jdk1.8.0_60\jre\bin\msvcr100.dll
0x0000000058140000 - 0x00000000589c9000 	C:\Program Files\Java\jdk1.8.0_60\jre\bin\server\jvm.dll
0x000007fef7480000 - 0x000007fef7489000 	C:\Windows\system32\WSOCK32.dll
0x000007feff240000 - 0x000007feff28d000 	C:\Windows\system32\WS2_32.dll
0x000007fefd680000 - 0x000007fefd688000 	C:\Windows\system32\NSI.dll
0x000007fef9cc0000 - 0x000007fef9cfb000 	C:\Windows\system32\WINMM.dll
0x000007fefc1a0000 - 0x000007fefc1ac000 	C:\Windows\system32\VERSION.dll
0x0000000077710000 - 0x0000000077717000 	C:\Windows\system32\PSAPI.DLL
0x00000000637f0000 - 0x00000000637ff000 	C:\Program Files\Java\jdk1.8.0_60\jre\bin\verify.dll
0x00000000618e0000 - 0x0000000061909000 	C:\Program Files\Java\jdk1.8.0_60\jre\bin\java.dll
0x00000000619c0000 - 0x00000000619d6000 	C:\Program Files\Java\jdk1.8.0_60\jre\bin\zip.dll
0x000007fefe250000 - 0x000007fefefda000 	C:\Windows\system32\SHELL32.dll
0x000007fefefe0000 - 0x000007feff1e3000 	C:\Windows\system32\ole32.dll
0x000007fefd2d0000 - 0x000007fefd2df000 	C:\Windows\system32\profapi.dll

VM Arguments:
jvm_args: -Djava.awt.headless=true -Xmx1024M -Dfile.encoding=windows-1252 -Duser.country=ES -Duser.language=es -Duser.variant 
java_command: com.android.dx.command.Main --dex --num-threads=4 --output C:\Users\Agustin\Desktop\Android\turnos\app\build\intermediates\pre-dexed\debug\internal_impl-23.1.1_d08c6217ea51adffa166429212e48e1da2a3d3db.jar C:\Users\Agustin\Desktop\Android\turnos\app\build\intermediates\exploded-aar\com.android.support\support-v4\23.1.1\jars\libs\internal_impl-23.1.1.jar
java_class_path (initial): C:\Users\Agustin\AppData\Local\Android\sdk\build-tools\23.0.2\lib\dx.jar
Launcher Type: SUN_STANDARD

Environment Variables:
JAVA_HOME=C:\Program Files\Java\jdk1.8.0_92
JRE_HOME=C:\Program Files\Java\jre1.8.0_92
PATH=C:\Program Files\Common Files\Microsoft Shared\Windows Live;C:\Program Files (x86)\Common Files\Microsoft Shared\Windows Live;C:\ProgramData\Oracle\Java\javapath;C:\Windows\system32;C:\Windows;C:\Windows\System32\Wbem;C:\Windows\System32\WindowsPowerShell\v1.0\;C:\Program Files (x86)\Windows Live\Shared;C:\Program Files (x86)\Skype\Phone\;C:\Program Files\Java\jdk1.8.0_60\bin;C:\Program Files\Mercurial; C:\Program Files\Java\jdk1.8.0_60\bin
USERNAME=Agustin
OS=Windows_NT
PROCESSOR_IDENTIFIER=Intel64 Family 6 Model 42 Stepping 7, GenuineIntel



---------------  S Y S T E M  ---------------

OS: Windows 7 , 64 bit Build 7601 (6.1.7601.23418)

CPU:total 4 (2 cores per cpu, 2 threads per core) family 6 model 42 stepping 7, cmov, cx8, fxsr, mmx, sse, sse2, sse3, ssse3, sse4.1, sse4.2, popcnt, avx, clmul, ht, tsc, tscinvbit

Memory: 4k page, physical 4127088k(124204k free), swap 8766516k(4964k free)

vm_info: Java HotSpot(TM) 64-Bit Server VM (25.60-b23) for windows-amd64 JRE (1.8.0_60-b27), built on Aug  4 2015 11:06:27 by "java_re" with MS VC++ 10.0 (VS2010)

time: Wed May 25 11:51:05 2016
elapsed time: 16 seconds (0d 0h 0m 16s)

