#
# There is insufficient memory for the Java Runtime Environment to continue.
# Native memory allocation (malloc) failed to allocate 136016 bytes for Chunk::new
# Possible reasons:
#   The system is out of physical RAM or swap space
#   In 32 bit mode, the process size limit was hit
# Possible solutions:
#   Reduce memory load on the system
#   Increase physical memory or swap space
#   Check if swap backing store is full
#   Use 64 bit Java on a 64 bit OS
#   Decrease Java heap size (-Xmx/-Xms)
#   Decrease number of Java threads
#   Decrease Java thread stack sizes (-Xss)
#   Set larger code cache with -XX:ReservedCodeCacheSize=
# This output file may be truncated or incomplete.
#
#  Out of Memory Error (allocation.cpp:390), pid=7516, tid=3148
#
# JRE version: Java(TM) SE Runtime Environment (8.0_60-b27) (build 1.8.0_60-b27)
# Java VM: Java HotSpot(TM) 64-Bit Server VM (25.60-b23 mixed mode windows-amd64 compressed oops)
# Failed to write core dump. Minidumps are not enabled by default on client versions of Windows
#

---------------  T H R E A D  ---------------

Current thread (0x0000000014e31800):  JavaThread "C2 CompilerThread0" daemon [_thread_in_native, id=3148, stack(0x0000000016650000,0x0000000016750000)]

Stack: [0x0000000016650000,0x0000000016750000]
[error occurred during error reporting (printing stack bounds), id 0xc0000005]

Native frames: (J=compiled Java code, j=interpreted, Vv=VM code, C=native code)


Current CompileTask:
C2:   2863  954   !   4       com.android.dx.rop.code.RegisterSpec::intern (70 bytes)


---------------  P R O C E S S  ---------------

Java Threads: ( => current thread )
  0x00000000169b1800 JavaThread "pool-1-thread-4" [_thread_blocked, id=4216, stack(0x0000000017480000,0x0000000017580000)]
  0x0000000016a62000 JavaThread "pool-1-thread-3" [_thread_blocked, id=9736, stack(0x0000000017370000,0x0000000017470000)]
  0x0000000016a61000 JavaThread "pool-1-thread-2" [_thread_blocked, id=7096, stack(0x0000000017270000,0x0000000017370000)]
  0x0000000016a5f000 JavaThread "pool-2-thread-1" [_thread_blocked, id=4532, stack(0x0000000017140000,0x0000000017240000)]
  0x0000000016a5b800 JavaThread "pool-1-thread-1" [_thread_blocked, id=3420, stack(0x0000000016e50000,0x0000000016f50000)]
  0x00000000167d0000 JavaThread "Service Thread" daemon [_thread_blocked, id=2004, stack(0x0000000016bf0000,0x0000000016cf0000)]
  0x0000000016759000 JavaThread "C1 CompilerThread2" daemon [_thread_blocked, id=7616, stack(0x0000000016cf0000,0x0000000016df0000)]
  0x0000000016750800 JavaThread "C2 CompilerThread1" daemon [_thread_in_native, id=10140, stack(0x0000000015ea0000,0x0000000015fa0000)]
=>0x0000000014e31800 JavaThread "C2 CompilerThread0" daemon [_thread_in_native, id=3148, stack(0x0000000016650000,0x0000000016750000)]
  0x0000000014e2f800 JavaThread "Attach Listener" daemon [_thread_blocked, id=8280, stack(0x0000000016470000,0x0000000016570000)]
  0x0000000014e3e800 JavaThread "Signal Dispatcher" daemon [_thread_blocked, id=7200, stack(0x0000000016280000,0x0000000016380000)]
  0x0000000014dd6800 JavaThread "Finalizer" daemon [_thread_blocked, id=9132, stack(0x00000000160e0000,0x00000000161e0000)]
  0x0000000014dcf800 JavaThread "Reference Handler" daemon [_thread_blocked, id=3528, stack(0x0000000015fa0000,0x00000000160a0000)]
  0x0000000001ebf000 JavaThread "main" [_thread_blocked, id=9512, stack(0x00000000020a0000,0x00000000021a0000)]

Other Threads:
  0x0000000014dca000 VMThread [stack: 0x0000000015d80000,0x0000000015e80000] [id=9728]
  0x00000000167ed800 WatcherThread [stack: 0x0000000016fe0000,0x00000000170e0000] [id=9864]

VM state:not at safepoint (normal execution)

VM Mutex/Monitor currently owned by a thread: None

Heap:
 PSYoungGen      total 18944K, used 8556K [0x00000000eab00000, 0x00000000ec000000, 0x0000000100000000)
  eden space 16384K, 36% used [0x00000000eab00000,0x00000000eb0e1c00,0x00000000ebb00000)
  from space 2560K, 98% used [0x00000000ebb00000,0x00000000ebd79608,0x00000000ebd80000)
  to   space 2560K, 0% used [0x00000000ebd80000,0x00000000ebd80000,0x00000000ec000000)
 ParOldGen       total 44032K, used 1237K [0x00000000c0000000, 0x00000000c2b00000, 0x00000000eab00000)
  object space 44032K, 2% used [0x00000000c0000000,0x00000000c0135480,0x00000000c2b00000)
 Metaspace       used 5811K, capacity 6768K, committed 7040K, reserved 1056768K
  class space    used 594K, capacity 616K, committed 640K, reserved 1048576K

Card table byte_map: [0x00000000118b0000,0x0000000011ac0000] byte_map_base: 0x00000000112b0000

Marking Bits: (ParMarkBitMap*) 0x000000005132a5b0
 Begin Bits: [0x0000000012240000, 0x0000000013240000)
 End Bits:   [0x0000000013240000, 0x0000000014240000)

Polling page: 0x0000000000110000

CodeCache: size=245760Kb used=3735Kb max_used=3739Kb free=242024Kb
 bounds [0x00000000024f0000, 0x00000000028a0000, 0x00000000114f0000]
 total_blobs=1236 nmethods=967 adapters=182
 compilation: enabled

Compilation events (10 events):
Event: 2.821 Thread 0x0000000016750800  968       4       com.android.dx.rop.code.Insn::<init> (69 bytes)
Event: 2.822 Thread 0x0000000016759000 nmethod 966 0x0000000002885d10 code [0x0000000002885ee0, 0x0000000002886778]
Event: 2.822 Thread 0x0000000016759000  967       3       com.android.dx.util.MutabilityControl::<init> (10 bytes)
Event: 2.822 Thread 0x0000000016759000 nmethod 967 0x0000000002884e90 code [0x0000000002884fe0, 0x0000000002885190]
Event: 2.823 Thread 0x0000000016750800 nmethod 968 0x0000000002898d50 code [0x0000000002898e80, 0x0000000002898f78]
Event: 2.846 Thread 0x0000000016750800  969       4       com.android.dx.dex.code.DalvInsn::<init> (67 bytes)
Event: 2.846 Thread 0x0000000016759000  970       1       com.android.dx.cf.iface.StdMember::getDefiningClass (5 bytes)
Event: 2.846 Thread 0x0000000016759000 nmethod 970 0x0000000002895350 code [0x00000000028954a0, 0x00000000028955b0]
Event: 2.847 Thread 0x0000000016750800 nmethod 969 0x0000000002899050 code [0x0000000002899180, 0x0000000002899258]
Event: 2.851 Thread 0x0000000016750800  971       4       com.android.dx.rop.cst.CstString::utf8BytesToString (391 bytes)

GC Heap History (2 events):
Event: 2.336 GC heap before
{Heap before GC invocations=1 (full 0):
 PSYoungGen      total 18944K, used 16384K [0x00000000eab00000, 0x00000000ec000000, 0x0000000100000000)
  eden space 16384K, 100% used [0x00000000eab00000,0x00000000ebb00000,0x00000000ebb00000)
  from space 2560K, 0% used [0x00000000ebd80000,0x00000000ebd80000,0x00000000ec000000)
  to   space 2560K, 0% used [0x00000000ebb00000,0x00000000ebb00000,0x00000000ebd80000)
 ParOldGen       total 44032K, used 0K [0x00000000c0000000, 0x00000000c2b00000, 0x00000000eab00000)
  object space 44032K, 0% used [0x00000000c0000000,0x00000000c0000000,0x00000000c2b00000)
 Metaspace       used 5670K, capacity 6640K, committed 6784K, reserved 1056768K
  class space    used 594K, capacity 616K, committed 640K, reserved 1048576K
Event: 2.499 GC heap after
Heap after GC invocations=1 (full 0):
 PSYoungGen      total 18944K, used 2533K [0x00000000eab00000, 0x00000000ec000000, 0x0000000100000000)
  eden space 16384K, 0% used [0x00000000eab00000,0x00000000eab00000,0x00000000ebb00000)
  from space 2560K, 98% used [0x00000000ebb00000,0x00000000ebd79608,0x00000000ebd80000)
  to   space 2560K, 0% used [0x00000000ebd80000,0x00000000ebd80000,0x00000000ec000000)
 ParOldGen       total 44032K, used 1237K [0x00000000c0000000, 0x00000000c2b00000, 0x00000000eab00000)
  object space 44032K, 2% used [0x00000000c0000000,0x00000000c0135480,0x00000000c2b00000)
 Metaspace       used 5670K, capacity 6640K, committed 6784K, reserved 1056768K
  class space    used 594K, capacity 616K, committed 640K, reserved 1048576K
}

Deoptimization events (2 events):
Event: 2.123 Thread 0x0000000016a61000 Uncommon trap: reason=unstable_if action=reinterpret pc=0x0000000002706dec method=java.util.HashMap.getNode(ILjava/lang/Object;)Ljava/util/HashMap$Node; @ 62
Event: 2.185 Thread 0x0000000001ebf000 Uncommon trap: reason=unstable_if action=reinterpret pc=0x0000000002707fe0 method=java.util.BitSet.nextSetBit(I)I @ 87

Internal exceptions (2 events):
Event: 0.056 Thread 0x0000000001ebf000 Exception <a 'java/lang/NoSuchMethodError': Method sun.misc.Unsafe.defineClass(Ljava/lang/String;[BII)Ljava/lang/Class; name or signature does not match> (0x00000000eab0d640) thrown at [C:\re\workspace\8-2-build-windows-amd64-cygwin\jdk8u60\4407\hotspot\sr´2â½åŽ¬?
Event: 0.056 Thread 0x0000000001ebf000 Exception <a 'java/lang/NoSuchMethodError': Method sun.misc.Unsafe.prefetchRead(Ljava/lang/Object;J)V name or signature does not match> (0x00000000eab0d928) thrown at [C:\re\workspace\8-2-build-windows-amd64-cygwin\jdk8u60\4407\hotspot\src\share\vm\prims\j

Events (10 events):
Event: 2.170 loading class java/util/TreeMap$EntrySet done
Event: 2.170 loading class java/util/TreeMap$EntryIterator
Event: 2.171 loading class java/util/TreeMap$EntryIterator done
Event: 2.185 Thread 0x0000000001ebf000 Uncommon trap: trap_request=0xffffff65 fr.pc=0x0000000002707fe0
Event: 2.185 Thread 0x0000000001ebf000 DEOPT PACKING pc=0x0000000002707fe0 sp=0x000000000219e4f0
Event: 2.185 Thread 0x0000000001ebf000 DEOPT UNPACKING pc=0x000000000253582a sp=0x000000000219e488 mode 2
Event: 2.306 loading class java/util/ArrayList$1
Event: 2.307 loading class java/util/ArrayList$1 done
Event: 2.316 Executing VM operation: ParallelGCFailedAllocation
Event: 2.499 Executing VM operation: ParallelGCFailedAllocation done


Dynamic libraries:
0x000000013f6d0000 - 0x000000013f707000 	C:\Program Files\Java\jdk1.8.0_60\bin\java.exe
0x00000000771f0000 - 0x000000007739a000 	C:\Windows\SYSTEM32\ntdll.dll
0x0000000076fd0000 - 0x00000000770ef000 	C:\Windows\system32\kernel32.dll
0x000007fefd1a0000 - 0x000007fefd20a000 	C:\Windows\system32\KERNELBASE.dll
0x000007feff1d0000 - 0x000007feff2ab000 	C:\Windows\system32\ADVAPI32.dll
0x000007fefeea0000 - 0x000007fefef3f000 	C:\Windows\system32\msvcrt.dll
0x000007fefd590000 - 0x000007fefd5af000 	C:\Windows\SYSTEM32\sechost.dll
0x000007fefd720000 - 0x000007fefd84d000 	C:\Windows\system32\RPCRT4.dll
0x00000000770f0000 - 0x00000000771ea000 	C:\Windows\system32\USER32.dll
0x000007fefd330000 - 0x000007fefd397000 	C:\Windows\system32\GDI32.dll
0x000007fefd630000 - 0x000007fefd63e000 	C:\Windows\system32\LPK.dll
0x000007fefdb60000 - 0x000007fefdc2a000 	C:\Windows\system32\USP10.dll
0x000007fefb860000 - 0x000007fefba54000 	C:\Windows\WinSxS\amd64_microsoft.windows.common-controls_6595b64144ccf1df_6.0.7601.18837_none_fa3b1e3d17594757\COMCTL32.dll
0x000007fefda80000 - 0x000007fefdaf1000 	C:\Windows\system32\SHLWAPI.dll
0x000007fefe9c0000 - 0x000007fefe9ee000 	C:\Windows\system32\IMM32.DLL
0x000007feff2b0000 - 0x000007feff3b9000 	C:\Windows\system32\MSCTF.dll
0x0000000065d90000 - 0x0000000065e62000 	C:\Program Files\Java\jdk1.8.0_60\jre\bin\msvcr100.dll
0x0000000050b20000 - 0x00000000513a9000 	C:\Program Files\Java\jdk1.8.0_60\jre\bin\server\jvm.dll
0x000007fef32e0000 - 0x000007fef32e9000 	C:\Windows\system32\WSOCK32.dll
0x000007fefd3a0000 - 0x000007fefd3ed000 	C:\Windows\system32\WS2_32.dll
0x000007fefd580000 - 0x000007fefd588000 	C:\Windows\system32\NSI.dll
0x000007fef99c0000 - 0x000007fef99fb000 	C:\Windows\system32\WINMM.dll
0x000007fefbe50000 - 0x000007fefbe5c000 	C:\Windows\system32\VERSION.dll
0x00000000773c0000 - 0x00000000773c7000 	C:\Windows\system32\PSAPI.DLL
0x0000000065f40000 - 0x0000000065f4f000 	C:\Program Files\Java\jdk1.8.0_60\jre\bin\verify.dll
0x0000000065f10000 - 0x0000000065f39000 	C:\Program Files\Java\jdk1.8.0_60\jre\bin\java.dll
0x0000000065ef0000 - 0x0000000065f06000 	C:\Program Files\Java\jdk1.8.0_60\jre\bin\zip.dll
0x000007fefdc30000 - 0x000007fefe9ba000 	C:\Windows\system32\SHELL32.dll
0x000007fefd850000 - 0x000007fefda53000 	C:\Windows\system32\ole32.dll
0x000007fefcf70000 - 0x000007fefcf7f000 	C:\Windows\system32\profapi.dll

VM Arguments:
jvm_args: -Djava.awt.headless=true -Xmx1024M -Dfile.encoding=windows-1252 -Duser.country=ES -Duser.language=es -Duser.variant 
java_command: com.android.dx.command.Main --dex --num-threads=4 --output C:\Users\Agustin\Desktop\Android\turnos\app\build\intermediates\pre-dexed\debug\com.google.android.gms-play-services-nearby-8.4.0_7b910601acdf9b8c15b6817287349da32b9523d0.jar C:\Users\Agustin\Desktop\Android\turnos\app\build\intermediates\exploded-aar\com.google.android.gms\play-services-nearby\8.4.0\jars\classes.jar
java_class_path (initial): C:\Users\Agustin\AppData\Local\Android\sdk\build-tools\23.0.2\lib\dx.jar
Launcher Type: SUN_STANDARD

Environment Variables:
JAVA_HOME=C:\Program Files\Java\jdk1.8.0_92
JRE_HOME=C:\Program Files\Java\jre1.8.0_92
PATH=C:\Program Files\Common Files\Microsoft Shared\Windows Live;C:\Program Files (x86)\Common Files\Microsoft Shared\Windows Live;C:\ProgramData\Oracle\Java\javapath;C:\Windows\system32;C:\Windows;C:\Windows\System32\Wbem;C:\Windows\System32\WindowsPowerShell\v1.0\;C:\Program Files (x86)\Windows Live\Shared;C:\Program Files (x86)\Skype\Phone\;C:\Program Files\Java\jdk1.8.0_60\bin;C:\Program Files\Mercurial; C:\Program Files\Java\jdk1.8.0_60\bin
USERNAME=Agustin
OS=Windows_NT
PROCESSOR_IDENTIFIER=Intel64 Family 6 Model 42 Stepping 7, GenuineIntel



---------------  S Y S T E M  ---------------

OS: Windows 7 , 64 bit Build 7601 (6.1.7601.23418)

CPU:total 4 (2 cores per cpu, 2 threads per core) family 6 model 42 stepping 7, cmov, cx8, fxsr, mmx, sse, sse2, sse3, ssse3, sse4.1, sse4.2, popcnt, avx, clmul, ht, tsc, tscinvbit

Memory: 4k page, physical 4127088k(42900k free), swap 8099780k(5192k free)

vm_info: Java HotSpot(TM) 64-Bit Server VM (25.60-b23) for windows-amd64 JRE (1.8.0_60-b27), built on Aug  4 2015 11:06:27 by "java_re" with MS VC++ 10.0 (VS2010)

time: Fri Jun 03 10:15:16 2016
elapsed time: 2 seconds (0d 0h 0m 2s)

