#
# There is insufficient memory for the Java Runtime Environment to continue.
# Native memory allocation (malloc) failed to allocate 624016 bytes for Chunk::new
# Possible reasons:
#   The system is out of physical RAM or swap space
#   In 32 bit mode, the process size limit was hit
# Possible solutions:
#   Reduce memory load on the system
#   Increase physical memory or swap space
#   Check if swap backing store is full
#   Use 64 bit Java on a 64 bit OS
#   Decrease Java heap size (-Xmx/-Xms)
#   Decrease number of Java threads
#   Decrease Java thread stack sizes (-Xss)
#   Set larger code cache with -XX:ReservedCodeCacheSize=
# This output file may be truncated or incomplete.
#
#  Out of Memory Error (allocation.cpp:390), pid=8108, tid=9472
#
# JRE version: Java(TM) SE Runtime Environment (8.0_60-b27) (build 1.8.0_60-b27)
# Java VM: Java HotSpot(TM) 64-Bit Server VM (25.60-b23 mixed mode windows-amd64 compressed oops)
# Failed to write core dump. Minidumps are not enabled by default on client versions of Windows
#

---------------  T H R E A D  ---------------

Current thread (0x0000000055fd6800):  JavaThread "C2 CompilerThread1" daemon [_thread_in_native, id=9472, stack(0x0000000056a90000,0x0000000056b90000)]

Stack: [0x0000000056a90000,0x0000000056b90000]
[error occurred during error reporting (printing stack bounds), id 0xc0000005]

Native frames: (J=compiled Java code, j=interpreted, Vv=VM code, C=native code)


Current CompileTask:
C2:   8185 1496       4       com.android.dx.rop.code.LocalVariableExtractor::processBlock (327 bytes)


---------------  P R O C E S S  ---------------

Java Threads: ( => current thread )
  0x00000000562d2000 JavaThread "pool-1-thread-4" [_thread_blocked, id=4720, stack(0x0000000057400000,0x0000000057500000)]
  0x00000000562cc800 JavaThread "pool-1-thread-3" [_thread_blocked, id=8132, stack(0x0000000057300000,0x0000000057400000)]
  0x00000000562cb800 JavaThread "pool-1-thread-2" [_thread_blocked, id=5564, stack(0x0000000057110000,0x0000000057210000)]
  0x000000005624e000 JavaThread "pool-2-thread-1" [_thread_blocked, id=9912, stack(0x00000000566d0000,0x00000000567d0000)]
  0x000000005624d000 JavaThread "pool-1-thread-1" [_thread_blocked, id=9616, stack(0x0000000057000000,0x0000000057100000)]
  0x000000005605b800 JavaThread "Service Thread" daemon [_thread_blocked, id=6528, stack(0x0000000056e60000,0x0000000056f60000)]
  0x0000000055fed000 JavaThread "C1 CompilerThread2" daemon [_thread_blocked, id=4956, stack(0x0000000056c80000,0x0000000056d80000)]
=>0x0000000055fd6800 JavaThread "C2 CompilerThread1" daemon [_thread_in_native, id=9472, stack(0x0000000056a90000,0x0000000056b90000)]
  0x0000000055fd2800 JavaThread "C2 CompilerThread0" daemon [_thread_in_native, id=5272, stack(0x00000000567e0000,0x00000000568e0000)]
  0x0000000054e15800 JavaThread "Attach Listener" daemon [_thread_blocked, id=6008, stack(0x00000000565b0000,0x00000000566b0000)]
  0x0000000055fdc000 JavaThread "Signal Dispatcher" daemon [_thread_blocked, id=9356, stack(0x0000000056400000,0x0000000056500000)]
  0x0000000054db3000 JavaThread "Finalizer" daemon [_thread_blocked, id=1812, stack(0x0000000055ed0000,0x0000000055fd0000)]
  0x0000000054db2000 JavaThread "Reference Handler" daemon [_thread_blocked, id=2924, stack(0x0000000055b50000,0x0000000055c50000)]
  0x0000000001eaf000 JavaThread "main" [_thread_blocked, id=7036, stack(0x0000000002160000,0x0000000002260000)]

Other Threads:
  0x0000000054dac800 VMThread [stack: 0x0000000055cb0000,0x0000000055db0000] [id=10720]
  0x0000000056067000 WatcherThread [stack: 0x0000000056960000,0x0000000056a60000] [id=5440]

VM state:not at safepoint (normal execution)

VM Mutex/Monitor currently owned by a thread: None

Heap:
 PSYoungGen      total 35328K, used 3021K [0x00000000eab00000, 0x00000000ef000000, 0x0000000100000000)
  eden space 32768K, 1% used [0x00000000eab00000,0x00000000eab77458,0x00000000ecb00000)
  from space 2560K, 99% used [0x00000000ecb00000,0x00000000ecd7c0c8,0x00000000ecd80000)
  to   space 2560K, 0% used [0x00000000eed80000,0x00000000eed80000,0x00000000ef000000)
 ParOldGen       total 44032K, used 8253K [0x00000000c0000000, 0x00000000c2b00000, 0x00000000eab00000)
  object space 44032K, 18% used [0x00000000c0000000,0x00000000c080f760,0x00000000c2b00000)
 Metaspace       used 6071K, capacity 6960K, committed 7040K, reserved 1056768K
  class space    used 596K, capacity 616K, committed 640K, reserved 1048576K

Card table byte_map: [0x00000000118f0000,0x0000000011b00000] byte_map_base: 0x00000000112f0000

Marking Bits: (ParMarkBitMap*) 0x000000007085a5b0
 Begin Bits: [0x0000000012220000, 0x0000000013220000)
 End Bits:   [0x0000000013220000, 0x0000000014220000)

Polling page: 0x0000000000320000

CodeCache: size=245760Kb used=6447Kb max_used=6456Kb free=239312Kb
 bounds [0x0000000002530000, 0x0000000002b90000, 0x0000000011530000]
 total_blobs=1752 nmethods=1483 adapters=182
 compilation: enabled

Compilation events (10 events):
Event: 7.337 Thread 0x0000000055fd6800 nmethod 1483 0x0000000002b73990 code [0x0000000002b73ae0, 0x0000000002b73bf8]
Event: 8.052 Thread 0x0000000055fd6800 1495       4       com.android.dx.ssa.SsaMethod::getUseListCopy (56 bytes)
Event: 8.063 Thread 0x0000000055fd6800 nmethod 1495 0x0000000002b74f10 code [0x0000000002b75080, 0x0000000002b755e8]
Event: 8.063 Thread 0x0000000055fd6800 1496       4       com.android.dx.rop.code.LocalVariableExtractor::processBlock (327 bytes)
Event: 8.073 Thread 0x0000000055fd2800 nmethod 1467 0x0000000002b819d0 code [0x0000000002b81c40, 0x0000000002b838a8]
Event: 8.155 Thread 0x0000000055fd2800 1497 %     4       com.android.dx.rop.code.InsnList::forEach @ 7 (28 bytes)
Event: 8.159 Thread 0x0000000055fd2800 nmethod 1497% 0x0000000002b7fb10 code [0x0000000002b7fc60, 0x0000000002b7fe78]
Event: 8.159 Thread 0x0000000055fd2800 1498       4       com.android.dx.rop.code.BasicBlockList::forEachInsn (39 bytes)
Event: 8.164 Thread 0x0000000055fd2800 nmethod 1498 0x0000000002b811d0 code [0x0000000002b81320, 0x0000000002b815b8]
Event: 8.164 Thread 0x0000000055fd2800 1499       4       com.android.dx.cf.code.RopperMachine::jopToRopOpcode (1103 bytes)

GC Heap History (6 events):
Event: 2.463 GC heap before
{Heap before GC invocations=1 (full 0):
 PSYoungGen      total 18944K, used 16384K [0x00000000eab00000, 0x00000000ec000000, 0x0000000100000000)
  eden space 16384K, 100% used [0x00000000eab00000,0x00000000ebb00000,0x00000000ebb00000)
  from space 2560K, 0% used [0x00000000ebd80000,0x00000000ebd80000,0x00000000ec000000)
  to   space 2560K, 0% used [0x00000000ebb00000,0x00000000ebb00000,0x00000000ebd80000)
 ParOldGen       total 44032K, used 0K [0x00000000c0000000, 0x00000000c2b00000, 0x00000000eab00000)
  object space 44032K, 0% used [0x00000000c0000000,0x00000000c0000000,0x00000000c2b00000)
 Metaspace       used 5778K, capacity 6768K, committed 7040K, reserved 1056768K
  class space    used 592K, capacity 616K, committed 640K, reserved 1048576K
Event: 2.518 GC heap after
Heap after GC invocations=1 (full 0):
 PSYoungGen      total 18944K, used 2538K [0x00000000eab00000, 0x00000000ed000000, 0x0000000100000000)
  eden space 16384K, 0% used [0x00000000eab00000,0x00000000eab00000,0x00000000ebb00000)
  from space 2560K, 99% used [0x00000000ebb00000,0x00000000ebd7aac8,0x00000000ebd80000)
  to   space 2560K, 0% used [0x00000000ecd80000,0x00000000ecd80000,0x00000000ed000000)
 ParOldGen       total 44032K, used 1471K [0x00000000c0000000, 0x00000000c2b00000, 0x00000000eab00000)
  object space 44032K, 3% used [0x00000000c0000000,0x00000000c016fe30,0x00000000c2b00000)
 Metaspace       used 5778K, capacity 6768K, committed 7040K, reserved 1056768K
  class space    used 592K, capacity 616K, committed 640K, reserved 1048576K
}
Event: 3.002 GC heap before
{Heap before GC invocations=2 (full 0):
 PSYoungGen      total 18944K, used 18922K [0x00000000eab00000, 0x00000000ed000000, 0x0000000100000000)
  eden space 16384K, 100% used [0x00000000eab00000,0x00000000ebb00000,0x00000000ebb00000)
  from space 2560K, 99% used [0x00000000ebb00000,0x00000000ebd7aac8,0x00000000ebd80000)
  to   space 2560K, 0% used [0x00000000ecd80000,0x00000000ecd80000,0x00000000ed000000)
 ParOldGen       total 44032K, used 1471K [0x00000000c0000000, 0x00000000c2b00000, 0x00000000eab00000)
  object space 44032K, 3% used [0x00000000c0000000,0x00000000c016fe30,0x00000000c2b00000)
 Metaspace       used 5916K, capacity 6832K, committed 7040K, reserved 1056768K
  class space    used 594K, capacity 616K, committed 640K, reserved 1048576K
Event: 3.209 GC heap after
Heap after GC invocations=2 (full 0):
 PSYoungGen      total 35328K, used 2528K [0x00000000eab00000, 0x00000000ed000000, 0x0000000100000000)
  eden space 32768K, 0% used [0x00000000eab00000,0x00000000eab00000,0x00000000ecb00000)
  from space 2560K, 98% used [0x00000000ecd80000,0x00000000ecff8048,0x00000000ed000000)
  to   space 2560K, 0% used [0x00000000ecb00000,0x00000000ecb00000,0x00000000ecd80000)
 ParOldGen       total 44032K, used 3676K [0x00000000c0000000, 0x00000000c2b00000, 0x00000000eab00000)
  object space 44032K, 8% used [0x00000000c0000000,0x00000000c0397270,0x00000000c2b00000)
 Metaspace       used 5916K, capacity 6832K, committed 7040K, reserved 1056768K
  class space    used 594K, capacity 616K, committed 640K, reserved 1048576K
}
Event: 7.540 GC heap before
{Heap before GC invocations=3 (full 0):
 PSYoungGen      total 35328K, used 35296K [0x00000000eab00000, 0x00000000ed000000, 0x0000000100000000)
  eden space 32768K, 100% used [0x00000000eab00000,0x00000000ecb00000,0x00000000ecb00000)
  from space 2560K, 98% used [0x00000000ecd80000,0x00000000ecff8048,0x00000000ed000000)
  to   space 2560K, 0% used [0x00000000ecb00000,0x00000000ecb00000,0x00000000ecd80000)
 ParOldGen       total 44032K, used 3676K [0x00000000c0000000, 0x00000000c2b00000, 0x00000000eab00000)
  object space 44032K, 8% used [0x00000000c0000000,0x00000000c0397270,0x00000000c2b00000)
 Metaspace       used 6071K, capacity 6960K, committed 7040K, reserved 1056768K
  class space    used 596K, capacity 616K, committed 640K, reserved 1048576K
Event: 8.050 GC heap after
Heap after GC invocations=3 (full 0):
 PSYoungGen      total 35328K, used 2544K [0x00000000eab00000, 0x00000000ef000000, 0x0000000100000000)
  eden space 32768K, 0% used [0x00000000eab00000,0x00000000eab00000,0x00000000ecb00000)
  from space 2560K, 99% used [0x00000000ecb00000,0x00000000ecd7c0c8,0x00000000ecd80000)
  to   space 2560K, 0% used [0x00000000eed80000,0x00000000eed80000,0x00000000ef000000)
 ParOldGen       total 44032K, used 8253K [0x00000000c0000000, 0x00000000c2b00000, 0x00000000eab00000)
  object space 44032K, 18% used [0x00000000c0000000,0x00000000c080f760,0x00000000c2b00000)
 Metaspace       used 6071K, capacity 6960K, committed 7040K, reserved 1056768K
  class space    used 596K, capacity 616K, committed 640K, reserved 1048576K
}

Deoptimization events (10 events):
Event: 2.726 Thread 0x00000000562cb800 Uncommon trap: reason=unstable_if action=reinterpret pc=0x00000000027a7764 method=java.util.BitSet.ensureCapacity(I)V @ 6
Event: 2.726 Thread 0x00000000562cb800 Uncommon trap: reason=unstable_if action=reinterpret pc=0x00000000028421e0 method=java.util.BitSet.ensureCapacity(I)V @ 6
Event: 3.474 Thread 0x00000000562cc800 Uncommon trap: reason=unstable_if action=reinterpret pc=0x0000000002989dcc method=com.android.dx.ssa.SCCP.simulateStmt(Lcom/android/dx/ssa/SsaInsn;)V @ 435
Event: 6.300 Thread 0x00000000562d2000 Uncommon trap: reason=null_check action=make_not_entrant pc=0x0000000002816900 method=com.android.dx.ssa.SsaRenamer.getLocalForNewReg(I)Lcom/android/dx/rop/code/LocalItem; @ 19
Event: 6.784 Thread 0x00000000562cb800 Uncommon trap: reason=unstable_if action=reinterpret pc=0x0000000002907e84 method=com.android.dx.rop.cst.Constant.compareTo(Lcom/android/dx/rop/cst/Constant;)I @ 12
Event: 7.043 Thread 0x000000005624d000 Uncommon trap: reason=unstable_if action=reinterpret pc=0x0000000002987d6c method=com.android.dx.util.IntList.binarysearch(I)I @ 105
Event: 7.044 Thread 0x000000005624d000 Uncommon trap: reason=bimorphic action=maybe_recompile pc=0x0000000002b0ffe4 method=com.android.dx.cf.code.RopperMachine.run(Lcom/android/dx/cf/code/Frame;II)V @ 988
Event: 7.053 Thread 0x000000005624d000 Uncommon trap: reason=unstable_if action=reinterpret pc=0x0000000002a87e3c method=com.android.dx.ssa.SCCP.simulateBranch(Lcom/android/dx/ssa/SsaInsn;)V @ 64
Event: 7.054 Thread 0x000000005624d000 Uncommon trap: reason=unstable_if action=reinterpret pc=0x0000000002a0a3ec method=com.android.dx.ssa.LiteralOpUpgrader$1.visitNonMoveInsn(Lcom/android/dx/ssa/NormalSsaInsn;)V @ 55
Event: 7.055 Thread 0x000000005624d000 Uncommon trap: reason=unstable_if action=reinterpret pc=0x00000000028f6c4c method=com.android.dx.ssa.SsaMethod.updateOneDefinition(Lcom/android/dx/ssa/SsaInsn;Lcom/android/dx/rop/code/RegisterSpec;)V @ 4

Internal exceptions (3 events):
Event: 0.062 Thread 0x0000000001eaf000 Exception <a 'java/lang/NoSuchMethodError': Method sun.misc.Unsafe.defineClass(Ljava/lang/String;[BII)Ljava/lang/Class; name or signature does not match> (0x00000000eab0d0f0) thrown at [C:\re\workspace\8-2-build-windows-amd64-cygwin\jdk8u60\4407\hotspot\srx¡wï`·¯?
Event: 0.062 Thread 0x0000000001eaf000 Exception <a 'java/lang/NoSuchMethodError': Method sun.misc.Unsafe.prefetchRead(Ljava/lang/Object;J)V name or signature does not match> (0x00000000eab0d3d8) thrown at [C:\re\workspace\8-2-build-windows-amd64-cygwin\jdk8u60\4407\hotspot\src\share\vm\prims\jÆ?Ä²Ô2@
Event: 6.300 Thread 0x00000000562d2000 Implicit null exception at 0x000000000281525a to 0x00000000028168b5

Events (10 events):
Event: 7.054 Thread 0x000000005624d000 Uncommon trap: trap_request=0xffffff65 fr.pc=0x0000000002a0a3ec
Event: 7.054 Thread 0x000000005624d000 DEOPT PACKING pc=0x0000000002a0a3ec sp=0x00000000570fe850
Event: 7.054 Thread 0x000000005624d000 DEOPT UNPACKING pc=0x000000000257582a sp=0x00000000570fe840 mode 2
Event: 7.054 loading class com/android/dx/rop/code/RegOps
Event: 7.054 loading class com/android/dx/rop/code/RegOps done
Event: 7.055 Thread 0x000000005624d000 Uncommon trap: trap_request=0xffffff65 fr.pc=0x00000000028f6c4c
Event: 7.055 Thread 0x000000005624d000 DEOPT PACKING pc=0x00000000028f6c4c sp=0x00000000570fe6a0
Event: 7.055 Thread 0x000000005624d000 DEOPT UNPACKING pc=0x000000000257582a sp=0x00000000570fe648 mode 2
Event: 7.540 Executing VM operation: ParallelGCFailedAllocation
Event: 8.050 Executing VM operation: ParallelGCFailedAllocation done


Dynamic libraries:
0x000000013f590000 - 0x000000013f5c7000 	C:\Program Files\Java\jdk1.8.0_60\bin\java.exe
0x0000000077770000 - 0x000000007791a000 	C:\Windows\SYSTEM32\ntdll.dll
0x0000000077650000 - 0x000000007776f000 	C:\Windows\system32\kernel32.dll
0x000007fefd680000 - 0x000007fefd6ea000 	C:\Windows\system32\KERNELBASE.dll
0x000007feff9a0000 - 0x000007feffa7b000 	C:\Windows\system32\ADVAPI32.dll
0x000007fefd950000 - 0x000007fefd9ef000 	C:\Windows\system32\msvcrt.dll
0x000007fefe140000 - 0x000007fefe15f000 	C:\Windows\SYSTEM32\sechost.dll
0x000007feff870000 - 0x000007feff99d000 	C:\Windows\system32\RPCRT4.dll
0x0000000077550000 - 0x000000007764a000 	C:\Windows\system32\USER32.dll
0x000007fefe0d0000 - 0x000007fefe137000 	C:\Windows\system32\GDI32.dll
0x000007fefe260000 - 0x000007fefe26e000 	C:\Windows\system32\LPK.dll
0x000007fefdd30000 - 0x000007fefddfa000 	C:\Windows\system32\USP10.dll
0x000007fefbde0000 - 0x000007fefbfd4000 	C:\Windows\WinSxS\amd64_microsoft.windows.common-controls_6595b64144ccf1df_6.0.7601.18837_none_fa3b1e3d17594757\COMCTL32.dll
0x000007feff590000 - 0x000007feff601000 	C:\Windows\system32\SHLWAPI.dll
0x000007feff6b0000 - 0x000007feff6de000 	C:\Windows\system32\IMM32.DLL
0x000007fefd9f0000 - 0x000007fefdaf9000 	C:\Windows\system32\MSCTF.dll
0x000000005bf00000 - 0x000000005bfd2000 	C:\Program Files\Java\jdk1.8.0_60\jre\bin\msvcr100.dll
0x0000000070050000 - 0x00000000708d9000 	C:\Program Files\Java\jdk1.8.0_60\jre\bin\server\jvm.dll
0x000007fef3ae0000 - 0x000007fef3ae9000 	C:\Windows\system32\WSOCK32.dll
0x000007fefdce0000 - 0x000007fefdd2d000 	C:\Windows\system32\WS2_32.dll
0x000007feff4a0000 - 0x000007feff4a8000 	C:\Windows\system32\NSI.dll
0x000007fefa060000 - 0x000007fefa09b000 	C:\Windows\system32\WINMM.dll
0x000007fefc3d0000 - 0x000007fefc3dc000 	C:\Windows\system32\VERSION.dll
0x0000000077940000 - 0x0000000077947000 	C:\Windows\system32\PSAPI.DLL
0x000000006a580000 - 0x000000006a58f000 	C:\Program Files\Java\jdk1.8.0_60\jre\bin\verify.dll
0x0000000068210000 - 0x0000000068239000 	C:\Program Files\Java\jdk1.8.0_60\jre\bin\java.dll
0x0000000060400000 - 0x0000000060416000 	C:\Program Files\Java\jdk1.8.0_60\jre\bin\zip.dll
0x000007fefe480000 - 0x000007feff20a000 	C:\Windows\system32\SHELL32.dll
0x000007fefe270000 - 0x000007fefe473000 	C:\Windows\system32\ole32.dll
0x000007fefd500000 - 0x000007fefd50f000 	C:\Windows\system32\profapi.dll

VM Arguments:
jvm_args: -Djava.awt.headless=true -Xmx1024M -Dfile.encoding=windows-1252 -Duser.country=ES -Duser.language=es -Duser.variant 
java_command: com.android.dx.command.Main --dex --num-threads=4 --output C:\Users\Agustin\Desktop\Android\turnos\app\build\intermediates\pre-dexed\debug\ksoap2-android-assembly-3.0.0-jar-with-dependencies_60cb51c217684375667a7316750aac4724d64858.jar C:\Users\Agustin\Desktop\Android\turnos\app\libs\ksoap2-android-assembly-3.0.0-jar-with-dependencies.jar
java_class_path (initial): C:\Users\Agustin\AppData\Local\Android\sdk\build-tools\23.0.2\lib\dx.jar
Launcher Type: SUN_STANDARD

Environment Variables:
JAVA_HOME=C:\Program Files\Java\jdk1.8.0_92
JRE_HOME=C:\Program Files\Java\jre1.8.0_92
PATH=C:\Program Files\Common Files\Microsoft Shared\Windows Live;C:\Program Files (x86)\Common Files\Microsoft Shared\Windows Live;C:\ProgramData\Oracle\Java\javapath;C:\Windows\system32;C:\Windows;C:\Windows\System32\Wbem;C:\Windows\System32\WindowsPowerShell\v1.0\;C:\Program Files (x86)\Windows Live\Shared;C:\Program Files (x86)\Skype\Phone\;C:\Program Files\Java\jdk1.8.0_60\bin;C:\Program Files\Mercurial; C:\Program Files\Java\jdk1.8.0_60\bin
USERNAME=Agustin
OS=Windows_NT
PROCESSOR_IDENTIFIER=Intel64 Family 6 Model 42 Stepping 7, GenuineIntel



---------------  S Y S T E M  ---------------

OS: Windows 7 , 64 bit Build 7601 (6.1.7601.23418)

CPU:total 4 (2 cores per cpu, 2 threads per core) family 6 model 42 stepping 7, cmov, cx8, fxsr, mmx, sse, sse2, sse3, ssse3, sse4.1, sse4.2, popcnt, avx, clmul, ht, tsc, tscinvbit

Memory: 4k page, physical 4127088k(124368k free), swap 7332036k(5104k free)

vm_info: Java HotSpot(TM) 64-Bit Server VM (25.60-b23) for windows-amd64 JRE (1.8.0_60-b27), built on Aug  4 2015 11:06:27 by "java_re" with MS VC++ 10.0 (VS2010)

time: Thu May 19 14:54:15 2016
elapsed time: 8 seconds (0d 0h 0m 8s)

