#
# There is insufficient memory for the Java Runtime Environment to continue.
# Native memory allocation (malloc) failed to allocate 258704 bytes for Chunk::new
# Possible reasons:
#   The system is out of physical RAM or swap space
#   In 32 bit mode, the process size limit was hit
# Possible solutions:
#   Reduce memory load on the system
#   Increase physical memory or swap space
#   Check if swap backing store is full
#   Use 64 bit Java on a 64 bit OS
#   Decrease Java heap size (-Xmx/-Xms)
#   Decrease number of Java threads
#   Decrease Java thread stack sizes (-Xss)
#   Set larger code cache with -XX:ReservedCodeCacheSize=
# This output file may be truncated or incomplete.
#
#  Out of Memory Error (allocation.cpp:390), pid=11520, tid=11072
#
# JRE version: Java(TM) SE Runtime Environment (8.0_60-b27) (build 1.8.0_60-b27)
# Java VM: Java HotSpot(TM) 64-Bit Server VM (25.60-b23 mixed mode windows-amd64 compressed oops)
# Failed to write core dump. Minidumps are not enabled by default on client versions of Windows
#

---------------  T H R E A D  ---------------

Current thread (0x0000000054f36000):  JavaThread "C2 CompilerThread0" daemon [_thread_in_native, id=11072, stack(0x0000000056550000,0x0000000056650000)]

Stack: [0x0000000056550000,0x0000000056650000]
[error occurred during error reporting (printing stack bounds), id 0xc0000005]

Native frames: (J=compiled Java code, j=interpreted, Vv=VM code, C=native code)


Current CompileTask:
C2:  16621 1768   !   4       com.android.dx.cf.cst.ConstantPoolParser::parse0 (731 bytes)


---------------  P R O C E S S  ---------------

Java Threads: ( => current thread )
  0x0000000056ae7800 JavaThread "pool-1-thread-4" [_thread_blocked, id=11092, stack(0x0000000057550000,0x0000000057650000)]
  0x0000000056ae5000 JavaThread "pool-1-thread-3" [_thread_in_Java, id=10372, stack(0x00000000572d0000,0x00000000573d0000)]
  0x0000000056ae3000 JavaThread "pool-1-thread-2" [_thread_in_Java, id=3780, stack(0x00000000573f0000,0x00000000574f0000)]
  0x0000000056ade800 JavaThread "pool-2-thread-1" [_thread_blocked, id=8184, stack(0x00000000562d0000,0x00000000563d0000)]
  0x0000000056ade000 JavaThread "pool-1-thread-1" [_thread_blocked, id=9616, stack(0x0000000057140000,0x0000000057240000)]
  0x00000000568ce800 JavaThread "Service Thread" daemon [_thread_blocked, id=11824, stack(0x0000000056e50000,0x0000000056f50000)]
  0x0000000054f3e800 JavaThread "C1 CompilerThread2" daemon [_thread_in_vm, id=6496, stack(0x0000000056cb0000,0x0000000056db0000)]
  0x0000000054f3a800 JavaThread "C2 CompilerThread1" daemon [_thread_blocked, id=2380, stack(0x0000000056740000,0x0000000056840000)]
=>0x0000000054f36000 JavaThread "C2 CompilerThread0" daemon [_thread_in_native, id=11072, stack(0x0000000056550000,0x0000000056650000)]
  0x0000000054f31800 JavaThread "Attach Listener" daemon [_thread_blocked, id=7644, stack(0x00000000563e0000,0x00000000564e0000)]
  0x0000000054f30000 JavaThread "Signal Dispatcher" daemon [_thread_blocked, id=704, stack(0x0000000055ea0000,0x0000000055fa0000)]
  0x0000000054ed1000 JavaThread "Finalizer" daemon [_thread_blocked, id=11740, stack(0x0000000056190000,0x0000000056290000)]
  0x0000000054ed0000 JavaThread "Reference Handler" daemon [_thread_blocked, id=10084, stack(0x0000000055fa0000,0x00000000560a0000)]
  0x0000000001edf000 JavaThread "main" [_thread_blocked, id=6168, stack(0x0000000001f30000,0x0000000002030000)]

Other Threads:
  0x0000000054eca800 VMThread [stack: 0x0000000055d40000,0x0000000055e40000] [id=11688]
  0x00000000568da000 WatcherThread [stack: 0x0000000056fb0000,0x00000000570b0000] [id=9872]

VM state:not at safepoint (normal execution)

VM Mutex/Monitor currently owned by a thread: None

Heap:
 PSYoungGen      total 35328K, used 31959K [0x00000000eab00000, 0x00000000ef000000, 0x0000000100000000)
  eden space 32768K, 89% used [0x00000000eab00000,0x00000000ec7b7f00,0x00000000ecb00000)
  from space 2560K, 99% used [0x00000000ecb00000,0x00000000ecd7de60,0x00000000ecd80000)
  to   space 2560K, 0% used [0x00000000eed80000,0x00000000eed80000,0x00000000ef000000)
 ParOldGen       total 44032K, used 7538K [0x00000000c0000000, 0x00000000c2b00000, 0x00000000eab00000)
  object space 44032K, 17% used [0x00000000c0000000,0x00000000c075cb38,0x00000000c2b00000)
 Metaspace       used 6249K, capacity 7088K, committed 7296K, reserved 1056768K
  class space    used 603K, capacity 616K, committed 640K, reserved 1048576K

Card table byte_map: [0x00000000117d0000,0x00000000119e0000] byte_map_base: 0x00000000111d0000

Marking Bits: (ParMarkBitMap*) 0x000000005894a5b0
 Begin Bits: [0x0000000012340000, 0x0000000013340000)
 End Bits:   [0x0000000013340000, 0x0000000014340000)

Polling page: 0x0000000000320000

CodeCache: size=245760Kb used=8175Kb max_used=8183Kb free=237584Kb
 bounds [0x0000000002410000, 0x0000000002c20000, 0x0000000011410000]
 total_blobs=2028 nmethods=1758 adapters=182
 compilation: enabled

Compilation events (10 events):
Event: 16.542 Thread 0x0000000054f3e800 nmethod 1765 0x0000000002bf30d0 code [0x0000000002bf33a0, 0x0000000002bf4f58]
Event: 16.542 Thread 0x0000000054f3e800 1766       3       com.android.dx.ssa.back.SsaToRop::convertBasicBlock (126 bytes)
Event: 16.545 Thread 0x0000000054f3e800 nmethod 1766 0x0000000002c09010 code [0x0000000002c09340, 0x0000000002c0b038]
Event: 16.545 Thread 0x0000000054f3e800 1762       3       com.android.dx.cf.code.Frame::copy (26 bytes)
Event: 16.545 Thread 0x0000000054f3e800 nmethod 1762 0x0000000002bf2a90 code [0x0000000002bf2c20, 0x0000000002bf2f88]
Event: 16.546 Thread 0x0000000054f36000 1768   !   4       com.android.dx.cf.cst.ConstantPoolParser::parse0 (731 bytes)
Event: 16.546 Thread 0x0000000054f3a800 1769   !   4       com.android.dx.cf.cst.ConstantPoolParser::parseUtf8 (47 bytes)
Event: 16.547 Thread 0x0000000054f3e800 1770       3       com.android.dx.cf.cst.ConstantPoolParser::parse (365 bytes)
Event: 16.551 Thread 0x0000000054f3e800 nmethod 1770 0x0000000002c0c190 code [0x0000000002c0c700, 0x0000000002c0fb48]
Event: 16.555 Thread 0x0000000054f3a800 nmethod 1769 0x0000000002c13950 code [0x0000000002c13ae0, 0x0000000002c13f78]

GC Heap History (6 events):
Event: 1.340 GC heap before
{Heap before GC invocations=1 (full 0):
 PSYoungGen      total 18944K, used 16384K [0x00000000eab00000, 0x00000000ec000000, 0x0000000100000000)
  eden space 16384K, 100% used [0x00000000eab00000,0x00000000ebb00000,0x00000000ebb00000)
  from space 2560K, 0% used [0x00000000ebd80000,0x00000000ebd80000,0x00000000ec000000)
  to   space 2560K, 0% used [0x00000000ebb00000,0x00000000ebb00000,0x00000000ebd80000)
 ParOldGen       total 44032K, used 0K [0x00000000c0000000, 0x00000000c2b00000, 0x00000000eab00000)
  object space 44032K, 0% used [0x00000000c0000000,0x00000000c0000000,0x00000000c2b00000)
 Metaspace       used 5533K, capacity 6512K, committed 6784K, reserved 1056768K
  class space    used 597K, capacity 616K, committed 640K, reserved 1048576K
Event: 1.709 GC heap after
Heap after GC invocations=1 (full 0):
 PSYoungGen      total 18944K, used 2549K [0x00000000eab00000, 0x00000000ed000000, 0x0000000100000000)
  eden space 16384K, 0% used [0x00000000eab00000,0x00000000eab00000,0x00000000ebb00000)
  from space 2560K, 99% used [0x00000000ebb00000,0x00000000ebd7d5f8,0x00000000ebd80000)
  to   space 2560K, 0% used [0x00000000ecd80000,0x00000000ecd80000,0x00000000ed000000)
 ParOldGen       total 44032K, used 858K [0x00000000c0000000, 0x00000000c2b00000, 0x00000000eab00000)
  object space 44032K, 1% used [0x00000000c0000000,0x00000000c00d6b98,0x00000000c2b00000)
 Metaspace       used 5533K, capacity 6512K, committed 6784K, reserved 1056768K
  class space    used 597K, capacity 616K, committed 640K, reserved 1048576K
}
Event: 4.708 GC heap before
{Heap before GC invocations=2 (full 0):
 PSYoungGen      total 18944K, used 18933K [0x00000000eab00000, 0x00000000ed000000, 0x0000000100000000)
  eden space 16384K, 100% used [0x00000000eab00000,0x00000000ebb00000,0x00000000ebb00000)
  from space 2560K, 99% used [0x00000000ebb00000,0x00000000ebd7d5f8,0x00000000ebd80000)
  to   space 2560K, 0% used [0x00000000ecd80000,0x00000000ecd80000,0x00000000ed000000)
 ParOldGen       total 44032K, used 858K [0x00000000c0000000, 0x00000000c2b00000, 0x00000000eab00000)
  object space 44032K, 1% used [0x00000000c0000000,0x00000000c00d6b98,0x00000000c2b00000)
 Metaspace       used 6046K, capacity 6960K, committed 7040K, reserved 1056768K
  class space    used 602K, capacity 616K, committed 640K, reserved 1048576K
Event: 5.264 GC heap after
Heap after GC invocations=2 (full 0):
 PSYoungGen      total 35328K, used 2552K [0x00000000eab00000, 0x00000000ed000000, 0x0000000100000000)
  eden space 32768K, 0% used [0x00000000eab00000,0x00000000eab00000,0x00000000ecb00000)
  from space 2560K, 99% used [0x00000000ecd80000,0x00000000ecffe2e0,0x00000000ed000000)
  to   space 2560K, 0% used [0x00000000ecb00000,0x00000000ecb00000,0x00000000ecd80000)
 ParOldGen       total 44032K, used 2564K [0x00000000c0000000, 0x00000000c2b00000, 0x00000000eab00000)
  object space 44032K, 5% used [0x00000000c0000000,0x00000000c0281208,0x00000000c2b00000)
 Metaspace       used 6046K, capacity 6960K, committed 7040K, reserved 1056768K
  class space    used 602K, capacity 616K, committed 640K, reserved 1048576K
}
Event: 13.202 GC heap before
{Heap before GC invocations=3 (full 0):
 PSYoungGen      total 35328K, used 35320K [0x00000000eab00000, 0x00000000ed000000, 0x0000000100000000)
  eden space 32768K, 100% used [0x00000000eab00000,0x00000000ecb00000,0x00000000ecb00000)
  from space 2560K, 99% used [0x00000000ecd80000,0x00000000ecffe2e0,0x00000000ed000000)
  to   space 2560K, 0% used [0x00000000ecb00000,0x00000000ecb00000,0x00000000ecd80000)
 ParOldGen       total 44032K, used 2564K [0x00000000c0000000, 0x00000000c2b00000, 0x00000000eab00000)
  object space 44032K, 5% used [0x00000000c0000000,0x00000000c0281208,0x00000000c2b00000)
 Metaspace       used 6200K, capacity 7088K, committed 7296K, reserved 1056768K
  class space    used 602K, capacity 616K, committed 640K, reserved 1048576K
Event: 13.539 GC heap after
Heap after GC invocations=3 (full 0):
 PSYoungGen      total 35328K, used 2551K [0x00000000eab00000, 0x00000000ef000000, 0x0000000100000000)
  eden space 32768K, 0% used [0x00000000eab00000,0x00000000eab00000,0x00000000ecb00000)
  from space 2560K, 99% used [0x00000000ecb00000,0x00000000ecd7de60,0x00000000ecd80000)
  to   space 2560K, 0% used [0x00000000eed80000,0x00000000eed80000,0x00000000ef000000)
 ParOldGen       total 44032K, used 7538K [0x00000000c0000000, 0x00000000c2b00000, 0x00000000eab00000)
  object space 44032K, 17% used [0x00000000c0000000,0x00000000c075cb38,0x00000000c2b00000)
 Metaspace       used 6200K, capacity 7088K, committed 7296K, reserved 1056768K
  class space    used 602K, capacity 616K, committed 640K, reserved 1048576K
}

Deoptimization events (10 events):
Event: 14.048 Thread 0x0000000056ae5000 Uncommon trap: reason=class_check action=maybe_recompile pc=0x00000000029e455c method=com.android.dx.rop.code.RegisterSpec.withSimpleType()Lcom/android/dx/rop/code/RegisterSpec; @ 21
Event: 14.050 Thread 0x0000000056ae5000 Uncommon trap: reason=class_check action=maybe_recompile pc=0x00000000029e455c method=com.android.dx.rop.code.RegisterSpec.withSimpleType()Lcom/android/dx/rop/code/RegisterSpec; @ 21
Event: 14.649 Thread 0x0000000056ae3000 Uncommon trap: reason=class_check action=maybe_recompile pc=0x0000000002af9ca8 method=com.android.dx.cf.code.Ropper.processBlock(Lcom/android/dx/cf/code/ByteBlock;Lcom/android/dx/cf/code/Frame;[I)V @ 777
Event: 14.653 Thread 0x0000000056ae3000 Uncommon trap: reason=class_check action=maybe_recompile pc=0x0000000002af9ca8 method=com.android.dx.cf.code.Ropper.processBlock(Lcom/android/dx/cf/code/ByteBlock;Lcom/android/dx/cf/code/Frame;[I)V @ 777
Event: 14.674 Thread 0x0000000056ae3000 Uncommon trap: reason=unstable_if action=reinterpret pc=0x0000000002a468bc method=com.android.dx.rop.code.LocalVariableInfo.mergeStarts(ILcom/android/dx/rop/code/RegisterSpecSet;)Z @ 31
Event: 15.536 Thread 0x0000000056ae3000 Uncommon trap: reason=unstable_if action=reinterpret pc=0x000000000295bdf8 method=com.android.dx.ssa.SCCP.simulateStmt(Lcom/android/dx/ssa/SsaInsn;)V @ 53
Event: 16.520 Thread 0x0000000056ae5000 Uncommon trap: reason=unstable_if action=reinterpret pc=0x0000000002af87cc method=com.android.dx.cf.code.Ropper.processBlock(Lcom/android/dx/cf/code/ByteBlock;Lcom/android/dx/cf/code/Frame;[I)V @ 413
Event: 16.520 Thread 0x0000000056ae5000 Uncommon trap: reason=unstable_if action=reinterpret pc=0x00000000028e3eec method=com.android.dx.util.IntList.binarysearch(I)I @ 105
Event: 16.521 Thread 0x0000000056ae5000 Uncommon trap: reason=unstable_if action=reinterpret pc=0x0000000002a12328 method=com.android.dx.ssa.SsaBasicBlock.newFromRop(Lcom/android/dx/rop/code/RopMethod;ILcom/android/dx/ssa/SsaMethod;)Lcom/android/dx/ssa/SsaBasicBlock; @ 164
Event: 16.522 Thread 0x0000000056ae5000 Uncommon trap: reason=unstable_if action=reinterpret pc=0x0000000002a97394 method=com.android.dx.ssa.SsaMethod.blockIndexToRopLabel(I)I @ 1

Internal exceptions (3 events):
Event: 0.061 Thread 0x0000000001edf000 Exception <a 'java/lang/NoSuchMethodError': Method sun.misc.Unsafe.defineClass(Ljava/lang/String;[BII)Ljava/lang/Class; name or signature does not match> (0x00000000eab0d498) thrown at [C:\re\workspace\8-2-build-windows-amd64-cygwin\jdk8u60\4407\hotspot\srìØ¡]F&¯?
Event: 0.061 Thread 0x0000000001edf000 Exception <a 'java/lang/NoSuchMethodError': Method sun.misc.Unsafe.prefetchRead(Ljava/lang/Object;J)V name or signature does not match> (0x00000000eab0d780) thrown at [C:\re\workspace\8-2-build-windows-amd64-cygwin\jdk8u60\4407\hotspot\src\share\vm\prims\j*þäðÖ/@
Event: 3.398 Thread 0x0000000056ae3000 Implicit null exception at 0x0000000002705473 to 0x00000000027074a9

Events (10 events):
Event: 16.520 Thread 0x0000000056ae5000 DEOPT UNPACKING pc=0x000000000245582a sp=0x00000000573ceac8 mode 2
Event: 16.520 Thread 0x0000000056ae5000 Uncommon trap: trap_request=0xffffff65 fr.pc=0x00000000028e3eec
Event: 16.520 Thread 0x0000000056ae5000 DEOPT PACKING pc=0x00000000028e3eec sp=0x00000000573cea60
Event: 16.520 Thread 0x0000000056ae5000 DEOPT UNPACKING pc=0x000000000245582a sp=0x00000000573ce9d8 mode 2
Event: 16.521 Thread 0x0000000056ae5000 Uncommon trap: trap_request=0xffffff65 fr.pc=0x0000000002a12328
Event: 16.521 Thread 0x0000000056ae5000 DEOPT PACKING pc=0x0000000002a12328 sp=0x00000000573ce980
Event: 16.521 Thread 0x0000000056ae5000 DEOPT UNPACKING pc=0x000000000245582a sp=0x00000000573ce978 mode 2
Event: 16.522 Thread 0x0000000056ae5000 Uncommon trap: trap_request=0xffffff65 fr.pc=0x0000000002a97394
Event: 16.522 Thread 0x0000000056ae5000 DEOPT PACKING pc=0x0000000002a97394 sp=0x00000000573ce970
Event: 16.522 Thread 0x0000000056ae5000 DEOPT UNPACKING pc=0x000000000245582a sp=0x00000000573ce898 mode 2


Dynamic libraries:
0x000000013fb90000 - 0x000000013fbc7000 	C:\Program Files\Java\jdk1.8.0_60\bin\java.exe
0x0000000077540000 - 0x00000000776ea000 	C:\Windows\SYSTEM32\ntdll.dll
0x0000000077320000 - 0x000000007743f000 	C:\Windows\system32\kernel32.dll
0x000007fefd2e0000 - 0x000007fefd34a000 	C:\Windows\system32\KERNELBASE.dll
0x000007feff770000 - 0x000007feff84b000 	C:\Windows\system32\ADVAPI32.dll
0x000007feff6d0000 - 0x000007feff76f000 	C:\Windows\system32\msvcrt.dll
0x000007feff3a0000 - 0x000007feff3bf000 	C:\Windows\SYSTEM32\sechost.dll
0x000007fefd690000 - 0x000007fefd7bd000 	C:\Windows\system32\RPCRT4.dll
0x0000000077440000 - 0x000000007753a000 	C:\Windows\system32\USER32.dll
0x000007fefd890000 - 0x000007fefd8f7000 	C:\Windows\system32\GDI32.dll
0x000007feff6c0000 - 0x000007feff6ce000 	C:\Windows\system32\LPK.dll
0x000007fefd7c0000 - 0x000007fefd88a000 	C:\Windows\system32\USP10.dll
0x000007fefbbb0000 - 0x000007fefbda4000 	C:\Windows\WinSxS\amd64_microsoft.windows.common-controls_6595b64144ccf1df_6.0.7601.18837_none_fa3b1e3d17594757\COMCTL32.dll
0x000007feff640000 - 0x000007feff6b1000 	C:\Windows\system32\SHLWAPI.dll
0x000007feff1f0000 - 0x000007feff21e000 	C:\Windows\system32\IMM32.DLL
0x000007feff290000 - 0x000007feff399000 	C:\Windows\system32\MSCTF.dll
0x000000005cd00000 - 0x000000005cdd2000 	C:\Program Files\Java\jdk1.8.0_60\jre\bin\msvcr100.dll
0x0000000058140000 - 0x00000000589c9000 	C:\Program Files\Java\jdk1.8.0_60\jre\bin\server\jvm.dll
0x000007fef7480000 - 0x000007fef7489000 	C:\Windows\system32\WSOCK32.dll
0x000007feff240000 - 0x000007feff28d000 	C:\Windows\system32\WS2_32.dll
0x000007fefd680000 - 0x000007fefd688000 	C:\Windows\system32\NSI.dll
0x000007fef9cc0000 - 0x000007fef9cfb000 	C:\Windows\system32\WINMM.dll
0x000007fefc1a0000 - 0x000007fefc1ac000 	C:\Windows\system32\VERSION.dll
0x0000000077710000 - 0x0000000077717000 	C:\Windows\system32\PSAPI.DLL
0x00000000637f0000 - 0x00000000637ff000 	C:\Program Files\Java\jdk1.8.0_60\jre\bin\verify.dll
0x00000000618e0000 - 0x0000000061909000 	C:\Program Files\Java\jdk1.8.0_60\jre\bin\java.dll
0x00000000619c0000 - 0x00000000619d6000 	C:\Program Files\Java\jdk1.8.0_60\jre\bin\zip.dll
0x000007fefe250000 - 0x000007fefefda000 	C:\Windows\system32\SHELL32.dll
0x000007fefefe0000 - 0x000007feff1e3000 	C:\Windows\system32\ole32.dll
0x000007fefd2d0000 - 0x000007fefd2df000 	C:\Windows\system32\profapi.dll

VM Arguments:
jvm_args: -Djava.awt.headless=true -Xmx1024M -Dfile.encoding=windows-1252 -Duser.country=ES -Duser.language=es -Duser.variant 
java_command: com.android.dx.command.Main --dex --num-threads=4 --output C:\Users\Agustin\Desktop\Android\turnos\app\build\intermediates\pre-dexed\debug\com.android.support-appcompat-v7-23.1.1_780b5f18a410cbcb92dedb257a41cd2108191a9b.jar C:\Users\Agustin\Desktop\Android\turnos\app\build\intermediates\exploded-aar\com.android.support\appcompat-v7\23.1.1\jars\classes.jar
java_class_path (initial): C:\Users\Agustin\AppData\Local\Android\sdk\build-tools\23.0.2\lib\dx.jar
Launcher Type: SUN_STANDARD

Environment Variables:
JAVA_HOME=C:\Program Files\Java\jdk1.8.0_92
JRE_HOME=C:\Program Files\Java\jre1.8.0_92
PATH=C:\Program Files\Common Files\Microsoft Shared\Windows Live;C:\Program Files (x86)\Common Files\Microsoft Shared\Windows Live;C:\ProgramData\Oracle\Java\javapath;C:\Windows\system32;C:\Windows;C:\Windows\System32\Wbem;C:\Windows\System32\WindowsPowerShell\v1.0\;C:\Program Files (x86)\Windows Live\Shared;C:\Program Files (x86)\Skype\Phone\;C:\Program Files\Java\jdk1.8.0_60\bin;C:\Program Files\Mercurial; C:\Program Files\Java\jdk1.8.0_60\bin
USERNAME=Agustin
OS=Windows_NT
PROCESSOR_IDENTIFIER=Intel64 Family 6 Model 42 Stepping 7, GenuineIntel



---------------  S Y S T E M  ---------------

OS: Windows 7 , 64 bit Build 7601 (6.1.7601.23418)

CPU:total 4 (2 cores per cpu, 2 threads per core) family 6 model 42 stepping 7, cmov, cx8, fxsr, mmx, sse, sse2, sse3, ssse3, sse4.1, sse4.2, popcnt, avx, clmul, ht, tsc, tscinvbit

Memory: 4k page, physical 4127088k(126676k free), swap 8766516k(5040k free)

vm_info: Java HotSpot(TM) 64-Bit Server VM (25.60-b23) for windows-amd64 JRE (1.8.0_60-b27), built on Aug  4 2015 11:06:27 by "java_re" with MS VC++ 10.0 (VS2010)

time: Wed May 25 11:51:05 2016
elapsed time: 16 seconds (0d 0h 0m 16s)

