#
# There is insufficient memory for the Java Runtime Environment to continue.
# Native memory allocation (malloc) failed to allocate 1629776 bytes for Chunk::new
# Possible reasons:
#   The system is out of physical RAM or swap space
#   In 32 bit mode, the process size limit was hit
# Possible solutions:
#   Reduce memory load on the system
#   Increase physical memory or swap space
#   Check if swap backing store is full
#   Use 64 bit Java on a 64 bit OS
#   Decrease Java heap size (-Xmx/-Xms)
#   Decrease number of Java threads
#   Decrease Java thread stack sizes (-Xss)
#   Set larger code cache with -XX:ReservedCodeCacheSize=
# This output file may be truncated or incomplete.
#
#  Out of Memory Error (allocation.cpp:390), pid=6792, tid=7480
#
# JRE version: Java(TM) SE Runtime Environment (8.0_60-b27) (build 1.8.0_60-b27)
# Java VM: Java HotSpot(TM) 64-Bit Server VM (25.60-b23 mixed mode windows-amd64 compressed oops)
# Failed to write core dump. Minidumps are not enabled by default on client versions of Windows
#

---------------  T H R E A D  ---------------

Current thread (0x0000000054dc6000):  JavaThread "C2 CompilerThread0" daemon [_thread_in_native, id=7480, stack(0x0000000056560000,0x0000000056660000)]

Stack: [0x0000000056560000,0x0000000056660000]
[error occurred during error reporting (printing stack bounds), id 0xc0000005]

Native frames: (J=compiled Java code, j=interpreted, Vv=VM code, C=native code)


Current CompileTask:
C2:   8170 1645   !   4       com.android.dx.cf.code.BytecodeArray::parseInstruction (2764 bytes)


---------------  P R O C E S S  ---------------

Java Threads: ( => current thread )
  0x0000000056a31000 JavaThread "pool-1-thread-4" [_thread_blocked, id=10544, stack(0x0000000057970000,0x0000000057a70000)]
  0x000000005696b800 JavaThread "pool-1-thread-3" [_thread_blocked, id=1908, stack(0x0000000057bf0000,0x0000000057cf0000)]
  0x00000000568e5800 JavaThread "pool-1-thread-2" [_thread_blocked, id=4988, stack(0x0000000057ad0000,0x0000000057bd0000)]
  0x00000000568e4000 JavaThread "pool-2-thread-1" [_thread_blocked, id=5056, stack(0x00000000576e0000,0x00000000577e0000)]
  0x0000000056904800 JavaThread "pool-1-thread-1" [_thread_blocked, id=6664, stack(0x0000000057810000,0x0000000057910000)]
  0x00000000566c3000 JavaThread "Service Thread" daemon [_thread_blocked, id=9200, stack(0x0000000056c00000,0x0000000056d00000)]
  0x00000000566b6800 JavaThread "C1 CompilerThread2" daemon [_thread_blocked, id=3356, stack(0x00000000563c0000,0x00000000564c0000)]
  0x00000000566ad800 JavaThread "C2 CompilerThread1" daemon [_thread_blocked, id=9836, stack(0x0000000056ac0000,0x0000000056bc0000)]
=>0x0000000054dc6000 JavaThread "C2 CompilerThread0" daemon [_thread_in_native, id=7480, stack(0x0000000056560000,0x0000000056660000)]
  0x0000000054dc1800 JavaThread "Attach Listener" daemon [_thread_blocked, id=7180, stack(0x0000000056140000,0x0000000056240000)]
  0x0000000054dc0000 JavaThread "Signal Dispatcher" daemon [_thread_blocked, id=3388, stack(0x0000000056270000,0x0000000056370000)]
  0x0000000054d61000 JavaThread "Finalizer" daemon [_thread_blocked, id=4960, stack(0x0000000056010000,0x0000000056110000)]
  0x0000000054d60000 JavaThread "Reference Handler" daemon [_thread_blocked, id=7788, stack(0x0000000055cd0000,0x0000000055dd0000)]
  0x0000000001eef000 JavaThread "main" [_thread_blocked, id=9516, stack(0x00000000021a0000,0x00000000022a0000)]

Other Threads:
  0x0000000054d5a800 VMThread [stack: 0x0000000055e30000,0x0000000055f30000] [id=4532]
  0x00000000566bf000 WatcherThread [stack: 0x0000000056dc0000,0x0000000056ec0000] [id=7184]

VM state:not at safepoint (normal execution)

VM Mutex/Monitor currently owned by a thread: None

Heap:
 PSYoungGen      total 35328K, used 34294K [0x00000000eab00000, 0x00000000ef000000, 0x0000000100000000)
  eden space 32768K, 96% used [0x00000000eab00000,0x00000000eca00540,0x00000000ecb00000)
  from space 2560K, 99% used [0x00000000ecb00000,0x00000000ecd7d2e8,0x00000000ecd80000)
  to   space 2560K, 0% used [0x00000000eed80000,0x00000000eed80000,0x00000000ef000000)
 ParOldGen       total 44032K, used 6721K [0x00000000c0000000, 0x00000000c2b00000, 0x00000000eab00000)
  object space 44032K, 15% used [0x00000000c0000000,0x00000000c06905a8,0x00000000c2b00000)
 Metaspace       used 6191K, capacity 7088K, committed 7296K, reserved 1056768K
  class space    used 603K, capacity 616K, committed 640K, reserved 1048576K

Card table byte_map: [0x0000000011930000,0x0000000011b40000] byte_map_base: 0x0000000011330000

Marking Bits: (ParMarkBitMap*) 0x000000007085a5b0
 Begin Bits: [0x00000000121d0000, 0x00000000131d0000)
 End Bits:   [0x00000000131d0000, 0x00000000141d0000)

Polling page: 0x00000000000a0000

CodeCache: size=245760Kb used=7144Kb max_used=7160Kb free=238615Kb
 bounds [0x0000000002570000, 0x0000000002c80000, 0x0000000011570000]
 total_blobs=1878 nmethods=1609 adapters=182
 compilation: enabled

Compilation events (10 events):
Event: 7.865 Thread 0x00000000566b6800 1640       3       java.util.concurrent.locks.AbstractQueuedSynchronizer$Node::predecessor (19 bytes)
Event: 7.865 Thread 0x0000000054dc6000 nmethod 1639 0x0000000002c4b7d0 code [0x0000000002c4b920, 0x0000000002c4ba18]
Event: 7.865 Thread 0x00000000566b6800 nmethod 1640 0x0000000002c52c50 code [0x0000000002c52dc0, 0x0000000002c53008]
Event: 7.913 Thread 0x00000000566ad800 1642       4       com.android.dx.cf.code.ExecutionStack::pop (54 bytes)
Event: 7.914 Thread 0x0000000054dc6000 1643       4       com.android.dx.ssa.SsaMethod::mapRegisters (87 bytes)
Event: 7.916 Thread 0x00000000566ad800 nmethod 1642 0x0000000002c52790 code [0x0000000002c528e0, 0x0000000002c52a78]
Event: 7.916 Thread 0x00000000566ad800 1644       4       com.android.dx.ssa.SsaMethod::forEachBlockDepthFirst (194 bytes)
Event: 7.955 Thread 0x0000000054dc6000 nmethod 1643 0x0000000002c53a50 code [0x0000000002c53c80, 0x0000000002c54a80]
Event: 7.955 Thread 0x0000000054dc6000 1645   !   4       com.android.dx.cf.code.BytecodeArray::parseInstruction (2764 bytes)
Event: 8.010 Thread 0x00000000566ad800 nmethod 1644 0x0000000002c73250 code [0x0000000002c73480, 0x0000000002c74b08]

GC Heap History (6 events):
Event: 0.745 GC heap before
{Heap before GC invocations=1 (full 0):
 PSYoungGen      total 18944K, used 16384K [0x00000000eab00000, 0x00000000ec000000, 0x0000000100000000)
  eden space 16384K, 100% used [0x00000000eab00000,0x00000000ebb00000,0x00000000ebb00000)
  from space 2560K, 0% used [0x00000000ebd80000,0x00000000ebd80000,0x00000000ec000000)
  to   space 2560K, 0% used [0x00000000ebb00000,0x00000000ebb00000,0x00000000ebd80000)
 ParOldGen       total 44032K, used 0K [0x00000000c0000000, 0x00000000c2b00000, 0x00000000eab00000)
  object space 44032K, 0% used [0x00000000c0000000,0x00000000c0000000,0x00000000c2b00000)
 Metaspace       used 3999K, capacity 5104K, committed 5376K, reserved 1056768K
  class space    used 449K, capacity 488K, committed 512K, reserved 1048576K
Event: 0.862 GC heap after
Heap after GC invocations=1 (full 0):
 PSYoungGen      total 18944K, used 1465K [0x00000000eab00000, 0x00000000ed000000, 0x0000000100000000)
  eden space 16384K, 0% used [0x00000000eab00000,0x00000000eab00000,0x00000000ebb00000)
  from space 2560K, 57% used [0x00000000ebb00000,0x00000000ebc6e420,0x00000000ebd80000)
  to   space 2560K, 0% used [0x00000000ecd80000,0x00000000ecd80000,0x00000000ed000000)
 ParOldGen       total 44032K, used 0K [0x00000000c0000000, 0x00000000c2b00000, 0x00000000eab00000)
  object space 44032K, 0% used [0x00000000c0000000,0x00000000c0000000,0x00000000c2b00000)
 Metaspace       used 3999K, capacity 5104K, committed 5376K, reserved 1056768K
  class space    used 449K, capacity 488K, committed 512K, reserved 1048576K
}
Event: 3.157 GC heap before
{Heap before GC invocations=2 (full 0):
 PSYoungGen      total 18944K, used 17849K [0x00000000eab00000, 0x00000000ed000000, 0x0000000100000000)
  eden space 16384K, 100% used [0x00000000eab00000,0x00000000ebb00000,0x00000000ebb00000)
  from space 2560K, 57% used [0x00000000ebb00000,0x00000000ebc6e420,0x00000000ebd80000)
  to   space 2560K, 0% used [0x00000000ecd80000,0x00000000ecd80000,0x00000000ed000000)
 ParOldGen       total 44032K, used 0K [0x00000000c0000000, 0x00000000c2b00000, 0x00000000eab00000)
  object space 44032K, 0% used [0x00000000c0000000,0x00000000c0000000,0x00000000c2b00000)
 Metaspace       used 5917K, capacity 6832K, committed 7040K, reserved 1056768K
  class space    used 601K, capacity 616K, committed 640K, reserved 1048576K
Event: 3.207 GC heap after
Heap after GC invocations=2 (full 0):
 PSYoungGen      total 35328K, used 2553K [0x00000000eab00000, 0x00000000ed000000, 0x0000000100000000)
  eden space 32768K, 0% used [0x00000000eab00000,0x00000000eab00000,0x00000000ecb00000)
  from space 2560K, 99% used [0x00000000ecd80000,0x00000000ecffe5e0,0x00000000ed000000)
  to   space 2560K, 0% used [0x00000000ecb00000,0x00000000ecb00000,0x00000000ecd80000)
 ParOldGen       total 44032K, used 2121K [0x00000000c0000000, 0x00000000c2b00000, 0x00000000eab00000)
  object space 44032K, 4% used [0x00000000c0000000,0x00000000c0212428,0x00000000c2b00000)
 Metaspace       used 5917K, capacity 6832K, committed 7040K, reserved 1056768K
  class space    used 601K, capacity 616K, committed 640K, reserved 1048576K
}
Event: 5.635 GC heap before
{Heap before GC invocations=3 (full 0):
 PSYoungGen      total 35328K, used 35321K [0x00000000eab00000, 0x00000000ed000000, 0x0000000100000000)
  eden space 32768K, 100% used [0x00000000eab00000,0x00000000ecb00000,0x00000000ecb00000)
  from space 2560K, 99% used [0x00000000ecd80000,0x00000000ecffe5e0,0x00000000ed000000)
  to   space 2560K, 0% used [0x00000000ecb00000,0x00000000ecb00000,0x00000000ecd80000)
 ParOldGen       total 44032K, used 2121K [0x00000000c0000000, 0x00000000c2b00000, 0x00000000eab00000)
  object space 44032K, 4% used [0x00000000c0000000,0x00000000c0212428,0x00000000c2b00000)
 Metaspace       used 6143K, capacity 7024K, committed 7296K, reserved 1056768K
  class space    used 603K, capacity 616K, committed 640K, reserved 1048576K
Event: 6.300 GC heap after
Heap after GC invocations=3 (full 0):
 PSYoungGen      total 35328K, used 2548K [0x00000000eab00000, 0x00000000ef000000, 0x0000000100000000)
  eden space 32768K, 0% used [0x00000000eab00000,0x00000000eab00000,0x00000000ecb00000)
  from space 2560K, 99% used [0x00000000ecb00000,0x00000000ecd7d2e8,0x00000000ecd80000)
  to   space 2560K, 0% used [0x00000000eed80000,0x00000000eed80000,0x00000000ef000000)
 ParOldGen       total 44032K, used 6721K [0x00000000c0000000, 0x00000000c2b00000, 0x00000000eab00000)
  object space 44032K, 15% used [0x00000000c0000000,0x00000000c06905a8,0x00000000c2b00000)
 Metaspace       used 6143K, capacity 7024K, committed 7296K, reserved 1056768K
  class space    used 603K, capacity 616K, committed 640K, reserved 1048576K
}

Deoptimization events (10 events):
Event: 5.504 Thread 0x00000000568e5800 Uncommon trap: reason=unstable_if action=reinterpret pc=0x0000000002b15614 method=com.android.dx.cf.code.ByteCatchList.listFor(I)Lcom/android/dx/cf/code/ByteCatchList; @ 19
Event: 7.174 Thread 0x0000000001eef000 Uncommon trap: reason=unloaded action=reinterpret pc=0x0000000002addd88 method=com.android.dx.cf.cst.ConstantPoolParser.parse0(ILjava/util/BitSet;)Lcom/android/dx/rop/cst/Constant; @ 198
Event: 7.285 Thread 0x00000000568e5800 Uncommon trap: reason=unstable_if action=reinterpret pc=0x0000000002bea3e8 method=com.android.dx.cf.code.ExecutionStack.push(Lcom/android/dx/rop/type/TypeBearer;)V @ 58
Event: 7.285 Thread 0x00000000568e5800 Uncommon trap: reason=unstable_if action=reinterpret pc=0x0000000002badc70 method=com.android.dx.cf.code.ExecutionStack.push(Lcom/android/dx/rop/type/TypeBearer;)V @ 58
Event: 7.286 Thread 0x00000000568e5800 Uncommon trap: reason=unstable_if action=reinterpret pc=0x0000000002bd63d0 method=com.android.dx.ssa.InterferenceRegisterMapper.interferes(III)Z @ 35
Event: 7.296 Thread 0x00000000568e5800 Uncommon trap: reason=bimorphic action=maybe_recompile pc=0x0000000002a883e8 method=com.android.dx.ssa.LiteralOpUpgrader.tryReplacingWithConstant(Lcom/android/dx/ssa/NormalSsaInsn;)Z @ 52
Event: 7.310 Thread 0x00000000568e5800 Uncommon trap: reason=unstable_if action=reinterpret pc=0x0000000002b2985c method=com.android.dx.ssa.SsaRenamer$BlockRenamer.visitMoveInsn(Lcom/android/dx/ssa/NormalSsaInsn;)V @ 104
Event: 7.387 Thread 0x00000000568e5800 Uncommon trap: reason=unstable_if action=reinterpret pc=0x00000000029e77ec method=com.android.dx.util.IntList.binarysearch(I)I @ 105
Event: 7.388 Thread 0x00000000568e5800 Uncommon trap: reason=unstable_if action=reinterpret pc=0x0000000002b96358 method=com.android.dx.ssa.SsaBasicBlock.newFromRop(Lcom/android/dx/rop/code/RopMethod;ILcom/android/dx/ssa/SsaMethod;)Lcom/android/dx/ssa/SsaBasicBlock; @ 164
Event: 7.415 Thread 0x00000000568e5800 Uncommon trap: reason=unstable_if action=reinterpret pc=0x0000000002b5a4d4 method=com.android.dx.rop.code.RegisterSpec.equals(ILcom/android/dx/rop/type/TypeBearer;Lcom/android/dx/rop/code/LocalItem;)Z @ 42

Internal exceptions (3 events):
Event: 0.079 Thread 0x0000000001eef000 Exception <a 'java/lang/NoSuchMethodError': Method sun.misc.Unsafe.defineClass(Ljava/lang/String;[BII)Ljava/lang/Class; name or signature does not match> (0x00000000eab0d490) thrown at [C:\re\workspace\8-2-build-windows-amd64-cygwin\jdk8u60\4407\hotspot\srUX¼ð@K´?
Event: 0.079 Thread 0x0000000001eef000 Exception <a 'java/lang/NoSuchMethodError': Method sun.misc.Unsafe.prefetchRead(Ljava/lang/Object;J)V name or signature does not match> (0x00000000eab0d778) thrown at [C:\re\workspace\8-2-build-windows-amd64-cygwin\jdk8u60\4407\hotspot\src\share\vm\prims\j˜íLÈ;	@
Event: 3.154 Thread 0x00000000568e5800 Implicit null exception at 0x0000000002861712 to 0x0000000002861811

Events (10 events):
Event: 7.387 Thread 0x00000000568e5800 DEOPT PACKING pc=0x00000000029e77ec sp=0x0000000057bce950
Event: 7.387 Thread 0x00000000568e5800 DEOPT UNPACKING pc=0x00000000025b582a sp=0x0000000057bce8c8 mode 2
Event: 7.388 Thread 0x00000000568e5800 Uncommon trap: trap_request=0xffffff65 fr.pc=0x0000000002b96358
Event: 7.388 Thread 0x00000000568e5800 DEOPT PACKING pc=0x0000000002b96358 sp=0x0000000057bcea20
Event: 7.388 Thread 0x00000000568e5800 DEOPT UNPACKING pc=0x00000000025b582a sp=0x0000000057bcea18 mode 2
Event: 7.415 Thread 0x00000000568e5800 Uncommon trap: trap_request=0xffffff65 fr.pc=0x0000000002b5a4d4
Event: 7.415 Thread 0x00000000568e5800 DEOPT PACKING pc=0x0000000002b5a4d4 sp=0x0000000057bceb00
Event: 7.415 Thread 0x00000000568e5800 DEOPT UNPACKING pc=0x00000000025b582a sp=0x0000000057bce9a8 mode 2
Event: 7.455 Thread 0x00000000568e5800 DEOPT PACKING pc=0x00000000028c0945 sp=0x0000000057bceb00
Event: 7.455 Thread 0x00000000568e5800 DEOPT UNPACKING pc=0x00000000025b787f sp=0x0000000057bce8a0 mode 0


Dynamic libraries:
0x000000013f590000 - 0x000000013f5c7000 	C:\Program Files\Java\jdk1.8.0_60\bin\java.exe
0x0000000077770000 - 0x000000007791a000 	C:\Windows\SYSTEM32\ntdll.dll
0x0000000077650000 - 0x000000007776f000 	C:\Windows\system32\kernel32.dll
0x000007fefd680000 - 0x000007fefd6ea000 	C:\Windows\system32\KERNELBASE.dll
0x000007feff9a0000 - 0x000007feffa7b000 	C:\Windows\system32\ADVAPI32.dll
0x000007fefd950000 - 0x000007fefd9ef000 	C:\Windows\system32\msvcrt.dll
0x000007fefe140000 - 0x000007fefe15f000 	C:\Windows\SYSTEM32\sechost.dll
0x000007feff870000 - 0x000007feff99d000 	C:\Windows\system32\RPCRT4.dll
0x0000000077550000 - 0x000000007764a000 	C:\Windows\system32\USER32.dll
0x000007fefe0d0000 - 0x000007fefe137000 	C:\Windows\system32\GDI32.dll
0x000007fefe260000 - 0x000007fefe26e000 	C:\Windows\system32\LPK.dll
0x000007fefdd30000 - 0x000007fefddfa000 	C:\Windows\system32\USP10.dll
0x000007fefbde0000 - 0x000007fefbfd4000 	C:\Windows\WinSxS\amd64_microsoft.windows.common-controls_6595b64144ccf1df_6.0.7601.18837_none_fa3b1e3d17594757\COMCTL32.dll
0x000007feff590000 - 0x000007feff601000 	C:\Windows\system32\SHLWAPI.dll
0x000007feff6b0000 - 0x000007feff6de000 	C:\Windows\system32\IMM32.DLL
0x000007fefd9f0000 - 0x000007fefdaf9000 	C:\Windows\system32\MSCTF.dll
0x000000005bf00000 - 0x000000005bfd2000 	C:\Program Files\Java\jdk1.8.0_60\jre\bin\msvcr100.dll
0x0000000070050000 - 0x00000000708d9000 	C:\Program Files\Java\jdk1.8.0_60\jre\bin\server\jvm.dll
0x000007fef3ae0000 - 0x000007fef3ae9000 	C:\Windows\system32\WSOCK32.dll
0x000007fefdce0000 - 0x000007fefdd2d000 	C:\Windows\system32\WS2_32.dll
0x000007feff4a0000 - 0x000007feff4a8000 	C:\Windows\system32\NSI.dll
0x000007fefa060000 - 0x000007fefa09b000 	C:\Windows\system32\WINMM.dll
0x000007fefc3d0000 - 0x000007fefc3dc000 	C:\Windows\system32\VERSION.dll
0x0000000077940000 - 0x0000000077947000 	C:\Windows\system32\PSAPI.DLL
0x000000006a580000 - 0x000000006a58f000 	C:\Program Files\Java\jdk1.8.0_60\jre\bin\verify.dll
0x0000000068210000 - 0x0000000068239000 	C:\Program Files\Java\jdk1.8.0_60\jre\bin\java.dll
0x0000000060400000 - 0x0000000060416000 	C:\Program Files\Java\jdk1.8.0_60\jre\bin\zip.dll
0x000007fefe480000 - 0x000007feff20a000 	C:\Windows\system32\SHELL32.dll
0x000007fefe270000 - 0x000007fefe473000 	C:\Windows\system32\ole32.dll
0x000007fefd500000 - 0x000007fefd50f000 	C:\Windows\system32\profapi.dll

VM Arguments:
jvm_args: -Djava.awt.headless=true -Xmx1024M -Dfile.encoding=windows-1252 -Duser.country=ES -Duser.language=es -Duser.variant 
java_command: com.android.dx.command.Main --dex --num-threads=4 --output C:\Users\Agustin\Desktop\Android\turnos\app\build\intermediates\pre-dexed\debug\com.android.support-support-v4-23.1.1_a58afb08ad127a5dd2568a06842a94b5e27e7b93.jar C:\Users\Agustin\Desktop\Android\turnos\app\build\intermediates\exploded-aar\com.android.support\support-v4\23.1.1\jars\classes.jar
java_class_path (initial): C:\Users\Agustin\AppData\Local\Android\sdk\build-tools\23.0.2\lib\dx.jar
Launcher Type: SUN_STANDARD

Environment Variables:
JAVA_HOME=C:\Program Files\Java\jdk1.8.0_92
JRE_HOME=C:\Program Files\Java\jre1.8.0_92
PATH=C:\Program Files\Common Files\Microsoft Shared\Windows Live;C:\Program Files (x86)\Common Files\Microsoft Shared\Windows Live;C:\ProgramData\Oracle\Java\javapath;C:\Windows\system32;C:\Windows;C:\Windows\System32\Wbem;C:\Windows\System32\WindowsPowerShell\v1.0\;C:\Program Files (x86)\Windows Live\Shared;C:\Program Files (x86)\Skype\Phone\;C:\Program Files\Java\jdk1.8.0_60\bin;C:\Program Files\Mercurial; C:\Program Files\Java\jdk1.8.0_60\bin
USERNAME=Agustin
OS=Windows_NT
PROCESSOR_IDENTIFIER=Intel64 Family 6 Model 42 Stepping 7, GenuineIntel



---------------  S Y S T E M  ---------------

OS: Windows 7 , 64 bit Build 7601 (6.1.7601.23418)

CPU:total 4 (2 cores per cpu, 2 threads per core) family 6 model 42 stepping 7, cmov, cx8, fxsr, mmx, sse, sse2, sse3, ssse3, sse4.1, sse4.2, popcnt, avx, clmul, ht, tsc, tscinvbit

Memory: 4k page, physical 4127088k(124508k free), swap 7332036k(5104k free)

vm_info: Java HotSpot(TM) 64-Bit Server VM (25.60-b23) for windows-amd64 JRE (1.8.0_60-b27), built on Aug  4 2015 11:06:27 by "java_re" with MS VC++ 10.0 (VS2010)

time: Thu May 19 14:54:15 2016
elapsed time: 8 seconds (0d 0h 0m 8s)

